2020-03-28 18:30:41,410 - __main__ - INFO - pca_xd = PCA(n_components=20) 
 data_xd = pca_xd.fit_transform(StandardScaler().fit_transform(dataset)) 
 return MinMaxScaler(feature_range=(-1, 1)).fit_transform(data_xd)
2020-03-28 18:31:29,755 - __main__ - INFO - (0) - Started GridSearchCV with: {'c': [1], 'k': [GaussianKernel(0.5), GaussianKernel(0.35), GaussianKernel(0.65)], 'fuzzifier': [<class 'fuzzylearn.fuzzifiers.LinearFuzzifier'>]}
2020-03-28 18:40:48,734 - __main__ - INFO - (0) - CV_RESULTS_: {'mean_fit_time': array([55.01419433, 55.08643595, 55.03331073]), 'std_fit_time': array([0.30301953, 0.14038408, 0.10959378]), 'mean_score_time': array([0.18465726, 0.18422834, 0.18422747]), 'std_score_time': array([0.00297559, 0.00391201, 0.00333631]), 'param_c': masked_array(data=[1, 1, 1],
             mask=[False, False, False],
       fill_value='?',
            dtype=object), 'param_fuzzifier': masked_array(data=[<class 'fuzzylearn.fuzzifiers.LinearFuzzifier'>,
                   <class 'fuzzylearn.fuzzifiers.LinearFuzzifier'>,
                   <class 'fuzzylearn.fuzzifiers.LinearFuzzifier'>],
             mask=[False, False, False],
       fill_value='?',
            dtype=object), 'param_k': masked_array(data=[GaussianKernel(0.5), GaussianKernel(0.35),
                   GaussianKernel(0.65)],
             mask=[False, False, False],
       fill_value='?',
            dtype=object), 'params': [{'c': 1, 'fuzzifier': <class 'fuzzylearn.fuzzifiers.LinearFuzzifier'>, 'k': GaussianKernel(0.5)}, {'c': 1, 'fuzzifier': <class 'fuzzylearn.fuzzifiers.LinearFuzzifier'>, 'k': GaussianKernel(0.35)}, {'c': 1, 'fuzzifier': <class 'fuzzylearn.fuzzifiers.LinearFuzzifier'>, 'k': GaussianKernel(0.65)}], 'split0_test_score': array([-0.01605276, -0.02131358, -0.01442814]), 'split1_test_score': array([-0.025, -0.025, -0.025]), 'split2_test_score': array([-0.025, -0.025, -0.025]), 'mean_test_score': array([-0.02201759, -0.02377119, -0.02147605]), 'std_test_score': array([0.00421777, 0.00173779, 0.00498362]), 'rank_test_score': array([2, 3, 1], dtype=int32)}
2020-03-28 18:40:48,745 - __main__ - INFO - (0) - BEST_SCORE_: -0.021476048320003455
2020-03-28 18:40:48,748 - __main__ - INFO - (0) - BEST_PARAMS_: {'c': 1, 'fuzzifier': <class 'fuzzylearn.fuzzifiers.LinearFuzzifier'>, 'k': GaussianKernel(0.65)}
2020-03-28 18:40:48,749 - __main__ - INFO - (1) - Started GridSearchCV with: {'c': [1], 'k': [GaussianKernel(0.5), GaussianKernel(0.35), GaussianKernel(0.65)], 'fuzzifier': [<class 'fuzzylearn.fuzzifiers.LinearFuzzifier'>]}
2020-03-28 18:50:08,654 - __main__ - INFO - (1) - CV_RESULTS_: {'mean_fit_time': array([55.30702718, 55.22361509, 54.98067506]), 'std_fit_time': array([0.10608704, 0.1048247 , 0.26115716]), 'mean_score_time': array([0.18206612, 0.18326871, 0.18292467]), 'std_score_time': array([0.0033023 , 0.00345144, 0.00643233]), 'param_c': masked_array(data=[1, 1, 1],
             mask=[False, False, False],
       fill_value='?',
            dtype=object), 'param_fuzzifier': masked_array(data=[<class 'fuzzylearn.fuzzifiers.LinearFuzzifier'>,
                   <class 'fuzzylearn.fuzzifiers.LinearFuzzifier'>,
                   <class 'fuzzylearn.fuzzifiers.LinearFuzzifier'>],
             mask=[False, False, False],
       fill_value='?',
            dtype=object), 'param_k': masked_array(data=[GaussianKernel(0.5), GaussianKernel(0.35),
                   GaussianKernel(0.65)],
             mask=[False, False, False],
       fill_value='?',
            dtype=object), 'params': [{'c': 1, 'fuzzifier': <class 'fuzzylearn.fuzzifiers.LinearFuzzifier'>, 'k': GaussianKernel(0.5)}, {'c': 1, 'fuzzifier': <class 'fuzzylearn.fuzzifiers.LinearFuzzifier'>, 'k': GaussianKernel(0.35)}, {'c': 1, 'fuzzifier': <class 'fuzzylearn.fuzzifiers.LinearFuzzifier'>, 'k': GaussianKernel(0.65)}], 'split0_test_score': array([-0.00565975, -0.01891452, -0.0010054 ]), 'split1_test_score': array([-0., -0., -0.]), 'split2_test_score': array([-0.00034651, -0.01151841, -0.        ]), 'mean_test_score': array([-0.00200209, -0.01014431, -0.00033513]), 'std_test_score': array([0.00259022, 0.00778271, 0.00047395]), 'rank_test_score': array([2, 3, 1], dtype=int32)}
2020-03-28 18:50:08,659 - __main__ - INFO - (1) - BEST_SCORE_: -0.0003351338871705344
2020-03-28 18:50:08,663 - __main__ - INFO - (1) - BEST_PARAMS_: {'c': 1, 'fuzzifier': <class 'fuzzylearn.fuzzifiers.LinearFuzzifier'>, 'k': GaussianKernel(0.65)}
2020-03-28 18:50:08,667 - __main__ - INFO - (2) - Started GridSearchCV with: {'c': [1], 'k': [GaussianKernel(0.5), GaussianKernel(0.35), GaussianKernel(0.65)], 'fuzzifier': [<class 'fuzzylearn.fuzzifiers.LinearFuzzifier'>]}
2020-03-28 18:59:32,792 - __main__ - INFO - (2) - CV_RESULTS_: {'mean_fit_time': array([55.27986344, 55.65351645, 55.65105788]), 'std_fit_time': array([0.14482886, 0.13966972, 0.10533539]), 'mean_score_time': array([0.18325933, 0.18388295, 0.18364191]), 'std_score_time': array([0.0039704 , 0.00062257, 0.00115874]), 'param_c': masked_array(data=[1, 1, 1],
             mask=[False, False, False],
       fill_value='?',
            dtype=object), 'param_fuzzifier': masked_array(data=[<class 'fuzzylearn.fuzzifiers.LinearFuzzifier'>,
                   <class 'fuzzylearn.fuzzifiers.LinearFuzzifier'>,
                   <class 'fuzzylearn.fuzzifiers.LinearFuzzifier'>],
             mask=[False, False, False],
       fill_value='?',
            dtype=object), 'param_k': masked_array(data=[GaussianKernel(0.5), GaussianKernel(0.35),
                   GaussianKernel(0.65)],
             mask=[False, False, False],
       fill_value='?',
            dtype=object), 'params': [{'c': 1, 'fuzzifier': <class 'fuzzylearn.fuzzifiers.LinearFuzzifier'>, 'k': GaussianKernel(0.5)}, {'c': 1, 'fuzzifier': <class 'fuzzylearn.fuzzifiers.LinearFuzzifier'>, 'k': GaussianKernel(0.35)}, {'c': 1, 'fuzzifier': <class 'fuzzylearn.fuzzifiers.LinearFuzzifier'>, 'k': GaussianKernel(0.65)}], 'split0_test_score': array([-0.00953512, -0.01951226, -0.00062671]), 'split1_test_score': array([-2.19020433e-03, -7.95563216e-03, -3.31013250e-05]), 'split2_test_score': array([-0.025     , -0.02500017, -0.025     ]), 'mean_test_score': array([-0.01224178, -0.01748935, -0.00855327]), 'std_test_score': array([0.00950671, 0.0071039 , 0.01163212]), 'rank_test_score': array([2, 3, 1], dtype=int32)}
2020-03-28 18:59:32,797 - __main__ - INFO - (2) - BEST_SCORE_: -0.008553269625361907
2020-03-28 18:59:32,805 - __main__ - INFO - (2) - BEST_PARAMS_: {'c': 1, 'fuzzifier': <class 'fuzzylearn.fuzzifiers.LinearFuzzifier'>, 'k': GaussianKernel(0.65)}
2020-03-28 18:59:32,807 - __main__ - INFO - (3) - Started GridSearchCV with: {'c': [1], 'k': [GaussianKernel(0.5), GaussianKernel(0.35), GaussianKernel(0.65)], 'fuzzifier': [<class 'fuzzylearn.fuzzifiers.LinearFuzzifier'>]}
2020-03-28 19:08:57,103 - __main__ - INFO - (3) - CV_RESULTS_: {'mean_fit_time': array([55.69986677, 55.16424783, 55.74094685]), 'std_fit_time': array([0.14048975, 0.02254066, 0.05637962]), 'mean_score_time': array([0.18719157, 0.18308655, 0.18144488]), 'std_score_time': array([0.00385329, 0.00348195, 0.00127851]), 'param_c': masked_array(data=[1, 1, 1],
             mask=[False, False, False],
       fill_value='?',
            dtype=object), 'param_fuzzifier': masked_array(data=[<class 'fuzzylearn.fuzzifiers.LinearFuzzifier'>,
                   <class 'fuzzylearn.fuzzifiers.LinearFuzzifier'>,
                   <class 'fuzzylearn.fuzzifiers.LinearFuzzifier'>],
             mask=[False, False, False],
       fill_value='?',
            dtype=object), 'param_k': masked_array(data=[GaussianKernel(0.5), GaussianKernel(0.35),
                   GaussianKernel(0.65)],
             mask=[False, False, False],
       fill_value='?',
            dtype=object), 'params': [{'c': 1, 'fuzzifier': <class 'fuzzylearn.fuzzifiers.LinearFuzzifier'>, 'k': GaussianKernel(0.5)}, {'c': 1, 'fuzzifier': <class 'fuzzylearn.fuzzifiers.LinearFuzzifier'>, 'k': GaussianKernel(0.35)}, {'c': 1, 'fuzzifier': <class 'fuzzylearn.fuzzifiers.LinearFuzzifier'>, 'k': GaussianKernel(0.65)}], 'split0_test_score': array([-0.025, -0.025, -0.025]), 'split1_test_score': array([-0.025, -0.025, -0.025]), 'split2_test_score': array([-0.025, -0.025, -0.025]), 'mean_test_score': array([-0.025, -0.025, -0.025]), 'std_test_score': array([3.46944695e-18, 3.46944695e-18, 3.46944695e-18]), 'rank_test_score': array([1, 1, 1], dtype=int32)}
2020-03-28 19:08:57,108 - __main__ - INFO - (3) - BEST_SCORE_: -0.025000000000000005
2020-03-28 19:08:57,111 - __main__ - INFO - (3) - BEST_PARAMS_: {'c': 1, 'fuzzifier': <class 'fuzzylearn.fuzzifiers.LinearFuzzifier'>, 'k': GaussianKernel(0.5)}
2020-03-28 19:08:57,115 - __main__ - INFO - (4) - Started GridSearchCV with: {'c': [1], 'k': [GaussianKernel(0.5), GaussianKernel(0.35), GaussianKernel(0.65)], 'fuzzifier': [<class 'fuzzylearn.fuzzifiers.LinearFuzzifier'>]}
2020-03-28 19:18:17,165 - __main__ - INFO - (4) - CV_RESULTS_: {'mean_fit_time': array([55.31903553, 55.07436665, 55.14391184]), 'std_fit_time': array([0.16556083, 0.05841972, 0.16302355]), 'mean_score_time': array([0.18032861, 0.18035992, 0.18227069]), 'std_score_time': array([0.00096292, 0.00179239, 0.0007669 ]), 'param_c': masked_array(data=[1, 1, 1],
             mask=[False, False, False],
       fill_value='?',
            dtype=object), 'param_fuzzifier': masked_array(data=[<class 'fuzzylearn.fuzzifiers.LinearFuzzifier'>,
                   <class 'fuzzylearn.fuzzifiers.LinearFuzzifier'>,
                   <class 'fuzzylearn.fuzzifiers.LinearFuzzifier'>],
             mask=[False, False, False],
       fill_value='?',
            dtype=object), 'param_k': masked_array(data=[GaussianKernel(0.5), GaussianKernel(0.35),
                   GaussianKernel(0.65)],
             mask=[False, False, False],
       fill_value='?',
            dtype=object), 'params': [{'c': 1, 'fuzzifier': <class 'fuzzylearn.fuzzifiers.LinearFuzzifier'>, 'k': GaussianKernel(0.5)}, {'c': 1, 'fuzzifier': <class 'fuzzylearn.fuzzifiers.LinearFuzzifier'>, 'k': GaussianKernel(0.35)}, {'c': 1, 'fuzzifier': <class 'fuzzylearn.fuzzifiers.LinearFuzzifier'>, 'k': GaussianKernel(0.65)}], 'split0_test_score': array([-4.67378389e-03, -1.37238998e-02, -3.43579057e-06]), 'split1_test_score': array([-0.025, -0.025, -0.025]), 'split2_test_score': array([-0.        , -0.00585159, -0.        ]), 'mean_test_score': array([-0.00989126, -0.0148585 , -0.00833448]), 'std_test_score': array([0.01085254, 0.00785837, 0.0117843 ]), 'rank_test_score': array([2, 3, 1], dtype=int32)}
2020-03-28 19:18:17,170 - __main__ - INFO - (4) - BEST_SCORE_: -0.008334478596855968
2020-03-28 19:18:17,173 - __main__ - INFO - (4) - BEST_PARAMS_: {'c': 1, 'fuzzifier': <class 'fuzzylearn.fuzzifiers.LinearFuzzifier'>, 'k': GaussianKernel(0.65)}
2020-03-28 19:18:17,177 - __main__ - INFO - (5) - Started GridSearchCV with: {'c': [1], 'k': [GaussianKernel(0.5), GaussianKernel(0.35), GaussianKernel(0.65)], 'fuzzifier': [<class 'fuzzylearn.fuzzifiers.LinearFuzzifier'>]}
2020-03-28 19:27:37,984 - __main__ - INFO - (5) - CV_RESULTS_: {'mean_fit_time': array([55.0825549 , 55.20451029, 55.35039369]), 'std_fit_time': array([0.20934452, 0.09062284, 0.117375  ]), 'mean_score_time': array([0.18153294, 0.18157864, 0.18234142]), 'std_score_time': array([0.00101678, 0.00293986, 0.00372007]), 'param_c': masked_array(data=[1, 1, 1],
             mask=[False, False, False],
       fill_value='?',
            dtype=object), 'param_fuzzifier': masked_array(data=[<class 'fuzzylearn.fuzzifiers.LinearFuzzifier'>,
                   <class 'fuzzylearn.fuzzifiers.LinearFuzzifier'>,
                   <class 'fuzzylearn.fuzzifiers.LinearFuzzifier'>],
             mask=[False, False, False],
       fill_value='?',
            dtype=object), 'param_k': masked_array(data=[GaussianKernel(0.5), GaussianKernel(0.35),
                   GaussianKernel(0.65)],
             mask=[False, False, False],
       fill_value='?',
            dtype=object), 'params': [{'c': 1, 'fuzzifier': <class 'fuzzylearn.fuzzifiers.LinearFuzzifier'>, 'k': GaussianKernel(0.5)}, {'c': 1, 'fuzzifier': <class 'fuzzylearn.fuzzifiers.LinearFuzzifier'>, 'k': GaussianKernel(0.35)}, {'c': 1, 'fuzzifier': <class 'fuzzylearn.fuzzifiers.LinearFuzzifier'>, 'k': GaussianKernel(0.65)}], 'split0_test_score': array([-0.        , -0.00231857, -0.        ]), 'split1_test_score': array([-0.00000000e+00, -1.65594175e-05, -0.00000000e+00]), 'split2_test_score': array([-0.00187636, -0.01236241, -0.00022722]), 'mean_test_score': array([-6.25452339e-04, -4.89917954e-03, -7.57401393e-05]), 'std_test_score': array([0.00088452, 0.00536033, 0.00010711]), 'rank_test_score': array([2, 3, 1], dtype=int32)}
2020-03-28 19:27:37,988 - __main__ - INFO - (5) - BEST_SCORE_: -7.574013927426607e-05
2020-03-28 19:27:37,990 - __main__ - INFO - (5) - BEST_PARAMS_: {'c': 1, 'fuzzifier': <class 'fuzzylearn.fuzzifiers.LinearFuzzifier'>, 'k': GaussianKernel(0.65)}
2020-03-28 19:27:37,991 - __main__ - INFO - (6) - Started GridSearchCV with: {'c': [1], 'k': [GaussianKernel(0.5), GaussianKernel(0.35), GaussianKernel(0.65)], 'fuzzifier': [<class 'fuzzylearn.fuzzifiers.LinearFuzzifier'>]}
2020-03-28 19:36:55,050 - __main__ - INFO - (6) - CV_RESULTS_: {'mean_fit_time': array([55.50066082, 54.87220271, 54.37961984]), 'std_fit_time': array([0.186137  , 0.52029432, 0.15511159]), 'mean_score_time': array([0.18845471, 0.17978215, 0.18297513]), 'std_score_time': array([0.00995224, 0.0011698 , 0.00027156]), 'param_c': masked_array(data=[1, 1, 1],
             mask=[False, False, False],
       fill_value='?',
            dtype=object), 'param_fuzzifier': masked_array(data=[<class 'fuzzylearn.fuzzifiers.LinearFuzzifier'>,
                   <class 'fuzzylearn.fuzzifiers.LinearFuzzifier'>,
                   <class 'fuzzylearn.fuzzifiers.LinearFuzzifier'>],
             mask=[False, False, False],
       fill_value='?',
            dtype=object), 'param_k': masked_array(data=[GaussianKernel(0.5), GaussianKernel(0.35),
                   GaussianKernel(0.65)],
             mask=[False, False, False],
       fill_value='?',
            dtype=object), 'params': [{'c': 1, 'fuzzifier': <class 'fuzzylearn.fuzzifiers.LinearFuzzifier'>, 'k': GaussianKernel(0.5)}, {'c': 1, 'fuzzifier': <class 'fuzzylearn.fuzzifiers.LinearFuzzifier'>, 'k': GaussianKernel(0.35)}, {'c': 1, 'fuzzifier': <class 'fuzzylearn.fuzzifiers.LinearFuzzifier'>, 'k': GaussianKernel(0.65)}], 'split0_test_score': array([-0.00424299, -0.01332024, -0.00163253]), 'split1_test_score': array([-0.01408418, -0.02154962, -0.0098329 ]), 'split2_test_score': array([-0.00989273, -0.01837452, -0.00170875]), 'mean_test_score': array([-0.00940663, -0.01774813, -0.0043914 ]), 'std_test_score': array([0.00403232, 0.0033887 , 0.00384785]), 'rank_test_score': array([2, 3, 1], dtype=int32)}
2020-03-28 19:36:55,055 - __main__ - INFO - (6) - BEST_SCORE_: -0.004391395073069077
2020-03-28 19:36:55,057 - __main__ - INFO - (6) - BEST_PARAMS_: {'c': 1, 'fuzzifier': <class 'fuzzylearn.fuzzifiers.LinearFuzzifier'>, 'k': GaussianKernel(0.65)}
2020-03-28 19:36:55,058 - __main__ - INFO - (7) - Started GridSearchCV with: {'c': [1], 'k': [GaussianKernel(0.5), GaussianKernel(0.35), GaussianKernel(0.65)], 'fuzzifier': [<class 'fuzzylearn.fuzzifiers.LinearFuzzifier'>]}
2020-03-28 19:46:04,137 - __main__ - INFO - (7) - CV_RESULTS_: {'mean_fit_time': array([54.1162169 , 54.0939668 , 54.01564185]), 'std_fit_time': array([0.05257377, 0.09675995, 0.07453115]), 'mean_score_time': array([0.17984215, 0.18393024, 0.18106159]), 'std_score_time': array([0.00287412, 0.00216521, 0.00155087]), 'param_c': masked_array(data=[1, 1, 1],
             mask=[False, False, False],
       fill_value='?',
            dtype=object), 'param_fuzzifier': masked_array(data=[<class 'fuzzylearn.fuzzifiers.LinearFuzzifier'>,
                   <class 'fuzzylearn.fuzzifiers.LinearFuzzifier'>,
                   <class 'fuzzylearn.fuzzifiers.LinearFuzzifier'>],
             mask=[False, False, False],
       fill_value='?',
            dtype=object), 'param_k': masked_array(data=[GaussianKernel(0.5), GaussianKernel(0.35),
                   GaussianKernel(0.65)],
             mask=[False, False, False],
       fill_value='?',
            dtype=object), 'params': [{'c': 1, 'fuzzifier': <class 'fuzzylearn.fuzzifiers.LinearFuzzifier'>, 'k': GaussianKernel(0.5)}, {'c': 1, 'fuzzifier': <class 'fuzzylearn.fuzzifiers.LinearFuzzifier'>, 'k': GaussianKernel(0.35)}, {'c': 1, 'fuzzifier': <class 'fuzzylearn.fuzzifiers.LinearFuzzifier'>, 'k': GaussianKernel(0.65)}], 'split0_test_score': array([-0.01500598, -0.02329809, -0.00250851]), 'split1_test_score': array([-0.02125803, -0.02446049, -0.01932625]), 'split2_test_score': array([-0.01806624, -0.0240454 , -0.00668029]), 'mean_test_score': array([-0.01811008, -0.02393466, -0.00950502]), 'std_test_score': array([0.00255258, 0.00048097, 0.00715045]), 'rank_test_score': array([2, 3, 1], dtype=int32)}
2020-03-28 19:46:04,142 - __main__ - INFO - (7) - BEST_SCORE_: -0.009505015197955734
2020-03-28 19:46:04,144 - __main__ - INFO - (7) - BEST_PARAMS_: {'c': 1, 'fuzzifier': <class 'fuzzylearn.fuzzifiers.LinearFuzzifier'>, 'k': GaussianKernel(0.65)}
2020-03-28 19:46:04,147 - __main__ - INFO - (8) - Started GridSearchCV with: {'c': [1], 'k': [GaussianKernel(0.5), GaussianKernel(0.35), GaussianKernel(0.65)], 'fuzzifier': [<class 'fuzzylearn.fuzzifiers.LinearFuzzifier'>]}
2020-03-28 19:55:16,734 - __main__ - INFO - (8) - CV_RESULTS_: {'mean_fit_time': array([54.26519918, 54.41399121, 54.49754357]), 'std_fit_time': array([0.0655386 , 0.22351588, 0.21445304]), 'mean_score_time': array([0.18350045, 0.1870954 , 0.18158166]), 'std_score_time': array([0.0032258 , 0.00276781, 0.00153139]), 'param_c': masked_array(data=[1, 1, 1],
             mask=[False, False, False],
       fill_value='?',
            dtype=object), 'param_fuzzifier': masked_array(data=[<class 'fuzzylearn.fuzzifiers.LinearFuzzifier'>,
                   <class 'fuzzylearn.fuzzifiers.LinearFuzzifier'>,
                   <class 'fuzzylearn.fuzzifiers.LinearFuzzifier'>],
             mask=[False, False, False],
       fill_value='?',
            dtype=object), 'param_k': masked_array(data=[GaussianKernel(0.5), GaussianKernel(0.35),
                   GaussianKernel(0.65)],
             mask=[False, False, False],
       fill_value='?',
            dtype=object), 'params': [{'c': 1, 'fuzzifier': <class 'fuzzylearn.fuzzifiers.LinearFuzzifier'>, 'k': GaussianKernel(0.5)}, {'c': 1, 'fuzzifier': <class 'fuzzylearn.fuzzifiers.LinearFuzzifier'>, 'k': GaussianKernel(0.35)}, {'c': 1, 'fuzzifier': <class 'fuzzylearn.fuzzifiers.LinearFuzzifier'>, 'k': GaussianKernel(0.65)}], 'split0_test_score': array([-0.        , -0.00315739, -0.        ]), 'split1_test_score': array([-0.025, -0.025, -0.025]), 'split2_test_score': array([-0.        , -0.01304188, -0.        ]), 'mean_test_score': array([-0.00833333, -0.01373309, -0.00833333]), 'std_test_score': array([0.01178511, 0.00893059, 0.01178511]), 'rank_test_score': array([1, 3, 1], dtype=int32)}
2020-03-28 19:55:16,741 - __main__ - INFO - (8) - BEST_SCORE_: -0.008333333333333333
2020-03-28 19:55:16,742 - __main__ - INFO - (8) - BEST_PARAMS_: {'c': 1, 'fuzzifier': <class 'fuzzylearn.fuzzifiers.LinearFuzzifier'>, 'k': GaussianKernel(0.5)}
2020-03-28 19:55:16,746 - __main__ - INFO - (9) - Started GridSearchCV with: {'c': [1], 'k': [GaussianKernel(0.5), GaussianKernel(0.35), GaussianKernel(0.65)], 'fuzzifier': [<class 'fuzzylearn.fuzzifiers.LinearFuzzifier'>]}
2020-03-28 20:04:24,178 - __main__ - INFO - (9) - CV_RESULTS_: {'mean_fit_time': array([54.32635387, 53.7960217 , 53.66615454]), 'std_fit_time': array([0.35324956, 0.0511343 , 0.18697927]), 'mean_score_time': array([0.18175054, 0.18104752, 0.1800433 ]), 'std_score_time': array([0.00266554, 0.00296897, 0.00347448]), 'param_c': masked_array(data=[1, 1, 1],
             mask=[False, False, False],
       fill_value='?',
            dtype=object), 'param_fuzzifier': masked_array(data=[<class 'fuzzylearn.fuzzifiers.LinearFuzzifier'>,
                   <class 'fuzzylearn.fuzzifiers.LinearFuzzifier'>,
                   <class 'fuzzylearn.fuzzifiers.LinearFuzzifier'>],
             mask=[False, False, False],
       fill_value='?',
            dtype=object), 'param_k': masked_array(data=[GaussianKernel(0.5), GaussianKernel(0.35),
                   GaussianKernel(0.65)],
             mask=[False, False, False],
       fill_value='?',
            dtype=object), 'params': [{'c': 1, 'fuzzifier': <class 'fuzzylearn.fuzzifiers.LinearFuzzifier'>, 'k': GaussianKernel(0.5)}, {'c': 1, 'fuzzifier': <class 'fuzzylearn.fuzzifiers.LinearFuzzifier'>, 'k': GaussianKernel(0.35)}, {'c': 1, 'fuzzifier': <class 'fuzzylearn.fuzzifiers.LinearFuzzifier'>, 'k': GaussianKernel(0.65)}], 'split0_test_score': array([-0.00338288, -0.01586701, -0.        ]), 'split1_test_score': array([-0.0250192 , -0.02500152, -0.025     ]), 'split2_test_score': array([-0.01198934, -0.02183095, -0.00068004]), 'mean_test_score': array([-0.01346381, -0.02089983, -0.00856001]), 'std_test_score': array([0.00889431, 0.00378683, 0.01162814]), 'rank_test_score': array([2, 3, 1], dtype=int32)}
2020-03-28 20:04:24,183 - __main__ - INFO - (9) - BEST_SCORE_: -0.008560014529329515
2020-03-28 20:04:24,186 - __main__ - INFO - (9) - BEST_PARAMS_: {'c': 1, 'fuzzifier': <class 'fuzzylearn.fuzzifiers.LinearFuzzifier'>, 'k': GaussianKernel(0.65)}
2020-03-28 20:04:24,190 - __main__ - INFO - (10) - Started GridSearchCV with: {'c': [1], 'k': [GaussianKernel(0.5), GaussianKernel(0.35), GaussianKernel(0.65)], 'fuzzifier': [<class 'fuzzylearn.fuzzifiers.LinearFuzzifier'>]}
2020-03-28 20:13:36,046 - __main__ - INFO - (10) - CV_RESULTS_: {'mean_fit_time': array([54.22319229, 54.44125024, 54.50784445]), 'std_fit_time': array([0.18864863, 0.10536797, 0.02585178]), 'mean_score_time': array([0.18461744, 0.18334913, 0.18372416]), 'std_score_time': array([0.00498831, 0.0031883 , 0.00066425]), 'param_c': masked_array(data=[1, 1, 1],
             mask=[False, False, False],
       fill_value='?',
            dtype=object), 'param_fuzzifier': masked_array(data=[<class 'fuzzylearn.fuzzifiers.LinearFuzzifier'>,
                   <class 'fuzzylearn.fuzzifiers.LinearFuzzifier'>,
                   <class 'fuzzylearn.fuzzifiers.LinearFuzzifier'>],
             mask=[False, False, False],
       fill_value='?',
            dtype=object), 'param_k': masked_array(data=[GaussianKernel(0.5), GaussianKernel(0.35),
                   GaussianKernel(0.65)],
             mask=[False, False, False],
       fill_value='?',
            dtype=object), 'params': [{'c': 1, 'fuzzifier': <class 'fuzzylearn.fuzzifiers.LinearFuzzifier'>, 'k': GaussianKernel(0.5)}, {'c': 1, 'fuzzifier': <class 'fuzzylearn.fuzzifiers.LinearFuzzifier'>, 'k': GaussianKernel(0.35)}, {'c': 1, 'fuzzifier': <class 'fuzzylearn.fuzzifiers.LinearFuzzifier'>, 'k': GaussianKernel(0.65)}], 'split0_test_score': array([-0., -0., -0.]), 'split1_test_score': array([-0.00000000e+00, -0.00000000e+00, -1.05701881e-05]), 'split2_test_score': array([-0., -0., -0.]), 'mean_test_score': array([ 0.00000000e+00,  0.00000000e+00, -3.52339602e-06]), 'std_test_score': array([0.00000000e+00, 0.00000000e+00, 4.98283444e-06]), 'rank_test_score': array([1, 1, 3], dtype=int32)}
2020-03-28 20:13:36,051 - __main__ - INFO - (10) - BEST_SCORE_: 0.0
2020-03-28 20:13:36,055 - __main__ - INFO - (10) - BEST_PARAMS_: {'c': 1, 'fuzzifier': <class 'fuzzylearn.fuzzifiers.LinearFuzzifier'>, 'k': GaussianKernel(0.5)}
2020-03-28 20:13:36,059 - __main__ - INFO - (11) - Started GridSearchCV with: {'c': [1], 'k': [GaussianKernel(0.5), GaussianKernel(0.35), GaussianKernel(0.65)], 'fuzzifier': [<class 'fuzzylearn.fuzzifiers.LinearFuzzifier'>]}
2020-03-28 20:22:41,665 - __main__ - INFO - (11) - CV_RESULTS_: {'mean_fit_time': array([54.13722952, 53.53553279, 53.57120736]), 'std_fit_time': array([0.02877801, 0.08139843, 0.12597148]), 'mean_score_time': array([0.17952847, 0.17914073, 0.18068814]), 'std_score_time': array([0.00147189, 0.00128448, 0.00150275]), 'param_c': masked_array(data=[1, 1, 1],
             mask=[False, False, False],
       fill_value='?',
            dtype=object), 'param_fuzzifier': masked_array(data=[<class 'fuzzylearn.fuzzifiers.LinearFuzzifier'>,
                   <class 'fuzzylearn.fuzzifiers.LinearFuzzifier'>,
                   <class 'fuzzylearn.fuzzifiers.LinearFuzzifier'>],
             mask=[False, False, False],
       fill_value='?',
            dtype=object), 'param_k': masked_array(data=[GaussianKernel(0.5), GaussianKernel(0.35),
                   GaussianKernel(0.65)],
             mask=[False, False, False],
       fill_value='?',
            dtype=object), 'params': [{'c': 1, 'fuzzifier': <class 'fuzzylearn.fuzzifiers.LinearFuzzifier'>, 'k': GaussianKernel(0.5)}, {'c': 1, 'fuzzifier': <class 'fuzzylearn.fuzzifiers.LinearFuzzifier'>, 'k': GaussianKernel(0.35)}, {'c': 1, 'fuzzifier': <class 'fuzzylearn.fuzzifiers.LinearFuzzifier'>, 'k': GaussianKernel(0.65)}], 'split0_test_score': array([-0.02033564, -0.02475289, -0.01297244]), 'split1_test_score': array([-0.017955  , -0.02466354, -0.00615862]), 'split2_test_score': array([-0.01702482, -0.02435513, -0.00537528]), 'mean_test_score': array([-0.01843849, -0.02459052, -0.00816878]), 'std_test_score': array([0.0013942 , 0.00017039, 0.00341172]), 'rank_test_score': array([2, 3, 1], dtype=int32)}
2020-03-28 20:22:41,670 - __main__ - INFO - (11) - BEST_SCORE_: -0.008168778204611959
2020-03-28 20:22:41,674 - __main__ - INFO - (11) - BEST_PARAMS_: {'c': 1, 'fuzzifier': <class 'fuzzylearn.fuzzifiers.LinearFuzzifier'>, 'k': GaussianKernel(0.65)}
2020-03-28 20:22:41,675 - __main__ - INFO - (12) - Started GridSearchCV with: {'c': [1], 'k': [GaussianKernel(0.5), GaussianKernel(0.35), GaussianKernel(0.65)], 'fuzzifier': [<class 'fuzzylearn.fuzzifiers.LinearFuzzifier'>]}
2020-03-28 20:31:49,060 - __main__ - INFO - (12) - CV_RESULTS_: {'mean_fit_time': array([53.75218074, 53.57384205, 54.23003093]), 'std_fit_time': array([0.07753105, 0.06569746, 0.93365982]), 'mean_score_time': array([0.1835471 , 0.18075236, 0.18421475]), 'std_score_time': array([0.00206828, 0.00091181, 0.00152516]), 'param_c': masked_array(data=[1, 1, 1],
             mask=[False, False, False],
       fill_value='?',
            dtype=object), 'param_fuzzifier': masked_array(data=[<class 'fuzzylearn.fuzzifiers.LinearFuzzifier'>,
                   <class 'fuzzylearn.fuzzifiers.LinearFuzzifier'>,
                   <class 'fuzzylearn.fuzzifiers.LinearFuzzifier'>],
             mask=[False, False, False],
       fill_value='?',
            dtype=object), 'param_k': masked_array(data=[GaussianKernel(0.5), GaussianKernel(0.35),
                   GaussianKernel(0.65)],
             mask=[False, False, False],
       fill_value='?',
            dtype=object), 'params': [{'c': 1, 'fuzzifier': <class 'fuzzylearn.fuzzifiers.LinearFuzzifier'>, 'k': GaussianKernel(0.5)}, {'c': 1, 'fuzzifier': <class 'fuzzylearn.fuzzifiers.LinearFuzzifier'>, 'k': GaussianKernel(0.35)}, {'c': 1, 'fuzzifier': <class 'fuzzylearn.fuzzifiers.LinearFuzzifier'>, 'k': GaussianKernel(0.65)}], 'split0_test_score': array([-0.025     , -0.02486102, -0.025     ]), 'split1_test_score': array([-0.        , -0.00383788, -0.        ]), 'split2_test_score': array([-0.025, -0.025, -0.025]), 'mean_test_score': array([-0.01666667, -0.01789963, -0.01666667]), 'std_test_score': array([0.01178511, 0.00994332, 0.01178511]), 'rank_test_score': array([1, 3, 1], dtype=int32)}
2020-03-28 20:31:49,065 - __main__ - INFO - (12) - BEST_SCORE_: -0.016666666666666666
2020-03-28 20:31:49,066 - __main__ - INFO - (12) - BEST_PARAMS_: {'c': 1, 'fuzzifier': <class 'fuzzylearn.fuzzifiers.LinearFuzzifier'>, 'k': GaussianKernel(0.5)}
2020-03-28 20:31:49,068 - __main__ - INFO - (13) - Started GridSearchCV with: {'c': [1], 'k': [GaussianKernel(0.5), GaussianKernel(0.35), GaussianKernel(0.65)], 'fuzzifier': [<class 'fuzzylearn.fuzzifiers.LinearFuzzifier'>]}
2020-03-28 20:41:04,709 - __main__ - INFO - (13) - CV_RESULTS_: {'mean_fit_time': array([55.06243491, 54.38450384, 54.64654605]), 'std_fit_time': array([0.67154026, 0.08492294, 0.21797166]), 'mean_score_time': array([0.18383527, 0.18195804, 0.1816829 ]), 'std_score_time': array([0.00319523, 0.00225722, 0.00132247]), 'param_c': masked_array(data=[1, 1, 1],
             mask=[False, False, False],
       fill_value='?',
            dtype=object), 'param_fuzzifier': masked_array(data=[<class 'fuzzylearn.fuzzifiers.LinearFuzzifier'>,
                   <class 'fuzzylearn.fuzzifiers.LinearFuzzifier'>,
                   <class 'fuzzylearn.fuzzifiers.LinearFuzzifier'>],
             mask=[False, False, False],
       fill_value='?',
            dtype=object), 'param_k': masked_array(data=[GaussianKernel(0.5), GaussianKernel(0.35),
                   GaussianKernel(0.65)],
             mask=[False, False, False],
       fill_value='?',
            dtype=object), 'params': [{'c': 1, 'fuzzifier': <class 'fuzzylearn.fuzzifiers.LinearFuzzifier'>, 'k': GaussianKernel(0.5)}, {'c': 1, 'fuzzifier': <class 'fuzzylearn.fuzzifiers.LinearFuzzifier'>, 'k': GaussianKernel(0.35)}, {'c': 1, 'fuzzifier': <class 'fuzzylearn.fuzzifiers.LinearFuzzifier'>, 'k': GaussianKernel(0.65)}], 'split0_test_score': array([-0.        , -0.00269272, -0.        ]), 'split1_test_score': array([-0.        , -0.00482963, -0.        ]), 'split2_test_score': array([-9.50070757e-08, -7.50020371e-04, -1.15920636e-06]), 'mean_test_score': array([-3.16690252e-08, -2.75745563e-03, -3.86402121e-07]), 'std_test_score': array([4.47867650e-08, 1.66612246e-03, 5.46455121e-07]), 'rank_test_score': array([1, 3, 2], dtype=int32)}
2020-03-28 20:41:04,719 - __main__ - INFO - (13) - BEST_SCORE_: -3.166902523315383e-08
2020-03-28 20:41:04,720 - __main__ - INFO - (13) - BEST_PARAMS_: {'c': 1, 'fuzzifier': <class 'fuzzylearn.fuzzifiers.LinearFuzzifier'>, 'k': GaussianKernel(0.5)}
2020-03-28 20:41:04,721 - __main__ - INFO - (14) - Started GridSearchCV with: {'c': [1], 'k': [GaussianKernel(0.5), GaussianKernel(0.35), GaussianKernel(0.65)], 'fuzzifier': [<class 'fuzzylearn.fuzzifiers.LinearFuzzifier'>]}
2020-03-28 20:50:25,229 - __main__ - INFO - (14) - CV_RESULTS_: {'mean_fit_time': array([55.30249699, 54.98864094, 55.15795128]), 'std_fit_time': array([0.13262015, 0.14734291, 0.1456355 ]), 'mean_score_time': array([0.18684451, 0.18597889, 0.18290973]), 'std_score_time': array([0.00278936, 0.00233981, 0.00194701]), 'param_c': masked_array(data=[1, 1, 1],
             mask=[False, False, False],
       fill_value='?',
            dtype=object), 'param_fuzzifier': masked_array(data=[<class 'fuzzylearn.fuzzifiers.LinearFuzzifier'>,
                   <class 'fuzzylearn.fuzzifiers.LinearFuzzifier'>,
                   <class 'fuzzylearn.fuzzifiers.LinearFuzzifier'>],
             mask=[False, False, False],
       fill_value='?',
            dtype=object), 'param_k': masked_array(data=[GaussianKernel(0.5), GaussianKernel(0.35),
                   GaussianKernel(0.65)],
             mask=[False, False, False],
       fill_value='?',
            dtype=object), 'params': [{'c': 1, 'fuzzifier': <class 'fuzzylearn.fuzzifiers.LinearFuzzifier'>, 'k': GaussianKernel(0.5)}, {'c': 1, 'fuzzifier': <class 'fuzzylearn.fuzzifiers.LinearFuzzifier'>, 'k': GaussianKernel(0.35)}, {'c': 1, 'fuzzifier': <class 'fuzzylearn.fuzzifiers.LinearFuzzifier'>, 'k': GaussianKernel(0.65)}], 'split0_test_score': array([-0., -0., -0.]), 'split1_test_score': array([-0.        , -0.00589925, -0.        ]), 'split2_test_score': array([-0.        , -0.00971196, -0.        ]), 'mean_test_score': array([ 0.        , -0.00520374,  0.        ]), 'std_test_score': array([0.        , 0.00399528, 0.        ]), 'rank_test_score': array([1, 3, 1], dtype=int32)}
2020-03-28 20:50:25,233 - __main__ - INFO - (14) - BEST_SCORE_: 0.0
2020-03-28 20:50:25,235 - __main__ - INFO - (14) - BEST_PARAMS_: {'c': 1, 'fuzzifier': <class 'fuzzylearn.fuzzifiers.LinearFuzzifier'>, 'k': GaussianKernel(0.5)}
2020-03-28 20:50:25,237 - __main__ - INFO - (15) - Started GridSearchCV with: {'c': [1], 'k': [GaussianKernel(0.5), GaussianKernel(0.35), GaussianKernel(0.65)], 'fuzzifier': [<class 'fuzzylearn.fuzzifiers.LinearFuzzifier'>]}
2020-03-28 20:59:42,549 - __main__ - INFO - (15) - CV_RESULTS_: {'mean_fit_time': array([55.00483704, 54.86394413, 54.7763811 ]), 'std_fit_time': array([0.13383711, 0.15207459, 0.28930836]), 'mean_score_time': array([0.18060509, 0.18425163, 0.18171946]), 'std_score_time': array([0.00174336, 0.00327748, 0.00121177]), 'param_c': masked_array(data=[1, 1, 1],
             mask=[False, False, False],
       fill_value='?',
            dtype=object), 'param_fuzzifier': masked_array(data=[<class 'fuzzylearn.fuzzifiers.LinearFuzzifier'>,
                   <class 'fuzzylearn.fuzzifiers.LinearFuzzifier'>,
                   <class 'fuzzylearn.fuzzifiers.LinearFuzzifier'>],
             mask=[False, False, False],
       fill_value='?',
            dtype=object), 'param_k': masked_array(data=[GaussianKernel(0.5), GaussianKernel(0.35),
                   GaussianKernel(0.65)],
             mask=[False, False, False],
       fill_value='?',
            dtype=object), 'params': [{'c': 1, 'fuzzifier': <class 'fuzzylearn.fuzzifiers.LinearFuzzifier'>, 'k': GaussianKernel(0.5)}, {'c': 1, 'fuzzifier': <class 'fuzzylearn.fuzzifiers.LinearFuzzifier'>, 'k': GaussianKernel(0.35)}, {'c': 1, 'fuzzifier': <class 'fuzzylearn.fuzzifiers.LinearFuzzifier'>, 'k': GaussianKernel(0.65)}], 'split0_test_score': array([-0., -0., -0.]), 'split1_test_score': array([-0., -0., -0.]), 'split2_test_score': array([-0.025     , -0.02474689, -0.025     ]), 'mean_test_score': array([-0.00833333, -0.00824896, -0.00833333]), 'std_test_score': array([0.01178511, 0.0116658 , 0.01178511]), 'rank_test_score': array([2, 1, 2], dtype=int32)}
2020-03-28 20:59:42,556 - __main__ - INFO - (15) - BEST_SCORE_: -0.008248964972870237
2020-03-28 20:59:42,559 - __main__ - INFO - (15) - BEST_PARAMS_: {'c': 1, 'fuzzifier': <class 'fuzzylearn.fuzzifiers.LinearFuzzifier'>, 'k': GaussianKernel(0.35)}
2020-03-28 20:59:42,561 - __main__ - INFO - (16) - Started GridSearchCV with: {'c': [1], 'k': [GaussianKernel(0.5), GaussianKernel(0.35), GaussianKernel(0.65)], 'fuzzifier': [<class 'fuzzylearn.fuzzifiers.LinearFuzzifier'>]}
2020-03-28 21:08:55,380 - __main__ - INFO - (16) - CV_RESULTS_: {'mean_fit_time': array([54.56876834, 54.45272779, 54.27863487]), 'std_fit_time': array([0.31638961, 0.1574921 , 0.12983285]), 'mean_score_time': array([0.18444546, 0.18329811, 0.18137225]), 'std_score_time': array([0.00251016, 0.00295504, 0.00189554]), 'param_c': masked_array(data=[1, 1, 1],
             mask=[False, False, False],
       fill_value='?',
            dtype=object), 'param_fuzzifier': masked_array(data=[<class 'fuzzylearn.fuzzifiers.LinearFuzzifier'>,
                   <class 'fuzzylearn.fuzzifiers.LinearFuzzifier'>,
                   <class 'fuzzylearn.fuzzifiers.LinearFuzzifier'>],
             mask=[False, False, False],
       fill_value='?',
            dtype=object), 'param_k': masked_array(data=[GaussianKernel(0.5), GaussianKernel(0.35),
                   GaussianKernel(0.65)],
             mask=[False, False, False],
       fill_value='?',
            dtype=object), 'params': [{'c': 1, 'fuzzifier': <class 'fuzzylearn.fuzzifiers.LinearFuzzifier'>, 'k': GaussianKernel(0.5)}, {'c': 1, 'fuzzifier': <class 'fuzzylearn.fuzzifiers.LinearFuzzifier'>, 'k': GaussianKernel(0.35)}, {'c': 1, 'fuzzifier': <class 'fuzzylearn.fuzzifiers.LinearFuzzifier'>, 'k': GaussianKernel(0.65)}], 'split0_test_score': array([-0.01514294, -0.02227382, -0.01135411]), 'split1_test_score': array([-0.00437536, -0.01730538, -0.00121021]), 'split2_test_score': array([-0.        , -0.00179543, -0.        ]), 'mean_test_score': array([-0.0065061 , -0.01379154, -0.00418811]), 'std_test_score': array([0.00636303, 0.00872167, 0.00509116]), 'rank_test_score': array([2, 3, 1], dtype=int32)}
2020-03-28 21:08:55,385 - __main__ - INFO - (16) - BEST_SCORE_: -0.004188106754243569
2020-03-28 21:08:55,386 - __main__ - INFO - (16) - BEST_PARAMS_: {'c': 1, 'fuzzifier': <class 'fuzzylearn.fuzzifiers.LinearFuzzifier'>, 'k': GaussianKernel(0.65)}
2020-03-28 21:08:55,388 - __main__ - INFO - (17) - Started GridSearchCV with: {'c': [1], 'k': [GaussianKernel(0.5), GaussianKernel(0.35), GaussianKernel(0.65)], 'fuzzifier': [<class 'fuzzylearn.fuzzifiers.LinearFuzzifier'>]}
2020-03-28 21:18:08,376 - __main__ - INFO - (17) - CV_RESULTS_: {'mean_fit_time': array([54.66549095, 54.39825598, 54.37079008]), 'std_fit_time': array([0.32066548, 0.20024529, 0.16115954]), 'mean_score_time': array([0.17949478, 0.19262234, 0.18212843]), 'std_score_time': array([0.00064671, 0.00457667, 0.00139373]), 'param_c': masked_array(data=[1, 1, 1],
             mask=[False, False, False],
       fill_value='?',
            dtype=object), 'param_fuzzifier': masked_array(data=[<class 'fuzzylearn.fuzzifiers.LinearFuzzifier'>,
                   <class 'fuzzylearn.fuzzifiers.LinearFuzzifier'>,
                   <class 'fuzzylearn.fuzzifiers.LinearFuzzifier'>],
             mask=[False, False, False],
       fill_value='?',
            dtype=object), 'param_k': masked_array(data=[GaussianKernel(0.5), GaussianKernel(0.35),
                   GaussianKernel(0.65)],
             mask=[False, False, False],
       fill_value='?',
            dtype=object), 'params': [{'c': 1, 'fuzzifier': <class 'fuzzylearn.fuzzifiers.LinearFuzzifier'>, 'k': GaussianKernel(0.5)}, {'c': 1, 'fuzzifier': <class 'fuzzylearn.fuzzifiers.LinearFuzzifier'>, 'k': GaussianKernel(0.35)}, {'c': 1, 'fuzzifier': <class 'fuzzylearn.fuzzifiers.LinearFuzzifier'>, 'k': GaussianKernel(0.65)}], 'split0_test_score': array([-0.        , -0.01053699, -0.        ]), 'split1_test_score': array([-0.        , -0.01221701, -0.        ]), 'split2_test_score': array([-0.        , -0.00572926, -0.        ]), 'mean_test_score': array([ 0.        , -0.00949442,  0.        ]), 'std_test_score': array([0.       , 0.0027493, 0.       ]), 'rank_test_score': array([1, 3, 1], dtype=int32)}
2020-03-28 21:18:08,381 - __main__ - INFO - (17) - BEST_SCORE_: 0.0
2020-03-28 21:18:08,389 - __main__ - INFO - (17) - BEST_PARAMS_: {'c': 1, 'fuzzifier': <class 'fuzzylearn.fuzzifiers.LinearFuzzifier'>, 'k': GaussianKernel(0.5)}
2020-03-28 21:18:08,391 - __main__ - INFO - (18) - Started GridSearchCV with: {'c': [1], 'k': [GaussianKernel(0.5), GaussianKernel(0.35), GaussianKernel(0.65)], 'fuzzifier': [<class 'fuzzylearn.fuzzifiers.LinearFuzzifier'>]}
2020-03-28 21:27:24,476 - __main__ - INFO - (18) - CV_RESULTS_: {'mean_fit_time': array([54.5697329 , 54.76311437, 54.97161182]), 'std_fit_time': array([0.21195119, 0.16674637, 0.20133845]), 'mean_score_time': array([0.18708428, 0.18968852, 0.18485626]), 'std_score_time': array([0.00293923, 0.00850314, 0.00445014]), 'param_c': masked_array(data=[1, 1, 1],
             mask=[False, False, False],
       fill_value='?',
            dtype=object), 'param_fuzzifier': masked_array(data=[<class 'fuzzylearn.fuzzifiers.LinearFuzzifier'>,
                   <class 'fuzzylearn.fuzzifiers.LinearFuzzifier'>,
                   <class 'fuzzylearn.fuzzifiers.LinearFuzzifier'>],
             mask=[False, False, False],
       fill_value='?',
            dtype=object), 'param_k': masked_array(data=[GaussianKernel(0.5), GaussianKernel(0.35),
                   GaussianKernel(0.65)],
             mask=[False, False, False],
       fill_value='?',
            dtype=object), 'params': [{'c': 1, 'fuzzifier': <class 'fuzzylearn.fuzzifiers.LinearFuzzifier'>, 'k': GaussianKernel(0.5)}, {'c': 1, 'fuzzifier': <class 'fuzzylearn.fuzzifiers.LinearFuzzifier'>, 'k': GaussianKernel(0.35)}, {'c': 1, 'fuzzifier': <class 'fuzzylearn.fuzzifiers.LinearFuzzifier'>, 'k': GaussianKernel(0.65)}], 'split0_test_score': array([-0.        , -0.00392161, -0.        ]), 'split1_test_score': array([-3.05305512e-03, -1.48023087e-02, -4.89601857e-05]), 'split2_test_score': array([-2.19569149e-03, -1.50271397e-02, -6.84942028e-05]), 'mean_test_score': array([-1.74958220e-03, -1.12503526e-02, -3.91514628e-05]), 'std_test_score': array([1.28570254e-03, 5.18301686e-03, 2.88099779e-05]), 'rank_test_score': array([2, 3, 1], dtype=int32)}
2020-03-28 21:27:24,485 - __main__ - INFO - (18) - BEST_SCORE_: -3.915146280475238e-05
2020-03-28 21:27:24,488 - __main__ - INFO - (18) - BEST_PARAMS_: {'c': 1, 'fuzzifier': <class 'fuzzylearn.fuzzifiers.LinearFuzzifier'>, 'k': GaussianKernel(0.65)}
2020-03-28 21:27:24,490 - __main__ - INFO - (19) - Started GridSearchCV with: {'c': [1], 'k': [GaussianKernel(0.5), GaussianKernel(0.35), GaussianKernel(0.65)], 'fuzzifier': [<class 'fuzzylearn.fuzzifiers.LinearFuzzifier'>]}
2020-03-28 21:36:41,014 - __main__ - INFO - (19) - CV_RESULTS_: {'mean_fit_time': array([54.99673891, 54.86021177, 54.63323339]), 'std_fit_time': array([0.25407586, 0.38478547, 0.34556681]), 'mean_score_time': array([0.18745073, 0.18061074, 0.18496943]), 'std_score_time': array([0.00747027, 0.00068922, 0.00417006]), 'param_c': masked_array(data=[1, 1, 1],
             mask=[False, False, False],
       fill_value='?',
            dtype=object), 'param_fuzzifier': masked_array(data=[<class 'fuzzylearn.fuzzifiers.LinearFuzzifier'>,
                   <class 'fuzzylearn.fuzzifiers.LinearFuzzifier'>,
                   <class 'fuzzylearn.fuzzifiers.LinearFuzzifier'>],
             mask=[False, False, False],
       fill_value='?',
            dtype=object), 'param_k': masked_array(data=[GaussianKernel(0.5), GaussianKernel(0.35),
                   GaussianKernel(0.65)],
             mask=[False, False, False],
       fill_value='?',
            dtype=object), 'params': [{'c': 1, 'fuzzifier': <class 'fuzzylearn.fuzzifiers.LinearFuzzifier'>, 'k': GaussianKernel(0.5)}, {'c': 1, 'fuzzifier': <class 'fuzzylearn.fuzzifiers.LinearFuzzifier'>, 'k': GaussianKernel(0.35)}, {'c': 1, 'fuzzifier': <class 'fuzzylearn.fuzzifiers.LinearFuzzifier'>, 'k': GaussianKernel(0.65)}], 'split0_test_score': array([-0.00034879, -0.01142404, -0.        ]), 'split1_test_score': array([-0.01131871, -0.01986743, -0.00345412]), 'split2_test_score': array([-0.0108993 , -0.01880269, -0.        ]), 'mean_test_score': array([-0.00752226, -0.01669805, -0.00115137]), 'std_test_score': array([0.0050753 , 0.00375453, 0.00162829]), 'rank_test_score': array([2, 3, 1], dtype=int32)}
2020-03-28 21:36:41,019 - __main__ - INFO - (19) - BEST_SCORE_: -0.0011513735041204197
2020-03-28 21:36:41,020 - __main__ - INFO - (19) - BEST_PARAMS_: {'c': 1, 'fuzzifier': <class 'fuzzylearn.fuzzifiers.LinearFuzzifier'>, 'k': GaussianKernel(0.65)}
2020-03-28 21:36:41,021 - __main__ - INFO - (20) - Started GridSearchCV with: {'c': [1], 'k': [GaussianKernel(0.5), GaussianKernel(0.35), GaussianKernel(0.65)], 'fuzzifier': [<class 'fuzzylearn.fuzzifiers.LinearFuzzifier'>]}
2020-03-28 21:45:55,381 - __main__ - INFO - (20) - CV_RESULTS_: {'mean_fit_time': array([54.60297823, 54.90866423, 54.22675125]), 'std_fit_time': array([0.25475503, 0.20681922, 0.17322645]), 'mean_score_time': array([0.18265494, 0.18542751, 0.18839033]), 'std_score_time': array([0.00098225, 0.00181759, 0.00295845]), 'param_c': masked_array(data=[1, 1, 1],
             mask=[False, False, False],
       fill_value='?',
            dtype=object), 'param_fuzzifier': masked_array(data=[<class 'fuzzylearn.fuzzifiers.LinearFuzzifier'>,
                   <class 'fuzzylearn.fuzzifiers.LinearFuzzifier'>,
                   <class 'fuzzylearn.fuzzifiers.LinearFuzzifier'>],
             mask=[False, False, False],
       fill_value='?',
            dtype=object), 'param_k': masked_array(data=[GaussianKernel(0.5), GaussianKernel(0.35),
                   GaussianKernel(0.65)],
             mask=[False, False, False],
       fill_value='?',
            dtype=object), 'params': [{'c': 1, 'fuzzifier': <class 'fuzzylearn.fuzzifiers.LinearFuzzifier'>, 'k': GaussianKernel(0.5)}, {'c': 1, 'fuzzifier': <class 'fuzzylearn.fuzzifiers.LinearFuzzifier'>, 'k': GaussianKernel(0.35)}, {'c': 1, 'fuzzifier': <class 'fuzzylearn.fuzzifiers.LinearFuzzifier'>, 'k': GaussianKernel(0.65)}], 'split0_test_score': array([-0.00279844, -0.0160271 , -0.        ]), 'split1_test_score': array([-0.00022501, -0.01134816, -0.        ]), 'split2_test_score': array([-0.00038738, -0.00596401, -0.        ]), 'mean_test_score': array([-0.00113694, -0.01111309,  0.        ]), 'std_test_score': array([0.00117673, 0.0041116 , 0.        ]), 'rank_test_score': array([2, 3, 1], dtype=int32)}
2020-03-28 21:45:55,387 - __main__ - INFO - (20) - BEST_SCORE_: 0.0
2020-03-28 21:45:55,389 - __main__ - INFO - (20) - BEST_PARAMS_: {'c': 1, 'fuzzifier': <class 'fuzzylearn.fuzzifiers.LinearFuzzifier'>, 'k': GaussianKernel(0.65)}
2020-03-28 21:45:55,390 - __main__ - INFO - (21) - Started GridSearchCV with: {'c': [1], 'k': [GaussianKernel(0.5), GaussianKernel(0.35), GaussianKernel(0.65)], 'fuzzifier': [<class 'fuzzylearn.fuzzifiers.LinearFuzzifier'>]}
2020-03-28 21:55:08,618 - __main__ - INFO - (21) - CV_RESULTS_: {'mean_fit_time': array([54.19992598, 54.44826873, 54.64689096]), 'std_fit_time': array([0.12044559, 0.11959706, 0.165906  ]), 'mean_score_time': array([0.1789577 , 0.18205762, 0.17921376]), 'std_score_time': array([0.00260606, 0.00288593, 0.00057822]), 'param_c': masked_array(data=[1, 1, 1],
             mask=[False, False, False],
       fill_value='?',
            dtype=object), 'param_fuzzifier': masked_array(data=[<class 'fuzzylearn.fuzzifiers.LinearFuzzifier'>,
                   <class 'fuzzylearn.fuzzifiers.LinearFuzzifier'>,
                   <class 'fuzzylearn.fuzzifiers.LinearFuzzifier'>],
             mask=[False, False, False],
       fill_value='?',
            dtype=object), 'param_k': masked_array(data=[GaussianKernel(0.5), GaussianKernel(0.35),
                   GaussianKernel(0.65)],
             mask=[False, False, False],
       fill_value='?',
            dtype=object), 'params': [{'c': 1, 'fuzzifier': <class 'fuzzylearn.fuzzifiers.LinearFuzzifier'>, 'k': GaussianKernel(0.5)}, {'c': 1, 'fuzzifier': <class 'fuzzylearn.fuzzifiers.LinearFuzzifier'>, 'k': GaussianKernel(0.35)}, {'c': 1, 'fuzzifier': <class 'fuzzylearn.fuzzifiers.LinearFuzzifier'>, 'k': GaussianKernel(0.65)}], 'split0_test_score': array([-0.        , -0.00876474, -0.        ]), 'split1_test_score': array([-0.        , -0.00016346, -0.        ]), 'split2_test_score': array([-0.025, -0.025, -0.025]), 'mean_test_score': array([-0.00833333, -0.0113094 , -0.00833333]), 'std_test_score': array([0.01178511, 0.01029789, 0.01178511]), 'rank_test_score': array([1, 3, 1], dtype=int32)}
2020-03-28 21:55:08,624 - __main__ - INFO - (21) - BEST_SCORE_: -0.008333333333333333
2020-03-28 21:55:08,632 - __main__ - INFO - (21) - BEST_PARAMS_: {'c': 1, 'fuzzifier': <class 'fuzzylearn.fuzzifiers.LinearFuzzifier'>, 'k': GaussianKernel(0.5)}
2020-03-28 21:55:08,634 - __main__ - INFO - (22) - Started GridSearchCV with: {'c': [1], 'k': [GaussianKernel(0.5), GaussianKernel(0.35), GaussianKernel(0.65)], 'fuzzifier': [<class 'fuzzylearn.fuzzifiers.LinearFuzzifier'>]}
2020-03-28 22:04:22,964 - __main__ - INFO - (22) - CV_RESULTS_: {'mean_fit_time': array([54.87395128, 54.6940968 , 54.31598401]), 'std_fit_time': array([0.10092735, 0.25250762, 0.40098992]), 'mean_score_time': array([0.18203719, 0.18155654, 0.18129388]), 'std_score_time': array([0.00045309, 0.00206008, 0.00068717]), 'param_c': masked_array(data=[1, 1, 1],
             mask=[False, False, False],
       fill_value='?',
            dtype=object), 'param_fuzzifier': masked_array(data=[<class 'fuzzylearn.fuzzifiers.LinearFuzzifier'>,
                   <class 'fuzzylearn.fuzzifiers.LinearFuzzifier'>,
                   <class 'fuzzylearn.fuzzifiers.LinearFuzzifier'>],
             mask=[False, False, False],
       fill_value='?',
            dtype=object), 'param_k': masked_array(data=[GaussianKernel(0.5), GaussianKernel(0.35),
                   GaussianKernel(0.65)],
             mask=[False, False, False],
       fill_value='?',
            dtype=object), 'params': [{'c': 1, 'fuzzifier': <class 'fuzzylearn.fuzzifiers.LinearFuzzifier'>, 'k': GaussianKernel(0.5)}, {'c': 1, 'fuzzifier': <class 'fuzzylearn.fuzzifiers.LinearFuzzifier'>, 'k': GaussianKernel(0.35)}, {'c': 1, 'fuzzifier': <class 'fuzzylearn.fuzzifiers.LinearFuzzifier'>, 'k': GaussianKernel(0.65)}], 'split0_test_score': array([-0.00709421, -0.01735037, -0.        ]), 'split1_test_score': array([-0.01675845, -0.02357271, -0.00828737]), 'split2_test_score': array([-0.00034343, -0.00570972, -0.        ]), 'mean_test_score': array([-0.00806536, -0.01554427, -0.00276246]), 'std_test_score': array([0.0067365 , 0.00740352, 0.0039067 ]), 'rank_test_score': array([2, 3, 1], dtype=int32)}
2020-03-28 22:04:22,969 - __main__ - INFO - (22) - BEST_SCORE_: -0.002762456081998746
2020-03-28 22:04:22,974 - __main__ - INFO - (22) - BEST_PARAMS_: {'c': 1, 'fuzzifier': <class 'fuzzylearn.fuzzifiers.LinearFuzzifier'>, 'k': GaussianKernel(0.65)}
2020-03-28 22:04:22,976 - __main__ - INFO - (23) - Started GridSearchCV with: {'c': [1], 'k': [GaussianKernel(0.5), GaussianKernel(0.35), GaussianKernel(0.65)], 'fuzzifier': [<class 'fuzzylearn.fuzzifiers.LinearFuzzifier'>]}
2020-03-28 22:13:33,642 - __main__ - INFO - (23) - CV_RESULTS_: {'mean_fit_time': array([54.35602593, 54.26657192, 54.1738236 ]), 'std_fit_time': array([0.13948727, 0.06772437, 0.05178722]), 'mean_score_time': array([0.17927591, 0.18416214, 0.18086569]), 'std_score_time': array([0.00053154, 0.00408359, 0.00359234]), 'param_c': masked_array(data=[1, 1, 1],
             mask=[False, False, False],
       fill_value='?',
            dtype=object), 'param_fuzzifier': masked_array(data=[<class 'fuzzylearn.fuzzifiers.LinearFuzzifier'>,
                   <class 'fuzzylearn.fuzzifiers.LinearFuzzifier'>,
                   <class 'fuzzylearn.fuzzifiers.LinearFuzzifier'>],
             mask=[False, False, False],
       fill_value='?',
            dtype=object), 'param_k': masked_array(data=[GaussianKernel(0.5), GaussianKernel(0.35),
                   GaussianKernel(0.65)],
             mask=[False, False, False],
       fill_value='?',
            dtype=object), 'params': [{'c': 1, 'fuzzifier': <class 'fuzzylearn.fuzzifiers.LinearFuzzifier'>, 'k': GaussianKernel(0.5)}, {'c': 1, 'fuzzifier': <class 'fuzzylearn.fuzzifiers.LinearFuzzifier'>, 'k': GaussianKernel(0.35)}, {'c': 1, 'fuzzifier': <class 'fuzzylearn.fuzzifiers.LinearFuzzifier'>, 'k': GaussianKernel(0.65)}], 'split0_test_score': array([-0.00640229, -0.02147395, -0.        ]), 'split1_test_score': array([-0., -0., -0.]), 'split2_test_score': array([-5.57293146e-06, -1.10045665e-02, -0.00000000e+00]), 'mean_test_score': array([-0.00213595, -0.01082617,  0.        ]), 'std_test_score': array([0.00301675, 0.00876761, 0.        ]), 'rank_test_score': array([2, 3, 1], dtype=int32)}
2020-03-28 22:13:33,647 - __main__ - INFO - (23) - BEST_SCORE_: 0.0
2020-03-28 22:13:33,656 - __main__ - INFO - (23) - BEST_PARAMS_: {'c': 1, 'fuzzifier': <class 'fuzzylearn.fuzzifiers.LinearFuzzifier'>, 'k': GaussianKernel(0.65)}
2020-03-28 22:13:33,657 - __main__ - INFO - (24) - Started GridSearchCV with: {'c': [1], 'k': [GaussianKernel(0.5), GaussianKernel(0.35), GaussianKernel(0.65)], 'fuzzifier': [<class 'fuzzylearn.fuzzifiers.LinearFuzzifier'>]}
2020-03-28 22:22:45,733 - __main__ - INFO - (24) - CV_RESULTS_: {'mean_fit_time': array([54.48524841, 54.20492029, 54.32076073]), 'std_fit_time': array([0.1308435 , 0.18157483, 0.15669658]), 'mean_score_time': array([0.18375603, 0.18411446, 0.18256251]), 'std_score_time': array([0.00247557, 0.00396684, 0.00028759]), 'param_c': masked_array(data=[1, 1, 1],
             mask=[False, False, False],
       fill_value='?',
            dtype=object), 'param_fuzzifier': masked_array(data=[<class 'fuzzylearn.fuzzifiers.LinearFuzzifier'>,
                   <class 'fuzzylearn.fuzzifiers.LinearFuzzifier'>,
                   <class 'fuzzylearn.fuzzifiers.LinearFuzzifier'>],
             mask=[False, False, False],
       fill_value='?',
            dtype=object), 'param_k': masked_array(data=[GaussianKernel(0.5), GaussianKernel(0.35),
                   GaussianKernel(0.65)],
             mask=[False, False, False],
       fill_value='?',
            dtype=object), 'params': [{'c': 1, 'fuzzifier': <class 'fuzzylearn.fuzzifiers.LinearFuzzifier'>, 'k': GaussianKernel(0.5)}, {'c': 1, 'fuzzifier': <class 'fuzzylearn.fuzzifiers.LinearFuzzifier'>, 'k': GaussianKernel(0.35)}, {'c': 1, 'fuzzifier': <class 'fuzzylearn.fuzzifiers.LinearFuzzifier'>, 'k': GaussianKernel(0.65)}], 'split0_test_score': array([-0., -0., -0.]), 'split1_test_score': array([-0., -0., -0.]), 'split2_test_score': array([-0.00028076, -0.00867502, -0.00139144]), 'mean_test_score': array([-9.35862777e-05, -2.89167180e-03, -4.63812534e-04]), 'std_test_score': array([0.00013235, 0.00408944, 0.00065593]), 'rank_test_score': array([1, 3, 2], dtype=int32)}
2020-03-28 22:22:45,738 - __main__ - INFO - (24) - BEST_SCORE_: -9.358627772393907e-05
2020-03-28 22:22:45,743 - __main__ - INFO - (24) - BEST_PARAMS_: {'c': 1, 'fuzzifier': <class 'fuzzylearn.fuzzifiers.LinearFuzzifier'>, 'k': GaussianKernel(0.5)}
2020-03-28 22:22:45,745 - __main__ - INFO - (25) - Started GridSearchCV with: {'c': [1], 'k': [GaussianKernel(0.5), GaussianKernel(0.35), GaussianKernel(0.65)], 'fuzzifier': [<class 'fuzzylearn.fuzzifiers.LinearFuzzifier'>]}
2020-03-28 22:32:01,685 - __main__ - INFO - (25) - CV_RESULTS_: {'mean_fit_time': array([55.04010431, 54.83312734, 54.53244972]), 'std_fit_time': array([0.13755778, 0.18242228, 0.01184093]), 'mean_score_time': array([0.18154105, 0.18378083, 0.18097019]), 'std_score_time': array([0.00124493, 0.00471548, 0.00372074]), 'param_c': masked_array(data=[1, 1, 1],
             mask=[False, False, False],
       fill_value='?',
            dtype=object), 'param_fuzzifier': masked_array(data=[<class 'fuzzylearn.fuzzifiers.LinearFuzzifier'>,
                   <class 'fuzzylearn.fuzzifiers.LinearFuzzifier'>,
                   <class 'fuzzylearn.fuzzifiers.LinearFuzzifier'>],
             mask=[False, False, False],
       fill_value='?',
            dtype=object), 'param_k': masked_array(data=[GaussianKernel(0.5), GaussianKernel(0.35),
                   GaussianKernel(0.65)],
             mask=[False, False, False],
       fill_value='?',
            dtype=object), 'params': [{'c': 1, 'fuzzifier': <class 'fuzzylearn.fuzzifiers.LinearFuzzifier'>, 'k': GaussianKernel(0.5)}, {'c': 1, 'fuzzifier': <class 'fuzzylearn.fuzzifiers.LinearFuzzifier'>, 'k': GaussianKernel(0.35)}, {'c': 1, 'fuzzifier': <class 'fuzzylearn.fuzzifiers.LinearFuzzifier'>, 'k': GaussianKernel(0.65)}], 'split0_test_score': array([-0.025, -0.025, -0.025]), 'split1_test_score': array([-0.025, -0.025, -0.025]), 'split2_test_score': array([-0.025, -0.025, -0.025]), 'mean_test_score': array([-0.025, -0.025, -0.025]), 'std_test_score': array([3.46944695e-18, 3.46944695e-18, 3.46944695e-18]), 'rank_test_score': array([1, 1, 1], dtype=int32)}
2020-03-28 22:32:01,690 - __main__ - INFO - (25) - BEST_SCORE_: -0.025000000000000005
2020-03-28 22:32:01,693 - __main__ - INFO - (25) - BEST_PARAMS_: {'c': 1, 'fuzzifier': <class 'fuzzylearn.fuzzifiers.LinearFuzzifier'>, 'k': GaussianKernel(0.5)}
2020-03-28 22:32:01,694 - __main__ - INFO - (26) - Started GridSearchCV with: {'c': [1], 'k': [GaussianKernel(0.5), GaussianKernel(0.35), GaussianKernel(0.65)], 'fuzzifier': [<class 'fuzzylearn.fuzzifiers.LinearFuzzifier'>]}
2020-03-28 22:41:15,154 - __main__ - INFO - (26) - CV_RESULTS_: {'mean_fit_time': array([54.5983634 , 54.67655285, 54.27629487]), 'std_fit_time': array([0.31421603, 0.60371758, 0.01165531]), 'mean_score_time': array([0.18448853, 0.18546891, 0.18275158]), 'std_score_time': array([0.00158618, 0.00401231, 0.00320978]), 'param_c': masked_array(data=[1, 1, 1],
             mask=[False, False, False],
       fill_value='?',
            dtype=object), 'param_fuzzifier': masked_array(data=[<class 'fuzzylearn.fuzzifiers.LinearFuzzifier'>,
                   <class 'fuzzylearn.fuzzifiers.LinearFuzzifier'>,
                   <class 'fuzzylearn.fuzzifiers.LinearFuzzifier'>],
             mask=[False, False, False],
       fill_value='?',
            dtype=object), 'param_k': masked_array(data=[GaussianKernel(0.5), GaussianKernel(0.35),
                   GaussianKernel(0.65)],
             mask=[False, False, False],
       fill_value='?',
            dtype=object), 'params': [{'c': 1, 'fuzzifier': <class 'fuzzylearn.fuzzifiers.LinearFuzzifier'>, 'k': GaussianKernel(0.5)}, {'c': 1, 'fuzzifier': <class 'fuzzylearn.fuzzifiers.LinearFuzzifier'>, 'k': GaussianKernel(0.35)}, {'c': 1, 'fuzzifier': <class 'fuzzylearn.fuzzifiers.LinearFuzzifier'>, 'k': GaussianKernel(0.65)}], 'split0_test_score': array([-0.000000e+00, -2.667943e-05, -0.000000e+00]), 'split1_test_score': array([-0.       , -0.0002315, -0.       ]), 'split2_test_score': array([-0.01880363, -0.02418455, -0.01154949]), 'mean_test_score': array([-0.00626788, -0.00814757, -0.00384983]), 'std_test_score': array([0.00886411, 0.01134016, 0.00544448]), 'rank_test_score': array([2, 3, 1], dtype=int32)}
2020-03-28 22:41:15,162 - __main__ - INFO - (26) - BEST_SCORE_: -0.003849830769192286
2020-03-28 22:41:15,163 - __main__ - INFO - (26) - BEST_PARAMS_: {'c': 1, 'fuzzifier': <class 'fuzzylearn.fuzzifiers.LinearFuzzifier'>, 'k': GaussianKernel(0.65)}
2020-03-28 22:41:15,165 - __main__ - INFO - (27) - Started GridSearchCV with: {'c': [1], 'k': [GaussianKernel(0.5), GaussianKernel(0.35), GaussianKernel(0.65)], 'fuzzifier': [<class 'fuzzylearn.fuzzifiers.LinearFuzzifier'>]}
2020-03-28 22:50:26,803 - __main__ - INFO - (27) - CV_RESULTS_: {'mean_fit_time': array([54.26919452, 54.28261463, 54.31992006]), 'std_fit_time': array([0.07014577, 0.06145276, 0.11736028]), 'mean_score_time': array([0.18184058, 0.17992512, 0.1969746 ]), 'std_score_time': array([0.00233985, 0.00215663, 0.0102624 ]), 'param_c': masked_array(data=[1, 1, 1],
             mask=[False, False, False],
       fill_value='?',
            dtype=object), 'param_fuzzifier': masked_array(data=[<class 'fuzzylearn.fuzzifiers.LinearFuzzifier'>,
                   <class 'fuzzylearn.fuzzifiers.LinearFuzzifier'>,
                   <class 'fuzzylearn.fuzzifiers.LinearFuzzifier'>],
             mask=[False, False, False],
       fill_value='?',
            dtype=object), 'param_k': masked_array(data=[GaussianKernel(0.5), GaussianKernel(0.35),
                   GaussianKernel(0.65)],
             mask=[False, False, False],
       fill_value='?',
            dtype=object), 'params': [{'c': 1, 'fuzzifier': <class 'fuzzylearn.fuzzifiers.LinearFuzzifier'>, 'k': GaussianKernel(0.5)}, {'c': 1, 'fuzzifier': <class 'fuzzylearn.fuzzifiers.LinearFuzzifier'>, 'k': GaussianKernel(0.35)}, {'c': 1, 'fuzzifier': <class 'fuzzylearn.fuzzifiers.LinearFuzzifier'>, 'k': GaussianKernel(0.65)}], 'split0_test_score': array([-0.01123368, -0.02200986, -0.00209027]), 'split1_test_score': array([-0.01455189, -0.02216888, -0.00901237]), 'split2_test_score': array([-0., -0., -0.]), 'mean_test_score': array([-0.00859519, -0.01472625, -0.00370088]), 'std_test_score': array([0.00622686, 0.01041323, 0.00385152]), 'rank_test_score': array([2, 3, 1], dtype=int32)}
2020-03-28 22:50:26,810 - __main__ - INFO - (27) - BEST_SCORE_: -0.0037008832589597515
2020-03-28 22:50:26,819 - __main__ - INFO - (27) - BEST_PARAMS_: {'c': 1, 'fuzzifier': <class 'fuzzylearn.fuzzifiers.LinearFuzzifier'>, 'k': GaussianKernel(0.65)}
2020-03-28 22:50:26,820 - __main__ - INFO - (28) - Started GridSearchCV with: {'c': [1], 'k': [GaussianKernel(0.5), GaussianKernel(0.35), GaussianKernel(0.65)], 'fuzzifier': [<class 'fuzzylearn.fuzzifiers.LinearFuzzifier'>]}
2020-03-28 22:59:40,443 - __main__ - INFO - (28) - CV_RESULTS_: {'mean_fit_time': array([54.64577134, 54.82575719, 54.26319853]), 'std_fit_time': array([0.50145628, 0.12569917, 0.12576518]), 'mean_score_time': array([0.18083183, 0.18414768, 0.18073527]), 'std_score_time': array([0.00037481, 0.00391558, 0.00210715]), 'param_c': masked_array(data=[1, 1, 1],
             mask=[False, False, False],
       fill_value='?',
            dtype=object), 'param_fuzzifier': masked_array(data=[<class 'fuzzylearn.fuzzifiers.LinearFuzzifier'>,
                   <class 'fuzzylearn.fuzzifiers.LinearFuzzifier'>,
                   <class 'fuzzylearn.fuzzifiers.LinearFuzzifier'>],
             mask=[False, False, False],
       fill_value='?',
            dtype=object), 'param_k': masked_array(data=[GaussianKernel(0.5), GaussianKernel(0.35),
                   GaussianKernel(0.65)],
             mask=[False, False, False],
       fill_value='?',
            dtype=object), 'params': [{'c': 1, 'fuzzifier': <class 'fuzzylearn.fuzzifiers.LinearFuzzifier'>, 'k': GaussianKernel(0.5)}, {'c': 1, 'fuzzifier': <class 'fuzzylearn.fuzzifiers.LinearFuzzifier'>, 'k': GaussianKernel(0.35)}, {'c': 1, 'fuzzifier': <class 'fuzzylearn.fuzzifiers.LinearFuzzifier'>, 'k': GaussianKernel(0.65)}], 'split0_test_score': array([-0.00742299, -0.01945304, -0.        ]), 'split1_test_score': array([-0.00131223, -0.01114905, -0.        ]), 'split2_test_score': array([-0.01076907, -0.01965587, -0.00757683]), 'mean_test_score': array([-0.00650143, -0.01675265, -0.00252561]), 'std_test_score': array([0.00391535, 0.00396321, 0.00357175]), 'rank_test_score': array([2, 3, 1], dtype=int32)}
2020-03-28 22:59:40,448 - __main__ - INFO - (28) - BEST_SCORE_: -0.0025256093578713916
2020-03-28 22:59:40,453 - __main__ - INFO - (28) - BEST_PARAMS_: {'c': 1, 'fuzzifier': <class 'fuzzylearn.fuzzifiers.LinearFuzzifier'>, 'k': GaussianKernel(0.65)}
2020-03-28 22:59:40,456 - __main__ - INFO - (29) - Started GridSearchCV with: {'c': [1], 'k': [GaussianKernel(0.5), GaussianKernel(0.35), GaussianKernel(0.65)], 'fuzzifier': [<class 'fuzzylearn.fuzzifiers.LinearFuzzifier'>]}
2020-03-28 23:08:51,207 - __main__ - INFO - (29) - CV_RESULTS_: {'mean_fit_time': array([54.08818595, 54.1682895 , 54.42627859]), 'std_fit_time': array([0.09749242, 0.06230912, 0.31798718]), 'mean_score_time': array([0.18439738, 0.18303482, 0.17984676]), 'std_score_time': array([0.00254404, 0.00463315, 0.00120703]), 'param_c': masked_array(data=[1, 1, 1],
             mask=[False, False, False],
       fill_value='?',
            dtype=object), 'param_fuzzifier': masked_array(data=[<class 'fuzzylearn.fuzzifiers.LinearFuzzifier'>,
                   <class 'fuzzylearn.fuzzifiers.LinearFuzzifier'>,
                   <class 'fuzzylearn.fuzzifiers.LinearFuzzifier'>],
             mask=[False, False, False],
       fill_value='?',
            dtype=object), 'param_k': masked_array(data=[GaussianKernel(0.5), GaussianKernel(0.35),
                   GaussianKernel(0.65)],
             mask=[False, False, False],
       fill_value='?',
            dtype=object), 'params': [{'c': 1, 'fuzzifier': <class 'fuzzylearn.fuzzifiers.LinearFuzzifier'>, 'k': GaussianKernel(0.5)}, {'c': 1, 'fuzzifier': <class 'fuzzylearn.fuzzifiers.LinearFuzzifier'>, 'k': GaussianKernel(0.35)}, {'c': 1, 'fuzzifier': <class 'fuzzylearn.fuzzifiers.LinearFuzzifier'>, 'k': GaussianKernel(0.65)}], 'split0_test_score': array([-0.02489438, -0.02296732, -0.025     ]), 'split1_test_score': array([-0.        , -0.00157458, -0.        ]), 'split2_test_score': array([-0.        , -0.00593762, -0.        ]), 'mean_test_score': array([-0.00829813, -0.01015984, -0.00833333]), 'std_test_score': array([0.01173533, 0.00922976, 0.01178511]), 'rank_test_score': array([1, 3, 2], dtype=int32)}
2020-03-28 23:08:51,212 - __main__ - INFO - (29) - BEST_SCORE_: -0.008298128113755961
2020-03-28 23:08:51,220 - __main__ - INFO - (29) - BEST_PARAMS_: {'c': 1, 'fuzzifier': <class 'fuzzylearn.fuzzifiers.LinearFuzzifier'>, 'k': GaussianKernel(0.5)}
2020-03-28 23:08:51,222 - __main__ - INFO - (30) - Started GridSearchCV with: {'c': [1], 'k': [GaussianKernel(0.5), GaussianKernel(0.35), GaussianKernel(0.65)], 'fuzzifier': [<class 'fuzzylearn.fuzzifiers.LinearFuzzifier'>]}
2020-03-28 23:18:03,855 - __main__ - INFO - (30) - CV_RESULTS_: {'mean_fit_time': array([54.37862643, 54.54708576, 54.36609109]), 'std_fit_time': array([0.15835375, 0.25568081, 0.29922257]), 'mean_score_time': array([0.18548481, 0.18147866, 0.18438069]), 'std_score_time': array([0.00455603, 0.00193592, 0.00292222]), 'param_c': masked_array(data=[1, 1, 1],
             mask=[False, False, False],
       fill_value='?',
            dtype=object), 'param_fuzzifier': masked_array(data=[<class 'fuzzylearn.fuzzifiers.LinearFuzzifier'>,
                   <class 'fuzzylearn.fuzzifiers.LinearFuzzifier'>,
                   <class 'fuzzylearn.fuzzifiers.LinearFuzzifier'>],
             mask=[False, False, False],
       fill_value='?',
            dtype=object), 'param_k': masked_array(data=[GaussianKernel(0.5), GaussianKernel(0.35),
                   GaussianKernel(0.65)],
             mask=[False, False, False],
       fill_value='?',
            dtype=object), 'params': [{'c': 1, 'fuzzifier': <class 'fuzzylearn.fuzzifiers.LinearFuzzifier'>, 'k': GaussianKernel(0.5)}, {'c': 1, 'fuzzifier': <class 'fuzzylearn.fuzzifiers.LinearFuzzifier'>, 'k': GaussianKernel(0.35)}, {'c': 1, 'fuzzifier': <class 'fuzzylearn.fuzzifiers.LinearFuzzifier'>, 'k': GaussianKernel(0.65)}], 'split0_test_score': array([-0., -0., -0.]), 'split1_test_score': array([-6.57233582e-05, -4.63542090e-03, -0.00000000e+00]), 'split2_test_score': array([-5.38027589e-05, -5.93440188e-03, -2.07838607e-04]), 'mean_test_score': array([-3.98420391e-05, -3.52327426e-03, -6.92795357e-05]), 'std_test_score': array([2.85898144e-05, 2.54714664e-03, 9.79760590e-05]), 'rank_test_score': array([1, 3, 2], dtype=int32)}
2020-03-28 23:18:03,860 - __main__ - INFO - (30) - BEST_SCORE_: -3.984203906599232e-05
2020-03-28 23:18:03,869 - __main__ - INFO - (30) - BEST_PARAMS_: {'c': 1, 'fuzzifier': <class 'fuzzylearn.fuzzifiers.LinearFuzzifier'>, 'k': GaussianKernel(0.5)}
2020-03-28 23:18:03,873 - __main__ - INFO - (31) - Started GridSearchCV with: {'c': [1], 'k': [GaussianKernel(0.5), GaussianKernel(0.35), GaussianKernel(0.65)], 'fuzzifier': [<class 'fuzzylearn.fuzzifiers.LinearFuzzifier'>]}
2020-03-28 23:27:18,679 - __main__ - INFO - (31) - CV_RESULTS_: {'mean_fit_time': array([54.53902713, 54.65390865, 54.85598135]), 'std_fit_time': array([0.11545244, 0.07800621, 0.05446815]), 'mean_score_time': array([0.17997607, 0.18643355, 0.18261615]), 'std_score_time': array([0.00011116, 0.00432927, 0.00261833]), 'param_c': masked_array(data=[1, 1, 1],
             mask=[False, False, False],
       fill_value='?',
            dtype=object), 'param_fuzzifier': masked_array(data=[<class 'fuzzylearn.fuzzifiers.LinearFuzzifier'>,
                   <class 'fuzzylearn.fuzzifiers.LinearFuzzifier'>,
                   <class 'fuzzylearn.fuzzifiers.LinearFuzzifier'>],
             mask=[False, False, False],
       fill_value='?',
            dtype=object), 'param_k': masked_array(data=[GaussianKernel(0.5), GaussianKernel(0.35),
                   GaussianKernel(0.65)],
             mask=[False, False, False],
       fill_value='?',
            dtype=object), 'params': [{'c': 1, 'fuzzifier': <class 'fuzzylearn.fuzzifiers.LinearFuzzifier'>, 'k': GaussianKernel(0.5)}, {'c': 1, 'fuzzifier': <class 'fuzzylearn.fuzzifiers.LinearFuzzifier'>, 'k': GaussianKernel(0.35)}, {'c': 1, 'fuzzifier': <class 'fuzzylearn.fuzzifiers.LinearFuzzifier'>, 'k': GaussianKernel(0.65)}], 'split0_test_score': array([-0.00027514, -0.0081466 , -0.        ]), 'split1_test_score': array([-0.        , -0.01269653, -0.        ]), 'split2_test_score': array([-0.00078315, -0.01085007, -0.        ]), 'mean_test_score': array([-0.00035276, -0.0105644 ,  0.        ]), 'std_test_score': array([0.0003244 , 0.00186845, 0.        ]), 'rank_test_score': array([2, 3, 1], dtype=int32)}
2020-03-28 23:27:18,684 - __main__ - INFO - (31) - BEST_SCORE_: 0.0
2020-03-28 23:27:18,686 - __main__ - INFO - (31) - BEST_PARAMS_: {'c': 1, 'fuzzifier': <class 'fuzzylearn.fuzzifiers.LinearFuzzifier'>, 'k': GaussianKernel(0.65)}
2020-03-28 23:27:18,687 - __main__ - INFO - (32) - Started GridSearchCV with: {'c': [1], 'k': [GaussianKernel(0.5), GaussianKernel(0.35), GaussianKernel(0.65)], 'fuzzifier': [<class 'fuzzylearn.fuzzifiers.LinearFuzzifier'>]}
2020-03-28 23:36:32,725 - __main__ - INFO - (32) - CV_RESULTS_: {'mean_fit_time': array([54.51914779, 54.38538575, 54.52096009]), 'std_fit_time': array([0.11288261, 0.07989082, 0.11402111]), 'mean_score_time': array([0.18584975, 0.18187618, 0.18695339]), 'std_score_time': array([0.00504624, 0.00065137, 0.0051656 ]), 'param_c': masked_array(data=[1, 1, 1],
             mask=[False, False, False],
       fill_value='?',
            dtype=object), 'param_fuzzifier': masked_array(data=[<class 'fuzzylearn.fuzzifiers.LinearFuzzifier'>,
                   <class 'fuzzylearn.fuzzifiers.LinearFuzzifier'>,
                   <class 'fuzzylearn.fuzzifiers.LinearFuzzifier'>],
             mask=[False, False, False],
       fill_value='?',
            dtype=object), 'param_k': masked_array(data=[GaussianKernel(0.5), GaussianKernel(0.35),
                   GaussianKernel(0.65)],
             mask=[False, False, False],
       fill_value='?',
            dtype=object), 'params': [{'c': 1, 'fuzzifier': <class 'fuzzylearn.fuzzifiers.LinearFuzzifier'>, 'k': GaussianKernel(0.5)}, {'c': 1, 'fuzzifier': <class 'fuzzylearn.fuzzifiers.LinearFuzzifier'>, 'k': GaussianKernel(0.35)}, {'c': 1, 'fuzzifier': <class 'fuzzylearn.fuzzifiers.LinearFuzzifier'>, 'k': GaussianKernel(0.65)}], 'split0_test_score': array([-0.        , -0.00930695, -0.        ]), 'split1_test_score': array([-0.        , -0.00020078, -0.        ]), 'split2_test_score': array([-0.0181532 , -0.02392499, -0.01491885]), 'mean_test_score': array([-0.00605107, -0.01114424, -0.00497295]), 'std_test_score': array([0.0085575 , 0.00977211, 0.00703282]), 'rank_test_score': array([2, 3, 1], dtype=int32)}
2020-03-28 23:36:32,729 - __main__ - INFO - (32) - BEST_SCORE_: -0.004972951391047708
2020-03-28 23:36:32,731 - __main__ - INFO - (32) - BEST_PARAMS_: {'c': 1, 'fuzzifier': <class 'fuzzylearn.fuzzifiers.LinearFuzzifier'>, 'k': GaussianKernel(0.65)}
2020-03-28 23:36:32,735 - __main__ - INFO - (33) - Started GridSearchCV with: {'c': [1], 'k': [GaussianKernel(0.5), GaussianKernel(0.35), GaussianKernel(0.65)], 'fuzzifier': [<class 'fuzzylearn.fuzzifiers.LinearFuzzifier'>]}
2020-03-28 23:45:46,073 - __main__ - INFO - (33) - CV_RESULTS_: {'mean_fit_time': array([54.53242238, 54.53127925, 54.40322359]), 'std_fit_time': array([0.24581978, 0.16984859, 0.07161027]), 'mean_score_time': array([0.18693074, 0.18364135, 0.18365788]), 'std_score_time': array([0.00659189, 0.00452119, 0.00250298]), 'param_c': masked_array(data=[1, 1, 1],
             mask=[False, False, False],
       fill_value='?',
            dtype=object), 'param_fuzzifier': masked_array(data=[<class 'fuzzylearn.fuzzifiers.LinearFuzzifier'>,
                   <class 'fuzzylearn.fuzzifiers.LinearFuzzifier'>,
                   <class 'fuzzylearn.fuzzifiers.LinearFuzzifier'>],
             mask=[False, False, False],
       fill_value='?',
            dtype=object), 'param_k': masked_array(data=[GaussianKernel(0.5), GaussianKernel(0.35),
                   GaussianKernel(0.65)],
             mask=[False, False, False],
       fill_value='?',
            dtype=object), 'params': [{'c': 1, 'fuzzifier': <class 'fuzzylearn.fuzzifiers.LinearFuzzifier'>, 'k': GaussianKernel(0.5)}, {'c': 1, 'fuzzifier': <class 'fuzzylearn.fuzzifiers.LinearFuzzifier'>, 'k': GaussianKernel(0.35)}, {'c': 1, 'fuzzifier': <class 'fuzzylearn.fuzzifiers.LinearFuzzifier'>, 'k': GaussianKernel(0.65)}], 'split0_test_score': array([-0., -0., -0.]), 'split1_test_score': array([-0.        , -0.00316192, -0.        ]), 'split2_test_score': array([-0., -0., -0.]), 'mean_test_score': array([ 0.        , -0.00105397,  0.        ]), 'std_test_score': array([0.        , 0.00149054, 0.        ]), 'rank_test_score': array([1, 3, 1], dtype=int32)}
2020-03-28 23:45:46,078 - __main__ - INFO - (33) - BEST_SCORE_: 0.0
2020-03-28 23:45:46,084 - __main__ - INFO - (33) - BEST_PARAMS_: {'c': 1, 'fuzzifier': <class 'fuzzylearn.fuzzifiers.LinearFuzzifier'>, 'k': GaussianKernel(0.5)}
2020-03-28 23:45:46,088 - __main__ - INFO - (34) - Started GridSearchCV with: {'c': [1], 'k': [GaussianKernel(0.5), GaussianKernel(0.35), GaussianKernel(0.65)], 'fuzzifier': [<class 'fuzzylearn.fuzzifiers.LinearFuzzifier'>]}
2020-03-28 23:55:00,204 - __main__ - INFO - (34) - CV_RESULTS_: {'mean_fit_time': array([54.49630324, 54.41647188, 54.83880305]), 'std_fit_time': array([0.16207238, 0.07737026, 0.1997781 ]), 'mean_score_time': array([0.18040093, 0.18221124, 0.18503674]), 'std_score_time': array([0.00116069, 0.00220744, 0.00486182]), 'param_c': masked_array(data=[1, 1, 1],
             mask=[False, False, False],
       fill_value='?',
            dtype=object), 'param_fuzzifier': masked_array(data=[<class 'fuzzylearn.fuzzifiers.LinearFuzzifier'>,
                   <class 'fuzzylearn.fuzzifiers.LinearFuzzifier'>,
                   <class 'fuzzylearn.fuzzifiers.LinearFuzzifier'>],
             mask=[False, False, False],
       fill_value='?',
            dtype=object), 'param_k': masked_array(data=[GaussianKernel(0.5), GaussianKernel(0.35),
                   GaussianKernel(0.65)],
             mask=[False, False, False],
       fill_value='?',
            dtype=object), 'params': [{'c': 1, 'fuzzifier': <class 'fuzzylearn.fuzzifiers.LinearFuzzifier'>, 'k': GaussianKernel(0.5)}, {'c': 1, 'fuzzifier': <class 'fuzzylearn.fuzzifiers.LinearFuzzifier'>, 'k': GaussianKernel(0.35)}, {'c': 1, 'fuzzifier': <class 'fuzzylearn.fuzzifiers.LinearFuzzifier'>, 'k': GaussianKernel(0.65)}], 'split0_test_score': array([-0.01906401, -0.02394809, -0.01545872]), 'split1_test_score': array([-0.01813251, -0.02408523, -0.01082929]), 'split2_test_score': array([-9.55866819e-05, -4.22339778e-03, -1.67856282e-04]), 'mean_test_score': array([-0.0124307 , -0.0174189 , -0.00881862]), 'std_test_score': array([0.00873053, 0.0093308 , 0.00640233]), 'rank_test_score': array([2, 3, 1], dtype=int32)}
2020-03-28 23:55:00,208 - __main__ - INFO - (34) - BEST_SCORE_: -0.008818622905401764
2020-03-28 23:55:00,213 - __main__ - INFO - (34) - BEST_PARAMS_: {'c': 1, 'fuzzifier': <class 'fuzzylearn.fuzzifiers.LinearFuzzifier'>, 'k': GaussianKernel(0.65)}
2020-03-28 23:55:00,215 - __main__ - INFO - (35) - Started GridSearchCV with: {'c': [1], 'k': [GaussianKernel(0.5), GaussianKernel(0.35), GaussianKernel(0.65)], 'fuzzifier': [<class 'fuzzylearn.fuzzifiers.LinearFuzzifier'>]}
2020-03-29 00:04:13,088 - __main__ - INFO - (35) - CV_RESULTS_: {'mean_fit_time': array([54.50247359, 54.54442533, 54.27646494]), 'std_fit_time': array([0.20947647, 0.18857241, 0.12757364]), 'mean_score_time': array([0.18289622, 0.17894268, 0.18243837]), 'std_score_time': array([0.00270326, 0.0027797 , 0.004841  ]), 'param_c': masked_array(data=[1, 1, 1],
             mask=[False, False, False],
       fill_value='?',
            dtype=object), 'param_fuzzifier': masked_array(data=[<class 'fuzzylearn.fuzzifiers.LinearFuzzifier'>,
                   <class 'fuzzylearn.fuzzifiers.LinearFuzzifier'>,
                   <class 'fuzzylearn.fuzzifiers.LinearFuzzifier'>],
             mask=[False, False, False],
       fill_value='?',
            dtype=object), 'param_k': masked_array(data=[GaussianKernel(0.5), GaussianKernel(0.35),
                   GaussianKernel(0.65)],
             mask=[False, False, False],
       fill_value='?',
            dtype=object), 'params': [{'c': 1, 'fuzzifier': <class 'fuzzylearn.fuzzifiers.LinearFuzzifier'>, 'k': GaussianKernel(0.5)}, {'c': 1, 'fuzzifier': <class 'fuzzylearn.fuzzifiers.LinearFuzzifier'>, 'k': GaussianKernel(0.35)}, {'c': 1, 'fuzzifier': <class 'fuzzylearn.fuzzifiers.LinearFuzzifier'>, 'k': GaussianKernel(0.65)}], 'split0_test_score': array([-0.01339365, -0.02245488, -0.00185289]), 'split1_test_score': array([-0.025, -0.025, -0.025]), 'split2_test_score': array([-0.00673366, -0.01790321, -0.00049113]), 'mean_test_score': array([-0.01504244, -0.02178603, -0.00911467]), 'std_test_score': array([0.00754779, 0.0029356 , 0.01124637]), 'rank_test_score': array([2, 3, 1], dtype=int32)}
2020-03-29 00:04:13,093 - __main__ - INFO - (35) - BEST_SCORE_: -0.00911467397321234
2020-03-29 00:04:13,096 - __main__ - INFO - (35) - BEST_PARAMS_: {'c': 1, 'fuzzifier': <class 'fuzzylearn.fuzzifiers.LinearFuzzifier'>, 'k': GaussianKernel(0.65)}
2020-03-29 00:04:13,098 - __main__ - INFO - (36) - Started GridSearchCV with: {'c': [1], 'k': [GaussianKernel(0.5), GaussianKernel(0.35), GaussianKernel(0.65)], 'fuzzifier': [<class 'fuzzylearn.fuzzifiers.LinearFuzzifier'>]}
2020-03-29 00:13:33,529 - __main__ - INFO - (36) - CV_RESULTS_: {'mean_fit_time': array([55.43432768, 55.12423491, 55.16109395]), 'std_fit_time': array([0.27035085, 0.19985827, 0.13063381]), 'mean_score_time': array([0.18433221, 0.18246881, 0.18920843]), 'std_score_time': array([9.00823375e-05, 1.56571537e-03, 3.99374440e-03]), 'param_c': masked_array(data=[1, 1, 1],
             mask=[False, False, False],
       fill_value='?',
            dtype=object), 'param_fuzzifier': masked_array(data=[<class 'fuzzylearn.fuzzifiers.LinearFuzzifier'>,
                   <class 'fuzzylearn.fuzzifiers.LinearFuzzifier'>,
                   <class 'fuzzylearn.fuzzifiers.LinearFuzzifier'>],
             mask=[False, False, False],
       fill_value='?',
            dtype=object), 'param_k': masked_array(data=[GaussianKernel(0.5), GaussianKernel(0.35),
                   GaussianKernel(0.65)],
             mask=[False, False, False],
       fill_value='?',
            dtype=object), 'params': [{'c': 1, 'fuzzifier': <class 'fuzzylearn.fuzzifiers.LinearFuzzifier'>, 'k': GaussianKernel(0.5)}, {'c': 1, 'fuzzifier': <class 'fuzzylearn.fuzzifiers.LinearFuzzifier'>, 'k': GaussianKernel(0.35)}, {'c': 1, 'fuzzifier': <class 'fuzzylearn.fuzzifiers.LinearFuzzifier'>, 'k': GaussianKernel(0.65)}], 'split0_test_score': array([-1.72546133e-03, -6.95643828e-03, -5.79317624e-05]), 'split1_test_score': array([-0.01026745, -0.01986704, -0.00910679]), 'split2_test_score': array([-0.        , -0.00493631, -0.        ]), 'mean_test_score': array([-0.00399764, -0.0105866 , -0.00305491]), 'std_test_score': array([0.00448904, 0.00661388, 0.00427939]), 'rank_test_score': array([2, 3, 1], dtype=int32)}
2020-03-29 00:13:33,534 - __main__ - INFO - (36) - BEST_SCORE_: -0.0030549068644327303
2020-03-29 00:13:33,535 - __main__ - INFO - (36) - BEST_PARAMS_: {'c': 1, 'fuzzifier': <class 'fuzzylearn.fuzzifiers.LinearFuzzifier'>, 'k': GaussianKernel(0.65)}
2020-03-29 00:13:33,536 - __main__ - INFO - (37) - Started GridSearchCV with: {'c': [1], 'k': [GaussianKernel(0.5), GaussianKernel(0.35), GaussianKernel(0.65)], 'fuzzifier': [<class 'fuzzylearn.fuzzifiers.LinearFuzzifier'>]}
2020-03-29 00:22:52,394 - __main__ - INFO - (37) - CV_RESULTS_: {'mean_fit_time': array([55.1774443 , 54.96325819, 54.98715647]), 'std_fit_time': array([0.34994619, 0.10059373, 0.16111185]), 'mean_score_time': array([0.19135038, 0.18285553, 0.18819888]), 'std_score_time': array([0.00303225, 0.0042485 , 0.00343138]), 'param_c': masked_array(data=[1, 1, 1],
             mask=[False, False, False],
       fill_value='?',
            dtype=object), 'param_fuzzifier': masked_array(data=[<class 'fuzzylearn.fuzzifiers.LinearFuzzifier'>,
                   <class 'fuzzylearn.fuzzifiers.LinearFuzzifier'>,
                   <class 'fuzzylearn.fuzzifiers.LinearFuzzifier'>],
             mask=[False, False, False],
       fill_value='?',
            dtype=object), 'param_k': masked_array(data=[GaussianKernel(0.5), GaussianKernel(0.35),
                   GaussianKernel(0.65)],
             mask=[False, False, False],
       fill_value='?',
            dtype=object), 'params': [{'c': 1, 'fuzzifier': <class 'fuzzylearn.fuzzifiers.LinearFuzzifier'>, 'k': GaussianKernel(0.5)}, {'c': 1, 'fuzzifier': <class 'fuzzylearn.fuzzifiers.LinearFuzzifier'>, 'k': GaussianKernel(0.35)}, {'c': 1, 'fuzzifier': <class 'fuzzylearn.fuzzifiers.LinearFuzzifier'>, 'k': GaussianKernel(0.65)}], 'split0_test_score': array([-0.        , -0.00106096, -0.        ]), 'split1_test_score': array([-0.        , -0.00185123, -0.        ]), 'split2_test_score': array([-0.00340461, -0.02232436, -0.        ]), 'mean_test_score': array([-0.00113487, -0.00841218,  0.        ]), 'std_test_score': array([0.00160495, 0.00984269, 0.        ]), 'rank_test_score': array([2, 3, 1], dtype=int32)}
2020-03-29 00:22:52,399 - __main__ - INFO - (37) - BEST_SCORE_: 0.0
2020-03-29 00:22:52,407 - __main__ - INFO - (37) - BEST_PARAMS_: {'c': 1, 'fuzzifier': <class 'fuzzylearn.fuzzifiers.LinearFuzzifier'>, 'k': GaussianKernel(0.65)}
2020-03-29 00:22:52,408 - __main__ - INFO - (38) - Started GridSearchCV with: {'c': [1], 'k': [GaussianKernel(0.5), GaussianKernel(0.35), GaussianKernel(0.65)], 'fuzzifier': [<class 'fuzzylearn.fuzzifiers.LinearFuzzifier'>]}
2020-03-29 00:32:12,512 - __main__ - INFO - (38) - CV_RESULTS_: {'mean_fit_time': array([55.13931759, 55.02292983, 55.30574306]), 'std_fit_time': array([0.3160984 , 0.0374495 , 0.12819485]), 'mean_score_time': array([0.18497014, 0.18548028, 0.18713013]), 'std_score_time': array([0.00237902, 0.00339456, 0.00162493]), 'param_c': masked_array(data=[1, 1, 1],
             mask=[False, False, False],
       fill_value='?',
            dtype=object), 'param_fuzzifier': masked_array(data=[<class 'fuzzylearn.fuzzifiers.LinearFuzzifier'>,
                   <class 'fuzzylearn.fuzzifiers.LinearFuzzifier'>,
                   <class 'fuzzylearn.fuzzifiers.LinearFuzzifier'>],
             mask=[False, False, False],
       fill_value='?',
            dtype=object), 'param_k': masked_array(data=[GaussianKernel(0.5), GaussianKernel(0.35),
                   GaussianKernel(0.65)],
             mask=[False, False, False],
       fill_value='?',
            dtype=object), 'params': [{'c': 1, 'fuzzifier': <class 'fuzzylearn.fuzzifiers.LinearFuzzifier'>, 'k': GaussianKernel(0.5)}, {'c': 1, 'fuzzifier': <class 'fuzzylearn.fuzzifiers.LinearFuzzifier'>, 'k': GaussianKernel(0.35)}, {'c': 1, 'fuzzifier': <class 'fuzzylearn.fuzzifiers.LinearFuzzifier'>, 'k': GaussianKernel(0.65)}], 'split0_test_score': array([-0.00139408, -0.012575  , -0.        ]), 'split1_test_score': array([-0.00297486, -0.01426344, -0.00015115]), 'split2_test_score': array([-0.00692254, -0.01613973, -0.00415824]), 'mean_test_score': array([-0.00376383, -0.01432605, -0.00143646]), 'std_test_score': array([0.00232491, 0.00145597, 0.00192558]), 'rank_test_score': array([2, 3, 1], dtype=int32)}
2020-03-29 00:32:12,517 - __main__ - INFO - (38) - BEST_SCORE_: -0.0014364615188047238
2020-03-29 00:32:12,522 - __main__ - INFO - (38) - BEST_PARAMS_: {'c': 1, 'fuzzifier': <class 'fuzzylearn.fuzzifiers.LinearFuzzifier'>, 'k': GaussianKernel(0.65)}
2020-03-29 00:32:12,525 - __main__ - INFO - (39) - Started GridSearchCV with: {'c': [1], 'k': [GaussianKernel(0.5), GaussianKernel(0.35), GaussianKernel(0.65)], 'fuzzifier': [<class 'fuzzylearn.fuzzifiers.LinearFuzzifier'>]}
2020-03-29 00:41:28,705 - __main__ - INFO - (39) - CV_RESULTS_: {'mean_fit_time': array([54.90819399, 55.12103136, 54.43289995]), 'std_fit_time': array([0.38204154, 0.32565204, 0.28442605]), 'mean_score_time': array([0.18447812, 0.18782234, 0.18871903]), 'std_score_time': array([0.00248225, 0.00674662, 0.00139555]), 'param_c': masked_array(data=[1, 1, 1],
             mask=[False, False, False],
       fill_value='?',
            dtype=object), 'param_fuzzifier': masked_array(data=[<class 'fuzzylearn.fuzzifiers.LinearFuzzifier'>,
                   <class 'fuzzylearn.fuzzifiers.LinearFuzzifier'>,
                   <class 'fuzzylearn.fuzzifiers.LinearFuzzifier'>],
             mask=[False, False, False],
       fill_value='?',
            dtype=object), 'param_k': masked_array(data=[GaussianKernel(0.5), GaussianKernel(0.35),
                   GaussianKernel(0.65)],
             mask=[False, False, False],
       fill_value='?',
            dtype=object), 'params': [{'c': 1, 'fuzzifier': <class 'fuzzylearn.fuzzifiers.LinearFuzzifier'>, 'k': GaussianKernel(0.5)}, {'c': 1, 'fuzzifier': <class 'fuzzylearn.fuzzifiers.LinearFuzzifier'>, 'k': GaussianKernel(0.35)}, {'c': 1, 'fuzzifier': <class 'fuzzylearn.fuzzifiers.LinearFuzzifier'>, 'k': GaussianKernel(0.65)}], 'split0_test_score': array([-5.45523743e-03, -1.36367861e-02, -4.18314121e-05]), 'split1_test_score': array([-0.00263208, -0.00517714, -0.00875738]), 'split2_test_score': array([-0.025     , -0.025     , -0.02636717]), 'mean_test_score': array([-0.0110291 , -0.01460464, -0.01172213]), 'std_test_score': array([0.00994592, 0.00812154, 0.01094983]), 'rank_test_score': array([1, 3, 2], dtype=int32)}
2020-03-29 00:41:28,710 - __main__ - INFO - (39) - BEST_SCORE_: -0.011029104221549959
2020-03-29 00:41:28,714 - __main__ - INFO - (39) - BEST_PARAMS_: {'c': 1, 'fuzzifier': <class 'fuzzylearn.fuzzifiers.LinearFuzzifier'>, 'k': GaussianKernel(0.5)}
