2020-03-30 20:06:06,201 - __main__ - INFO - (0) - Started GridSearchCV with: {'c': [1, 10, 1000], 'k': [GaussianKernel(0.5), GaussianKernel(0.65), GaussianKernel(0.8)], 'fuzzifier': [<class 'fuzzylearn.fuzzifiers.LinearFuzzifier'>, <class 'fuzzylearn.fuzzifiers.ExponentialFuzzifier'>]}
2020-03-30 20:16:18,483 - __main__ - INFO - (0) - BEST_SCORE_: -0.014275893481782738
2020-03-30 20:16:18,484 - __main__ - INFO - (0) - BEST_PARAMS_: {'c': 1, 'fuzzifier': <class 'fuzzylearn.fuzzifiers.LinearFuzzifier'>, 'k': GaussianKernel(0.5)}
2020-03-30 20:18:44,000 - __main__ - INFO - (1) - Started GridSearchCV with: {'c': [1, 10, 1000], 'k': [GaussianKernel(0.5), GaussianKernel(0.65), GaussianKernel(0.8)], 'fuzzifier': [<class 'fuzzylearn.fuzzifiers.LinearFuzzifier'>, <class 'fuzzylearn.fuzzifiers.ExponentialFuzzifier'>]}
2020-03-30 20:28:59,135 - __main__ - INFO - (1) - BEST_SCORE_: -0.006136183919319482
2020-03-30 20:28:59,139 - __main__ - INFO - (1) - BEST_PARAMS_: {'c': 1, 'fuzzifier': <class 'fuzzylearn.fuzzifiers.LinearFuzzifier'>, 'k': GaussianKernel(0.5)}
2020-03-30 20:28:59,142 - __main__ - INFO - (2) - Started GridSearchCV with: {'c': [1, 10, 1000], 'k': [GaussianKernel(0.5), GaussianKernel(0.65), GaussianKernel(0.8)], 'fuzzifier': [<class 'fuzzylearn.fuzzifiers.LinearFuzzifier'>, <class 'fuzzylearn.fuzzifiers.ExponentialFuzzifier'>]}
2020-03-30 20:39:08,941 - __main__ - INFO - (2) - BEST_SCORE_: -0.021362673720922307
2020-03-30 20:39:08,945 - __main__ - INFO - (2) - BEST_PARAMS_: {'c': 1, 'fuzzifier': <class 'fuzzylearn.fuzzifiers.ExponentialFuzzifier'>, 'k': GaussianKernel(0.5)}
2020-03-30 20:39:08,948 - __main__ - INFO - (3) - Started GridSearchCV with: {'c': [1, 10, 1000], 'k': [GaussianKernel(0.5), GaussianKernel(0.65), GaussianKernel(0.8)], 'fuzzifier': [<class 'fuzzylearn.fuzzifiers.LinearFuzzifier'>, <class 'fuzzylearn.fuzzifiers.ExponentialFuzzifier'>]}
2020-03-30 20:49:18,600 - __main__ - INFO - (3) - BEST_SCORE_: -0.025007599909461053
2020-03-30 20:49:18,606 - __main__ - INFO - (3) - BEST_PARAMS_: {'c': 1, 'fuzzifier': <class 'fuzzylearn.fuzzifiers.ExponentialFuzzifier'>, 'k': GaussianKernel(0.5)}
2020-03-30 20:49:18,609 - __main__ - INFO - (4) - Started GridSearchCV with: {'c': [1, 10, 1000], 'k': [GaussianKernel(0.5), GaussianKernel(0.65), GaussianKernel(0.8)], 'fuzzifier': [<class 'fuzzylearn.fuzzifiers.LinearFuzzifier'>, <class 'fuzzylearn.fuzzifiers.ExponentialFuzzifier'>]}
2020-03-30 20:59:26,281 - __main__ - INFO - (4) - BEST_SCORE_: -0.0062791401096850795
2020-03-30 20:59:26,289 - __main__ - INFO - (4) - BEST_PARAMS_: {'c': 1, 'fuzzifier': <class 'fuzzylearn.fuzzifiers.ExponentialFuzzifier'>, 'k': GaussianKernel(0.5)}
2020-03-30 20:59:26,290 - __main__ - INFO - (5) - Started GridSearchCV with: {'c': [1, 10, 1000], 'k': [GaussianKernel(0.5), GaussianKernel(0.65), GaussianKernel(0.8)], 'fuzzifier': [<class 'fuzzylearn.fuzzifiers.LinearFuzzifier'>, <class 'fuzzylearn.fuzzifiers.ExponentialFuzzifier'>]}
2020-03-30 21:09:35,040 - __main__ - INFO - (5) - BEST_SCORE_: 0.0
2020-03-30 21:09:35,047 - __main__ - INFO - (5) - BEST_PARAMS_: {'c': 1, 'fuzzifier': <class 'fuzzylearn.fuzzifiers.LinearFuzzifier'>, 'k': GaussianKernel(0.5)}
2020-03-30 21:09:35,052 - __main__ - INFO - (6) - Started GridSearchCV with: {'c': [1, 10, 1000], 'k': [GaussianKernel(0.5), GaussianKernel(0.65), GaussianKernel(0.8)], 'fuzzifier': [<class 'fuzzylearn.fuzzifiers.LinearFuzzifier'>, <class 'fuzzylearn.fuzzifiers.ExponentialFuzzifier'>]}
2020-03-30 21:19:46,894 - __main__ - INFO - (6) - BEST_SCORE_: -0.009112192934141646
2020-03-30 21:19:46,903 - __main__ - INFO - (6) - BEST_PARAMS_: {'c': 1, 'fuzzifier': <class 'fuzzylearn.fuzzifiers.LinearFuzzifier'>, 'k': GaussianKernel(0.5)}
2020-03-30 21:19:46,906 - __main__ - INFO - (7) - Started GridSearchCV with: {'c': [1, 10, 1000], 'k': [GaussianKernel(0.5), GaussianKernel(0.65), GaussianKernel(0.8)], 'fuzzifier': [<class 'fuzzylearn.fuzzifiers.LinearFuzzifier'>, <class 'fuzzylearn.fuzzifiers.ExponentialFuzzifier'>]}
2020-03-30 21:29:58,959 - __main__ - INFO - (7) - BEST_SCORE_: -0.0001445769157020367
2020-03-30 21:29:58,965 - __main__ - INFO - (7) - BEST_PARAMS_: {'c': 1, 'fuzzifier': <class 'fuzzylearn.fuzzifiers.LinearFuzzifier'>, 'k': GaussianKernel(0.8)}
2020-03-30 21:29:58,967 - __main__ - INFO - (8) - Started GridSearchCV with: {'c': [1, 10, 1000], 'k': [GaussianKernel(0.5), GaussianKernel(0.65), GaussianKernel(0.8)], 'fuzzifier': [<class 'fuzzylearn.fuzzifiers.LinearFuzzifier'>, <class 'fuzzylearn.fuzzifiers.ExponentialFuzzifier'>]}
2020-03-30 21:40:08,816 - __main__ - INFO - (8) - BEST_SCORE_: -0.011109366903382616
2020-03-30 21:40:08,821 - __main__ - INFO - (8) - BEST_PARAMS_: {'c': 1, 'fuzzifier': <class 'fuzzylearn.fuzzifiers.LinearFuzzifier'>, 'k': GaussianKernel(0.5)}
2020-03-30 21:40:08,824 - __main__ - INFO - (9) - Started GridSearchCV with: {'c': [1, 10, 1000], 'k': [GaussianKernel(0.5), GaussianKernel(0.65), GaussianKernel(0.8)], 'fuzzifier': [<class 'fuzzylearn.fuzzifiers.LinearFuzzifier'>, <class 'fuzzylearn.fuzzifiers.ExponentialFuzzifier'>]}
2020-03-30 21:50:19,278 - __main__ - INFO - (9) - BEST_SCORE_: -0.010816080316155226
2020-03-30 21:50:19,282 - __main__ - INFO - (9) - BEST_PARAMS_: {'c': 1, 'fuzzifier': <class 'fuzzylearn.fuzzifiers.LinearFuzzifier'>, 'k': GaussianKernel(0.5)}
2020-03-30 21:50:19,283 - __main__ - INFO - (10) - Started GridSearchCV with: {'c': [1, 10, 1000], 'k': [GaussianKernel(0.5), GaussianKernel(0.65), GaussianKernel(0.8)], 'fuzzifier': [<class 'fuzzylearn.fuzzifiers.LinearFuzzifier'>, <class 'fuzzylearn.fuzzifiers.ExponentialFuzzifier'>]}
2020-03-30 22:00:34,001 - __main__ - INFO - (10) - BEST_SCORE_: -0.008221954865865307
2020-03-30 22:00:34,003 - __main__ - INFO - (10) - BEST_PARAMS_: {'c': 1, 'fuzzifier': <class 'fuzzylearn.fuzzifiers.LinearFuzzifier'>, 'k': GaussianKernel(0.8)}
2020-03-30 22:00:34,004 - __main__ - INFO - (11) - Started GridSearchCV with: {'c': [1, 10, 1000], 'k': [GaussianKernel(0.5), GaussianKernel(0.65), GaussianKernel(0.8)], 'fuzzifier': [<class 'fuzzylearn.fuzzifiers.LinearFuzzifier'>, <class 'fuzzylearn.fuzzifiers.ExponentialFuzzifier'>]}
2020-03-30 22:10:47,684 - __main__ - INFO - (11) - BEST_SCORE_: -0.021356202419488265
2020-03-30 22:10:47,687 - __main__ - INFO - (11) - BEST_PARAMS_: {'c': 1, 'fuzzifier': <class 'fuzzylearn.fuzzifiers.ExponentialFuzzifier'>, 'k': GaussianKernel(0.5)}
2020-03-30 22:10:47,692 - __main__ - INFO - (12) - Started GridSearchCV with: {'c': [1, 10, 1000], 'k': [GaussianKernel(0.5), GaussianKernel(0.65), GaussianKernel(0.8)], 'fuzzifier': [<class 'fuzzylearn.fuzzifiers.LinearFuzzifier'>, <class 'fuzzylearn.fuzzifiers.ExponentialFuzzifier'>]}
2020-03-30 22:21:04,373 - __main__ - INFO - (12) - BEST_SCORE_: -0.003344081602195799
2020-03-30 22:21:04,378 - __main__ - INFO - (12) - BEST_PARAMS_: {'c': 1, 'fuzzifier': <class 'fuzzylearn.fuzzifiers.LinearFuzzifier'>, 'k': GaussianKernel(0.8)}
2020-03-30 22:21:04,380 - __main__ - INFO - (13) - Started GridSearchCV with: {'c': [1, 10, 1000], 'k': [GaussianKernel(0.5), GaussianKernel(0.65), GaussianKernel(0.8)], 'fuzzifier': [<class 'fuzzylearn.fuzzifiers.LinearFuzzifier'>, <class 'fuzzylearn.fuzzifiers.ExponentialFuzzifier'>]}
2020-03-30 22:31:18,165 - __main__ - INFO - (13) - BEST_SCORE_: -0.018404094059754714
2020-03-30 22:31:18,168 - __main__ - INFO - (13) - BEST_PARAMS_: {'c': 1, 'fuzzifier': <class 'fuzzylearn.fuzzifiers.LinearFuzzifier'>, 'k': GaussianKernel(0.8)}
2020-03-30 22:31:18,172 - __main__ - INFO - (14) - Started GridSearchCV with: {'c': [1, 10, 1000], 'k': [GaussianKernel(0.5), GaussianKernel(0.65), GaussianKernel(0.8)], 'fuzzifier': [<class 'fuzzylearn.fuzzifiers.LinearFuzzifier'>, <class 'fuzzylearn.fuzzifiers.ExponentialFuzzifier'>]}
2020-03-30 22:41:29,484 - __main__ - INFO - (14) - BEST_SCORE_: -0.017440753206014653
2020-03-30 22:41:29,491 - __main__ - INFO - (14) - BEST_PARAMS_: {'c': 1, 'fuzzifier': <class 'fuzzylearn.fuzzifiers.LinearFuzzifier'>, 'k': GaussianKernel(0.5)}
2020-03-30 22:41:29,493 - __main__ - INFO - (15) - Started GridSearchCV with: {'c': [1, 10, 1000], 'k': [GaussianKernel(0.5), GaussianKernel(0.65), GaussianKernel(0.8)], 'fuzzifier': [<class 'fuzzylearn.fuzzifiers.LinearFuzzifier'>, <class 'fuzzylearn.fuzzifiers.ExponentialFuzzifier'>]}
2020-03-30 22:51:38,617 - __main__ - INFO - (15) - BEST_SCORE_: -0.017590664256474833
2020-03-30 22:51:38,618 - __main__ - INFO - (15) - BEST_PARAMS_: {'c': 1, 'fuzzifier': <class 'fuzzylearn.fuzzifiers.LinearFuzzifier'>, 'k': GaussianKernel(0.5)}
2020-03-30 23:28:57,394 - __main__ - INFO - (16) - Started GridSearchCV with: {'c': [1, 10, 1000], 'k': [GaussianKernel(0.5), GaussianKernel(0.65), GaussianKernel(0.8)], 'fuzzifier': [<class 'fuzzylearn.fuzzifiers.LinearFuzzifier'>, <class 'fuzzylearn.fuzzifiers.ExponentialFuzzifier'>]}
2020-03-30 23:38:11,179 - __main__ - INFO - (16) - BEST_SCORE_: -0.01920011834575726
2020-03-30 23:38:11,181 - __main__ - INFO - (16) - BEST_PARAMS_: {'c': 1, 'fuzzifier': <class 'fuzzylearn.fuzzifiers.LinearFuzzifier'>, 'k': GaussianKernel(0.5)}
2020-03-30 23:38:11,182 - __main__ - INFO - (17) - Started GridSearchCV with: {'c': [1, 10, 1000], 'k': [GaussianKernel(0.5), GaussianKernel(0.65), GaussianKernel(0.8)], 'fuzzifier': [<class 'fuzzylearn.fuzzifiers.LinearFuzzifier'>, <class 'fuzzylearn.fuzzifiers.ExponentialFuzzifier'>]}
2020-03-30 23:47:20,653 - __main__ - INFO - (17) - BEST_SCORE_: -0.0157616414840635
2020-03-30 23:47:20,657 - __main__ - INFO - (17) - BEST_PARAMS_: {'c': 1, 'fuzzifier': <class 'fuzzylearn.fuzzifiers.ExponentialFuzzifier'>, 'k': GaussianKernel(0.5)}
2020-03-30 23:47:20,661 - __main__ - INFO - (18) - Started GridSearchCV with: {'c': [1, 10, 1000], 'k': [GaussianKernel(0.5), GaussianKernel(0.65), GaussianKernel(0.8)], 'fuzzifier': [<class 'fuzzylearn.fuzzifiers.LinearFuzzifier'>, <class 'fuzzylearn.fuzzifiers.ExponentialFuzzifier'>]}
2020-03-30 23:56:34,716 - __main__ - INFO - (18) - BEST_SCORE_: -0.020396623664226374
2020-03-30 23:56:34,717 - __main__ - INFO - (18) - BEST_PARAMS_: {'c': 1, 'fuzzifier': <class 'fuzzylearn.fuzzifiers.LinearFuzzifier'>, 'k': GaussianKernel(0.8)}
2020-03-30 23:56:34,722 - __main__ - INFO - (19) - Started GridSearchCV with: {'c': [1, 10, 1000], 'k': [GaussianKernel(0.5), GaussianKernel(0.65), GaussianKernel(0.8)], 'fuzzifier': [<class 'fuzzylearn.fuzzifiers.LinearFuzzifier'>, <class 'fuzzylearn.fuzzifiers.ExponentialFuzzifier'>]}
2020-03-31 00:05:46,061 - __main__ - INFO - (19) - BEST_SCORE_: -0.010505014822450682
2020-03-31 00:05:46,068 - __main__ - INFO - (19) - BEST_PARAMS_: {'c': 1, 'fuzzifier': <class 'fuzzylearn.fuzzifiers.ExponentialFuzzifier'>, 'k': GaussianKernel(0.5)}
2020-03-31 00:05:46,072 - __main__ - INFO - (20) - Started GridSearchCV with: {'c': [1, 10, 1000], 'k': [GaussianKernel(0.5), GaussianKernel(0.65), GaussianKernel(0.8)], 'fuzzifier': [<class 'fuzzylearn.fuzzifiers.LinearFuzzifier'>, <class 'fuzzylearn.fuzzifiers.ExponentialFuzzifier'>]}
2020-03-31 00:14:57,030 - __main__ - INFO - (20) - BEST_SCORE_: -0.01763411550046979
2020-03-31 00:14:57,036 - __main__ - INFO - (20) - BEST_PARAMS_: {'c': 1, 'fuzzifier': <class 'fuzzylearn.fuzzifiers.LinearFuzzifier'>, 'k': GaussianKernel(0.5)}
2020-03-31 00:14:57,037 - __main__ - INFO - (21) - Started GridSearchCV with: {'c': [1, 10, 1000], 'k': [GaussianKernel(0.5), GaussianKernel(0.65), GaussianKernel(0.8)], 'fuzzifier': [<class 'fuzzylearn.fuzzifiers.LinearFuzzifier'>, <class 'fuzzylearn.fuzzifiers.ExponentialFuzzifier'>]}
2020-03-31 00:24:07,296 - __main__ - INFO - (21) - BEST_SCORE_: -7.338663285281009e-06
2020-03-31 00:24:07,298 - __main__ - INFO - (21) - BEST_PARAMS_: {'c': 1, 'fuzzifier': <class 'fuzzylearn.fuzzifiers.LinearFuzzifier'>, 'k': GaussianKernel(0.5)}
2020-03-31 00:24:07,301 - __main__ - INFO - (22) - Started GridSearchCV with: {'c': [1, 10, 1000], 'k': [GaussianKernel(0.5), GaussianKernel(0.65), GaussianKernel(0.8)], 'fuzzifier': [<class 'fuzzylearn.fuzzifiers.LinearFuzzifier'>, <class 'fuzzylearn.fuzzifiers.ExponentialFuzzifier'>]}
2020-03-31 00:33:15,859 - __main__ - INFO - (22) - BEST_SCORE_: -0.022642229033366098
2020-03-31 00:33:15,861 - __main__ - INFO - (22) - BEST_PARAMS_: {'c': 1, 'fuzzifier': <class 'fuzzylearn.fuzzifiers.LinearFuzzifier'>, 'k': GaussianKernel(0.5)}
2020-03-31 00:33:15,862 - __main__ - INFO - (23) - Started GridSearchCV with: {'c': [1, 10, 1000], 'k': [GaussianKernel(0.5), GaussianKernel(0.65), GaussianKernel(0.8)], 'fuzzifier': [<class 'fuzzylearn.fuzzifiers.LinearFuzzifier'>, <class 'fuzzylearn.fuzzifiers.ExponentialFuzzifier'>]}
2020-03-31 00:42:22,087 - __main__ - INFO - (23) - BEST_SCORE_: -0.006861429826975192
2020-03-31 00:42:22,094 - __main__ - INFO - (23) - BEST_PARAMS_: {'c': 1, 'fuzzifier': <class 'fuzzylearn.fuzzifiers.LinearFuzzifier'>, 'k': GaussianKernel(0.5)}
2020-03-31 00:42:22,097 - __main__ - INFO - (24) - Started GridSearchCV with: {'c': [1, 10, 1000], 'k': [GaussianKernel(0.5), GaussianKernel(0.65), GaussianKernel(0.8)], 'fuzzifier': [<class 'fuzzylearn.fuzzifiers.LinearFuzzifier'>, <class 'fuzzylearn.fuzzifiers.ExponentialFuzzifier'>]}
2020-03-31 00:51:28,704 - __main__ - INFO - (24) - BEST_SCORE_: -0.01331554817930732
2020-03-31 00:51:28,707 - __main__ - INFO - (24) - BEST_PARAMS_: {'c': 1, 'fuzzifier': <class 'fuzzylearn.fuzzifiers.LinearFuzzifier'>, 'k': GaussianKernel(0.5)}
2020-03-31 00:51:28,709 - __main__ - INFO - (25) - Started GridSearchCV with: {'c': [1, 10, 1000], 'k': [GaussianKernel(0.5), GaussianKernel(0.65), GaussianKernel(0.8)], 'fuzzifier': [<class 'fuzzylearn.fuzzifiers.LinearFuzzifier'>, <class 'fuzzylearn.fuzzifiers.ExponentialFuzzifier'>]}
2020-03-31 01:00:42,982 - __main__ - INFO - (25) - BEST_SCORE_: -0.01543330062003072
2020-03-31 01:00:42,988 - __main__ - INFO - (25) - BEST_PARAMS_: {'c': 1, 'fuzzifier': <class 'fuzzylearn.fuzzifiers.ExponentialFuzzifier'>, 'k': GaussianKernel(0.5)}
2020-03-31 01:00:42,989 - __main__ - INFO - (26) - Started GridSearchCV with: {'c': [1, 10, 1000], 'k': [GaussianKernel(0.5), GaussianKernel(0.65), GaussianKernel(0.8)], 'fuzzifier': [<class 'fuzzylearn.fuzzifiers.LinearFuzzifier'>, <class 'fuzzylearn.fuzzifiers.ExponentialFuzzifier'>]}
2020-03-31 01:09:57,644 - __main__ - INFO - (26) - BEST_SCORE_: -0.013661897107862886
2020-03-31 01:09:57,650 - __main__ - INFO - (26) - BEST_PARAMS_: {'c': 1, 'fuzzifier': <class 'fuzzylearn.fuzzifiers.ExponentialFuzzifier'>, 'k': GaussianKernel(0.5)}
2020-03-31 01:09:57,654 - __main__ - INFO - (27) - Started GridSearchCV with: {'c': [1, 10, 1000], 'k': [GaussianKernel(0.5), GaussianKernel(0.65), GaussianKernel(0.8)], 'fuzzifier': [<class 'fuzzylearn.fuzzifiers.LinearFuzzifier'>, <class 'fuzzylearn.fuzzifiers.ExponentialFuzzifier'>]}
2020-03-31 01:19:05,840 - __main__ - INFO - (27) - BEST_SCORE_: -0.018810960915898362
2020-03-31 01:19:05,845 - __main__ - INFO - (27) - BEST_PARAMS_: {'c': 1, 'fuzzifier': <class 'fuzzylearn.fuzzifiers.ExponentialFuzzifier'>, 'k': GaussianKernel(0.5)}
2020-03-31 01:19:05,847 - __main__ - INFO - (28) - Started GridSearchCV with: {'c': [1, 10, 1000], 'k': [GaussianKernel(0.5), GaussianKernel(0.65), GaussianKernel(0.8)], 'fuzzifier': [<class 'fuzzylearn.fuzzifiers.LinearFuzzifier'>, <class 'fuzzylearn.fuzzifiers.ExponentialFuzzifier'>]}
2020-03-31 01:28:27,028 - __main__ - INFO - (28) - BEST_SCORE_: -0.016642153785213044
2020-03-31 01:28:27,035 - __main__ - INFO - (28) - BEST_PARAMS_: {'c': 1, 'fuzzifier': <class 'fuzzylearn.fuzzifiers.ExponentialFuzzifier'>, 'k': GaussianKernel(0.5)}
2020-03-31 01:28:27,039 - __main__ - INFO - (29) - Started GridSearchCV with: {'c': [1, 10, 1000], 'k': [GaussianKernel(0.5), GaussianKernel(0.65), GaussianKernel(0.8)], 'fuzzifier': [<class 'fuzzylearn.fuzzifiers.LinearFuzzifier'>, <class 'fuzzylearn.fuzzifiers.ExponentialFuzzifier'>]}
2020-03-31 01:37:52,274 - __main__ - INFO - (29) - BEST_SCORE_: -0.006581100711822452
2020-03-31 01:37:52,275 - __main__ - INFO - (29) - BEST_PARAMS_: {'c': 1, 'fuzzifier': <class 'fuzzylearn.fuzzifiers.LinearFuzzifier'>, 'k': GaussianKernel(0.5)}
2020-03-31 01:37:52,276 - __main__ - INFO - (30) - Started GridSearchCV with: {'c': [1, 10, 1000], 'k': [GaussianKernel(0.5), GaussianKernel(0.65), GaussianKernel(0.8)], 'fuzzifier': [<class 'fuzzylearn.fuzzifiers.LinearFuzzifier'>, <class 'fuzzylearn.fuzzifiers.ExponentialFuzzifier'>]}
2020-03-31 01:47:03,561 - __main__ - INFO - (30) - BEST_SCORE_: -0.019665435546449166
2020-03-31 01:47:03,562 - __main__ - INFO - (30) - BEST_PARAMS_: {'c': 1, 'fuzzifier': <class 'fuzzylearn.fuzzifiers.LinearFuzzifier'>, 'k': GaussianKernel(0.8)}
2020-03-31 01:47:03,563 - __main__ - INFO - (31) - Started GridSearchCV with: {'c': [1, 10, 1000], 'k': [GaussianKernel(0.5), GaussianKernel(0.65), GaussianKernel(0.8)], 'fuzzifier': [<class 'fuzzylearn.fuzzifiers.LinearFuzzifier'>, <class 'fuzzylearn.fuzzifiers.ExponentialFuzzifier'>]}
2020-03-31 01:56:17,486 - __main__ - INFO - (31) - BEST_SCORE_: -0.005544993205622362
2020-03-31 01:56:17,491 - __main__ - INFO - (31) - BEST_PARAMS_: {'c': 1, 'fuzzifier': <class 'fuzzylearn.fuzzifiers.LinearFuzzifier'>, 'k': GaussianKernel(0.5)}
2020-03-31 01:56:17,492 - __main__ - INFO - (32) - Started GridSearchCV with: {'c': [1, 10, 1000], 'k': [GaussianKernel(0.5), GaussianKernel(0.65), GaussianKernel(0.8)], 'fuzzifier': [<class 'fuzzylearn.fuzzifiers.LinearFuzzifier'>, <class 'fuzzylearn.fuzzifiers.ExponentialFuzzifier'>]}
2020-03-31 02:05:29,886 - __main__ - INFO - (32) - BEST_SCORE_: -0.008323747288599378
2020-03-31 02:05:29,893 - __main__ - INFO - (32) - BEST_PARAMS_: {'c': 1, 'fuzzifier': <class 'fuzzylearn.fuzzifiers.LinearFuzzifier'>, 'k': GaussianKernel(0.5)}
2020-03-31 02:05:29,895 - __main__ - INFO - (33) - Started GridSearchCV with: {'c': [1, 10, 1000], 'k': [GaussianKernel(0.5), GaussianKernel(0.65), GaussianKernel(0.8)], 'fuzzifier': [<class 'fuzzylearn.fuzzifiers.LinearFuzzifier'>, <class 'fuzzylearn.fuzzifiers.ExponentialFuzzifier'>]}
2020-03-31 02:14:53,637 - __main__ - INFO - (33) - BEST_SCORE_: 0.0
2020-03-31 02:14:53,640 - __main__ - INFO - (33) - BEST_PARAMS_: {'c': 1, 'fuzzifier': <class 'fuzzylearn.fuzzifiers.LinearFuzzifier'>, 'k': GaussianKernel(0.5)}
2020-03-31 02:14:53,645 - __main__ - INFO - (34) - Started GridSearchCV with: {'c': [1, 10, 1000], 'k': [GaussianKernel(0.5), GaussianKernel(0.65), GaussianKernel(0.8)], 'fuzzifier': [<class 'fuzzylearn.fuzzifiers.LinearFuzzifier'>, <class 'fuzzylearn.fuzzifiers.ExponentialFuzzifier'>]}
2020-03-31 02:24:26,123 - __main__ - INFO - (34) - BEST_SCORE_: -0.02406932711630431
2020-03-31 02:24:26,129 - __main__ - INFO - (34) - BEST_PARAMS_: {'c': 1, 'fuzzifier': <class 'fuzzylearn.fuzzifiers.LinearFuzzifier'>, 'k': GaussianKernel(0.8)}
2020-03-31 02:24:26,133 - __main__ - INFO - (35) - Started GridSearchCV with: {'c': [1, 10, 1000], 'k': [GaussianKernel(0.5), GaussianKernel(0.65), GaussianKernel(0.8)], 'fuzzifier': [<class 'fuzzylearn.fuzzifiers.LinearFuzzifier'>, <class 'fuzzylearn.fuzzifiers.ExponentialFuzzifier'>]}
2020-03-31 02:33:50,533 - __main__ - INFO - (35) - BEST_SCORE_: -0.015184995864373637
2020-03-31 02:33:50,540 - __main__ - INFO - (35) - BEST_PARAMS_: {'c': 1, 'fuzzifier': <class 'fuzzylearn.fuzzifiers.LinearFuzzifier'>, 'k': GaussianKernel(0.8)}
2020-03-31 02:33:50,541 - __main__ - INFO - (36) - Started GridSearchCV with: {'c': [1, 10, 1000], 'k': [GaussianKernel(0.5), GaussianKernel(0.65), GaussianKernel(0.8)], 'fuzzifier': [<class 'fuzzylearn.fuzzifiers.LinearFuzzifier'>, <class 'fuzzylearn.fuzzifiers.ExponentialFuzzifier'>]}
2020-03-31 02:43:01,158 - __main__ - INFO - (36) - BEST_SCORE_: -0.009699093338608127
2020-03-31 02:43:01,165 - __main__ - INFO - (36) - BEST_PARAMS_: {'c': 1, 'fuzzifier': <class 'fuzzylearn.fuzzifiers.LinearFuzzifier'>, 'k': GaussianKernel(0.5)}
2020-03-31 02:43:01,167 - __main__ - INFO - (37) - Started GridSearchCV with: {'c': [1, 10, 1000], 'k': [GaussianKernel(0.5), GaussianKernel(0.65), GaussianKernel(0.8)], 'fuzzifier': [<class 'fuzzylearn.fuzzifiers.LinearFuzzifier'>, <class 'fuzzylearn.fuzzifiers.ExponentialFuzzifier'>]}
2020-03-31 02:52:11,832 - __main__ - INFO - (37) - BEST_SCORE_: -0.016495934976654462
2020-03-31 02:52:11,834 - __main__ - INFO - (37) - BEST_PARAMS_: {'c': 1, 'fuzzifier': <class 'fuzzylearn.fuzzifiers.LinearFuzzifier'>, 'k': GaussianKernel(0.5)}
2020-03-31 02:52:11,843 - __main__ - INFO - (38) - Started GridSearchCV with: {'c': [1, 10, 1000], 'k': [GaussianKernel(0.5), GaussianKernel(0.65), GaussianKernel(0.8)], 'fuzzifier': [<class 'fuzzylearn.fuzzifiers.LinearFuzzifier'>, <class 'fuzzylearn.fuzzifiers.ExponentialFuzzifier'>]}
2020-03-31 03:01:24,881 - __main__ - INFO - (38) - BEST_SCORE_: -0.007491507593337273
2020-03-31 03:01:24,886 - __main__ - INFO - (38) - BEST_PARAMS_: {'c': 1, 'fuzzifier': <class 'fuzzylearn.fuzzifiers.ExponentialFuzzifier'>, 'k': GaussianKernel(0.5)}
2020-03-31 03:01:24,887 - __main__ - INFO - (39) - Started GridSearchCV with: {'c': [1, 10, 1000], 'k': [GaussianKernel(0.5), GaussianKernel(0.65), GaussianKernel(0.8)], 'fuzzifier': [<class 'fuzzylearn.fuzzifiers.LinearFuzzifier'>, <class 'fuzzylearn.fuzzifiers.ExponentialFuzzifier'>]}
2020-03-31 03:10:31,978 - __main__ - INFO - (39) - BEST_SCORE_: -0.023177938011911047
2020-03-31 03:10:31,981 - __main__ - INFO - (39) - BEST_PARAMS_: {'c': 1, 'fuzzifier': <class 'fuzzylearn.fuzzifiers.LinearFuzzifier'>, 'k': GaussianKernel(0.5)}
