2020-03-29 20:06:36,786 - __main__ - INFO -   pca_xd = PCA(n_components=50) data_xd = pca_xd.fit_transform(StandardScaler().fit_transform(dataset)) 
 return MinMaxScaler(feature_range=(-1, 1)).fit_transform(data_xd)
2020-03-29 20:06:41,241 - __main__ - INFO -   pca_xd = PCA(n_components=50) data_xd = pca_xd.fit_transform(StandardScaler().fit_transform(dataset)) 
 return MinMaxScaler(feature_range=(-1, 1)).fit_transform(data_xd)
2020-03-29 20:06:41,709 - __main__ - INFO - (0) - Started GridSearchCV with: {'c': [0.01, 1, 1000], 'k': [GaussianKernel(0.5), GaussianKernel(0.65), GaussianKernel(0.8)], 'fuzzifier': [<class 'fuzzylearn.fuzzifiers.LinearFuzzifier'>]}
2020-03-29 20:32:10,814 - __main__ - INFO - (0) - CV_RESULTS_: {'mean_fit_time': array([54.17395449, 54.18963695, 54.54755243, 54.08103538, 54.07623847,
       54.36559415, 54.3098255 , 54.08728814, 54.29948099]), 'std_fit_time': array([0.19892437, 0.18223775, 0.12405081, 0.03335232, 0.12380303,
       0.18134056, 0.06000028, 0.20024096, 0.12748599]), 'mean_score_time': array([0.14572152, 0.1507357 , 0.15039333, 0.14466921, 0.14448778,
       0.1485285 , 0.15461151, 0.15320261, 0.14493378]), 'std_score_time': array([0.00313735, 0.00826138, 0.00600194, 0.00114057, 0.00141497,
       0.00479116, 0.00870825, 0.00371105, 0.00132247]), 'param_c': masked_array(data=[0.01, 0.01, 0.01, 1, 1, 1, 1000, 1000, 1000],
             mask=[False, False, False, False, False, False, False, False,
                   False],
       fill_value='?',
            dtype=object), 'param_fuzzifier': masked_array(data=[<class 'fuzzylearn.fuzzifiers.LinearFuzzifier'>,
                   <class 'fuzzylearn.fuzzifiers.LinearFuzzifier'>,
                   <class 'fuzzylearn.fuzzifiers.LinearFuzzifier'>,
                   <class 'fuzzylearn.fuzzifiers.LinearFuzzifier'>,
                   <class 'fuzzylearn.fuzzifiers.LinearFuzzifier'>,
                   <class 'fuzzylearn.fuzzifiers.LinearFuzzifier'>,
                   <class 'fuzzylearn.fuzzifiers.LinearFuzzifier'>,
                   <class 'fuzzylearn.fuzzifiers.LinearFuzzifier'>,
                   <class 'fuzzylearn.fuzzifiers.LinearFuzzifier'>],
             mask=[False, False, False, False, False, False, False, False,
                   False],
       fill_value='?',
            dtype=object), 'param_k': masked_array(data=[GaussianKernel(0.5), GaussianKernel(0.65),
                   GaussianKernel(0.8), GaussianKernel(0.5),
                   GaussianKernel(0.65), GaussianKernel(0.8),
                   GaussianKernel(0.5), GaussianKernel(0.65),
                   GaussianKernel(0.8)],
             mask=[False, False, False, False, False, False, False, False,
                   False],
       fill_value='?',
            dtype=object), 'params': [{'c': 0.01, 'fuzzifier': <class 'fuzzylearn.fuzzifiers.LinearFuzzifier'>, 'k': GaussianKernel(0.5)}, {'c': 0.01, 'fuzzifier': <class 'fuzzylearn.fuzzifiers.LinearFuzzifier'>, 'k': GaussianKernel(0.65)}, {'c': 0.01, 'fuzzifier': <class 'fuzzylearn.fuzzifiers.LinearFuzzifier'>, 'k': GaussianKernel(0.8)}, {'c': 1, 'fuzzifier': <class 'fuzzylearn.fuzzifiers.LinearFuzzifier'>, 'k': GaussianKernel(0.5)}, {'c': 1, 'fuzzifier': <class 'fuzzylearn.fuzzifiers.LinearFuzzifier'>, 'k': GaussianKernel(0.65)}, {'c': 1, 'fuzzifier': <class 'fuzzylearn.fuzzifiers.LinearFuzzifier'>, 'k': GaussianKernel(0.8)}, {'c': 1000, 'fuzzifier': <class 'fuzzylearn.fuzzifiers.LinearFuzzifier'>, 'k': GaussianKernel(0.5)}, {'c': 1000, 'fuzzifier': <class 'fuzzylearn.fuzzifiers.LinearFuzzifier'>, 'k': GaussianKernel(0.65)}, {'c': 1000, 'fuzzifier': <class 'fuzzylearn.fuzzifiers.LinearFuzzifier'>, 'k': GaussianKernel(0.8)}], 'split0_test_score': array([-0.025, -0.025, -0.025, -0.025, -0.025, -0.025, -0.025, -0.025,
       -0.025]), 'split1_test_score': array([-0.025, -0.025, -0.025, -0.025, -0.025, -0.025, -0.025, -0.025,
       -0.025]), 'split2_test_score': array([-0.025, -0.025, -0.025, -0.025, -0.025, -0.025, -0.025, -0.025,
       -0.025]), 'mean_test_score': array([-0.025, -0.025, -0.025, -0.025, -0.025, -0.025, -0.025, -0.025,
       -0.025]), 'std_test_score': array([3.46944695e-18, 3.46944695e-18, 3.46944695e-18, 3.46944695e-18,
       3.46944695e-18, 3.46944695e-18, 3.46944695e-18, 3.46944695e-18,
       3.46944695e-18]), 'rank_test_score': array([1, 1, 1, 1, 1, 1, 1, 1, 1], dtype=int32)}
2020-03-29 20:32:10,827 - __main__ - INFO - (0) - BEST_SCORE_: -0.025000000000000005
2020-03-29 20:32:10,834 - __main__ - INFO - (0) - BEST_PARAMS_: {'c': 0.01, 'fuzzifier': <class 'fuzzylearn.fuzzifiers.LinearFuzzifier'>, 'k': GaussianKernel(0.5)}
2020-03-29 20:32:10,836 - __main__ - INFO - (1) - Started GridSearchCV with: {'c': [0.01, 1, 1000], 'k': [GaussianKernel(0.5), GaussianKernel(0.65), GaussianKernel(0.8)], 'fuzzifier': [<class 'fuzzylearn.fuzzifiers.LinearFuzzifier'>]}
2020-03-29 20:42:53,077 - __main__ - INFO -   pca_xd = PCA(n_components=50) data_xd = pca_xd.fit_transform(StandardScaler().fit_transform(dataset)) 
 return MinMaxScaler(feature_range=(-1, 1)).fit_transform(data_xd)
2020-03-29 20:42:53,586 - __main__ - INFO - (1) - Started GridSearchCV with: {'c': [1], 'k': [GaussianKernel(0.5), GaussianKernel(0.65), GaussianKernel(0.8)], 'fuzzifier': [<class 'fuzzylearn.fuzzifiers.LinearFuzzifier'>]}
2020-03-29 20:52:01,072 - __main__ - INFO - (1) - CV_RESULTS_: {'mean_fit_time': array([54.10536949, 53.73696383, 53.52649895]), 'std_fit_time': array([0.19564774, 0.11297194, 0.28124789]), 'mean_score_time': array([0.14719987, 0.15574805, 0.1610171 ]), 'std_score_time': array([0.00199074, 0.00976785, 0.01893879]), 'param_c': masked_array(data=[1, 1, 1],
             mask=[False, False, False],
       fill_value='?',
            dtype=object), 'param_fuzzifier': masked_array(data=[<class 'fuzzylearn.fuzzifiers.LinearFuzzifier'>,
                   <class 'fuzzylearn.fuzzifiers.LinearFuzzifier'>,
                   <class 'fuzzylearn.fuzzifiers.LinearFuzzifier'>],
             mask=[False, False, False],
       fill_value='?',
            dtype=object), 'param_k': masked_array(data=[GaussianKernel(0.5), GaussianKernel(0.65),
                   GaussianKernel(0.8)],
             mask=[False, False, False],
       fill_value='?',
            dtype=object), 'params': [{'c': 1, 'fuzzifier': <class 'fuzzylearn.fuzzifiers.LinearFuzzifier'>, 'k': GaussianKernel(0.5)}, {'c': 1, 'fuzzifier': <class 'fuzzylearn.fuzzifiers.LinearFuzzifier'>, 'k': GaussianKernel(0.65)}, {'c': 1, 'fuzzifier': <class 'fuzzylearn.fuzzifiers.LinearFuzzifier'>, 'k': GaussianKernel(0.8)}], 'split0_test_score': array([-0.00709566, -0.00093929, -0.        ]), 'split1_test_score': array([-0.01479086, -0.00544309, -0.0008203 ]), 'split2_test_score': array([-0.02383144, -0.01850115, -0.01056692]), 'mean_test_score': array([-0.01523932, -0.00829451, -0.00379574]), 'std_test_score': array([0.00683971, 0.00744771, 0.00479965]), 'rank_test_score': array([3, 2, 1], dtype=int32)}
2020-03-29 20:52:01,077 - __main__ - INFO - (1) - BEST_SCORE_: -0.003795741578412946
2020-03-29 20:52:01,083 - __main__ - INFO - (1) - BEST_PARAMS_: {'c': 1, 'fuzzifier': <class 'fuzzylearn.fuzzifiers.LinearFuzzifier'>, 'k': GaussianKernel(0.8)}
2020-03-29 20:52:01,084 - __main__ - INFO - (2) - Started GridSearchCV with: {'c': [1], 'k': [GaussianKernel(0.5), GaussianKernel(0.65), GaussianKernel(0.8)], 'fuzzifier': [<class 'fuzzylearn.fuzzifiers.LinearFuzzifier'>]}
2020-03-29 21:01:08,726 - __main__ - INFO - (2) - CV_RESULTS_: {'mean_fit_time': array([54.03937046, 54.18959077, 53.75382336]), 'std_fit_time': array([0.40538116, 0.39035553, 0.45037129]), 'mean_score_time': array([0.14718771, 0.15055275, 0.15190713]), 'std_score_time': array([0.00438383, 0.00384265, 0.00791012]), 'param_c': masked_array(data=[1, 1, 1],
             mask=[False, False, False],
       fill_value='?',
            dtype=object), 'param_fuzzifier': masked_array(data=[<class 'fuzzylearn.fuzzifiers.LinearFuzzifier'>,
                   <class 'fuzzylearn.fuzzifiers.LinearFuzzifier'>,
                   <class 'fuzzylearn.fuzzifiers.LinearFuzzifier'>],
             mask=[False, False, False],
       fill_value='?',
            dtype=object), 'param_k': masked_array(data=[GaussianKernel(0.5), GaussianKernel(0.65),
                   GaussianKernel(0.8)],
             mask=[False, False, False],
       fill_value='?',
            dtype=object), 'params': [{'c': 1, 'fuzzifier': <class 'fuzzylearn.fuzzifiers.LinearFuzzifier'>, 'k': GaussianKernel(0.5)}, {'c': 1, 'fuzzifier': <class 'fuzzylearn.fuzzifiers.LinearFuzzifier'>, 'k': GaussianKernel(0.65)}, {'c': 1, 'fuzzifier': <class 'fuzzylearn.fuzzifiers.LinearFuzzifier'>, 'k': GaussianKernel(0.8)}], 'split0_test_score': array([-0.02175655, -0.00264934, -0.00613348]), 'split1_test_score': array([-0.0211968 , -0.01454885, -0.0082474 ]), 'split2_test_score': array([-0.02384499, -0.01817156, -0.00931559]), 'mean_test_score': array([-0.02226612, -0.01178992, -0.00789882]), 'std_test_score': array([0.00113958, 0.00663041, 0.00132227]), 'rank_test_score': array([3, 2, 1], dtype=int32)}
2020-03-29 21:01:08,731 - __main__ - INFO - (2) - BEST_SCORE_: -0.007898822194600906
2020-03-29 21:01:08,732 - __main__ - INFO - (2) - BEST_PARAMS_: {'c': 1, 'fuzzifier': <class 'fuzzylearn.fuzzifiers.LinearFuzzifier'>, 'k': GaussianKernel(0.8)}
2020-03-29 21:01:08,734 - __main__ - INFO - (3) - Started GridSearchCV with: {'c': [1], 'k': [GaussianKernel(0.5), GaussianKernel(0.65), GaussianKernel(0.8)], 'fuzzifier': [<class 'fuzzylearn.fuzzifiers.LinearFuzzifier'>]}
2020-03-29 21:10:18,785 - __main__ - INFO - (3) - CV_RESULTS_: {'mean_fit_time': array([54.00215101, 54.40081708, 54.39278722]), 'std_fit_time': array([0.11328234, 0.19083706, 0.12934455]), 'mean_score_time': array([0.15083273, 0.15244985, 0.14815203]), 'std_score_time': array([0.01059608, 0.00863436, 0.00368492]), 'param_c': masked_array(data=[1, 1, 1],
             mask=[False, False, False],
       fill_value='?',
            dtype=object), 'param_fuzzifier': masked_array(data=[<class 'fuzzylearn.fuzzifiers.LinearFuzzifier'>,
                   <class 'fuzzylearn.fuzzifiers.LinearFuzzifier'>,
                   <class 'fuzzylearn.fuzzifiers.LinearFuzzifier'>],
             mask=[False, False, False],
       fill_value='?',
            dtype=object), 'param_k': masked_array(data=[GaussianKernel(0.5), GaussianKernel(0.65),
                   GaussianKernel(0.8)],
             mask=[False, False, False],
       fill_value='?',
            dtype=object), 'params': [{'c': 1, 'fuzzifier': <class 'fuzzylearn.fuzzifiers.LinearFuzzifier'>, 'k': GaussianKernel(0.5)}, {'c': 1, 'fuzzifier': <class 'fuzzylearn.fuzzifiers.LinearFuzzifier'>, 'k': GaussianKernel(0.65)}, {'c': 1, 'fuzzifier': <class 'fuzzylearn.fuzzifiers.LinearFuzzifier'>, 'k': GaussianKernel(0.8)}], 'split0_test_score': array([-0.00914123, -0.00322173, -0.00020891]), 'split1_test_score': array([-0.02486906, -0.02374144, -0.0231802 ]), 'split2_test_score': array([-0.025, -0.025, -0.025]), 'mean_test_score': array([-0.0196701 , -0.01732105, -0.0161297 ]), 'std_test_score': array([0.00744522, 0.00998296, 0.01128219]), 'rank_test_score': array([3, 2, 1], dtype=int32)}
2020-03-29 21:10:18,790 - __main__ - INFO - (3) - BEST_SCORE_: -0.016129702064260013
2020-03-29 21:10:18,796 - __main__ - INFO - (3) - BEST_PARAMS_: {'c': 1, 'fuzzifier': <class 'fuzzylearn.fuzzifiers.LinearFuzzifier'>, 'k': GaussianKernel(0.8)}
2020-03-29 21:10:18,798 - __main__ - INFO - (4) - Started GridSearchCV with: {'c': [1], 'k': [GaussianKernel(0.5), GaussianKernel(0.65), GaussianKernel(0.8)], 'fuzzifier': [<class 'fuzzylearn.fuzzifiers.LinearFuzzifier'>]}
2020-03-29 21:19:27,538 - __main__ - INFO - (4) - CV_RESULTS_: {'mean_fit_time': array([53.85806163, 54.18812291, 54.19522731]), 'std_fit_time': array([0.12513172, 0.38602416, 0.10042747]), 'mean_score_time': array([0.14567971, 0.14440831, 0.15520446]), 'std_score_time': array([0.00366673, 0.00320376, 0.01201884]), 'param_c': masked_array(data=[1, 1, 1],
             mask=[False, False, False],
       fill_value='?',
            dtype=object), 'param_fuzzifier': masked_array(data=[<class 'fuzzylearn.fuzzifiers.LinearFuzzifier'>,
                   <class 'fuzzylearn.fuzzifiers.LinearFuzzifier'>,
                   <class 'fuzzylearn.fuzzifiers.LinearFuzzifier'>],
             mask=[False, False, False],
       fill_value='?',
            dtype=object), 'param_k': masked_array(data=[GaussianKernel(0.5), GaussianKernel(0.65),
                   GaussianKernel(0.8)],
             mask=[False, False, False],
       fill_value='?',
            dtype=object), 'params': [{'c': 1, 'fuzzifier': <class 'fuzzylearn.fuzzifiers.LinearFuzzifier'>, 'k': GaussianKernel(0.5)}, {'c': 1, 'fuzzifier': <class 'fuzzylearn.fuzzifiers.LinearFuzzifier'>, 'k': GaussianKernel(0.65)}, {'c': 1, 'fuzzifier': <class 'fuzzylearn.fuzzifiers.LinearFuzzifier'>, 'k': GaussianKernel(0.8)}], 'split0_test_score': array([-0.02474725, -0.025     , -0.025     ]), 'split1_test_score': array([-0.025, -0.025, -0.025]), 'split2_test_score': array([-0.00891058, -0.        , -0.        ]), 'mean_test_score': array([-0.01955261, -0.01666667, -0.01666667]), 'std_test_score': array([0.00752576, 0.01178511, 0.01178511]), 'rank_test_score': array([3, 1, 1], dtype=int32)}
2020-03-29 21:19:27,543 - __main__ - INFO - (4) - BEST_SCORE_: -0.016666666666666666
2020-03-29 21:19:27,550 - __main__ - INFO - (4) - BEST_PARAMS_: {'c': 1, 'fuzzifier': <class 'fuzzylearn.fuzzifiers.LinearFuzzifier'>, 'k': GaussianKernel(0.65)}
2020-03-29 21:19:27,552 - __main__ - INFO - (5) - Started GridSearchCV with: {'c': [1], 'k': [GaussianKernel(0.5), GaussianKernel(0.65), GaussianKernel(0.8)], 'fuzzifier': [<class 'fuzzylearn.fuzzifiers.LinearFuzzifier'>]}
2020-03-29 21:28:37,936 - __main__ - INFO - (5) - CV_RESULTS_: {'mean_fit_time': array([54.45882901, 54.31398225, 54.12409655]), 'std_fit_time': array([0.31497914, 0.40099507, 0.34635966]), 'mean_score_time': array([0.14659532, 0.14452465, 0.14383435]), 'std_score_time': array([0.00463657, 0.00143723, 0.00122548]), 'param_c': masked_array(data=[1, 1, 1],
             mask=[False, False, False],
       fill_value='?',
            dtype=object), 'param_fuzzifier': masked_array(data=[<class 'fuzzylearn.fuzzifiers.LinearFuzzifier'>,
                   <class 'fuzzylearn.fuzzifiers.LinearFuzzifier'>,
                   <class 'fuzzylearn.fuzzifiers.LinearFuzzifier'>],
             mask=[False, False, False],
       fill_value='?',
            dtype=object), 'param_k': masked_array(data=[GaussianKernel(0.5), GaussianKernel(0.65),
                   GaussianKernel(0.8)],
             mask=[False, False, False],
       fill_value='?',
            dtype=object), 'params': [{'c': 1, 'fuzzifier': <class 'fuzzylearn.fuzzifiers.LinearFuzzifier'>, 'k': GaussianKernel(0.5)}, {'c': 1, 'fuzzifier': <class 'fuzzylearn.fuzzifiers.LinearFuzzifier'>, 'k': GaussianKernel(0.65)}, {'c': 1, 'fuzzifier': <class 'fuzzylearn.fuzzifiers.LinearFuzzifier'>, 'k': GaussianKernel(0.8)}], 'split0_test_score': array([-0.01801478, -0.00938623, -0.0026303 ]), 'split1_test_score': array([-6.65435633e-03, -1.32294175e-04, -6.19113716e-07]), 'split2_test_score': array([-0.01238574, -0.0007288 , -0.        ]), 'mean_test_score': array([-0.01235163, -0.00341578, -0.00087697]), 'std_test_score': array([0.00463794, 0.00422877, 0.00123979]), 'rank_test_score': array([3, 2, 1], dtype=int32)}
2020-03-29 21:28:37,940 - __main__ - INFO - (5) - BEST_SCORE_: -0.0008769745660921393
2020-03-29 21:28:37,944 - __main__ - INFO - (5) - BEST_PARAMS_: {'c': 1, 'fuzzifier': <class 'fuzzylearn.fuzzifiers.LinearFuzzifier'>, 'k': GaussianKernel(0.8)}
2020-03-29 21:28:37,947 - __main__ - INFO - (6) - Started GridSearchCV with: {'c': [1], 'k': [GaussianKernel(0.5), GaussianKernel(0.65), GaussianKernel(0.8)], 'fuzzifier': [<class 'fuzzylearn.fuzzifiers.LinearFuzzifier'>]}
2020-03-29 21:37:44,548 - __main__ - INFO - (6) - CV_RESULTS_: {'mean_fit_time': array([53.84729028, 53.78412573, 53.92716122]), 'std_fit_time': array([0.21447349, 0.2402147 , 0.15974013]), 'mean_score_time': array([0.15842374, 0.14609265, 0.14629356]), 'std_score_time': array([0.01927891, 0.00268467, 0.00499146]), 'param_c': masked_array(data=[1, 1, 1],
             mask=[False, False, False],
       fill_value='?',
            dtype=object), 'param_fuzzifier': masked_array(data=[<class 'fuzzylearn.fuzzifiers.LinearFuzzifier'>,
                   <class 'fuzzylearn.fuzzifiers.LinearFuzzifier'>,
                   <class 'fuzzylearn.fuzzifiers.LinearFuzzifier'>],
             mask=[False, False, False],
       fill_value='?',
            dtype=object), 'param_k': masked_array(data=[GaussianKernel(0.5), GaussianKernel(0.65),
                   GaussianKernel(0.8)],
             mask=[False, False, False],
       fill_value='?',
            dtype=object), 'params': [{'c': 1, 'fuzzifier': <class 'fuzzylearn.fuzzifiers.LinearFuzzifier'>, 'k': GaussianKernel(0.5)}, {'c': 1, 'fuzzifier': <class 'fuzzylearn.fuzzifiers.LinearFuzzifier'>, 'k': GaussianKernel(0.65)}, {'c': 1, 'fuzzifier': <class 'fuzzylearn.fuzzifiers.LinearFuzzifier'>, 'k': GaussianKernel(0.8)}], 'split0_test_score': array([-1.83128198e-02, -6.13912172e-03, -1.08447177e-05]), 'split1_test_score': array([-0.02362592, -0.01674463, -0.00687131]), 'split2_test_score': array([-0.02365874, -0.01686341, -0.00742612]), 'mean_test_score': array([-0.02186583, -0.01324905, -0.00476942]), 'std_test_score': array([0.00251239, 0.00502772, 0.00337244]), 'rank_test_score': array([3, 2, 1], dtype=int32)}
2020-03-29 21:37:44,553 - __main__ - INFO - (6) - BEST_SCORE_: -0.004769422555603074
2020-03-29 21:37:44,561 - __main__ - INFO - (6) - BEST_PARAMS_: {'c': 1, 'fuzzifier': <class 'fuzzylearn.fuzzifiers.LinearFuzzifier'>, 'k': GaussianKernel(0.8)}
2020-03-29 21:37:44,568 - __main__ - INFO - (7) - Started GridSearchCV with: {'c': [1], 'k': [GaussianKernel(0.5), GaussianKernel(0.65), GaussianKernel(0.8)], 'fuzzifier': [<class 'fuzzylearn.fuzzifiers.LinearFuzzifier'>]}
2020-03-29 21:46:54,732 - __main__ - INFO - (7) - CV_RESULTS_: {'mean_fit_time': array([54.34280356, 54.32592901, 54.14215247]), 'std_fit_time': array([0.06079274, 0.37023659, 0.14047355]), 'mean_score_time': array([0.15079816, 0.15551782, 0.15185674]), 'std_score_time': array([0.00861161, 0.00867979, 0.00741374]), 'param_c': masked_array(data=[1, 1, 1],
             mask=[False, False, False],
       fill_value='?',
            dtype=object), 'param_fuzzifier': masked_array(data=[<class 'fuzzylearn.fuzzifiers.LinearFuzzifier'>,
                   <class 'fuzzylearn.fuzzifiers.LinearFuzzifier'>,
                   <class 'fuzzylearn.fuzzifiers.LinearFuzzifier'>],
             mask=[False, False, False],
       fill_value='?',
            dtype=object), 'param_k': masked_array(data=[GaussianKernel(0.5), GaussianKernel(0.65),
                   GaussianKernel(0.8)],
             mask=[False, False, False],
       fill_value='?',
            dtype=object), 'params': [{'c': 1, 'fuzzifier': <class 'fuzzylearn.fuzzifiers.LinearFuzzifier'>, 'k': GaussianKernel(0.5)}, {'c': 1, 'fuzzifier': <class 'fuzzylearn.fuzzifiers.LinearFuzzifier'>, 'k': GaussianKernel(0.65)}, {'c': 1, 'fuzzifier': <class 'fuzzylearn.fuzzifiers.LinearFuzzifier'>, 'k': GaussianKernel(0.8)}], 'split0_test_score': array([-0.01352221, -0.00121708, -0.        ]), 'split1_test_score': array([-0.02371445, -0.01670024, -0.00622587]), 'split2_test_score': array([-0.01631584, -0.00844931, -0.00141187]), 'mean_test_score': array([-0.01785083, -0.00878888, -0.00254591]), 'std_test_score': array([0.0043002 , 0.00632553, 0.00266519]), 'rank_test_score': array([3, 2, 1], dtype=int32)}
2020-03-29 21:46:54,736 - __main__ - INFO - (7) - BEST_SCORE_: -0.002545914075875543
2020-03-29 21:46:54,746 - __main__ - INFO - (7) - BEST_PARAMS_: {'c': 1, 'fuzzifier': <class 'fuzzylearn.fuzzifiers.LinearFuzzifier'>, 'k': GaussianKernel(0.8)}
2020-03-29 21:46:54,747 - __main__ - INFO - (8) - Started GridSearchCV with: {'c': [1], 'k': [GaussianKernel(0.5), GaussianKernel(0.65), GaussianKernel(0.8)], 'fuzzifier': [<class 'fuzzylearn.fuzzifiers.LinearFuzzifier'>]}
2020-03-29 21:55:59,970 - __main__ - INFO - (8) - CV_RESULTS_: {'mean_fit_time': array([53.63992206, 53.67535265, 53.7660168 ]), 'std_fit_time': array([0.21758711, 0.10687128, 0.23346302]), 'mean_score_time': array([0.14988232, 0.14765827, 0.14430984]), 'std_score_time': array([0.00289853, 0.00569968, 0.00187915]), 'param_c': masked_array(data=[1, 1, 1],
             mask=[False, False, False],
       fill_value='?',
            dtype=object), 'param_fuzzifier': masked_array(data=[<class 'fuzzylearn.fuzzifiers.LinearFuzzifier'>,
                   <class 'fuzzylearn.fuzzifiers.LinearFuzzifier'>,
                   <class 'fuzzylearn.fuzzifiers.LinearFuzzifier'>],
             mask=[False, False, False],
       fill_value='?',
            dtype=object), 'param_k': masked_array(data=[GaussianKernel(0.5), GaussianKernel(0.65),
                   GaussianKernel(0.8)],
             mask=[False, False, False],
       fill_value='?',
            dtype=object), 'params': [{'c': 1, 'fuzzifier': <class 'fuzzylearn.fuzzifiers.LinearFuzzifier'>, 'k': GaussianKernel(0.5)}, {'c': 1, 'fuzzifier': <class 'fuzzylearn.fuzzifiers.LinearFuzzifier'>, 'k': GaussianKernel(0.65)}, {'c': 1, 'fuzzifier': <class 'fuzzylearn.fuzzifiers.LinearFuzzifier'>, 'k': GaussianKernel(0.8)}], 'split0_test_score': array([-0.02057152, -0.01032993, -0.00215967]), 'split1_test_score': array([-0.025, -0.025, -0.025]), 'split2_test_score': array([-0.02141782, -0.01501216, -0.00796812]), 'mean_test_score': array([-0.02232978, -0.0167807 , -0.01170926]), 'std_test_score': array([0.00191948, 0.0061182 , 0.00969252]), 'rank_test_score': array([3, 2, 1], dtype=int32)}
2020-03-29 21:55:59,975 - __main__ - INFO - (8) - BEST_SCORE_: -0.011709262018343243
2020-03-29 21:55:59,983 - __main__ - INFO - (8) - BEST_PARAMS_: {'c': 1, 'fuzzifier': <class 'fuzzylearn.fuzzifiers.LinearFuzzifier'>, 'k': GaussianKernel(0.8)}
2020-03-29 21:55:59,987 - __main__ - INFO - (9) - Started GridSearchCV with: {'c': [1], 'k': [GaussianKernel(0.5), GaussianKernel(0.65), GaussianKernel(0.8)], 'fuzzifier': [<class 'fuzzylearn.fuzzifiers.LinearFuzzifier'>]}
2020-03-29 22:05:06,041 - __main__ - INFO - (9) - CV_RESULTS_: {'mean_fit_time': array([53.87900694, 53.86177214, 53.7015655 ]), 'std_fit_time': array([0.2451165 , 0.14804084, 0.16664039]), 'mean_score_time': array([0.14459284, 0.15182765, 0.15590429]), 'std_score_time': array([0.0015481 , 0.00524125, 0.01122222]), 'param_c': masked_array(data=[1, 1, 1],
             mask=[False, False, False],
       fill_value='?',
            dtype=object), 'param_fuzzifier': masked_array(data=[<class 'fuzzylearn.fuzzifiers.LinearFuzzifier'>,
                   <class 'fuzzylearn.fuzzifiers.LinearFuzzifier'>,
                   <class 'fuzzylearn.fuzzifiers.LinearFuzzifier'>],
             mask=[False, False, False],
       fill_value='?',
            dtype=object), 'param_k': masked_array(data=[GaussianKernel(0.5), GaussianKernel(0.65),
                   GaussianKernel(0.8)],
             mask=[False, False, False],
       fill_value='?',
            dtype=object), 'params': [{'c': 1, 'fuzzifier': <class 'fuzzylearn.fuzzifiers.LinearFuzzifier'>, 'k': GaussianKernel(0.5)}, {'c': 1, 'fuzzifier': <class 'fuzzylearn.fuzzifiers.LinearFuzzifier'>, 'k': GaussianKernel(0.65)}, {'c': 1, 'fuzzifier': <class 'fuzzylearn.fuzzifiers.LinearFuzzifier'>, 'k': GaussianKernel(0.8)}], 'split0_test_score': array([-0.02420579, -0.02016147, -0.01323471]), 'split1_test_score': array([-0.02499999, -0.025     , -0.025     ]), 'split2_test_score': array([-0.02499607, -0.02473171, -0.0230831 ]), 'mean_test_score': array([-0.02473395, -0.02329773, -0.02043927]), 'std_test_score': array([0.00037347, 0.00222037, 0.00515415]), 'rank_test_score': array([3, 2, 1], dtype=int32)}
2020-03-29 22:05:06,045 - __main__ - INFO - (9) - BEST_SCORE_: -0.02043927014784502
2020-03-29 22:05:06,049 - __main__ - INFO - (9) - BEST_PARAMS_: {'c': 1, 'fuzzifier': <class 'fuzzylearn.fuzzifiers.LinearFuzzifier'>, 'k': GaussianKernel(0.8)}
2020-03-29 22:05:06,050 - __main__ - INFO - (10) - Started GridSearchCV with: {'c': [1], 'k': [GaussianKernel(0.5), GaussianKernel(0.65), GaussianKernel(0.8)], 'fuzzifier': [<class 'fuzzylearn.fuzzifiers.LinearFuzzifier'>]}
2020-03-29 22:14:12,721 - __main__ - INFO - (10) - CV_RESULTS_: {'mean_fit_time': array([53.87290049, 53.79014341, 54.00631491]), 'std_fit_time': array([0.16983085, 0.15679009, 0.0527374 ]), 'mean_score_time': array([0.14335116, 0.14543939, 0.15052501]), 'std_score_time': array([0.0018014 , 0.00361414, 0.00561954]), 'param_c': masked_array(data=[1, 1, 1],
             mask=[False, False, False],
       fill_value='?',
            dtype=object), 'param_fuzzifier': masked_array(data=[<class 'fuzzylearn.fuzzifiers.LinearFuzzifier'>,
                   <class 'fuzzylearn.fuzzifiers.LinearFuzzifier'>,
                   <class 'fuzzylearn.fuzzifiers.LinearFuzzifier'>],
             mask=[False, False, False],
       fill_value='?',
            dtype=object), 'param_k': masked_array(data=[GaussianKernel(0.5), GaussianKernel(0.65),
                   GaussianKernel(0.8)],
             mask=[False, False, False],
       fill_value='?',
            dtype=object), 'params': [{'c': 1, 'fuzzifier': <class 'fuzzylearn.fuzzifiers.LinearFuzzifier'>, 'k': GaussianKernel(0.5)}, {'c': 1, 'fuzzifier': <class 'fuzzylearn.fuzzifiers.LinearFuzzifier'>, 'k': GaussianKernel(0.65)}, {'c': 1, 'fuzzifier': <class 'fuzzylearn.fuzzifiers.LinearFuzzifier'>, 'k': GaussianKernel(0.8)}], 'split0_test_score': array([-0.02383782, -0.01840492, -0.01050462]), 'split1_test_score': array([-0.02481042, -0.02205554, -0.01442466]), 'split2_test_score': array([-0.02492183, -0.02324629, -0.01753851]), 'mean_test_score': array([-0.02452336, -0.02123558, -0.01415593]), 'std_test_score': array([0.00048687, 0.00205977, 0.00287786]), 'rank_test_score': array([3, 2, 1], dtype=int32)}
2020-03-29 22:14:12,726 - __main__ - INFO - (10) - BEST_SCORE_: -0.014155929338261493
2020-03-29 22:14:12,727 - __main__ - INFO - (10) - BEST_PARAMS_: {'c': 1, 'fuzzifier': <class 'fuzzylearn.fuzzifiers.LinearFuzzifier'>, 'k': GaussianKernel(0.8)}
2020-03-29 22:14:12,728 - __main__ - INFO - (11) - Started GridSearchCV with: {'c': [1], 'k': [GaussianKernel(0.5), GaussianKernel(0.65), GaussianKernel(0.8)], 'fuzzifier': [<class 'fuzzylearn.fuzzifiers.LinearFuzzifier'>]}
2020-03-29 22:23:20,159 - __main__ - INFO - (11) - CV_RESULTS_: {'mean_fit_time': array([53.7010963 , 53.98408842, 54.08309507]), 'std_fit_time': array([0.09914281, 0.26669145, 0.37648153]), 'mean_score_time': array([0.14389825, 0.14624302, 0.15309342]), 'std_score_time': array([0.00119191, 0.00613092, 0.00976569]), 'param_c': masked_array(data=[1, 1, 1],
             mask=[False, False, False],
       fill_value='?',
            dtype=object), 'param_fuzzifier': masked_array(data=[<class 'fuzzylearn.fuzzifiers.LinearFuzzifier'>,
                   <class 'fuzzylearn.fuzzifiers.LinearFuzzifier'>,
                   <class 'fuzzylearn.fuzzifiers.LinearFuzzifier'>],
             mask=[False, False, False],
       fill_value='?',
            dtype=object), 'param_k': masked_array(data=[GaussianKernel(0.5), GaussianKernel(0.65),
                   GaussianKernel(0.8)],
             mask=[False, False, False],
       fill_value='?',
            dtype=object), 'params': [{'c': 1, 'fuzzifier': <class 'fuzzylearn.fuzzifiers.LinearFuzzifier'>, 'k': GaussianKernel(0.5)}, {'c': 1, 'fuzzifier': <class 'fuzzylearn.fuzzifiers.LinearFuzzifier'>, 'k': GaussianKernel(0.65)}, {'c': 1, 'fuzzifier': <class 'fuzzylearn.fuzzifiers.LinearFuzzifier'>, 'k': GaussianKernel(0.8)}], 'split0_test_score': array([-0.0249967 , -0.02484324, -0.02435239]), 'split1_test_score': array([-0.02434776, -0.01995403, -0.01197166]), 'split2_test_score': array([-0.02499799, -0.02491306, -0.02452895]), 'mean_test_score': array([-0.02478081, -0.02323678, -0.02028433]), 'std_test_score': array([0.00030622, 0.00232143, 0.00587839]), 'rank_test_score': array([3, 2, 1], dtype=int32)}
2020-03-29 22:23:20,164 - __main__ - INFO - (11) - BEST_SCORE_: -0.020284332603759402
2020-03-29 22:23:20,171 - __main__ - INFO - (11) - BEST_PARAMS_: {'c': 1, 'fuzzifier': <class 'fuzzylearn.fuzzifiers.LinearFuzzifier'>, 'k': GaussianKernel(0.8)}
2020-03-29 22:23:20,178 - __main__ - INFO - (12) - Started GridSearchCV with: {'c': [1], 'k': [GaussianKernel(0.5), GaussianKernel(0.65), GaussianKernel(0.8)], 'fuzzifier': [<class 'fuzzylearn.fuzzifiers.LinearFuzzifier'>]}
2020-03-29 22:32:25,861 - __main__ - INFO - (12) - CV_RESULTS_: {'mean_fit_time': array([53.91138681, 53.6997354 , 53.85898892]), 'std_fit_time': array([0.3790863 , 0.16879882, 0.09997109]), 'mean_score_time': array([0.16690373, 0.149906  , 0.14576825]), 'std_score_time': array([0.01959281, 0.00779122, 0.00380938]), 'param_c': masked_array(data=[1, 1, 1],
             mask=[False, False, False],
       fill_value='?',
            dtype=object), 'param_fuzzifier': masked_array(data=[<class 'fuzzylearn.fuzzifiers.LinearFuzzifier'>,
                   <class 'fuzzylearn.fuzzifiers.LinearFuzzifier'>,
                   <class 'fuzzylearn.fuzzifiers.LinearFuzzifier'>],
             mask=[False, False, False],
       fill_value='?',
            dtype=object), 'param_k': masked_array(data=[GaussianKernel(0.5), GaussianKernel(0.65),
                   GaussianKernel(0.8)],
             mask=[False, False, False],
       fill_value='?',
            dtype=object), 'params': [{'c': 1, 'fuzzifier': <class 'fuzzylearn.fuzzifiers.LinearFuzzifier'>, 'k': GaussianKernel(0.5)}, {'c': 1, 'fuzzifier': <class 'fuzzylearn.fuzzifiers.LinearFuzzifier'>, 'k': GaussianKernel(0.65)}, {'c': 1, 'fuzzifier': <class 'fuzzylearn.fuzzifiers.LinearFuzzifier'>, 'k': GaussianKernel(0.8)}], 'split0_test_score': array([-0.02122685, -0.01554285, -0.01088726]), 'split1_test_score': array([-0.01002228, -0.00509494, -0.00103834]), 'split2_test_score': array([-0.025     , -0.02475854, -0.02342654]), 'mean_test_score': array([-0.01874971, -0.01513211, -0.01178404]), 'std_test_score': array([0.00636057, 0.00803288, 0.00916191]), 'rank_test_score': array([3, 2, 1], dtype=int32)}
2020-03-29 22:32:25,865 - __main__ - INFO - (12) - BEST_SCORE_: -0.011784044870174015
2020-03-29 22:32:25,872 - __main__ - INFO - (12) - BEST_PARAMS_: {'c': 1, 'fuzzifier': <class 'fuzzylearn.fuzzifiers.LinearFuzzifier'>, 'k': GaussianKernel(0.8)}
2020-03-29 22:32:25,874 - __main__ - INFO - (13) - Started GridSearchCV with: {'c': [1], 'k': [GaussianKernel(0.5), GaussianKernel(0.65), GaussianKernel(0.8)], 'fuzzifier': [<class 'fuzzylearn.fuzzifiers.LinearFuzzifier'>]}
2020-03-29 22:41:30,354 - __main__ - INFO - (13) - CV_RESULTS_: {'mean_fit_time': array([53.394255  , 53.54461853, 53.92540971]), 'std_fit_time': array([0.16443973, 0.01742298, 0.15285857]), 'mean_score_time': array([0.17821892, 0.15477935, 0.15730818]), 'std_score_time': array([0.01921077, 0.01563483, 0.00681094]), 'param_c': masked_array(data=[1, 1, 1],
             mask=[False, False, False],
       fill_value='?',
            dtype=object), 'param_fuzzifier': masked_array(data=[<class 'fuzzylearn.fuzzifiers.LinearFuzzifier'>,
                   <class 'fuzzylearn.fuzzifiers.LinearFuzzifier'>,
                   <class 'fuzzylearn.fuzzifiers.LinearFuzzifier'>],
             mask=[False, False, False],
       fill_value='?',
            dtype=object), 'param_k': masked_array(data=[GaussianKernel(0.5), GaussianKernel(0.65),
                   GaussianKernel(0.8)],
             mask=[False, False, False],
       fill_value='?',
            dtype=object), 'params': [{'c': 1, 'fuzzifier': <class 'fuzzylearn.fuzzifiers.LinearFuzzifier'>, 'k': GaussianKernel(0.5)}, {'c': 1, 'fuzzifier': <class 'fuzzylearn.fuzzifiers.LinearFuzzifier'>, 'k': GaussianKernel(0.65)}, {'c': 1, 'fuzzifier': <class 'fuzzylearn.fuzzifiers.LinearFuzzifier'>, 'k': GaussianKernel(0.8)}], 'split0_test_score': array([-0.0058098 , -0.00075797, -0.00105111]), 'split1_test_score': array([-0.025     , -0.025     , -0.02486687]), 'split2_test_score': array([-0.0230247 , -0.01770055, -0.01325389]), 'mean_test_score': array([-0.01794483, -0.01448617, -0.01305729]), 'std_test_score': array([0.00861857, 0.01015441, 0.00972374]), 'rank_test_score': array([3, 2, 1], dtype=int32)}
2020-03-29 22:41:30,359 - __main__ - INFO - (13) - BEST_SCORE_: -0.013057290200988262
2020-03-29 22:41:30,365 - __main__ - INFO - (13) - BEST_PARAMS_: {'c': 1, 'fuzzifier': <class 'fuzzylearn.fuzzifiers.LinearFuzzifier'>, 'k': GaussianKernel(0.8)}
2020-03-29 22:41:30,367 - __main__ - INFO - (14) - Started GridSearchCV with: {'c': [1], 'k': [GaussianKernel(0.5), GaussianKernel(0.65), GaussianKernel(0.8)], 'fuzzifier': [<class 'fuzzylearn.fuzzifiers.LinearFuzzifier'>]}
2020-03-29 22:50:38,085 - __main__ - INFO - (14) - CV_RESULTS_: {'mean_fit_time': array([54.28568761, 53.90724333, 53.99349483]), 'std_fit_time': array([0.06372181, 0.04921925, 0.18646084]), 'mean_score_time': array([0.14411012, 0.15101981, 0.1534973 ]), 'std_score_time': array([0.00095447, 0.00650155, 0.00515792]), 'param_c': masked_array(data=[1, 1, 1],
             mask=[False, False, False],
       fill_value='?',
            dtype=object), 'param_fuzzifier': masked_array(data=[<class 'fuzzylearn.fuzzifiers.LinearFuzzifier'>,
                   <class 'fuzzylearn.fuzzifiers.LinearFuzzifier'>,
                   <class 'fuzzylearn.fuzzifiers.LinearFuzzifier'>],
             mask=[False, False, False],
       fill_value='?',
            dtype=object), 'param_k': masked_array(data=[GaussianKernel(0.5), GaussianKernel(0.65),
                   GaussianKernel(0.8)],
             mask=[False, False, False],
       fill_value='?',
            dtype=object), 'params': [{'c': 1, 'fuzzifier': <class 'fuzzylearn.fuzzifiers.LinearFuzzifier'>, 'k': GaussianKernel(0.5)}, {'c': 1, 'fuzzifier': <class 'fuzzylearn.fuzzifiers.LinearFuzzifier'>, 'k': GaussianKernel(0.65)}, {'c': 1, 'fuzzifier': <class 'fuzzylearn.fuzzifiers.LinearFuzzifier'>, 'k': GaussianKernel(0.8)}], 'split0_test_score': array([-2.35919840e-03, -5.93919297e-07, -7.41694095e-06]), 'split1_test_score': array([-0.0121808 , -0.00169805, -0.        ]), 'split2_test_score': array([-0.01760943, -0.00710082, -0.0011339 ]), 'mean_test_score': array([-0.01071648, -0.00293316, -0.00038044]), 'std_test_score': array([0.0063114 , 0.00302736, 0.00053279]), 'rank_test_score': array([3, 2, 1], dtype=int32)}
2020-03-29 22:50:38,090 - __main__ - INFO - (14) - BEST_SCORE_: -0.0003804390581621805
2020-03-29 22:50:38,098 - __main__ - INFO - (14) - BEST_PARAMS_: {'c': 1, 'fuzzifier': <class 'fuzzylearn.fuzzifiers.LinearFuzzifier'>, 'k': GaussianKernel(0.8)}
2020-03-29 22:50:38,101 - __main__ - INFO - (15) - Started GridSearchCV with: {'c': [1], 'k': [GaussianKernel(0.5), GaussianKernel(0.65), GaussianKernel(0.8)], 'fuzzifier': [<class 'fuzzylearn.fuzzifiers.LinearFuzzifier'>]}
2020-03-29 22:59:51,497 - __main__ - INFO - (15) - CV_RESULTS_: {'mean_fit_time': array([54.26561371, 54.61872896, 54.62321122]), 'std_fit_time': array([0.15282328, 0.04618377, 0.06938939]), 'mean_score_time': array([0.14640077, 0.1549716 , 0.15061633]), 'std_score_time': array([0.00353095, 0.00226646, 0.0047784 ]), 'param_c': masked_array(data=[1, 1, 1],
             mask=[False, False, False],
       fill_value='?',
            dtype=object), 'param_fuzzifier': masked_array(data=[<class 'fuzzylearn.fuzzifiers.LinearFuzzifier'>,
                   <class 'fuzzylearn.fuzzifiers.LinearFuzzifier'>,
                   <class 'fuzzylearn.fuzzifiers.LinearFuzzifier'>],
             mask=[False, False, False],
       fill_value='?',
            dtype=object), 'param_k': masked_array(data=[GaussianKernel(0.5), GaussianKernel(0.65),
                   GaussianKernel(0.8)],
             mask=[False, False, False],
       fill_value='?',
            dtype=object), 'params': [{'c': 1, 'fuzzifier': <class 'fuzzylearn.fuzzifiers.LinearFuzzifier'>, 'k': GaussianKernel(0.5)}, {'c': 1, 'fuzzifier': <class 'fuzzylearn.fuzzifiers.LinearFuzzifier'>, 'k': GaussianKernel(0.65)}, {'c': 1, 'fuzzifier': <class 'fuzzylearn.fuzzifiers.LinearFuzzifier'>, 'k': GaussianKernel(0.8)}], 'split0_test_score': array([-0.02434789, -0.02063571, -0.01440169]), 'split1_test_score': array([-0.02398638, -0.01871115, -0.01120462]), 'split2_test_score': array([-0.025     , -0.025     , -0.02500022]), 'mean_test_score': array([-0.02444476, -0.02144896, -0.01686884]), 'std_test_score': array([0.00041944, 0.00263102, 0.00589603]), 'rank_test_score': array([3, 2, 1], dtype=int32)}
2020-03-29 22:59:51,502 - __main__ - INFO - (15) - BEST_SCORE_: -0.016868844666644397
2020-03-29 22:59:51,510 - __main__ - INFO - (15) - BEST_PARAMS_: {'c': 1, 'fuzzifier': <class 'fuzzylearn.fuzzifiers.LinearFuzzifier'>, 'k': GaussianKernel(0.8)}
2020-03-29 22:59:51,512 - __main__ - INFO - (16) - Started GridSearchCV with: {'c': [1], 'k': [GaussianKernel(0.5), GaussianKernel(0.65), GaussianKernel(0.8)], 'fuzzifier': [<class 'fuzzylearn.fuzzifiers.LinearFuzzifier'>]}
2020-03-29 23:09:04,438 - __main__ - INFO - (16) - CV_RESULTS_: {'mean_fit_time': array([54.64020967, 54.53980994, 54.40555914]), 'std_fit_time': array([0.38674772, 0.07941072, 0.21811449]), 'mean_score_time': array([0.16054773, 0.14600142, 0.15043783]), 'std_score_time': array([0.01646734, 0.00206511, 0.01156628]), 'param_c': masked_array(data=[1, 1, 1],
             mask=[False, False, False],
       fill_value='?',
            dtype=object), 'param_fuzzifier': masked_array(data=[<class 'fuzzylearn.fuzzifiers.LinearFuzzifier'>,
                   <class 'fuzzylearn.fuzzifiers.LinearFuzzifier'>,
                   <class 'fuzzylearn.fuzzifiers.LinearFuzzifier'>],
             mask=[False, False, False],
       fill_value='?',
            dtype=object), 'param_k': masked_array(data=[GaussianKernel(0.5), GaussianKernel(0.65),
                   GaussianKernel(0.8)],
             mask=[False, False, False],
       fill_value='?',
            dtype=object), 'params': [{'c': 1, 'fuzzifier': <class 'fuzzylearn.fuzzifiers.LinearFuzzifier'>, 'k': GaussianKernel(0.5)}, {'c': 1, 'fuzzifier': <class 'fuzzylearn.fuzzifiers.LinearFuzzifier'>, 'k': GaussianKernel(0.65)}, {'c': 1, 'fuzzifier': <class 'fuzzylearn.fuzzifiers.LinearFuzzifier'>, 'k': GaussianKernel(0.8)}], 'split0_test_score': array([-1.83053009e-05, -3.50504946e-04, -1.85851385e-04]), 'split1_test_score': array([-0.02094508, -0.01388812, -0.0084017 ]), 'split2_test_score': array([-0.02438528, -0.0190213 , -0.        ]), 'mean_test_score': array([-0.01511622, -0.01108664, -0.00286252]), 'std_test_score': array([0.01076783, 0.00787553, 0.00391753]), 'rank_test_score': array([3, 2, 1], dtype=int32)}
2020-03-29 23:09:04,442 - __main__ - INFO - (16) - BEST_SCORE_: -0.002862518720245675
2020-03-29 23:09:04,445 - __main__ - INFO - (16) - BEST_PARAMS_: {'c': 1, 'fuzzifier': <class 'fuzzylearn.fuzzifiers.LinearFuzzifier'>, 'k': GaussianKernel(0.8)}
2020-03-29 23:09:04,447 - __main__ - INFO - (17) - Started GridSearchCV with: {'c': [1], 'k': [GaussianKernel(0.5), GaussianKernel(0.65), GaussianKernel(0.8)], 'fuzzifier': [<class 'fuzzylearn.fuzzifiers.LinearFuzzifier'>]}
2020-03-29 23:18:16,824 - __main__ - INFO - (17) - CV_RESULTS_: {'mean_fit_time': array([54.80431191, 54.52129459, 54.22158909]), 'std_fit_time': array([0.17000526, 0.18854064, 0.19684608]), 'mean_score_time': array([0.14902695, 0.15144142, 0.15008028]), 'std_score_time': array([0.00579592, 0.0075598 , 0.00954479]), 'param_c': masked_array(data=[1, 1, 1],
             mask=[False, False, False],
       fill_value='?',
            dtype=object), 'param_fuzzifier': masked_array(data=[<class 'fuzzylearn.fuzzifiers.LinearFuzzifier'>,
                   <class 'fuzzylearn.fuzzifiers.LinearFuzzifier'>,
                   <class 'fuzzylearn.fuzzifiers.LinearFuzzifier'>],
             mask=[False, False, False],
       fill_value='?',
            dtype=object), 'param_k': masked_array(data=[GaussianKernel(0.5), GaussianKernel(0.65),
                   GaussianKernel(0.8)],
             mask=[False, False, False],
       fill_value='?',
            dtype=object), 'params': [{'c': 1, 'fuzzifier': <class 'fuzzylearn.fuzzifiers.LinearFuzzifier'>, 'k': GaussianKernel(0.5)}, {'c': 1, 'fuzzifier': <class 'fuzzylearn.fuzzifiers.LinearFuzzifier'>, 'k': GaussianKernel(0.65)}, {'c': 1, 'fuzzifier': <class 'fuzzylearn.fuzzifiers.LinearFuzzifier'>, 'k': GaussianKernel(0.8)}], 'split0_test_score': array([-0.02258766, -0.01798428, -0.01369077]), 'split1_test_score': array([-0.02454859, -0.02210225, -0.01840365]), 'split2_test_score': array([-0.0194056 , -0.01167968, -0.00450921]), 'mean_test_score': array([-0.02218062, -0.0172554 , -0.01220121]), 'std_test_score': array([0.00211925, 0.0042861 , 0.00576934]), 'rank_test_score': array([3, 2, 1], dtype=int32)}
2020-03-29 23:18:16,829 - __main__ - INFO - (17) - BEST_SCORE_: -0.012201208467243064
2020-03-29 23:18:16,832 - __main__ - INFO - (17) - BEST_PARAMS_: {'c': 1, 'fuzzifier': <class 'fuzzylearn.fuzzifiers.LinearFuzzifier'>, 'k': GaussianKernel(0.8)}
2020-03-29 23:18:16,835 - __main__ - INFO - (18) - Started GridSearchCV with: {'c': [1], 'k': [GaussianKernel(0.5), GaussianKernel(0.65), GaussianKernel(0.8)], 'fuzzifier': [<class 'fuzzylearn.fuzzifiers.LinearFuzzifier'>]}
2020-03-30 00:18:39,381 - __main__ - INFO - (18) - Started GridSearchCV with: {'c': [1], 'k': [GaussianKernel(0.5), GaussianKernel(0.65), GaussianKernel(0.8)], 'fuzzifier': [<class 'fuzzylearn.fuzzifiers.LinearFuzzifier'>]}
2020-03-30 00:27:39,948 - __main__ - INFO - (18) - CV_RESULTS_: {'mean_fit_time': array([52.85852567, 53.13665811, 53.59135938]), 'std_fit_time': array([0.25330546, 0.13207123, 0.072675  ]), 'mean_score_time': array([0.14921188, 0.14840468, 0.1501797 ]), 'std_score_time': array([0.00654507, 0.00536251, 0.01073388]), 'param_c': masked_array(data=[1, 1, 1],
             mask=[False, False, False],
       fill_value='?',
            dtype=object), 'param_fuzzifier': masked_array(data=[<class 'fuzzylearn.fuzzifiers.LinearFuzzifier'>,
                   <class 'fuzzylearn.fuzzifiers.LinearFuzzifier'>,
                   <class 'fuzzylearn.fuzzifiers.LinearFuzzifier'>],
             mask=[False, False, False],
       fill_value='?',
            dtype=object), 'param_k': masked_array(data=[GaussianKernel(0.5), GaussianKernel(0.65),
                   GaussianKernel(0.8)],
             mask=[False, False, False],
       fill_value='?',
            dtype=object), 'params': [{'c': 1, 'fuzzifier': <class 'fuzzylearn.fuzzifiers.LinearFuzzifier'>, 'k': GaussianKernel(0.5)}, {'c': 1, 'fuzzifier': <class 'fuzzylearn.fuzzifiers.LinearFuzzifier'>, 'k': GaussianKernel(0.65)}, {'c': 1, 'fuzzifier': <class 'fuzzylearn.fuzzifiers.LinearFuzzifier'>, 'k': GaussianKernel(0.8)}], 'split0_test_score': array([-0.02330288, -0.01685965, -0.00712241]), 'split1_test_score': array([-0.0209861 , -0.01269715, -0.00406856]), 'split2_test_score': array([-0.025     , -0.02444103, -0.02168275]), 'mean_test_score': array([-0.02309633, -0.01799928, -0.0109579 ]), 'std_test_score': array([0.00164516, 0.00486167, 0.0076854 ]), 'rank_test_score': array([3, 2, 1], dtype=int32)}
2020-03-30 00:27:39,959 - __main__ - INFO - (18) - BEST_SCORE_: -0.010957904089537769
2020-03-30 00:27:39,962 - __main__ - INFO - (18) - BEST_PARAMS_: {'c': 1, 'fuzzifier': <class 'fuzzylearn.fuzzifiers.LinearFuzzifier'>, 'k': GaussianKernel(0.8)}
2020-03-30 00:27:39,964 - __main__ - INFO - (19) - Started GridSearchCV with: {'c': [1], 'k': [GaussianKernel(0.5), GaussianKernel(0.65), GaussianKernel(0.8)], 'fuzzifier': [<class 'fuzzylearn.fuzzifiers.LinearFuzzifier'>]}
2020-03-30 00:36:38,868 - __main__ - INFO - (19) - CV_RESULTS_: {'mean_fit_time': array([53.42241637, 53.34064595, 52.73221238]), 'std_fit_time': array([0.10141649, 0.14757987, 0.05205638]), 'mean_score_time': array([0.15156881, 0.15340773, 0.15592631]), 'std_score_time': array([0.01060794, 0.01541211, 0.01597866]), 'param_c': masked_array(data=[1, 1, 1],
             mask=[False, False, False],
       fill_value='?',
            dtype=object), 'param_fuzzifier': masked_array(data=[<class 'fuzzylearn.fuzzifiers.LinearFuzzifier'>,
                   <class 'fuzzylearn.fuzzifiers.LinearFuzzifier'>,
                   <class 'fuzzylearn.fuzzifiers.LinearFuzzifier'>],
             mask=[False, False, False],
       fill_value='?',
            dtype=object), 'param_k': masked_array(data=[GaussianKernel(0.5), GaussianKernel(0.65),
                   GaussianKernel(0.8)],
             mask=[False, False, False],
       fill_value='?',
            dtype=object), 'params': [{'c': 1, 'fuzzifier': <class 'fuzzylearn.fuzzifiers.LinearFuzzifier'>, 'k': GaussianKernel(0.5)}, {'c': 1, 'fuzzifier': <class 'fuzzylearn.fuzzifiers.LinearFuzzifier'>, 'k': GaussianKernel(0.65)}, {'c': 1, 'fuzzifier': <class 'fuzzylearn.fuzzifiers.LinearFuzzifier'>, 'k': GaussianKernel(0.8)}], 'split0_test_score': array([-0.02195062, -0.01217782, -0.00601661]), 'split1_test_score': array([-0.02007992, -0.00940507, -0.00487832]), 'split2_test_score': array([-0.01222521, -0.00546766, -0.0041818 ]), 'mean_test_score': array([-0.01808525, -0.00901685, -0.00502558]), 'std_test_score': array([0.00421346, 0.00275313, 0.00075626]), 'rank_test_score': array([3, 2, 1], dtype=int32)}
2020-03-30 00:36:38,876 - __main__ - INFO - (19) - BEST_SCORE_: -0.005025576060194971
2020-03-30 00:36:38,878 - __main__ - INFO - (19) - BEST_PARAMS_: {'c': 1, 'fuzzifier': <class 'fuzzylearn.fuzzifiers.LinearFuzzifier'>, 'k': GaussianKernel(0.8)}
2020-03-30 00:36:38,881 - __main__ - INFO - (20) - Started GridSearchCV with: {'c': [1], 'k': [GaussianKernel(0.5), GaussianKernel(0.65), GaussianKernel(0.8)], 'fuzzifier': [<class 'fuzzylearn.fuzzifiers.LinearFuzzifier'>]}
2020-03-30 00:45:54,483 - __main__ - INFO - (20) - CV_RESULTS_: {'mean_fit_time': array([52.98039587, 54.41189702, 56.24520453]), 'std_fit_time': array([0.47015868, 1.22041948, 0.40511446]), 'mean_score_time': array([0.14812358, 0.17175555, 0.17476718]), 'std_score_time': array([0.00499305, 0.01594113, 0.01552478]), 'param_c': masked_array(data=[1, 1, 1],
             mask=[False, False, False],
       fill_value='?',
            dtype=object), 'param_fuzzifier': masked_array(data=[<class 'fuzzylearn.fuzzifiers.LinearFuzzifier'>,
                   <class 'fuzzylearn.fuzzifiers.LinearFuzzifier'>,
                   <class 'fuzzylearn.fuzzifiers.LinearFuzzifier'>],
             mask=[False, False, False],
       fill_value='?',
            dtype=object), 'param_k': masked_array(data=[GaussianKernel(0.5), GaussianKernel(0.65),
                   GaussianKernel(0.8)],
             mask=[False, False, False],
       fill_value='?',
            dtype=object), 'params': [{'c': 1, 'fuzzifier': <class 'fuzzylearn.fuzzifiers.LinearFuzzifier'>, 'k': GaussianKernel(0.5)}, {'c': 1, 'fuzzifier': <class 'fuzzylearn.fuzzifiers.LinearFuzzifier'>, 'k': GaussianKernel(0.65)}, {'c': 1, 'fuzzifier': <class 'fuzzylearn.fuzzifiers.LinearFuzzifier'>, 'k': GaussianKernel(0.8)}], 'split0_test_score': array([-0.02108485, -0.0143496 , -0.00687773]), 'split1_test_score': array([-0.01189585, -0.00505754, -0.00084573]), 'split2_test_score': array([-0.02307378, -0.01857247, -0.01361414]), 'mean_test_score': array([-0.01868483, -0.01265987, -0.00711253]), 'std_test_score': array([0.00486872, 0.00564534, 0.00521533]), 'rank_test_score': array([3, 2, 1], dtype=int32)}
2020-03-30 00:45:54,488 - __main__ - INFO - (20) - BEST_SCORE_: -0.007112534424579112
2020-03-30 00:45:54,493 - __main__ - INFO - (20) - BEST_PARAMS_: {'c': 1, 'fuzzifier': <class 'fuzzylearn.fuzzifiers.LinearFuzzifier'>, 'k': GaussianKernel(0.8)}
2020-03-30 00:45:54,497 - __main__ - INFO - (21) - Started GridSearchCV with: {'c': [1], 'k': [GaussianKernel(0.5), GaussianKernel(0.65), GaussianKernel(0.8)], 'fuzzifier': [<class 'fuzzylearn.fuzzifiers.LinearFuzzifier'>]}
2020-03-30 00:55:13,392 - __main__ - INFO - (21) - CV_RESULTS_: {'mean_fit_time': array([54.98114936, 54.56042878, 56.08898091]), 'std_fit_time': array([0.29003053, 0.51784055, 1.21496875]), 'mean_score_time': array([0.16524347, 0.14952246, 0.15909449]), 'std_score_time': array([0.01547301, 0.00864646, 0.00866856]), 'param_c': masked_array(data=[1, 1, 1],
             mask=[False, False, False],
       fill_value='?',
            dtype=object), 'param_fuzzifier': masked_array(data=[<class 'fuzzylearn.fuzzifiers.LinearFuzzifier'>,
                   <class 'fuzzylearn.fuzzifiers.LinearFuzzifier'>,
                   <class 'fuzzylearn.fuzzifiers.LinearFuzzifier'>],
             mask=[False, False, False],
       fill_value='?',
            dtype=object), 'param_k': masked_array(data=[GaussianKernel(0.5), GaussianKernel(0.65),
                   GaussianKernel(0.8)],
             mask=[False, False, False],
       fill_value='?',
            dtype=object), 'params': [{'c': 1, 'fuzzifier': <class 'fuzzylearn.fuzzifiers.LinearFuzzifier'>, 'k': GaussianKernel(0.5)}, {'c': 1, 'fuzzifier': <class 'fuzzylearn.fuzzifiers.LinearFuzzifier'>, 'k': GaussianKernel(0.65)}, {'c': 1, 'fuzzifier': <class 'fuzzylearn.fuzzifiers.LinearFuzzifier'>, 'k': GaussianKernel(0.8)}], 'split0_test_score': array([-0.01013545, -0.00165622, -0.        ]), 'split1_test_score': array([-1.85592706e-02, -6.48843017e-03, -3.77912958e-05]), 'split2_test_score': array([-0.02415359, -0.0176941 , -0.00707314]), 'mean_test_score': array([-0.0176161 , -0.00861292, -0.00237031]), 'std_test_score': array([0.00576161, 0.00671756, 0.00332544]), 'rank_test_score': array([3, 2, 1], dtype=int32)}
2020-03-30 00:55:13,397 - __main__ - INFO - (21) - BEST_SCORE_: -0.0023703097131620595
2020-03-30 00:55:13,398 - __main__ - INFO - (21) - BEST_PARAMS_: {'c': 1, 'fuzzifier': <class 'fuzzylearn.fuzzifiers.LinearFuzzifier'>, 'k': GaussianKernel(0.8)}
2020-03-30 00:55:13,399 - __main__ - INFO - (22) - Started GridSearchCV with: {'c': [1], 'k': [GaussianKernel(0.5), GaussianKernel(0.65), GaussianKernel(0.8)], 'fuzzifier': [<class 'fuzzylearn.fuzzifiers.LinearFuzzifier'>]}
2020-03-30 01:04:29,980 - __main__ - INFO - (22) - CV_RESULTS_: {'mean_fit_time': array([53.78791841, 55.54207532, 55.66364916]), 'std_fit_time': array([0.51250046, 0.8128375 , 0.81478401]), 'mean_score_time': array([0.15302753, 0.17847776, 0.16458941]), 'std_score_time': array([0.00601128, 0.02132683, 0.01365634]), 'param_c': masked_array(data=[1, 1, 1],
             mask=[False, False, False],
       fill_value='?',
            dtype=object), 'param_fuzzifier': masked_array(data=[<class 'fuzzylearn.fuzzifiers.LinearFuzzifier'>,
                   <class 'fuzzylearn.fuzzifiers.LinearFuzzifier'>,
                   <class 'fuzzylearn.fuzzifiers.LinearFuzzifier'>],
             mask=[False, False, False],
       fill_value='?',
            dtype=object), 'param_k': masked_array(data=[GaussianKernel(0.5), GaussianKernel(0.65),
                   GaussianKernel(0.8)],
             mask=[False, False, False],
       fill_value='?',
            dtype=object), 'params': [{'c': 1, 'fuzzifier': <class 'fuzzylearn.fuzzifiers.LinearFuzzifier'>, 'k': GaussianKernel(0.5)}, {'c': 1, 'fuzzifier': <class 'fuzzylearn.fuzzifiers.LinearFuzzifier'>, 'k': GaussianKernel(0.65)}, {'c': 1, 'fuzzifier': <class 'fuzzylearn.fuzzifiers.LinearFuzzifier'>, 'k': GaussianKernel(0.8)}], 'split0_test_score': array([-0.01853424, -0.01275296, -0.00812787]), 'split1_test_score': array([-0.0228094 , -0.01689571, -0.0092368 ]), 'split2_test_score': array([-0.00739644, -0.00324312, -0.00069254]), 'mean_test_score': array([-0.01624669, -0.01096393, -0.00601907]), 'std_test_score': array([0.0064969 , 0.00571541, 0.00379354]), 'rank_test_score': array([3, 2, 1], dtype=int32)}
2020-03-30 01:04:29,984 - __main__ - INFO - (22) - BEST_SCORE_: -0.006019069326656649
2020-03-30 01:04:29,990 - __main__ - INFO - (22) - BEST_PARAMS_: {'c': 1, 'fuzzifier': <class 'fuzzylearn.fuzzifiers.LinearFuzzifier'>, 'k': GaussianKernel(0.8)}
2020-03-30 01:04:29,992 - __main__ - INFO - (23) - Started GridSearchCV with: {'c': [1], 'k': [GaussianKernel(0.5), GaussianKernel(0.65), GaussianKernel(0.8)], 'fuzzifier': [<class 'fuzzylearn.fuzzifiers.LinearFuzzifier'>]}
2020-03-30 01:13:36,743 - __main__ - INFO - (23) - CV_RESULTS_: {'mean_fit_time': array([54.40342045, 53.37329523, 53.21585345]), 'std_fit_time': array([0.5741156 , 0.36569426, 0.71118995]), 'mean_score_time': array([0.1588854 , 0.1559039 , 0.14861838]), 'std_score_time': array([0.01779614, 0.0077529 , 0.00280452]), 'param_c': masked_array(data=[1, 1, 1],
             mask=[False, False, False],
       fill_value='?',
            dtype=object), 'param_fuzzifier': masked_array(data=[<class 'fuzzylearn.fuzzifiers.LinearFuzzifier'>,
                   <class 'fuzzylearn.fuzzifiers.LinearFuzzifier'>,
                   <class 'fuzzylearn.fuzzifiers.LinearFuzzifier'>],
             mask=[False, False, False],
       fill_value='?',
            dtype=object), 'param_k': masked_array(data=[GaussianKernel(0.5), GaussianKernel(0.65),
                   GaussianKernel(0.8)],
             mask=[False, False, False],
       fill_value='?',
            dtype=object), 'params': [{'c': 1, 'fuzzifier': <class 'fuzzylearn.fuzzifiers.LinearFuzzifier'>, 'k': GaussianKernel(0.5)}, {'c': 1, 'fuzzifier': <class 'fuzzylearn.fuzzifiers.LinearFuzzifier'>, 'k': GaussianKernel(0.65)}, {'c': 1, 'fuzzifier': <class 'fuzzylearn.fuzzifiers.LinearFuzzifier'>, 'k': GaussianKernel(0.8)}], 'split0_test_score': array([-0.025     , -0.02392661, -0.02048488]), 'split1_test_score': array([-0.02073385, -0.01397032, -0.00390585]), 'split2_test_score': array([-0.00612263, -0.00024538, -0.        ]), 'mean_test_score': array([-0.01728549, -0.0127141 , -0.00813025]), 'std_test_score': array([0.0080832 , 0.00970854, 0.00888038]), 'rank_test_score': array([3, 2, 1], dtype=int32)}
2020-03-30 01:13:36,748 - __main__ - INFO - (23) - BEST_SCORE_: -0.008130245654391577
2020-03-30 01:13:36,749 - __main__ - INFO - (23) - BEST_PARAMS_: {'c': 1, 'fuzzifier': <class 'fuzzylearn.fuzzifiers.LinearFuzzifier'>, 'k': GaussianKernel(0.8)}
2020-03-30 01:13:36,768 - __main__ - INFO - (24) - Started GridSearchCV with: {'c': [1], 'k': [GaussianKernel(0.5), GaussianKernel(0.65), GaussianKernel(0.8)], 'fuzzifier': [<class 'fuzzylearn.fuzzifiers.LinearFuzzifier'>]}
2020-03-30 01:23:01,273 - __main__ - INFO - (24) - CV_RESULTS_: {'mean_fit_time': array([55.83186452, 55.99682887, 55.03688844]), 'std_fit_time': array([0.67205771, 0.37567595, 0.36216557]), 'mean_score_time': array([0.17771912, 0.16140731, 0.16389799]), 'std_score_time': array([0.0047592 , 0.01703433, 0.01018728]), 'param_c': masked_array(data=[1, 1, 1],
             mask=[False, False, False],
       fill_value='?',
            dtype=object), 'param_fuzzifier': masked_array(data=[<class 'fuzzylearn.fuzzifiers.LinearFuzzifier'>,
                   <class 'fuzzylearn.fuzzifiers.LinearFuzzifier'>,
                   <class 'fuzzylearn.fuzzifiers.LinearFuzzifier'>],
             mask=[False, False, False],
       fill_value='?',
            dtype=object), 'param_k': masked_array(data=[GaussianKernel(0.5), GaussianKernel(0.65),
                   GaussianKernel(0.8)],
             mask=[False, False, False],
       fill_value='?',
            dtype=object), 'params': [{'c': 1, 'fuzzifier': <class 'fuzzylearn.fuzzifiers.LinearFuzzifier'>, 'k': GaussianKernel(0.5)}, {'c': 1, 'fuzzifier': <class 'fuzzylearn.fuzzifiers.LinearFuzzifier'>, 'k': GaussianKernel(0.65)}, {'c': 1, 'fuzzifier': <class 'fuzzylearn.fuzzifiers.LinearFuzzifier'>, 'k': GaussianKernel(0.8)}], 'split0_test_score': array([-0.01282027, -0.00154432, -0.        ]), 'split1_test_score': array([-0.01883587, -0.00692445, -0.        ]), 'split2_test_score': array([-0.01491554, -0.        , -0.        ]), 'mean_test_score': array([-0.01552389, -0.00282293,  0.        ]), 'std_test_score': array([0.00249325, 0.00296796, 0.        ]), 'rank_test_score': array([3, 2, 1], dtype=int32)}
2020-03-30 01:23:01,278 - __main__ - INFO - (24) - BEST_SCORE_: 0.0
2020-03-30 01:23:01,284 - __main__ - INFO - (24) - BEST_PARAMS_: {'c': 1, 'fuzzifier': <class 'fuzzylearn.fuzzifiers.LinearFuzzifier'>, 'k': GaussianKernel(0.8)}
2020-03-30 01:23:01,285 - __main__ - INFO - (25) - Started GridSearchCV with: {'c': [1], 'k': [GaussianKernel(0.5), GaussianKernel(0.65), GaussianKernel(0.8)], 'fuzzifier': [<class 'fuzzylearn.fuzzifiers.LinearFuzzifier'>]}
2020-03-30 01:32:17,785 - __main__ - INFO - (25) - CV_RESULTS_: {'mean_fit_time': array([56.51195741, 54.71827062, 53.89613152]), 'std_fit_time': array([0.19859815, 0.63082654, 0.20785005]), 'mean_score_time': array([0.17781417, 0.15571658, 0.14697687]), 'std_score_time': array([0.00378781, 0.00991064, 0.00297761]), 'param_c': masked_array(data=[1, 1, 1],
             mask=[False, False, False],
       fill_value='?',
            dtype=object), 'param_fuzzifier': masked_array(data=[<class 'fuzzylearn.fuzzifiers.LinearFuzzifier'>,
                   <class 'fuzzylearn.fuzzifiers.LinearFuzzifier'>,
                   <class 'fuzzylearn.fuzzifiers.LinearFuzzifier'>],
             mask=[False, False, False],
       fill_value='?',
            dtype=object), 'param_k': masked_array(data=[GaussianKernel(0.5), GaussianKernel(0.65),
                   GaussianKernel(0.8)],
             mask=[False, False, False],
       fill_value='?',
            dtype=object), 'params': [{'c': 1, 'fuzzifier': <class 'fuzzylearn.fuzzifiers.LinearFuzzifier'>, 'k': GaussianKernel(0.5)}, {'c': 1, 'fuzzifier': <class 'fuzzylearn.fuzzifiers.LinearFuzzifier'>, 'k': GaussianKernel(0.65)}, {'c': 1, 'fuzzifier': <class 'fuzzylearn.fuzzifiers.LinearFuzzifier'>, 'k': GaussianKernel(0.8)}], 'split0_test_score': array([-0.025, -0.025, -0.025]), 'split1_test_score': array([-9.44859832e-03, -2.47636268e-03, -5.77352713e-06]), 'split2_test_score': array([-0.02167241, -0.01417148, -0.00665276]), 'mean_test_score': array([-0.018707  , -0.01388262, -0.01055284]), 'std_test_score': array([0.00668614, 0.0091975 , 0.01056995]), 'rank_test_score': array([3, 2, 1], dtype=int32)}
2020-03-30 01:32:17,790 - __main__ - INFO - (25) - BEST_SCORE_: -0.010552842934116922
2020-03-30 01:32:17,791 - __main__ - INFO - (25) - BEST_PARAMS_: {'c': 1, 'fuzzifier': <class 'fuzzylearn.fuzzifiers.LinearFuzzifier'>, 'k': GaussianKernel(0.8)}
2020-03-30 01:32:17,792 - __main__ - INFO - (26) - Started GridSearchCV with: {'c': [1], 'k': [GaussianKernel(0.5), GaussianKernel(0.65), GaussianKernel(0.8)], 'fuzzifier': [<class 'fuzzylearn.fuzzifiers.LinearFuzzifier'>]}
2020-03-30 01:41:23,442 - __main__ - INFO - (26) - CV_RESULTS_: {'mean_fit_time': array([53.9183859 , 54.16493122, 53.49602405]), 'std_fit_time': array([0.37073324, 0.06076966, 0.33651226]), 'mean_score_time': array([0.14919511, 0.14869968, 0.16332873]), 'std_score_time': array([0.00200403, 0.00189516, 0.01504761]), 'param_c': masked_array(data=[1, 1, 1],
             mask=[False, False, False],
       fill_value='?',
            dtype=object), 'param_fuzzifier': masked_array(data=[<class 'fuzzylearn.fuzzifiers.LinearFuzzifier'>,
                   <class 'fuzzylearn.fuzzifiers.LinearFuzzifier'>,
                   <class 'fuzzylearn.fuzzifiers.LinearFuzzifier'>],
             mask=[False, False, False],
       fill_value='?',
            dtype=object), 'param_k': masked_array(data=[GaussianKernel(0.5), GaussianKernel(0.65),
                   GaussianKernel(0.8)],
             mask=[False, False, False],
       fill_value='?',
            dtype=object), 'params': [{'c': 1, 'fuzzifier': <class 'fuzzylearn.fuzzifiers.LinearFuzzifier'>, 'k': GaussianKernel(0.5)}, {'c': 1, 'fuzzifier': <class 'fuzzylearn.fuzzifiers.LinearFuzzifier'>, 'k': GaussianKernel(0.65)}, {'c': 1, 'fuzzifier': <class 'fuzzylearn.fuzzifiers.LinearFuzzifier'>, 'k': GaussianKernel(0.8)}], 'split0_test_score': array([-0.01287101, -0.00138427, -0.        ]), 'split1_test_score': array([-0.02405506, -0.01803525, -0.00801191]), 'split2_test_score': array([-0.01685688, -0.00947627, -0.00392331]), 'mean_test_score': array([-0.01792765, -0.00963193, -0.00397841]), 'std_test_score': array([0.00462822, 0.00679862, 0.00327108]), 'rank_test_score': array([3, 2, 1], dtype=int32)}
2020-03-30 01:41:23,447 - __main__ - INFO - (26) - BEST_SCORE_: -0.003978407744695605
2020-03-30 01:41:23,449 - __main__ - INFO - (26) - BEST_PARAMS_: {'c': 1, 'fuzzifier': <class 'fuzzylearn.fuzzifiers.LinearFuzzifier'>, 'k': GaussianKernel(0.8)}
2020-03-30 01:41:23,451 - __main__ - INFO - (27) - Started GridSearchCV with: {'c': [1], 'k': [GaussianKernel(0.5), GaussianKernel(0.65), GaussianKernel(0.8)], 'fuzzifier': [<class 'fuzzylearn.fuzzifiers.LinearFuzzifier'>]}
2020-03-30 01:50:24,962 - __main__ - INFO - (27) - CV_RESULTS_: {'mean_fit_time': array([53.15700603, 53.21496034, 53.34317366]), 'std_fit_time': array([0.40314578, 0.22556095, 0.03632136]), 'mean_score_time': array([0.16055012, 0.15173022, 0.15410264]), 'std_score_time': array([0.01415364, 0.00478589, 0.00673655]), 'param_c': masked_array(data=[1, 1, 1],
             mask=[False, False, False],
       fill_value='?',
            dtype=object), 'param_fuzzifier': masked_array(data=[<class 'fuzzylearn.fuzzifiers.LinearFuzzifier'>,
                   <class 'fuzzylearn.fuzzifiers.LinearFuzzifier'>,
                   <class 'fuzzylearn.fuzzifiers.LinearFuzzifier'>],
             mask=[False, False, False],
       fill_value='?',
            dtype=object), 'param_k': masked_array(data=[GaussianKernel(0.5), GaussianKernel(0.65),
                   GaussianKernel(0.8)],
             mask=[False, False, False],
       fill_value='?',
            dtype=object), 'params': [{'c': 1, 'fuzzifier': <class 'fuzzylearn.fuzzifiers.LinearFuzzifier'>, 'k': GaussianKernel(0.5)}, {'c': 1, 'fuzzifier': <class 'fuzzylearn.fuzzifiers.LinearFuzzifier'>, 'k': GaussianKernel(0.65)}, {'c': 1, 'fuzzifier': <class 'fuzzylearn.fuzzifiers.LinearFuzzifier'>, 'k': GaussianKernel(0.8)}], 'split0_test_score': array([-0.025     , -0.02446591, -0.02232487]), 'split1_test_score': array([-0.025, -0.025, -0.025]), 'split2_test_score': array([-0.01178243, -0.00459859, -0.00216009]), 'mean_test_score': array([-0.02059414, -0.0180215 , -0.01649499]), 'std_test_score': array([0.00623082, 0.00949394, 0.01019497]), 'rank_test_score': array([3, 2, 1], dtype=int32)}
2020-03-30 01:50:24,967 - __main__ - INFO - (27) - BEST_SCORE_: -0.016494987719387396
2020-03-30 01:50:24,970 - __main__ - INFO - (27) - BEST_PARAMS_: {'c': 1, 'fuzzifier': <class 'fuzzylearn.fuzzifiers.LinearFuzzifier'>, 'k': GaussianKernel(0.8)}
2020-03-30 01:50:24,972 - __main__ - INFO - (28) - Started GridSearchCV with: {'c': [1], 'k': [GaussianKernel(0.5), GaussianKernel(0.65), GaussianKernel(0.8)], 'fuzzifier': [<class 'fuzzylearn.fuzzifiers.LinearFuzzifier'>]}
2020-03-30 01:59:32,423 - __main__ - INFO - (28) - CV_RESULTS_: {'mean_fit_time': array([54.13914069, 54.27176142, 53.74123359]), 'std_fit_time': array([0.19104955, 0.04535403, 0.19981993]), 'mean_score_time': array([0.15570505, 0.15023009, 0.15859636]), 'std_score_time': array([0.00532262, 0.00498483, 0.00870008]), 'param_c': masked_array(data=[1, 1, 1],
             mask=[False, False, False],
       fill_value='?',
            dtype=object), 'param_fuzzifier': masked_array(data=[<class 'fuzzylearn.fuzzifiers.LinearFuzzifier'>,
                   <class 'fuzzylearn.fuzzifiers.LinearFuzzifier'>,
                   <class 'fuzzylearn.fuzzifiers.LinearFuzzifier'>],
             mask=[False, False, False],
       fill_value='?',
            dtype=object), 'param_k': masked_array(data=[GaussianKernel(0.5), GaussianKernel(0.65),
                   GaussianKernel(0.8)],
             mask=[False, False, False],
       fill_value='?',
            dtype=object), 'params': [{'c': 1, 'fuzzifier': <class 'fuzzylearn.fuzzifiers.LinearFuzzifier'>, 'k': GaussianKernel(0.5)}, {'c': 1, 'fuzzifier': <class 'fuzzylearn.fuzzifiers.LinearFuzzifier'>, 'k': GaussianKernel(0.65)}, {'c': 1, 'fuzzifier': <class 'fuzzylearn.fuzzifiers.LinearFuzzifier'>, 'k': GaussianKernel(0.8)}], 'split0_test_score': array([-0.02256121, -0.01543085, -0.00756094]), 'split1_test_score': array([-0.02371544, -0.01587164, -0.00504065]), 'split2_test_score': array([-0.01251925, -0.0047384 , -0.00070526]), 'mean_test_score': array([-0.01959863, -0.01201363, -0.00443562]), 'std_test_score': array([0.00502801, 0.00514751, 0.00283132]), 'rank_test_score': array([3, 2, 1], dtype=int32)}
2020-03-30 01:59:32,428 - __main__ - INFO - (28) - BEST_SCORE_: -0.0044356151616131555
2020-03-30 01:59:32,429 - __main__ - INFO - (28) - BEST_PARAMS_: {'c': 1, 'fuzzifier': <class 'fuzzylearn.fuzzifiers.LinearFuzzifier'>, 'k': GaussianKernel(0.8)}
2020-03-30 01:59:32,430 - __main__ - INFO - (29) - Started GridSearchCV with: {'c': [1], 'k': [GaussianKernel(0.5), GaussianKernel(0.65), GaussianKernel(0.8)], 'fuzzifier': [<class 'fuzzylearn.fuzzifiers.LinearFuzzifier'>]}
2020-03-30 02:08:36,821 - __main__ - INFO - (29) - CV_RESULTS_: {'mean_fit_time': array([53.38845611, 53.66464821, 53.838317  ]), 'std_fit_time': array([0.07299018, 0.02923375, 0.49825511]), 'mean_score_time': array([0.15744917, 0.15488648, 0.1500206 ]), 'std_score_time': array([0.01733335, 0.00902555, 0.00817196]), 'param_c': masked_array(data=[1, 1, 1],
             mask=[False, False, False],
       fill_value='?',
            dtype=object), 'param_fuzzifier': masked_array(data=[<class 'fuzzylearn.fuzzifiers.LinearFuzzifier'>,
                   <class 'fuzzylearn.fuzzifiers.LinearFuzzifier'>,
                   <class 'fuzzylearn.fuzzifiers.LinearFuzzifier'>],
             mask=[False, False, False],
       fill_value='?',
            dtype=object), 'param_k': masked_array(data=[GaussianKernel(0.5), GaussianKernel(0.65),
                   GaussianKernel(0.8)],
             mask=[False, False, False],
       fill_value='?',
            dtype=object), 'params': [{'c': 1, 'fuzzifier': <class 'fuzzylearn.fuzzifiers.LinearFuzzifier'>, 'k': GaussianKernel(0.5)}, {'c': 1, 'fuzzifier': <class 'fuzzylearn.fuzzifiers.LinearFuzzifier'>, 'k': GaussianKernel(0.65)}, {'c': 1, 'fuzzifier': <class 'fuzzylearn.fuzzifiers.LinearFuzzifier'>, 'k': GaussianKernel(0.8)}], 'split0_test_score': array([-0.02395438, -0.02029945, -0.01640431]), 'split1_test_score': array([-0.01835438, -0.00356105, -0.00136625]), 'split2_test_score': array([-1.67873545e-02, -5.11454713e-03, -2.27974937e-05]), 'mean_test_score': array([-0.01969871, -0.00965835, -0.00593112]), 'std_test_score': array([0.00307647, 0.00755107, 0.00742595]), 'rank_test_score': array([3, 2, 1], dtype=int32)}
2020-03-30 02:08:36,826 - __main__ - INFO - (29) - BEST_SCORE_: -0.005931119916167575
2020-03-30 02:08:36,830 - __main__ - INFO - (29) - BEST_PARAMS_: {'c': 1, 'fuzzifier': <class 'fuzzylearn.fuzzifiers.LinearFuzzifier'>, 'k': GaussianKernel(0.8)}
2020-03-30 02:08:36,842 - __main__ - INFO - (30) - Started GridSearchCV with: {'c': [1], 'k': [GaussianKernel(0.5), GaussianKernel(0.65), GaussianKernel(0.8)], 'fuzzifier': [<class 'fuzzylearn.fuzzifiers.LinearFuzzifier'>]}
2020-03-30 02:17:45,731 - __main__ - INFO - (30) - CV_RESULTS_: {'mean_fit_time': array([54.05992826, 54.03211848, 54.41063595]), 'std_fit_time': array([0.24634237, 0.17965058, 0.04561267]), 'mean_score_time': array([0.15599918, 0.16292119, 0.1543022 ]), 'std_score_time': array([0.01098889, 0.01017977, 0.00848011]), 'param_c': masked_array(data=[1, 1, 1],
             mask=[False, False, False],
       fill_value='?',
            dtype=object), 'param_fuzzifier': masked_array(data=[<class 'fuzzylearn.fuzzifiers.LinearFuzzifier'>,
                   <class 'fuzzylearn.fuzzifiers.LinearFuzzifier'>,
                   <class 'fuzzylearn.fuzzifiers.LinearFuzzifier'>],
             mask=[False, False, False],
       fill_value='?',
            dtype=object), 'param_k': masked_array(data=[GaussianKernel(0.5), GaussianKernel(0.65),
                   GaussianKernel(0.8)],
             mask=[False, False, False],
       fill_value='?',
            dtype=object), 'params': [{'c': 1, 'fuzzifier': <class 'fuzzylearn.fuzzifiers.LinearFuzzifier'>, 'k': GaussianKernel(0.5)}, {'c': 1, 'fuzzifier': <class 'fuzzylearn.fuzzifiers.LinearFuzzifier'>, 'k': GaussianKernel(0.65)}, {'c': 1, 'fuzzifier': <class 'fuzzylearn.fuzzifiers.LinearFuzzifier'>, 'k': GaussianKernel(0.8)}], 'split0_test_score': array([-0.0065814 , -0.00148234, -0.        ]), 'split1_test_score': array([-0.02470823, -0.0212705 , -0.01453205]), 'split2_test_score': array([-0.02459234, -0.02151893, -0.01618473]), 'mean_test_score': array([-0.01862732, -0.01475726, -0.01023892]), 'std_test_score': array([0.00851789, 0.00938733, 0.00727138]), 'rank_test_score': array([3, 2, 1], dtype=int32)}
2020-03-30 02:17:45,737 - __main__ - INFO - (30) - BEST_SCORE_: -0.010238923845140083
2020-03-30 02:17:45,740 - __main__ - INFO - (30) - BEST_PARAMS_: {'c': 1, 'fuzzifier': <class 'fuzzylearn.fuzzifiers.LinearFuzzifier'>, 'k': GaussianKernel(0.8)}
2020-03-30 02:17:45,743 - __main__ - INFO - (31) - Started GridSearchCV with: {'c': [1], 'k': [GaussianKernel(0.5), GaussianKernel(0.65), GaussianKernel(0.8)], 'fuzzifier': [<class 'fuzzylearn.fuzzifiers.LinearFuzzifier'>]}
2020-03-30 02:26:53,639 - __main__ - INFO - (31) - CV_RESULTS_: {'mean_fit_time': array([54.76239649, 54.2426633 , 53.40548436]), 'std_fit_time': array([0.66820973, 1.09121179, 0.27710682]), 'mean_score_time': array([0.17285705, 0.16092253, 0.15421057]), 'std_score_time': array([0.00541775, 0.01278931, 0.00416328]), 'param_c': masked_array(data=[1, 1, 1],
             mask=[False, False, False],
       fill_value='?',
            dtype=object), 'param_fuzzifier': masked_array(data=[<class 'fuzzylearn.fuzzifiers.LinearFuzzifier'>,
                   <class 'fuzzylearn.fuzzifiers.LinearFuzzifier'>,
                   <class 'fuzzylearn.fuzzifiers.LinearFuzzifier'>],
             mask=[False, False, False],
       fill_value='?',
            dtype=object), 'param_k': masked_array(data=[GaussianKernel(0.5), GaussianKernel(0.65),
                   GaussianKernel(0.8)],
             mask=[False, False, False],
       fill_value='?',
            dtype=object), 'params': [{'c': 1, 'fuzzifier': <class 'fuzzylearn.fuzzifiers.LinearFuzzifier'>, 'k': GaussianKernel(0.5)}, {'c': 1, 'fuzzifier': <class 'fuzzylearn.fuzzifiers.LinearFuzzifier'>, 'k': GaussianKernel(0.65)}, {'c': 1, 'fuzzifier': <class 'fuzzylearn.fuzzifiers.LinearFuzzifier'>, 'k': GaussianKernel(0.8)}], 'split0_test_score': array([-0.02431208, -0.02093735, -0.01577871]), 'split1_test_score': array([-0.02442894, -0.0205705 , -0.01356862]), 'split2_test_score': array([-0.02460632, -0.02179754, -0.01717572]), 'mean_test_score': array([-0.02444912, -0.0211018 , -0.01550768]), 'std_test_score': array([0.00012097, 0.00051425, 0.00148501]), 'rank_test_score': array([3, 2, 1], dtype=int32)}
2020-03-30 02:26:53,647 - __main__ - INFO - (31) - BEST_SCORE_: -0.01550768418012062
2020-03-30 02:26:53,648 - __main__ - INFO - (31) - BEST_PARAMS_: {'c': 1, 'fuzzifier': <class 'fuzzylearn.fuzzifiers.LinearFuzzifier'>, 'k': GaussianKernel(0.8)}
2020-03-30 02:26:53,652 - __main__ - INFO - (32) - Started GridSearchCV with: {'c': [1], 'k': [GaussianKernel(0.5), GaussianKernel(0.65), GaussianKernel(0.8)], 'fuzzifier': [<class 'fuzzylearn.fuzzifiers.LinearFuzzifier'>]}
2020-03-30 02:35:47,253 - __main__ - INFO - (32) - CV_RESULTS_: {'mean_fit_time': array([52.45279535, 52.50793187, 52.54428116]), 'std_fit_time': array([0.49111953, 0.01125117, 0.05482339]), 'mean_score_time': array([0.1447169 , 0.14533432, 0.15465355]), 'std_score_time': array([0.00104143, 0.00011332, 0.00603485]), 'param_c': masked_array(data=[1, 1, 1],
             mask=[False, False, False],
       fill_value='?',
            dtype=object), 'param_fuzzifier': masked_array(data=[<class 'fuzzylearn.fuzzifiers.LinearFuzzifier'>,
                   <class 'fuzzylearn.fuzzifiers.LinearFuzzifier'>,
                   <class 'fuzzylearn.fuzzifiers.LinearFuzzifier'>],
             mask=[False, False, False],
       fill_value='?',
            dtype=object), 'param_k': masked_array(data=[GaussianKernel(0.5), GaussianKernel(0.65),
                   GaussianKernel(0.8)],
             mask=[False, False, False],
       fill_value='?',
            dtype=object), 'params': [{'c': 1, 'fuzzifier': <class 'fuzzylearn.fuzzifiers.LinearFuzzifier'>, 'k': GaussianKernel(0.5)}, {'c': 1, 'fuzzifier': <class 'fuzzylearn.fuzzifiers.LinearFuzzifier'>, 'k': GaussianKernel(0.65)}, {'c': 1, 'fuzzifier': <class 'fuzzylearn.fuzzifiers.LinearFuzzifier'>, 'k': GaussianKernel(0.8)}], 'split0_test_score': array([-0.02296205, -0.01415322, -0.0038273 ]), 'split1_test_score': array([-0., -0., -0.]), 'split2_test_score': array([-0.02417759, -0.01622688, -0.01557945]), 'mean_test_score': array([-0.01571321, -0.0101267 , -0.00646892]), 'std_test_score': array([0.011122  , 0.00721053, 0.0066289 ]), 'rank_test_score': array([3, 2, 1], dtype=int32)}
2020-03-30 02:35:47,258 - __main__ - INFO - (32) - BEST_SCORE_: -0.006468918603045434
2020-03-30 02:35:47,259 - __main__ - INFO - (32) - BEST_PARAMS_: {'c': 1, 'fuzzifier': <class 'fuzzylearn.fuzzifiers.LinearFuzzifier'>, 'k': GaussianKernel(0.8)}
2020-03-30 02:35:47,261 - __main__ - INFO - (33) - Started GridSearchCV with: {'c': [1], 'k': [GaussianKernel(0.5), GaussianKernel(0.65), GaussianKernel(0.8)], 'fuzzifier': [<class 'fuzzylearn.fuzzifiers.LinearFuzzifier'>]}
2020-03-30 02:44:44,039 - __main__ - INFO - (33) - CV_RESULTS_: {'mean_fit_time': array([52.30418913, 52.44874708, 53.4477783 ]), 'std_fit_time': array([0.13225729, 0.22267325, 0.27542341]), 'mean_score_time': array([0.14876254, 0.15034453, 0.15885297]), 'std_score_time': array([0.0096123 , 0.01083107, 0.01525991]), 'param_c': masked_array(data=[1, 1, 1],
             mask=[False, False, False],
       fill_value='?',
            dtype=object), 'param_fuzzifier': masked_array(data=[<class 'fuzzylearn.fuzzifiers.LinearFuzzifier'>,
                   <class 'fuzzylearn.fuzzifiers.LinearFuzzifier'>,
                   <class 'fuzzylearn.fuzzifiers.LinearFuzzifier'>],
             mask=[False, False, False],
       fill_value='?',
            dtype=object), 'param_k': masked_array(data=[GaussianKernel(0.5), GaussianKernel(0.65),
                   GaussianKernel(0.8)],
             mask=[False, False, False],
       fill_value='?',
            dtype=object), 'params': [{'c': 1, 'fuzzifier': <class 'fuzzylearn.fuzzifiers.LinearFuzzifier'>, 'k': GaussianKernel(0.5)}, {'c': 1, 'fuzzifier': <class 'fuzzylearn.fuzzifiers.LinearFuzzifier'>, 'k': GaussianKernel(0.65)}, {'c': 1, 'fuzzifier': <class 'fuzzylearn.fuzzifiers.LinearFuzzifier'>, 'k': GaussianKernel(0.8)}], 'split0_test_score': array([-0.00266176, -0.00209265, -0.00055361]), 'split1_test_score': array([-0.00110804, -0.        , -0.        ]), 'split2_test_score': array([-0.00911278, -0.00029743, -0.        ]), 'mean_test_score': array([-0.00429419, -0.00079669, -0.00018454]), 'std_test_score': array([0.0034658 , 0.00092439, 0.00026097]), 'rank_test_score': array([3, 2, 1], dtype=int32)}
2020-03-30 02:44:44,047 - __main__ - INFO - (33) - BEST_SCORE_: -0.00018453703083451628
2020-03-30 02:44:44,049 - __main__ - INFO - (33) - BEST_PARAMS_: {'c': 1, 'fuzzifier': <class 'fuzzylearn.fuzzifiers.LinearFuzzifier'>, 'k': GaussianKernel(0.8)}
2020-03-30 02:44:44,051 - __main__ - INFO - (34) - Started GridSearchCV with: {'c': [1], 'k': [GaussianKernel(0.5), GaussianKernel(0.65), GaussianKernel(0.8)], 'fuzzifier': [<class 'fuzzylearn.fuzzifiers.LinearFuzzifier'>]}
2020-03-30 02:54:08,297 - __main__ - INFO - (34) - CV_RESULTS_: {'mean_fit_time': array([54.27692246, 56.56539313, 55.88807869]), 'std_fit_time': array([1.07216442, 0.42357467, 0.7821142 ]), 'mean_score_time': array([0.17966628, 0.18285537, 0.17309594]), 'std_score_time': array([0.01114428, 0.00270541, 0.00767774]), 'param_c': masked_array(data=[1, 1, 1],
             mask=[False, False, False],
       fill_value='?',
            dtype=object), 'param_fuzzifier': masked_array(data=[<class 'fuzzylearn.fuzzifiers.LinearFuzzifier'>,
                   <class 'fuzzylearn.fuzzifiers.LinearFuzzifier'>,
                   <class 'fuzzylearn.fuzzifiers.LinearFuzzifier'>],
             mask=[False, False, False],
       fill_value='?',
            dtype=object), 'param_k': masked_array(data=[GaussianKernel(0.5), GaussianKernel(0.65),
                   GaussianKernel(0.8)],
             mask=[False, False, False],
       fill_value='?',
            dtype=object), 'params': [{'c': 1, 'fuzzifier': <class 'fuzzylearn.fuzzifiers.LinearFuzzifier'>, 'k': GaussianKernel(0.5)}, {'c': 1, 'fuzzifier': <class 'fuzzylearn.fuzzifiers.LinearFuzzifier'>, 'k': GaussianKernel(0.65)}, {'c': 1, 'fuzzifier': <class 'fuzzylearn.fuzzifiers.LinearFuzzifier'>, 'k': GaussianKernel(0.8)}], 'split0_test_score': array([-0.02481832, -0.02296942, -0.018509  ]), 'split1_test_score': array([-0.02497496, -0.02428236, -0.021691  ]), 'split2_test_score': array([-0.02310512, -0.01794425, -0.0111271 ]), 'mean_test_score': array([-0.02429947, -0.02173201, -0.01710903]), 'std_test_score': array([0.00084695, 0.00273146, 0.00442485]), 'rank_test_score': array([3, 2, 1], dtype=int32)}
2020-03-30 02:54:08,302 - __main__ - INFO - (34) - BEST_SCORE_: -0.017109032746900548
2020-03-30 02:54:08,304 - __main__ - INFO - (34) - BEST_PARAMS_: {'c': 1, 'fuzzifier': <class 'fuzzylearn.fuzzifiers.LinearFuzzifier'>, 'k': GaussianKernel(0.8)}
2020-03-30 02:54:08,306 - __main__ - INFO - (35) - Started GridSearchCV with: {'c': [1], 'k': [GaussianKernel(0.5), GaussianKernel(0.65), GaussianKernel(0.8)], 'fuzzifier': [<class 'fuzzylearn.fuzzifiers.LinearFuzzifier'>]}
2020-03-30 03:03:23,772 - __main__ - INFO - (35) - CV_RESULTS_: {'mean_fit_time': array([55.94555553, 54.63848964, 54.08427397]), 'std_fit_time': array([0.5361096 , 0.72177084, 0.38390743]), 'mean_score_time': array([0.15540512, 0.15847739, 0.15845736]), 'std_score_time': array([0.01250241, 0.01606505, 0.00572989]), 'param_c': masked_array(data=[1, 1, 1],
             mask=[False, False, False],
       fill_value='?',
            dtype=object), 'param_fuzzifier': masked_array(data=[<class 'fuzzylearn.fuzzifiers.LinearFuzzifier'>,
                   <class 'fuzzylearn.fuzzifiers.LinearFuzzifier'>,
                   <class 'fuzzylearn.fuzzifiers.LinearFuzzifier'>],
             mask=[False, False, False],
       fill_value='?',
            dtype=object), 'param_k': masked_array(data=[GaussianKernel(0.5), GaussianKernel(0.65),
                   GaussianKernel(0.8)],
             mask=[False, False, False],
       fill_value='?',
            dtype=object), 'params': [{'c': 1, 'fuzzifier': <class 'fuzzylearn.fuzzifiers.LinearFuzzifier'>, 'k': GaussianKernel(0.5)}, {'c': 1, 'fuzzifier': <class 'fuzzylearn.fuzzifiers.LinearFuzzifier'>, 'k': GaussianKernel(0.65)}, {'c': 1, 'fuzzifier': <class 'fuzzylearn.fuzzifiers.LinearFuzzifier'>, 'k': GaussianKernel(0.8)}], 'split0_test_score': array([-0.01969602, -0.01175692, -0.00458553]), 'split1_test_score': array([-0.025, -0.025, -0.025]), 'split2_test_score': array([-0.02339925, -0.01866455, -0.01407748]), 'mean_test_score': array([-0.02269842, -0.01847383, -0.01455434]), 'std_test_score': array([0.00222133, 0.00540815, 0.00834099]), 'rank_test_score': array([3, 2, 1], dtype=int32)}
2020-03-30 03:03:23,776 - __main__ - INFO - (35) - BEST_SCORE_: -0.014554337080431282
2020-03-30 03:03:23,777 - __main__ - INFO - (35) - BEST_PARAMS_: {'c': 1, 'fuzzifier': <class 'fuzzylearn.fuzzifiers.LinearFuzzifier'>, 'k': GaussianKernel(0.8)}
2020-03-30 03:03:23,780 - __main__ - INFO - (36) - Started GridSearchCV with: {'c': [1], 'k': [GaussianKernel(0.5), GaussianKernel(0.65), GaussianKernel(0.8)], 'fuzzifier': [<class 'fuzzylearn.fuzzifiers.LinearFuzzifier'>]}
2020-03-30 03:12:30,502 - __main__ - INFO - (36) - CV_RESULTS_: {'mean_fit_time': array([54.75004021, 53.92048931, 53.08968886]), 'std_fit_time': array([0.97219001, 0.39442545, 0.08637223]), 'mean_score_time': array([0.15335433, 0.16068832, 0.15097133]), 'std_score_time': array([0.00194135, 0.01409832, 0.00645684]), 'param_c': masked_array(data=[1, 1, 1],
             mask=[False, False, False],
       fill_value='?',
            dtype=object), 'param_fuzzifier': masked_array(data=[<class 'fuzzylearn.fuzzifiers.LinearFuzzifier'>,
                   <class 'fuzzylearn.fuzzifiers.LinearFuzzifier'>,
                   <class 'fuzzylearn.fuzzifiers.LinearFuzzifier'>],
             mask=[False, False, False],
       fill_value='?',
            dtype=object), 'param_k': masked_array(data=[GaussianKernel(0.5), GaussianKernel(0.65),
                   GaussianKernel(0.8)],
             mask=[False, False, False],
       fill_value='?',
            dtype=object), 'params': [{'c': 1, 'fuzzifier': <class 'fuzzylearn.fuzzifiers.LinearFuzzifier'>, 'k': GaussianKernel(0.5)}, {'c': 1, 'fuzzifier': <class 'fuzzylearn.fuzzifiers.LinearFuzzifier'>, 'k': GaussianKernel(0.65)}, {'c': 1, 'fuzzifier': <class 'fuzzylearn.fuzzifiers.LinearFuzzifier'>, 'k': GaussianKernel(0.8)}], 'split0_test_score': array([-0.00621373, -0.00026753, -0.        ]), 'split1_test_score': array([-0.01988109, -0.00874284, -0.00120852]), 'split2_test_score': array([-0.01815379, -0.00786761, -0.00189572]), 'mean_test_score': array([-0.01474954, -0.00562599, -0.00103475]), 'std_test_score': array([0.00607678, 0.00380581, 0.00078362]), 'rank_test_score': array([3, 2, 1], dtype=int32)}
2020-03-30 03:12:30,509 - __main__ - INFO - (36) - BEST_SCORE_: -0.0010347456667924738
2020-03-30 03:12:30,511 - __main__ - INFO - (36) - BEST_PARAMS_: {'c': 1, 'fuzzifier': <class 'fuzzylearn.fuzzifiers.LinearFuzzifier'>, 'k': GaussianKernel(0.8)}
2020-03-30 03:12:30,512 - __main__ - INFO - (37) - Started GridSearchCV with: {'c': [1], 'k': [GaussianKernel(0.5), GaussianKernel(0.65), GaussianKernel(0.8)], 'fuzzifier': [<class 'fuzzylearn.fuzzifiers.LinearFuzzifier'>]}
2020-03-30 03:21:36,127 - __main__ - INFO - (37) - CV_RESULTS_: {'mean_fit_time': array([53.56515805, 53.7409455 , 53.50636069]), 'std_fit_time': array([0.25706657, 0.20258698, 0.18849707]), 'mean_score_time': array([0.14587053, 0.14646999, 0.16543579]), 'std_score_time': array([0.00195689, 0.00517205, 0.01142717]), 'param_c': masked_array(data=[1, 1, 1],
             mask=[False, False, False],
       fill_value='?',
            dtype=object), 'param_fuzzifier': masked_array(data=[<class 'fuzzylearn.fuzzifiers.LinearFuzzifier'>,
                   <class 'fuzzylearn.fuzzifiers.LinearFuzzifier'>,
                   <class 'fuzzylearn.fuzzifiers.LinearFuzzifier'>],
             mask=[False, False, False],
       fill_value='?',
            dtype=object), 'param_k': masked_array(data=[GaussianKernel(0.5), GaussianKernel(0.65),
                   GaussianKernel(0.8)],
             mask=[False, False, False],
       fill_value='?',
            dtype=object), 'params': [{'c': 1, 'fuzzifier': <class 'fuzzylearn.fuzzifiers.LinearFuzzifier'>, 'k': GaussianKernel(0.5)}, {'c': 1, 'fuzzifier': <class 'fuzzylearn.fuzzifiers.LinearFuzzifier'>, 'k': GaussianKernel(0.65)}, {'c': 1, 'fuzzifier': <class 'fuzzylearn.fuzzifiers.LinearFuzzifier'>, 'k': GaussianKernel(0.8)}], 'split0_test_score': array([-0.0215866 , -0.01133141, -0.00119807]), 'split1_test_score': array([-0.01657527, -0.00751789, -0.00082714]), 'split2_test_score': array([-0.01836298, -0.01211259, -0.00641481]), 'mean_test_score': array([-0.01884162, -0.01032063, -0.00281334]), 'std_test_score': array([0.00207367, 0.00200733, 0.00255112]), 'rank_test_score': array([3, 2, 1], dtype=int32)}
2020-03-30 03:21:36,132 - __main__ - INFO - (37) - BEST_SCORE_: -0.002813339750557682
2020-03-30 03:21:36,134 - __main__ - INFO - (37) - BEST_PARAMS_: {'c': 1, 'fuzzifier': <class 'fuzzylearn.fuzzifiers.LinearFuzzifier'>, 'k': GaussianKernel(0.8)}
2020-03-30 03:21:36,135 - __main__ - INFO - (38) - Started GridSearchCV with: {'c': [1], 'k': [GaussianKernel(0.5), GaussianKernel(0.65), GaussianKernel(0.8)], 'fuzzifier': [<class 'fuzzylearn.fuzzifiers.LinearFuzzifier'>]}
2020-03-30 03:30:52,587 - __main__ - INFO - (38) - CV_RESULTS_: {'mean_fit_time': array([55.23498225, 55.06476482, 54.53683607]), 'std_fit_time': array([0.81966189, 0.15091209, 0.23260836]), 'mean_score_time': array([0.1604352 , 0.15647554, 0.14974221]), 'std_score_time': array([0.00667178, 0.00981952, 0.00521851]), 'param_c': masked_array(data=[1, 1, 1],
             mask=[False, False, False],
       fill_value='?',
            dtype=object), 'param_fuzzifier': masked_array(data=[<class 'fuzzylearn.fuzzifiers.LinearFuzzifier'>,
                   <class 'fuzzylearn.fuzzifiers.LinearFuzzifier'>,
                   <class 'fuzzylearn.fuzzifiers.LinearFuzzifier'>],
             mask=[False, False, False],
       fill_value='?',
            dtype=object), 'param_k': masked_array(data=[GaussianKernel(0.5), GaussianKernel(0.65),
                   GaussianKernel(0.8)],
             mask=[False, False, False],
       fill_value='?',
            dtype=object), 'params': [{'c': 1, 'fuzzifier': <class 'fuzzylearn.fuzzifiers.LinearFuzzifier'>, 'k': GaussianKernel(0.5)}, {'c': 1, 'fuzzifier': <class 'fuzzylearn.fuzzifiers.LinearFuzzifier'>, 'k': GaussianKernel(0.65)}, {'c': 1, 'fuzzifier': <class 'fuzzylearn.fuzzifiers.LinearFuzzifier'>, 'k': GaussianKernel(0.8)}], 'split0_test_score': array([-0.01829668, -0.01186916, -0.00832879]), 'split1_test_score': array([-0.02487395, -0.0237398 , -0.02146386]), 'split2_test_score': array([-0.02487797, -0.02383386, -0.02188109]), 'mean_test_score': array([-0.02268287, -0.01981427, -0.01722458]), 'std_test_score': array([0.00310151, 0.00561817, 0.00629258]), 'rank_test_score': array([3, 2, 1], dtype=int32)}
2020-03-30 03:30:52,591 - __main__ - INFO - (38) - BEST_SCORE_: -0.017224581898194213
2020-03-30 03:30:52,594 - __main__ - INFO - (38) - BEST_PARAMS_: {'c': 1, 'fuzzifier': <class 'fuzzylearn.fuzzifiers.LinearFuzzifier'>, 'k': GaussianKernel(0.8)}
2020-03-30 03:30:52,597 - __main__ - INFO - (39) - Started GridSearchCV with: {'c': [1], 'k': [GaussianKernel(0.5), GaussianKernel(0.65), GaussianKernel(0.8)], 'fuzzifier': [<class 'fuzzylearn.fuzzifiers.LinearFuzzifier'>]}
2020-03-30 03:39:59,516 - __main__ - INFO - (39) - CV_RESULTS_: {'mean_fit_time': array([53.82992617, 54.02612265, 53.96077466]), 'std_fit_time': array([0.21653376, 0.37501393, 0.42107077]), 'mean_score_time': array([0.15094431, 0.15736794, 0.1638329 ]), 'std_score_time': array([0.005025 , 0.0083481, 0.0143699]), 'param_c': masked_array(data=[1, 1, 1],
             mask=[False, False, False],
       fill_value='?',
            dtype=object), 'param_fuzzifier': masked_array(data=[<class 'fuzzylearn.fuzzifiers.LinearFuzzifier'>,
                   <class 'fuzzylearn.fuzzifiers.LinearFuzzifier'>,
                   <class 'fuzzylearn.fuzzifiers.LinearFuzzifier'>],
             mask=[False, False, False],
       fill_value='?',
            dtype=object), 'param_k': masked_array(data=[GaussianKernel(0.5), GaussianKernel(0.65),
                   GaussianKernel(0.8)],
             mask=[False, False, False],
       fill_value='?',
            dtype=object), 'params': [{'c': 1, 'fuzzifier': <class 'fuzzylearn.fuzzifiers.LinearFuzzifier'>, 'k': GaussianKernel(0.5)}, {'c': 1, 'fuzzifier': <class 'fuzzylearn.fuzzifiers.LinearFuzzifier'>, 'k': GaussianKernel(0.65)}, {'c': 1, 'fuzzifier': <class 'fuzzylearn.fuzzifiers.LinearFuzzifier'>, 'k': GaussianKernel(0.8)}], 'split0_test_score': array([-0.025, -0.025, -0.025]), 'split1_test_score': array([-0.025, -0.025, -0.025]), 'split2_test_score': array([-0.025, -0.025, -0.025]), 'mean_test_score': array([-0.025, -0.025, -0.025]), 'std_test_score': array([3.46944695e-18, 3.46944695e-18, 3.46944695e-18]), 'rank_test_score': array([1, 1, 1], dtype=int32)}
2020-03-30 03:39:59,521 - __main__ - INFO - (39) - BEST_SCORE_: -0.025000000000000005
2020-03-30 03:39:59,524 - __main__ - INFO - (39) - BEST_PARAMS_: {'c': 1, 'fuzzifier': <class 'fuzzylearn.fuzzifiers.LinearFuzzifier'>, 'k': GaussianKernel(0.5)}
