2020-03-29 00:13:35,705 - __main__ - INFO -   pca_xd = PCA(n_components=20) 
 data_xd = pca_xd.fit_transform(StandardScaler().fit_transform(dataset)) 
 return MinMaxScaler(feature_range=(-1, 1)).fit_transform(data_xd)
2020-03-29 00:13:50,418 - __main__ - INFO -   pca_xd = PCA(n_components=20) 
 data_xd = pca_xd.fit_transform(StandardScaler().fit_transform(dataset)) 
 return MinMaxScaler(feature_range=(-1, 1)).fit_transform(data_xd)
2020-03-29 00:13:50,835 - __main__ - INFO - (0) - Started GridSearchCV with: {'c': [1], 'k': [GaussianKernel(0.5), GaussianKernel(0.65), GaussianKernel(0.8)], 'fuzzifier': [<class 'fuzzylearn.fuzzifiers.LinearFuzzifier'>]}
2020-03-29 00:22:52,743 - __main__ - INFO - (0) - CV_RESULTS_: {'mean_fit_time': array([51.71153839, 53.41823538, 54.35785747]), 'std_fit_time': array([0.83391919, 0.02743372, 0.47495963]), 'mean_score_time': array([0.1758608 , 0.15808105, 0.16564528]), 'std_score_time': array([0.00334524, 0.01331702, 0.01683786]), 'param_c': masked_array(data=[1, 1, 1],
             mask=[False, False, False],
       fill_value='?',
            dtype=object), 'param_fuzzifier': masked_array(data=[<class 'fuzzylearn.fuzzifiers.LinearFuzzifier'>,
                   <class 'fuzzylearn.fuzzifiers.LinearFuzzifier'>,
                   <class 'fuzzylearn.fuzzifiers.LinearFuzzifier'>],
             mask=[False, False, False],
       fill_value='?',
            dtype=object), 'param_k': masked_array(data=[GaussianKernel(0.5), GaussianKernel(0.65),
                   GaussianKernel(0.8)],
             mask=[False, False, False],
       fill_value='?',
            dtype=object), 'params': [{'c': 1, 'fuzzifier': <class 'fuzzylearn.fuzzifiers.LinearFuzzifier'>, 'k': GaussianKernel(0.5)}, {'c': 1, 'fuzzifier': <class 'fuzzylearn.fuzzifiers.LinearFuzzifier'>, 'k': GaussianKernel(0.65)}, {'c': 1, 'fuzzifier': <class 'fuzzylearn.fuzzifiers.LinearFuzzifier'>, 'k': GaussianKernel(0.8)}], 'split0_test_score': array([-0.025, -0.025, -0.025]), 'split1_test_score': array([-0.025, -0.025, -0.025]), 'split2_test_score': array([-0.025, -0.025, -0.025]), 'mean_test_score': array([-0.025, -0.025, -0.025]), 'std_test_score': array([3.46944695e-18, 3.46944695e-18, 3.46944695e-18]), 'rank_test_score': array([1, 1, 1], dtype=int32)}
2020-03-29 00:22:52,754 - __main__ - INFO - (0) - BEST_SCORE_: -0.025000000000000005
2020-03-29 00:22:52,763 - __main__ - INFO - (0) - BEST_PARAMS_: {'c': 1, 'fuzzifier': <class 'fuzzylearn.fuzzifiers.LinearFuzzifier'>, 'k': GaussianKernel(1)}
2020-03-29 00:22:52,767 - __main__ - INFO - (1) - Started GridSearchCV with: {'c': [1], 'k': [GaussianKernel(0.5), GaussianKernel(0.65), GaussianKernel(0.8)], 'fuzzifier': [<class 'fuzzylearn.fuzzifiers.LinearFuzzifier'>]}
2020-03-29 00:32:32,903 - __main__ - INFO - (1) - CV_RESULTS_: {'mean_fit_time': array([57.52746224, 57.28547247, 56.92203093]), 'std_fit_time': array([0.3315403 , 0.19381835, 0.34129566]), 'mean_score_time': array([0.17188724, 0.15398041, 0.16776148]), 'std_score_time': array([0.01368074, 0.00520977, 0.00920068]), 'param_c': masked_array(data=[1, 1, 1],
             mask=[False, False, False],
       fill_value='?',
            dtype=object), 'param_fuzzifier': masked_array(data=[<class 'fuzzylearn.fuzzifiers.LinearFuzzifier'>,
                   <class 'fuzzylearn.fuzzifiers.LinearFuzzifier'>,
                   <class 'fuzzylearn.fuzzifiers.LinearFuzzifier'>],
             mask=[False, False, False],
       fill_value='?',
            dtype=object), 'param_k': masked_array(data=[GaussianKernel(0.5), GaussianKernel(0.65),
                   GaussianKernel(0.8)],
             mask=[False, False, False],
       fill_value='?',
            dtype=object), 'params': [{'c': 1, 'fuzzifier': <class 'fuzzylearn.fuzzifiers.LinearFuzzifier'>, 'k': GaussianKernel(0.5)}, {'c': 1, 'fuzzifier': <class 'fuzzylearn.fuzzifiers.LinearFuzzifier'>, 'k': GaussianKernel(0.65)}, {'c': 1, 'fuzzifier': <class 'fuzzylearn.fuzzifiers.LinearFuzzifier'>, 'k': GaussianKernel(0.8)}], 'split0_test_score': array([-0., -0., -0.]), 'split1_test_score': array([-0., -0., -0.]), 'split2_test_score': array([-0., -0., -0.]), 'mean_test_score': array([0., 0., 0.]), 'std_test_score': array([0., 0., 0.]), 'rank_test_score': array([1, 1, 1], dtype=int32)}
2020-03-29 00:32:32,907 - __main__ - INFO - (1) - BEST_SCORE_: 0.0
2020-03-29 00:32:32,917 - __main__ - INFO - (1) - BEST_PARAMS_: {'c': 1, 'fuzzifier': <class 'fuzzylearn.fuzzifiers.LinearFuzzifier'>, 'k': GaussianKernel(0.5)}
2020-03-29 00:32:32,925 - __main__ - INFO - (2) - Started GridSearchCV with: {'c': [1], 'k': [GaussianKernel(0.5), GaussianKernel(0.65), GaussianKernel(0.8)], 'fuzzifier': [<class 'fuzzylearn.fuzzifiers.LinearFuzzifier'>]}
2020-03-29 00:42:00,631 - __main__ - INFO - (2) - CV_RESULTS_: {'mean_fit_time': array([56.91156737, 56.6019721 , 54.30817135]), 'std_fit_time': array([0.40090983, 0.85894755, 0.60265581]), 'mean_score_time': array([0.14280844, 0.17399549, 0.15508024]), 'std_score_time': array([0.00227617, 0.00663252, 0.01961447]), 'param_c': masked_array(data=[1, 1, 1],
             mask=[False, False, False],
       fill_value='?',
            dtype=object), 'param_fuzzifier': masked_array(data=[<class 'fuzzylearn.fuzzifiers.LinearFuzzifier'>,
                   <class 'fuzzylearn.fuzzifiers.LinearFuzzifier'>,
                   <class 'fuzzylearn.fuzzifiers.LinearFuzzifier'>],
             mask=[False, False, False],
       fill_value='?',
            dtype=object), 'param_k': masked_array(data=[GaussianKernel(0.5), GaussianKernel(0.65),
                   GaussianKernel(0.8)],
             mask=[False, False, False],
       fill_value='?',
            dtype=object), 'params': [{'c': 1, 'fuzzifier': <class 'fuzzylearn.fuzzifiers.LinearFuzzifier'>, 'k': GaussianKernel(0.5)}, {'c': 1, 'fuzzifier': <class 'fuzzylearn.fuzzifiers.LinearFuzzifier'>, 'k': GaussianKernel(0.65)}, {'c': 1, 'fuzzifier': <class 'fuzzylearn.fuzzifiers.LinearFuzzifier'>, 'k': GaussianKernel(0.8)}], 'split0_test_score': array([-0.00127894, -0.        , -0.        ]), 'split1_test_score': array([-0.00639975, -0.00305427, -0.00111808]), 'split2_test_score': array([-0.01081767, -0.00630032, -0.00397857]), 'mean_test_score': array([-0.00616545, -0.00311819, -0.00169888]), 'std_test_score': array([0.00389769, 0.00257249, 0.00167536]), 'rank_test_score': array([3, 2, 1], dtype=int32)}
2020-03-29 00:42:00,635 - __main__ - INFO - (2) - BEST_SCORE_: -0.0016988814098051394
2020-03-29 00:42:00,641 - __main__ - INFO - (2) - BEST_PARAMS_: {'c': 1, 'fuzzifier': <class 'fuzzylearn.fuzzifiers.LinearFuzzifier'>, 'k': GaussianKernel(0.8)}
2020-03-29 00:42:00,643 - __main__ - INFO - (3) - Started GridSearchCV with: {'c': [1], 'k': [GaussianKernel(0.5), GaussianKernel(0.65), GaussianKernel(0.8)], 'fuzzifier': [<class 'fuzzylearn.fuzzifiers.LinearFuzzifier'>]}
2020-03-29 00:51:17,710 - __main__ - INFO - (3) - CV_RESULTS_: {'mean_fit_time': array([55.46065982, 54.80601915, 54.61965521]), 'std_fit_time': array([0.39182416, 0.14869537, 0.36602021]), 'mean_score_time': array([0.17826358, 0.15787951, 0.1513896 ]), 'std_score_time': array([0.00174639, 0.01903006, 0.02311196]), 'param_c': masked_array(data=[1, 1, 1],
             mask=[False, False, False],
       fill_value='?',
            dtype=object), 'param_fuzzifier': masked_array(data=[<class 'fuzzylearn.fuzzifiers.LinearFuzzifier'>,
                   <class 'fuzzylearn.fuzzifiers.LinearFuzzifier'>,
                   <class 'fuzzylearn.fuzzifiers.LinearFuzzifier'>],
             mask=[False, False, False],
       fill_value='?',
            dtype=object), 'param_k': masked_array(data=[GaussianKernel(0.5), GaussianKernel(0.65),
                   GaussianKernel(0.8)],
             mask=[False, False, False],
       fill_value='?',
            dtype=object), 'params': [{'c': 1, 'fuzzifier': <class 'fuzzylearn.fuzzifiers.LinearFuzzifier'>, 'k': GaussianKernel(0.5)}, {'c': 1, 'fuzzifier': <class 'fuzzylearn.fuzzifiers.LinearFuzzifier'>, 'k': GaussianKernel(0.65)}, {'c': 1, 'fuzzifier': <class 'fuzzylearn.fuzzifiers.LinearFuzzifier'>, 'k': GaussianKernel(0.8)}], 'split0_test_score': array([-0., -0., -0.]), 'split1_test_score': array([-0.01770417, -0.01578507, -0.01848957]), 'split2_test_score': array([-0.025, -0.025, -0.025]), 'mean_test_score': array([-0.01423472, -0.01359502, -0.01449652]), 'std_test_score': array([0.01049691, 0.01032302, 0.01058956]), 'rank_test_score': array([2, 1, 3], dtype=int32)}
2020-03-29 00:51:17,715 - __main__ - INFO - (3) - BEST_SCORE_: -0.013595021671459774
2020-03-29 00:51:17,721 - __main__ - INFO - (3) - BEST_PARAMS_: {'c': 1, 'fuzzifier': <class 'fuzzylearn.fuzzifiers.LinearFuzzifier'>, 'k': GaussianKernel(0.65)}
2020-03-29 00:51:17,722 - __main__ - INFO - (4) - Started GridSearchCV with: {'c': [1], 'k': [GaussianKernel(0.5), GaussianKernel(0.65), GaussianKernel(0.8)], 'fuzzifier': [<class 'fuzzylearn.fuzzifiers.LinearFuzzifier'>]}
2020-03-29 01:00:41,740 - __main__ - INFO - (4) - CV_RESULTS_: {'mean_fit_time': array([55.46178253, 55.73736668, 55.63811549]), 'std_fit_time': array([0.78604357, 0.05450412, 0.19107919]), 'mean_score_time': array([0.15877668, 0.17049925, 0.16991504]), 'std_score_time': array([0.01791612, 0.01314233, 0.01570739]), 'param_c': masked_array(data=[1, 1, 1],
             mask=[False, False, False],
       fill_value='?',
            dtype=object), 'param_fuzzifier': masked_array(data=[<class 'fuzzylearn.fuzzifiers.LinearFuzzifier'>,
                   <class 'fuzzylearn.fuzzifiers.LinearFuzzifier'>,
                   <class 'fuzzylearn.fuzzifiers.LinearFuzzifier'>],
             mask=[False, False, False],
       fill_value='?',
            dtype=object), 'param_k': masked_array(data=[GaussianKernel(0.5), GaussianKernel(0.65),
                   GaussianKernel(0.8)],
             mask=[False, False, False],
       fill_value='?',
            dtype=object), 'params': [{'c': 1, 'fuzzifier': <class 'fuzzylearn.fuzzifiers.LinearFuzzifier'>, 'k': GaussianKernel(0.5)}, {'c': 1, 'fuzzifier': <class 'fuzzylearn.fuzzifiers.LinearFuzzifier'>, 'k': GaussianKernel(0.65)}, {'c': 1, 'fuzzifier': <class 'fuzzylearn.fuzzifiers.LinearFuzzifier'>, 'k': GaussianKernel(0.8)}], 'split0_test_score': array([-0.025, -0.025, -0.   ]), 'split1_test_score': array([-0.025, -0.025, -0.025]), 'split2_test_score': array([-0., -0., -0.]), 'mean_test_score': array([-0.01666667, -0.01666667, -0.00833333]), 'std_test_score': array([0.01178511, 0.01178511, 0.01178511]), 'rank_test_score': array([2, 2, 1], dtype=int32)}
2020-03-29 01:00:41,745 - __main__ - INFO - (4) - BEST_SCORE_: -0.008333333333333333
2020-03-29 01:00:41,753 - __main__ - INFO - (4) - BEST_PARAMS_: {'c': 1, 'fuzzifier': <class 'fuzzylearn.fuzzifiers.LinearFuzzifier'>, 'k': GaussianKernel(0.8)}
2020-03-29 01:00:41,755 - __main__ - INFO - (5) - Started GridSearchCV with: {'c': [1], 'k': [GaussianKernel(0.5), GaussianKernel(0.65), GaussianKernel(0.8)], 'fuzzifier': [<class 'fuzzylearn.fuzzifiers.LinearFuzzifier'>]}
2020-03-29 01:09:57,773 - __main__ - INFO - (5) - CV_RESULTS_: {'mean_fit_time': array([54.47378635, 54.65771508, 55.43919039]), 'std_fit_time': array([0.66019747, 0.72895036, 0.68273426]), 'mean_score_time': array([0.17481271, 0.14723015, 0.16569916]), 'std_score_time': array([0.00327233, 0.00331647, 0.01516675]), 'param_c': masked_array(data=[1, 1, 1],
             mask=[False, False, False],
       fill_value='?',
            dtype=object), 'param_fuzzifier': masked_array(data=[<class 'fuzzylearn.fuzzifiers.LinearFuzzifier'>,
                   <class 'fuzzylearn.fuzzifiers.LinearFuzzifier'>,
                   <class 'fuzzylearn.fuzzifiers.LinearFuzzifier'>],
             mask=[False, False, False],
       fill_value='?',
            dtype=object), 'param_k': masked_array(data=[GaussianKernel(0.5), GaussianKernel(0.65),
                   GaussianKernel(0.8)],
             mask=[False, False, False],
       fill_value='?',
            dtype=object), 'params': [{'c': 1, 'fuzzifier': <class 'fuzzylearn.fuzzifiers.LinearFuzzifier'>, 'k': GaussianKernel(0.5)}, {'c': 1, 'fuzzifier': <class 'fuzzylearn.fuzzifiers.LinearFuzzifier'>, 'k': GaussianKernel(0.65)}, {'c': 1, 'fuzzifier': <class 'fuzzylearn.fuzzifiers.LinearFuzzifier'>, 'k': GaussianKernel(0.8)}], 'split0_test_score': array([-0.00179693, -0.00043589, -0.0003242 ]), 'split1_test_score': array([-0.00000000e+00, -1.26449436e-05, -1.08755204e-04]), 'split2_test_score': array([-0., -0., -0.]), 'mean_test_score': array([-0.00059898, -0.00014951, -0.00014432]), 'std_test_score': array([0.00084708, 0.00020257, 0.00013472]), 'rank_test_score': array([3, 2, 1], dtype=int32)}
2020-03-29 01:09:57,777 - __main__ - INFO - (5) - BEST_SCORE_: -0.00014431769533296664
2020-03-29 01:09:57,786 - __main__ - INFO - (5) - BEST_PARAMS_: {'c': 1, 'fuzzifier': <class 'fuzzylearn.fuzzifiers.LinearFuzzifier'>, 'k': GaussianKernel(0.8)}
2020-03-29 01:09:57,796 - __main__ - INFO - (6) - Started GridSearchCV with: {'c': [1], 'k': [GaussianKernel(0.5), GaussianKernel(0.65), GaussianKernel(0.8)], 'fuzzifier': [<class 'fuzzylearn.fuzzifiers.LinearFuzzifier'>]}
2020-03-29 01:19:02,232 - __main__ - INFO - (6) - CV_RESULTS_: {'mean_fit_time': array([54.6090672 , 53.0130918 , 53.41839711]), 'std_fit_time': array([0.54850534, 0.5072647 , 0.11962846]), 'mean_score_time': array([0.16888388, 0.14201848, 0.15580948]), 'std_score_time': array([0.00872317, 0.00399097, 0.01462015]), 'param_c': masked_array(data=[1, 1, 1],
             mask=[False, False, False],
       fill_value='?',
            dtype=object), 'param_fuzzifier': masked_array(data=[<class 'fuzzylearn.fuzzifiers.LinearFuzzifier'>,
                   <class 'fuzzylearn.fuzzifiers.LinearFuzzifier'>,
                   <class 'fuzzylearn.fuzzifiers.LinearFuzzifier'>],
             mask=[False, False, False],
       fill_value='?',
            dtype=object), 'param_k': masked_array(data=[GaussianKernel(0.5), GaussianKernel(0.65),
                   GaussianKernel(0.8)],
             mask=[False, False, False],
       fill_value='?',
            dtype=object), 'params': [{'c': 1, 'fuzzifier': <class 'fuzzylearn.fuzzifiers.LinearFuzzifier'>, 'k': GaussianKernel(0.5)}, {'c': 1, 'fuzzifier': <class 'fuzzylearn.fuzzifiers.LinearFuzzifier'>, 'k': GaussianKernel(0.65)}, {'c': 1, 'fuzzifier': <class 'fuzzylearn.fuzzifiers.LinearFuzzifier'>, 'k': GaussianKernel(0.8)}], 'split0_test_score': array([-0., -0., -0.]), 'split1_test_score': array([-0.025, -0.025, -0.025]), 'split2_test_score': array([-0., -0., -0.]), 'mean_test_score': array([-0.00833333, -0.00833333, -0.00833333]), 'std_test_score': array([0.01178511, 0.01178511, 0.01178511]), 'rank_test_score': array([1, 1, 1], dtype=int32)}
2020-03-29 01:19:02,236 - __main__ - INFO - (6) - BEST_SCORE_: -0.008333333333333333
2020-03-29 01:19:02,244 - __main__ - INFO - (6) - BEST_PARAMS_: {'c': 1, 'fuzzifier': <class 'fuzzylearn.fuzzifiers.LinearFuzzifier'>, 'k': GaussianKernel(0.5)}
2020-03-29 01:19:02,249 - __main__ - INFO - (7) - Started GridSearchCV with: {'c': [1], 'k': [GaussianKernel(0.5), GaussianKernel(0.65), GaussianKernel(0.8)], 'fuzzifier': [<class 'fuzzylearn.fuzzifiers.LinearFuzzifier'>]}
2020-03-29 01:28:18,839 - __main__ - INFO - (7) - CV_RESULTS_: {'mean_fit_time': array([53.24219704, 53.63510799, 57.00912539]), 'std_fit_time': array([0.21988801, 0.26662971, 0.56067328]), 'mean_score_time': array([0.14903625, 0.14354142, 0.15770396]), 'std_score_time': array([0.00560141, 0.00223178, 0.01477056]), 'param_c': masked_array(data=[1, 1, 1],
             mask=[False, False, False],
       fill_value='?',
            dtype=object), 'param_fuzzifier': masked_array(data=[<class 'fuzzylearn.fuzzifiers.LinearFuzzifier'>,
                   <class 'fuzzylearn.fuzzifiers.LinearFuzzifier'>,
                   <class 'fuzzylearn.fuzzifiers.LinearFuzzifier'>],
             mask=[False, False, False],
       fill_value='?',
            dtype=object), 'param_k': masked_array(data=[GaussianKernel(0.5), GaussianKernel(0.65),
                   GaussianKernel(0.8)],
             mask=[False, False, False],
       fill_value='?',
            dtype=object), 'params': [{'c': 1, 'fuzzifier': <class 'fuzzylearn.fuzzifiers.LinearFuzzifier'>, 'k': GaussianKernel(0.5)}, {'c': 1, 'fuzzifier': <class 'fuzzylearn.fuzzifiers.LinearFuzzifier'>, 'k': GaussianKernel(0.65)}, {'c': 1, 'fuzzifier': <class 'fuzzylearn.fuzzifiers.LinearFuzzifier'>, 'k': GaussianKernel(0.8)}], 'split0_test_score': array([-0., -0., -0.]), 'split1_test_score': array([-0.00212779, -0.        , -0.        ]), 'split2_test_score': array([-0., -0., -0.]), 'mean_test_score': array([-0.00070926,  0.        ,  0.        ]), 'std_test_score': array([0.00100305, 0.        , 0.        ]), 'rank_test_score': array([3, 1, 1], dtype=int32)}
2020-03-29 01:28:18,845 - __main__ - INFO - (7) - BEST_SCORE_: 0.0
2020-03-29 01:28:18,847 - __main__ - INFO - (7) - BEST_PARAMS_: {'c': 1, 'fuzzifier': <class 'fuzzylearn.fuzzifiers.LinearFuzzifier'>, 'k': GaussianKernel(0.65)}
2020-03-29 01:28:18,849 - __main__ - INFO - (8) - Started GridSearchCV with: {'c': [1], 'k': [GaussianKernel(0.5), GaussianKernel(0.65), GaussianKernel(0.8)], 'fuzzifier': [<class 'fuzzylearn.fuzzifiers.LinearFuzzifier'>]}
2020-03-29 01:37:47,745 - __main__ - INFO - (8) - CV_RESULTS_: {'mean_fit_time': array([55.51832382, 55.97109318, 56.3962001 ]), 'std_fit_time': array([0.44251205, 0.69396124, 0.55936421]), 'mean_score_time': array([0.17736761, 0.17250029, 0.1561753 ]), 'std_score_time': array([0.00383436, 0.0116477 , 0.01854663]), 'param_c': masked_array(data=[1, 1, 1],
             mask=[False, False, False],
       fill_value='?',
            dtype=object), 'param_fuzzifier': masked_array(data=[<class 'fuzzylearn.fuzzifiers.LinearFuzzifier'>,
                   <class 'fuzzylearn.fuzzifiers.LinearFuzzifier'>,
                   <class 'fuzzylearn.fuzzifiers.LinearFuzzifier'>],
             mask=[False, False, False],
       fill_value='?',
            dtype=object), 'param_k': masked_array(data=[GaussianKernel(0.5), GaussianKernel(0.65),
                   GaussianKernel(0.8)],
             mask=[False, False, False],
       fill_value='?',
            dtype=object), 'params': [{'c': 1, 'fuzzifier': <class 'fuzzylearn.fuzzifiers.LinearFuzzifier'>, 'k': GaussianKernel(0.5)}, {'c': 1, 'fuzzifier': <class 'fuzzylearn.fuzzifiers.LinearFuzzifier'>, 'k': GaussianKernel(0.65)}, {'c': 1, 'fuzzifier': <class 'fuzzylearn.fuzzifiers.LinearFuzzifier'>, 'k': GaussianKernel(0.8)}], 'split0_test_score': array([-7.79783408e-06, -0.00000000e+00, -0.00000000e+00]), 'split1_test_score': array([-0.01456782, -0.01117499, -0.00835507]), 'split2_test_score': array([-0.00955094, -0.00541313, -0.00323215]), 'mean_test_score': array([-0.00804218, -0.00552938, -0.00386241]), 'std_test_score': array([0.00603908, 0.00456291, 0.00343994]), 'rank_test_score': array([3, 2, 1], dtype=int32)}
2020-03-29 01:37:47,750 - __main__ - INFO - (8) - BEST_SCORE_: -0.003862408260247446
2020-03-29 01:37:47,760 - __main__ - INFO - (8) - BEST_PARAMS_: {'c': 1, 'fuzzifier': <class 'fuzzylearn.fuzzifiers.LinearFuzzifier'>, 'k': GaussianKernel(0.8)}
2020-03-29 01:37:47,766 - __main__ - INFO - (9) - Started GridSearchCV with: {'c': [1], 'k': [GaussianKernel(0.5), GaussianKernel(0.65), GaussianKernel(0.8)], 'fuzzifier': [<class 'fuzzylearn.fuzzifiers.LinearFuzzifier'>]}
2020-03-29 01:47:18,394 - __main__ - INFO - (9) - CV_RESULTS_: {'mean_fit_time': array([57.17549125, 56.91794395, 55.03133146]), 'std_fit_time': array([0.15647561, 0.41405255, 0.12029262]), 'mean_score_time': array([0.16825771, 0.15597407, 0.13631288]), 'std_score_time': array([0.01935188, 0.0137718 , 0.00316528]), 'param_c': masked_array(data=[1, 1, 1],
             mask=[False, False, False],
       fill_value='?',
            dtype=object), 'param_fuzzifier': masked_array(data=[<class 'fuzzylearn.fuzzifiers.LinearFuzzifier'>,
                   <class 'fuzzylearn.fuzzifiers.LinearFuzzifier'>,
                   <class 'fuzzylearn.fuzzifiers.LinearFuzzifier'>],
             mask=[False, False, False],
       fill_value='?',
            dtype=object), 'param_k': masked_array(data=[GaussianKernel(0.5), GaussianKernel(0.65),
                   GaussianKernel(0.8)],
             mask=[False, False, False],
       fill_value='?',
            dtype=object), 'params': [{'c': 1, 'fuzzifier': <class 'fuzzylearn.fuzzifiers.LinearFuzzifier'>, 'k': GaussianKernel(0.5)}, {'c': 1, 'fuzzifier': <class 'fuzzylearn.fuzzifiers.LinearFuzzifier'>, 'k': GaussianKernel(0.65)}, {'c': 1, 'fuzzifier': <class 'fuzzylearn.fuzzifiers.LinearFuzzifier'>, 'k': GaussianKernel(0.8)}], 'split0_test_score': array([-0., -0., -0.]), 'split1_test_score': array([-0.025, -0.025, -0.025]), 'split2_test_score': array([-0.00801514, -0.00329723, -0.        ]), 'mean_test_score': array([-0.01100505, -0.00943241, -0.00833333]), 'std_test_score': array([0.01042288, 0.01108994, 0.01178511]), 'rank_test_score': array([3, 2, 1], dtype=int32)}
2020-03-29 01:47:18,398 - __main__ - INFO - (9) - BEST_SCORE_: -0.008333333333333333
2020-03-29 01:47:18,407 - __main__ - INFO - (9) - BEST_PARAMS_: {'c': 1, 'fuzzifier': <class 'fuzzylearn.fuzzifiers.LinearFuzzifier'>, 'k': GaussianKernel(0.8)}
2020-03-29 01:47:18,408 - __main__ - INFO - (10) - Started GridSearchCV with: {'c': [1], 'k': [GaussianKernel(0.5), GaussianKernel(0.65), GaussianKernel(0.8)], 'fuzzifier': [<class 'fuzzylearn.fuzzifiers.LinearFuzzifier'>]}
2020-03-29 01:56:27,591 - __main__ - INFO - (10) - CV_RESULTS_: {'mean_fit_time': array([54.57989772, 55.0320967 , 53.20997397]), 'std_fit_time': array([0.56664288, 0.81976822, 0.30767318]), 'mean_score_time': array([0.15375288, 0.16552711, 0.14236506]), 'std_score_time': array([0.01265919, 0.01882858, 0.00230704]), 'param_c': masked_array(data=[1, 1, 1],
             mask=[False, False, False],
       fill_value='?',
            dtype=object), 'param_fuzzifier': masked_array(data=[<class 'fuzzylearn.fuzzifiers.LinearFuzzifier'>,
                   <class 'fuzzylearn.fuzzifiers.LinearFuzzifier'>,
                   <class 'fuzzylearn.fuzzifiers.LinearFuzzifier'>],
             mask=[False, False, False],
       fill_value='?',
            dtype=object), 'param_k': masked_array(data=[GaussianKernel(0.5), GaussianKernel(0.65),
                   GaussianKernel(0.8)],
             mask=[False, False, False],
       fill_value='?',
            dtype=object), 'params': [{'c': 1, 'fuzzifier': <class 'fuzzylearn.fuzzifiers.LinearFuzzifier'>, 'k': GaussianKernel(0.5)}, {'c': 1, 'fuzzifier': <class 'fuzzylearn.fuzzifiers.LinearFuzzifier'>, 'k': GaussianKernel(0.65)}, {'c': 1, 'fuzzifier': <class 'fuzzylearn.fuzzifiers.LinearFuzzifier'>, 'k': GaussianKernel(0.8)}], 'split0_test_score': array([-0.00121485, -0.        , -0.        ]), 'split1_test_score': array([-0.00076715, -0.        , -0.        ]), 'split2_test_score': array([-0.0026165, -0.       , -0.       ]), 'mean_test_score': array([-0.00153283,  0.        ,  0.        ]), 'std_test_score': array([0.00078777, 0.        , 0.        ]), 'rank_test_score': array([3, 1, 1], dtype=int32)}
2020-03-29 01:56:27,596 - __main__ - INFO - (10) - BEST_SCORE_: 0.0
2020-03-29 01:56:27,606 - __main__ - INFO - (10) - BEST_PARAMS_: {'c': 1, 'fuzzifier': <class 'fuzzylearn.fuzzifiers.LinearFuzzifier'>, 'k': GaussianKernel(0.65)}
2020-03-29 01:56:27,610 - __main__ - INFO - (11) - Started GridSearchCV with: {'c': [1], 'k': [GaussianKernel(0.5), GaussianKernel(0.65), GaussianKernel(0.8)], 'fuzzifier': [<class 'fuzzylearn.fuzzifiers.LinearFuzzifier'>]}
2020-03-29 02:05:24,774 - __main__ - INFO - (11) - CV_RESULTS_: {'mean_fit_time': array([53.01494511, 52.8774066 , 53.05084244]), 'std_fit_time': array([0.22249995, 0.30574941, 0.05014654]), 'mean_score_time': array([0.14342753, 0.14522807, 0.15427089]), 'std_score_time': array([0.00120566, 0.00653707, 0.01630784]), 'param_c': masked_array(data=[1, 1, 1],
             mask=[False, False, False],
       fill_value='?',
            dtype=object), 'param_fuzzifier': masked_array(data=[<class 'fuzzylearn.fuzzifiers.LinearFuzzifier'>,
                   <class 'fuzzylearn.fuzzifiers.LinearFuzzifier'>,
                   <class 'fuzzylearn.fuzzifiers.LinearFuzzifier'>],
             mask=[False, False, False],
       fill_value='?',
            dtype=object), 'param_k': masked_array(data=[GaussianKernel(0.5), GaussianKernel(0.65),
                   GaussianKernel(0.8)],
             mask=[False, False, False],
       fill_value='?',
            dtype=object), 'params': [{'c': 1, 'fuzzifier': <class 'fuzzylearn.fuzzifiers.LinearFuzzifier'>, 'k': GaussianKernel(0.5)}, {'c': 1, 'fuzzifier': <class 'fuzzylearn.fuzzifiers.LinearFuzzifier'>, 'k': GaussianKernel(0.65)}, {'c': 1, 'fuzzifier': <class 'fuzzylearn.fuzzifiers.LinearFuzzifier'>, 'k': GaussianKernel(0.8)}], 'split0_test_score': array([-0.0094257 , -0.00121276, -0.        ]), 'split1_test_score': array([-3.1857784e-05, -0.0000000e+00, -0.0000000e+00]), 'split2_test_score': array([-0.01884158, -0.01235875, -0.00925222]), 'mean_test_score': array([-0.00943305, -0.00452384, -0.00308407]), 'std_test_score': array([0.00767904, 0.0055622 , 0.00436154]), 'rank_test_score': array([3, 2, 1], dtype=int32)}
2020-03-29 02:05:24,779 - __main__ - INFO - (11) - BEST_SCORE_: -0.0030840727910752177
2020-03-29 02:05:24,786 - __main__ - INFO - (11) - BEST_PARAMS_: {'c': 1, 'fuzzifier': <class 'fuzzylearn.fuzzifiers.LinearFuzzifier'>, 'k': GaussianKernel(0.8)}
2020-03-29 02:05:24,788 - __main__ - INFO - (12) - Started GridSearchCV with: {'c': [1], 'k': [GaussianKernel(0.5), GaussianKernel(0.65), GaussianKernel(0.8)], 'fuzzifier': [<class 'fuzzylearn.fuzzifiers.LinearFuzzifier'>]}
2020-03-29 02:14:25,243 - __main__ - INFO - (12) - CV_RESULTS_: {'mean_fit_time': array([52.920367  , 52.6916399 , 53.51689641]), 'std_fit_time': array([0.07984523, 0.18822216, 1.02789532]), 'mean_score_time': array([0.14590208, 0.14868124, 0.15556312]), 'std_score_time': array([0.00222916, 0.00291226, 0.0173332 ]), 'param_c': masked_array(data=[1, 1, 1],
             mask=[False, False, False],
       fill_value='?',
            dtype=object), 'param_fuzzifier': masked_array(data=[<class 'fuzzylearn.fuzzifiers.LinearFuzzifier'>,
                   <class 'fuzzylearn.fuzzifiers.LinearFuzzifier'>,
                   <class 'fuzzylearn.fuzzifiers.LinearFuzzifier'>],
             mask=[False, False, False],
       fill_value='?',
            dtype=object), 'param_k': masked_array(data=[GaussianKernel(0.5), GaussianKernel(0.65),
                   GaussianKernel(0.8)],
             mask=[False, False, False],
       fill_value='?',
            dtype=object), 'params': [{'c': 1, 'fuzzifier': <class 'fuzzylearn.fuzzifiers.LinearFuzzifier'>, 'k': GaussianKernel(0.5)}, {'c': 1, 'fuzzifier': <class 'fuzzylearn.fuzzifiers.LinearFuzzifier'>, 'k': GaussianKernel(0.65)}, {'c': 1, 'fuzzifier': <class 'fuzzylearn.fuzzifiers.LinearFuzzifier'>, 'k': GaussianKernel(0.8)}], 'split0_test_score': array([-0.00581342, -0.00615997, -0.00598123]), 'split1_test_score': array([-0., -0., -0.]), 'split2_test_score': array([-0.0165509 , -0.01216068, -0.01137234]), 'mean_test_score': array([-0.00745477, -0.00610688, -0.00578452]), 'std_test_score': array([0.00685583, 0.00496472, 0.00464482]), 'rank_test_score': array([3, 2, 1], dtype=int32)}
2020-03-29 02:14:25,248 - __main__ - INFO - (12) - BEST_SCORE_: -0.00578452380910809
2020-03-29 02:14:25,253 - __main__ - INFO - (12) - BEST_PARAMS_: {'c': 1, 'fuzzifier': <class 'fuzzylearn.fuzzifiers.LinearFuzzifier'>, 'k': GaussianKernel(0.8)}
2020-03-29 02:14:25,254 - __main__ - INFO - (13) - Started GridSearchCV with: {'c': [1], 'k': [GaussianKernel(0.5), GaussianKernel(0.65), GaussianKernel(0.8)], 'fuzzifier': [<class 'fuzzylearn.fuzzifiers.LinearFuzzifier'>]}
2020-03-29 02:23:32,374 - __main__ - INFO - (13) - CV_RESULTS_: {'mean_fit_time': array([54.45272072, 55.26087316, 52.34328127]), 'std_fit_time': array([0.31138294, 0.45424899, 0.22445172]), 'mean_score_time': array([0.15378706, 0.15246924, 0.15389236]), 'std_score_time': array([0.01909638, 0.01165931, 0.01312319]), 'param_c': masked_array(data=[1, 1, 1],
             mask=[False, False, False],
       fill_value='?',
            dtype=object), 'param_fuzzifier': masked_array(data=[<class 'fuzzylearn.fuzzifiers.LinearFuzzifier'>,
                   <class 'fuzzylearn.fuzzifiers.LinearFuzzifier'>,
                   <class 'fuzzylearn.fuzzifiers.LinearFuzzifier'>],
             mask=[False, False, False],
       fill_value='?',
            dtype=object), 'param_k': masked_array(data=[GaussianKernel(0.5), GaussianKernel(0.65),
                   GaussianKernel(0.8)],
             mask=[False, False, False],
       fill_value='?',
            dtype=object), 'params': [{'c': 1, 'fuzzifier': <class 'fuzzylearn.fuzzifiers.LinearFuzzifier'>, 'k': GaussianKernel(0.5)}, {'c': 1, 'fuzzifier': <class 'fuzzylearn.fuzzifiers.LinearFuzzifier'>, 'k': GaussianKernel(0.65)}, {'c': 1, 'fuzzifier': <class 'fuzzylearn.fuzzifiers.LinearFuzzifier'>, 'k': GaussianKernel(0.8)}], 'split0_test_score': array([-6.71911543e-06, -1.17735450e-08, -0.00000000e+00]), 'split1_test_score': array([-0.01199143, -0.00309499, -0.00029283]), 'split2_test_score': array([-0.00380374, -0.00023802, -0.        ]), 'mean_test_score': array([-5.26729624e-03, -1.11100760e-03, -9.76111826e-05]), 'std_test_score': array([0.00500099, 0.00140625, 0.00013804]), 'rank_test_score': array([3, 2, 1], dtype=int32)}
2020-03-29 02:23:32,378 - __main__ - INFO - (13) - BEST_SCORE_: -9.761118259553503e-05
2020-03-29 02:23:32,382 - __main__ - INFO - (13) - BEST_PARAMS_: {'c': 1, 'fuzzifier': <class 'fuzzylearn.fuzzifiers.LinearFuzzifier'>, 'k': GaussianKernel(0.8)}
2020-03-29 02:23:32,390 - __main__ - INFO - (14) - Started GridSearchCV with: {'c': [1], 'k': [GaussianKernel(0.5), GaussianKernel(0.65), GaussianKernel(0.8)], 'fuzzifier': [<class 'fuzzylearn.fuzzifiers.LinearFuzzifier'>]}
2020-03-29 02:32:30,492 - __main__ - INFO - (14) - CV_RESULTS_: {'mean_fit_time': array([52.68880534, 53.06366444, 53.25185657]), 'std_fit_time': array([0.15587403, 0.35008677, 0.62973182]), 'mean_score_time': array([0.14709401, 0.14061062, 0.14467112]), 'std_score_time': array([0.00409732, 0.0007006 , 0.00208721]), 'param_c': masked_array(data=[1, 1, 1],
             mask=[False, False, False],
       fill_value='?',
            dtype=object), 'param_fuzzifier': masked_array(data=[<class 'fuzzylearn.fuzzifiers.LinearFuzzifier'>,
                   <class 'fuzzylearn.fuzzifiers.LinearFuzzifier'>,
                   <class 'fuzzylearn.fuzzifiers.LinearFuzzifier'>],
             mask=[False, False, False],
       fill_value='?',
            dtype=object), 'param_k': masked_array(data=[GaussianKernel(0.5), GaussianKernel(0.65),
                   GaussianKernel(0.8)],
             mask=[False, False, False],
       fill_value='?',
            dtype=object), 'params': [{'c': 1, 'fuzzifier': <class 'fuzzylearn.fuzzifiers.LinearFuzzifier'>, 'k': GaussianKernel(0.5)}, {'c': 1, 'fuzzifier': <class 'fuzzylearn.fuzzifiers.LinearFuzzifier'>, 'k': GaussianKernel(0.65)}, {'c': 1, 'fuzzifier': <class 'fuzzylearn.fuzzifiers.LinearFuzzifier'>, 'k': GaussianKernel(0.8)}], 'split0_test_score': array([-0., -0., -0.]), 'split1_test_score': array([-0.025, -0.   , -0.   ]), 'split2_test_score': array([-0., -0., -0.]), 'mean_test_score': array([-0.00833333,  0.        ,  0.        ]), 'std_test_score': array([0.01178511, 0.        , 0.        ]), 'rank_test_score': array([3, 1, 1], dtype=int32)}
2020-03-29 02:32:30,496 - __main__ - INFO - (14) - BEST_SCORE_: 0.0
2020-03-29 02:32:30,505 - __main__ - INFO - (14) - BEST_PARAMS_: {'c': 1, 'fuzzifier': <class 'fuzzylearn.fuzzifiers.LinearFuzzifier'>, 'k': GaussianKernel(0.65)}
2020-03-29 02:32:30,506 - __main__ - INFO - (15) - Started GridSearchCV with: {'c': [1], 'k': [GaussianKernel(0.5), GaussianKernel(0.65), GaussianKernel(0.8)], 'fuzzifier': [<class 'fuzzylearn.fuzzifiers.LinearFuzzifier'>]}
2020-03-29 02:41:24,705 - __main__ - INFO - (15) - CV_RESULTS_: {'mean_fit_time': array([52.74037147, 52.45103327, 52.7412107 ]), 'std_fit_time': array([0.42488798, 0.14356492, 0.09332948]), 'mean_score_time': array([0.14766876, 0.14257526, 0.15269899]), 'std_score_time': array([0.00435031, 0.00210313, 0.00482222]), 'param_c': masked_array(data=[1, 1, 1],
             mask=[False, False, False],
       fill_value='?',
            dtype=object), 'param_fuzzifier': masked_array(data=[<class 'fuzzylearn.fuzzifiers.LinearFuzzifier'>,
                   <class 'fuzzylearn.fuzzifiers.LinearFuzzifier'>,
                   <class 'fuzzylearn.fuzzifiers.LinearFuzzifier'>],
             mask=[False, False, False],
       fill_value='?',
            dtype=object), 'param_k': masked_array(data=[GaussianKernel(0.5), GaussianKernel(0.65),
                   GaussianKernel(0.8)],
             mask=[False, False, False],
       fill_value='?',
            dtype=object), 'params': [{'c': 1, 'fuzzifier': <class 'fuzzylearn.fuzzifiers.LinearFuzzifier'>, 'k': GaussianKernel(0.5)}, {'c': 1, 'fuzzifier': <class 'fuzzylearn.fuzzifiers.LinearFuzzifier'>, 'k': GaussianKernel(0.65)}, {'c': 1, 'fuzzifier': <class 'fuzzylearn.fuzzifiers.LinearFuzzifier'>, 'k': GaussianKernel(0.8)}], 'split0_test_score': array([-0.00114688, -0.        , -0.        ]), 'split1_test_score': array([-0.00338006, -0.        , -0.        ]), 'split2_test_score': array([-0.025, -0.025, -0.025]), 'mean_test_score': array([-0.00984231, -0.00833333, -0.00833333]), 'std_test_score': array([0.01075681, 0.01178511, 0.01178511]), 'rank_test_score': array([3, 1, 1], dtype=int32)}
2020-03-29 02:41:24,714 - __main__ - INFO - (15) - BEST_SCORE_: -0.008333333333333333
2020-03-29 02:41:24,716 - __main__ - INFO - (15) - BEST_PARAMS_: {'c': 1, 'fuzzifier': <class 'fuzzylearn.fuzzifiers.LinearFuzzifier'>, 'k': GaussianKernel(0.65)}
2020-03-29 02:41:24,718 - __main__ - INFO - (16) - Started GridSearchCV with: {'c': [1], 'k': [GaussianKernel(0.5), GaussianKernel(0.65), GaussianKernel(0.8)], 'fuzzifier': [<class 'fuzzylearn.fuzzifiers.LinearFuzzifier'>]}
2020-03-29 02:50:23,939 - __main__ - INFO - (16) - CV_RESULTS_: {'mean_fit_time': array([52.72296254, 52.92156021, 52.75420801]), 'std_fit_time': array([0.1908666 , 0.44687829, 0.13522808]), 'mean_score_time': array([0.14879775, 0.14113673, 0.14161229]), 'std_score_time': array([0.0087871 , 0.00059122, 0.00209285]), 'param_c': masked_array(data=[1, 1, 1],
             mask=[False, False, False],
       fill_value='?',
            dtype=object), 'param_fuzzifier': masked_array(data=[<class 'fuzzylearn.fuzzifiers.LinearFuzzifier'>,
                   <class 'fuzzylearn.fuzzifiers.LinearFuzzifier'>,
                   <class 'fuzzylearn.fuzzifiers.LinearFuzzifier'>],
             mask=[False, False, False],
       fill_value='?',
            dtype=object), 'param_k': masked_array(data=[GaussianKernel(0.5), GaussianKernel(0.65),
                   GaussianKernel(0.8)],
             mask=[False, False, False],
       fill_value='?',
            dtype=object), 'params': [{'c': 1, 'fuzzifier': <class 'fuzzylearn.fuzzifiers.LinearFuzzifier'>, 'k': GaussianKernel(0.5)}, {'c': 1, 'fuzzifier': <class 'fuzzylearn.fuzzifiers.LinearFuzzifier'>, 'k': GaussianKernel(0.65)}, {'c': 1, 'fuzzifier': <class 'fuzzylearn.fuzzifiers.LinearFuzzifier'>, 'k': GaussianKernel(0.8)}], 'split0_test_score': array([-1.18172555e-04, -3.05663600e-06, -0.00000000e+00]), 'split1_test_score': array([-0.00759178, -0.00640756, -0.00630149]), 'split2_test_score': array([-2.96627461e-05, -0.00000000e+00, -0.00000000e+00]), 'mean_test_score': array([-0.00257987, -0.00213687, -0.0021005 ]), 'std_test_score': array([0.00354414, 0.00301983, 0.00297055]), 'rank_test_score': array([3, 2, 1], dtype=int32)}
2020-03-29 02:50:23,944 - __main__ - INFO - (16) - BEST_SCORE_: -0.0021004966311320536
2020-03-29 02:50:23,954 - __main__ - INFO - (16) - BEST_PARAMS_: {'c': 1, 'fuzzifier': <class 'fuzzylearn.fuzzifiers.LinearFuzzifier'>, 'k': GaussianKernel(0.8)}
2020-03-29 02:50:23,965 - __main__ - INFO - (17) - Started GridSearchCV with: {'c': [1], 'k': [GaussianKernel(0.5), GaussianKernel(0.65), GaussianKernel(0.8)], 'fuzzifier': [<class 'fuzzylearn.fuzzifiers.LinearFuzzifier'>]}
2020-03-29 02:59:36,904 - __main__ - INFO - (17) - CV_RESULTS_: {'mean_fit_time': array([55.80825114, 54.71692308, 53.48059289]), 'std_fit_time': array([0.41908812, 0.64838005, 0.27909467]), 'mean_score_time': array([0.14144286, 0.14502033, 0.16652703]), 'std_score_time': array([0.00418596, 0.0080677 , 0.00849955]), 'param_c': masked_array(data=[1, 1, 1],
             mask=[False, False, False],
       fill_value='?',
            dtype=object), 'param_fuzzifier': masked_array(data=[<class 'fuzzylearn.fuzzifiers.LinearFuzzifier'>,
                   <class 'fuzzylearn.fuzzifiers.LinearFuzzifier'>,
                   <class 'fuzzylearn.fuzzifiers.LinearFuzzifier'>],
             mask=[False, False, False],
       fill_value='?',
            dtype=object), 'param_k': masked_array(data=[GaussianKernel(0.5), GaussianKernel(0.65),
                   GaussianKernel(0.8)],
             mask=[False, False, False],
       fill_value='?',
            dtype=object), 'params': [{'c': 1, 'fuzzifier': <class 'fuzzylearn.fuzzifiers.LinearFuzzifier'>, 'k': GaussianKernel(0.5)}, {'c': 1, 'fuzzifier': <class 'fuzzylearn.fuzzifiers.LinearFuzzifier'>, 'k': GaussianKernel(0.65)}, {'c': 1, 'fuzzifier': <class 'fuzzylearn.fuzzifiers.LinearFuzzifier'>, 'k': GaussianKernel(0.8)}], 'split0_test_score': array([-0.0218764 , -0.02491542, -0.025     ]), 'split1_test_score': array([-0.01103341, -0.00376225, -0.00036741]), 'split2_test_score': array([-0.00038829, -0.        , -0.        ]), 'mean_test_score': array([-0.01109937, -0.00955922, -0.0084558 ]), 'std_test_score': array([0.00877261, 0.01096656, 0.01169948]), 'rank_test_score': array([3, 2, 1], dtype=int32)}
2020-03-29 02:59:36,909 - __main__ - INFO - (17) - BEST_SCORE_: -0.008455802292076382
2020-03-29 02:59:36,922 - __main__ - INFO - (17) - BEST_PARAMS_: {'c': 1, 'fuzzifier': <class 'fuzzylearn.fuzzifiers.LinearFuzzifier'>, 'k': GaussianKernel(0.8)}
2020-03-29 02:59:36,924 - __main__ - INFO - (18) - Started GridSearchCV with: {'c': [1], 'k': [GaussianKernel(0.5), GaussianKernel(0.65), GaussianKernel(0.8)], 'fuzzifier': [<class 'fuzzylearn.fuzzifiers.LinearFuzzifier'>]}
2020-03-29 03:08:36,718 - __main__ - INFO - (18) - CV_RESULTS_: {'mean_fit_time': array([53.52703277, 53.09647131, 53.01992583]), 'std_fit_time': array([0.38199194, 0.07016098, 0.3439402 ]), 'mean_score_time': array([0.15600808, 0.14576157, 0.14824867]), 'std_score_time': array([0.02358595, 0.020062  , 0.01806716]), 'param_c': masked_array(data=[1, 1, 1],
             mask=[False, False, False],
       fill_value='?',
            dtype=object), 'param_fuzzifier': masked_array(data=[<class 'fuzzylearn.fuzzifiers.LinearFuzzifier'>,
                   <class 'fuzzylearn.fuzzifiers.LinearFuzzifier'>,
                   <class 'fuzzylearn.fuzzifiers.LinearFuzzifier'>],
             mask=[False, False, False],
       fill_value='?',
            dtype=object), 'param_k': masked_array(data=[GaussianKernel(0.5), GaussianKernel(0.65),
                   GaussianKernel(0.8)],
             mask=[False, False, False],
       fill_value='?',
            dtype=object), 'params': [{'c': 1, 'fuzzifier': <class 'fuzzylearn.fuzzifiers.LinearFuzzifier'>, 'k': GaussianKernel(0.5)}, {'c': 1, 'fuzzifier': <class 'fuzzylearn.fuzzifiers.LinearFuzzifier'>, 'k': GaussianKernel(0.65)}, {'c': 1, 'fuzzifier': <class 'fuzzylearn.fuzzifiers.LinearFuzzifier'>, 'k': GaussianKernel(0.8)}], 'split0_test_score': array([-0., -0., -0.]), 'split1_test_score': array([-0., -0., -0.]), 'split2_test_score': array([-0.00049712, -0.        , -0.        ]), 'mean_test_score': array([-0.00016571,  0.        ,  0.        ]), 'std_test_score': array([0.00023434, 0.        , 0.        ]), 'rank_test_score': array([3, 1, 1], dtype=int32)}
2020-03-29 03:08:36,727 - __main__ - INFO - (18) - BEST_SCORE_: 0.0
2020-03-29 03:08:36,728 - __main__ - INFO - (18) - BEST_PARAMS_: {'c': 1, 'fuzzifier': <class 'fuzzylearn.fuzzifiers.LinearFuzzifier'>, 'k': GaussianKernel(0.65)}
2020-03-29 03:08:36,730 - __main__ - INFO - (19) - Started GridSearchCV with: {'c': [1], 'k': [GaussianKernel(0.5), GaussianKernel(0.65), GaussianKernel(0.8)], 'fuzzifier': [<class 'fuzzylearn.fuzzifiers.LinearFuzzifier'>]}
2020-03-29 03:17:24,971 - __main__ - INFO - (19) - CV_RESULTS_: {'mean_fit_time': array([52.72199694, 51.94952989, 51.57231021]), 'std_fit_time': array([0.21029464, 0.23367346, 0.13512049]), 'mean_score_time': array([0.15697082, 0.1663185 , 0.1509606 ]), 'std_score_time': array([0.02106   , 0.00483266, 0.01264251]), 'param_c': masked_array(data=[1, 1, 1],
             mask=[False, False, False],
       fill_value='?',
            dtype=object), 'param_fuzzifier': masked_array(data=[<class 'fuzzylearn.fuzzifiers.LinearFuzzifier'>,
                   <class 'fuzzylearn.fuzzifiers.LinearFuzzifier'>,
                   <class 'fuzzylearn.fuzzifiers.LinearFuzzifier'>],
             mask=[False, False, False],
       fill_value='?',
            dtype=object), 'param_k': masked_array(data=[GaussianKernel(0.5), GaussianKernel(0.65),
                   GaussianKernel(0.8)],
             mask=[False, False, False],
       fill_value='?',
            dtype=object), 'params': [{'c': 1, 'fuzzifier': <class 'fuzzylearn.fuzzifiers.LinearFuzzifier'>, 'k': GaussianKernel(0.5)}, {'c': 1, 'fuzzifier': <class 'fuzzylearn.fuzzifiers.LinearFuzzifier'>, 'k': GaussianKernel(0.65)}, {'c': 1, 'fuzzifier': <class 'fuzzylearn.fuzzifiers.LinearFuzzifier'>, 'k': GaussianKernel(0.8)}], 'split0_test_score': array([-0.00043642, -0.        , -0.        ]), 'split1_test_score': array([-1.07140356e-03, -5.49412992e-05, -0.00000000e+00]), 'split2_test_score': array([-0.00054238, -0.00036444, -0.00011532]), 'mean_test_score': array([-6.83400875e-04, -1.39793369e-04, -3.84388847e-05]), 'std_test_score': array([2.77748900e-04, 1.60424055e-04, 5.43607921e-05]), 'rank_test_score': array([3, 2, 1], dtype=int32)}
2020-03-29 03:17:24,975 - __main__ - INFO - (19) - BEST_SCORE_: -3.8438884691491635e-05
2020-03-29 03:17:24,976 - __main__ - INFO - (19) - BEST_PARAMS_: {'c': 1, 'fuzzifier': <class 'fuzzylearn.fuzzifiers.LinearFuzzifier'>, 'k': GaussianKernel(0.8)}
2020-03-29 03:17:24,977 - __main__ - INFO - (20) - Started GridSearchCV with: {'c': [1], 'k': [GaussianKernel(0.5), GaussianKernel(0.65), GaussianKernel(0.8)], 'fuzzifier': [<class 'fuzzylearn.fuzzifiers.LinearFuzzifier'>]}
2020-03-29 03:26:14,615 - __main__ - INFO - (20) - CV_RESULTS_: {'mean_fit_time': array([52.09484045, 51.78865258, 52.82050451]), 'std_fit_time': array([0.63054721, 0.75732431, 1.39811751]), 'mean_score_time': array([0.13789272, 0.1512262 , 0.1495928 ]), 'std_score_time': array([0.0047676 , 0.00286658, 0.01571234]), 'param_c': masked_array(data=[1, 1, 1],
             mask=[False, False, False],
       fill_value='?',
            dtype=object), 'param_fuzzifier': masked_array(data=[<class 'fuzzylearn.fuzzifiers.LinearFuzzifier'>,
                   <class 'fuzzylearn.fuzzifiers.LinearFuzzifier'>,
                   <class 'fuzzylearn.fuzzifiers.LinearFuzzifier'>],
             mask=[False, False, False],
       fill_value='?',
            dtype=object), 'param_k': masked_array(data=[GaussianKernel(0.5), GaussianKernel(0.65),
                   GaussianKernel(0.8)],
             mask=[False, False, False],
       fill_value='?',
            dtype=object), 'params': [{'c': 1, 'fuzzifier': <class 'fuzzylearn.fuzzifiers.LinearFuzzifier'>, 'k': GaussianKernel(0.5)}, {'c': 1, 'fuzzifier': <class 'fuzzylearn.fuzzifiers.LinearFuzzifier'>, 'k': GaussianKernel(0.65)}, {'c': 1, 'fuzzifier': <class 'fuzzylearn.fuzzifiers.LinearFuzzifier'>, 'k': GaussianKernel(0.8)}], 'split0_test_score': array([-0.00091073, -0.        , -0.        ]), 'split1_test_score': array([-3.04876240e-05, -3.41848964e-04, -5.24159061e-04]), 'split2_test_score': array([-0.00013932, -0.00060224, -0.00168919]), 'mean_test_score': array([-0.00036018, -0.0003147 , -0.00073778]), 'std_test_score': array([0.00039182, 0.00024661, 0.00070596]), 'rank_test_score': array([2, 1, 3], dtype=int32)}
2020-03-29 03:26:14,620 - __main__ - INFO - (20) - BEST_SCORE_: -0.00031469694469020995
2020-03-29 03:26:14,627 - __main__ - INFO - (20) - BEST_PARAMS_: {'c': 1, 'fuzzifier': <class 'fuzzylearn.fuzzifiers.LinearFuzzifier'>, 'k': GaussianKernel(0.65)}
2020-03-29 03:26:14,629 - __main__ - INFO - (21) - Started GridSearchCV with: {'c': [1], 'k': [GaussianKernel(0.5), GaussianKernel(0.65), GaussianKernel(0.8)], 'fuzzifier': [<class 'fuzzylearn.fuzzifiers.LinearFuzzifier'>]}
2020-03-29 03:35:03,933 - __main__ - INFO - (21) - CV_RESULTS_: {'mean_fit_time': array([52.06287471, 52.25391118, 52.23201927]), 'std_fit_time': array([0.20456671, 0.20554672, 0.45176492]), 'mean_score_time': array([0.13971933, 0.15687029, 0.1594003 ]), 'std_score_time': array([0.00518033, 0.01768409, 0.02228399]), 'param_c': masked_array(data=[1, 1, 1],
             mask=[False, False, False],
       fill_value='?',
            dtype=object), 'param_fuzzifier': masked_array(data=[<class 'fuzzylearn.fuzzifiers.LinearFuzzifier'>,
                   <class 'fuzzylearn.fuzzifiers.LinearFuzzifier'>,
                   <class 'fuzzylearn.fuzzifiers.LinearFuzzifier'>],
             mask=[False, False, False],
       fill_value='?',
            dtype=object), 'param_k': masked_array(data=[GaussianKernel(0.5), GaussianKernel(0.65),
                   GaussianKernel(0.8)],
             mask=[False, False, False],
       fill_value='?',
            dtype=object), 'params': [{'c': 1, 'fuzzifier': <class 'fuzzylearn.fuzzifiers.LinearFuzzifier'>, 'k': GaussianKernel(0.5)}, {'c': 1, 'fuzzifier': <class 'fuzzylearn.fuzzifiers.LinearFuzzifier'>, 'k': GaussianKernel(0.65)}, {'c': 1, 'fuzzifier': <class 'fuzzylearn.fuzzifiers.LinearFuzzifier'>, 'k': GaussianKernel(0.8)}], 'split0_test_score': array([-5.65532756e-05, -1.83119470e-04, -2.78853016e-04]), 'split1_test_score': array([-1.29272408e-04, -1.77402578e-05, -4.60882293e-06]), 'split2_test_score': array([-3.37746712e-05, -0.00000000e+00, -0.00000000e+00]), 'mean_test_score': array([-7.32001181e-05, -6.69532427e-05, -9.44872796e-05]), 'std_test_score': array([4.07250327e-05, 8.24605906e-05, 1.30379840e-04]), 'rank_test_score': array([2, 1, 3], dtype=int32)}
2020-03-29 03:35:03,937 - __main__ - INFO - (21) - BEST_SCORE_: -6.695324268630185e-05
2020-03-29 03:35:03,945 - __main__ - INFO - (21) - BEST_PARAMS_: {'c': 1, 'fuzzifier': <class 'fuzzylearn.fuzzifiers.LinearFuzzifier'>, 'k': GaussianKernel(0.65)}
2020-03-29 03:35:03,952 - __main__ - INFO - (22) - Started GridSearchCV with: {'c': [1], 'k': [GaussianKernel(0.5), GaussianKernel(0.65), GaussianKernel(0.8)], 'fuzzifier': [<class 'fuzzylearn.fuzzifiers.LinearFuzzifier'>]}
2020-03-29 03:43:47,764 - __main__ - INFO - (22) - CV_RESULTS_: {'mean_fit_time': array([51.97959224, 51.58977381, 51.5406851 ]), 'std_fit_time': array([0.35743358, 0.40455896, 0.22471925]), 'mean_score_time': array([0.147307  , 0.15639361, 0.16635656]), 'std_score_time': array([0.01479402, 0.01101048, 0.01092465]), 'param_c': masked_array(data=[1, 1, 1],
             mask=[False, False, False],
       fill_value='?',
            dtype=object), 'param_fuzzifier': masked_array(data=[<class 'fuzzylearn.fuzzifiers.LinearFuzzifier'>,
                   <class 'fuzzylearn.fuzzifiers.LinearFuzzifier'>,
                   <class 'fuzzylearn.fuzzifiers.LinearFuzzifier'>],
             mask=[False, False, False],
       fill_value='?',
            dtype=object), 'param_k': masked_array(data=[GaussianKernel(0.5), GaussianKernel(0.65),
                   GaussianKernel(0.8)],
             mask=[False, False, False],
       fill_value='?',
            dtype=object), 'params': [{'c': 1, 'fuzzifier': <class 'fuzzylearn.fuzzifiers.LinearFuzzifier'>, 'k': GaussianKernel(0.5)}, {'c': 1, 'fuzzifier': <class 'fuzzylearn.fuzzifiers.LinearFuzzifier'>, 'k': GaussianKernel(0.65)}, {'c': 1, 'fuzzifier': <class 'fuzzylearn.fuzzifiers.LinearFuzzifier'>, 'k': GaussianKernel(0.8)}], 'split0_test_score': array([-0.0120417, -0.025    , -0.025    ]), 'split1_test_score': array([-4.45219923e-03, -4.47393674e-04, -1.96711217e-06]), 'split2_test_score': array([-0.0002386, -0.       , -0.       ]), 'mean_test_score': array([-0.0055775 , -0.00848246, -0.00833399]), 'std_test_score': array([0.00488385, 0.01168109, 0.01178465]), 'rank_test_score': array([1, 3, 2], dtype=int32)}
2020-03-29 03:43:47,768 - __main__ - INFO - (22) - BEST_SCORE_: -0.005577499370738607
2020-03-29 03:43:47,777 - __main__ - INFO - (22) - BEST_PARAMS_: {'c': 1, 'fuzzifier': <class 'fuzzylearn.fuzzifiers.LinearFuzzifier'>, 'k': GaussianKernel(0.5)}
2020-03-29 03:43:47,781 - __main__ - INFO - (23) - Started GridSearchCV with: {'c': [1], 'k': [GaussianKernel(0.5), GaussianKernel(0.65), GaussianKernel(0.8)], 'fuzzifier': [<class 'fuzzylearn.fuzzifiers.LinearFuzzifier'>]}
2020-03-29 03:52:39,465 - __main__ - INFO - (23) - CV_RESULTS_: {'mean_fit_time': array([51.70602989, 52.57261515, 52.70661966]), 'std_fit_time': array([0.47403764, 0.26548096, 0.22407773]), 'mean_score_time': array([0.14742033, 0.15093939, 0.15460141]), 'std_score_time': array([0.0247327 , 0.0303757 , 0.01729835]), 'param_c': masked_array(data=[1, 1, 1],
             mask=[False, False, False],
       fill_value='?',
            dtype=object), 'param_fuzzifier': masked_array(data=[<class 'fuzzylearn.fuzzifiers.LinearFuzzifier'>,
                   <class 'fuzzylearn.fuzzifiers.LinearFuzzifier'>,
                   <class 'fuzzylearn.fuzzifiers.LinearFuzzifier'>],
             mask=[False, False, False],
       fill_value='?',
            dtype=object), 'param_k': masked_array(data=[GaussianKernel(0.5), GaussianKernel(0.65),
                   GaussianKernel(0.8)],
             mask=[False, False, False],
       fill_value='?',
            dtype=object), 'params': [{'c': 1, 'fuzzifier': <class 'fuzzylearn.fuzzifiers.LinearFuzzifier'>, 'k': GaussianKernel(0.5)}, {'c': 1, 'fuzzifier': <class 'fuzzylearn.fuzzifiers.LinearFuzzifier'>, 'k': GaussianKernel(0.65)}, {'c': 1, 'fuzzifier': <class 'fuzzylearn.fuzzifiers.LinearFuzzifier'>, 'k': GaussianKernel(0.8)}], 'split0_test_score': array([-0.0084798 , -0.00014131, -0.        ]), 'split1_test_score': array([-0., -0., -0.]), 'split2_test_score': array([-0., -0., -0.]), 'mean_test_score': array([-2.82659938e-03, -4.71030131e-05,  0.00000000e+00]), 'std_test_score': array([3.99741518e-03, 6.66137199e-05, 0.00000000e+00]), 'rank_test_score': array([3, 2, 1], dtype=int32)}
2020-03-29 03:52:39,469 - __main__ - INFO - (23) - BEST_SCORE_: 0.0
2020-03-29 03:52:39,476 - __main__ - INFO - (23) - BEST_PARAMS_: {'c': 1, 'fuzzifier': <class 'fuzzylearn.fuzzifiers.LinearFuzzifier'>, 'k': GaussianKernel(0.8)}
2020-03-29 03:52:39,484 - __main__ - INFO - (24) - Started GridSearchCV with: {'c': [1], 'k': [GaussianKernel(0.5), GaussianKernel(0.65), GaussianKernel(0.8)], 'fuzzifier': [<class 'fuzzylearn.fuzzifiers.LinearFuzzifier'>]}
2020-03-29 04:01:44,188 - __main__ - INFO - (24) - CV_RESULTS_: {'mean_fit_time': array([53.9088668 , 53.46929391, 53.85381595]), 'std_fit_time': array([0.65992656, 0.26969991, 0.36726088]), 'mean_score_time': array([0.14469655, 0.16300797, 0.16062649]), 'std_score_time': array([0.01291301, 0.01311091, 0.01549725]), 'param_c': masked_array(data=[1, 1, 1],
             mask=[False, False, False],
       fill_value='?',
            dtype=object), 'param_fuzzifier': masked_array(data=[<class 'fuzzylearn.fuzzifiers.LinearFuzzifier'>,
                   <class 'fuzzylearn.fuzzifiers.LinearFuzzifier'>,
                   <class 'fuzzylearn.fuzzifiers.LinearFuzzifier'>],
             mask=[False, False, False],
       fill_value='?',
            dtype=object), 'param_k': masked_array(data=[GaussianKernel(0.5), GaussianKernel(0.65),
                   GaussianKernel(0.8)],
             mask=[False, False, False],
       fill_value='?',
            dtype=object), 'params': [{'c': 1, 'fuzzifier': <class 'fuzzylearn.fuzzifiers.LinearFuzzifier'>, 'k': GaussianKernel(0.5)}, {'c': 1, 'fuzzifier': <class 'fuzzylearn.fuzzifiers.LinearFuzzifier'>, 'k': GaussianKernel(0.65)}, {'c': 1, 'fuzzifier': <class 'fuzzylearn.fuzzifiers.LinearFuzzifier'>, 'k': GaussianKernel(0.8)}], 'split0_test_score': array([-0., -0., -0.]), 'split1_test_score': array([-0., -0., -0.]), 'split2_test_score': array([-0., -0., -0.]), 'mean_test_score': array([0., 0., 0.]), 'std_test_score': array([0., 0., 0.]), 'rank_test_score': array([1, 1, 1], dtype=int32)}
2020-03-29 04:01:44,192 - __main__ - INFO - (24) - BEST_SCORE_: 0.0
2020-03-29 04:01:44,201 - __main__ - INFO - (24) - BEST_PARAMS_: {'c': 1, 'fuzzifier': <class 'fuzzylearn.fuzzifiers.LinearFuzzifier'>, 'k': GaussianKernel(0.5)}
2020-03-29 04:01:44,202 - __main__ - INFO - (25) - Started GridSearchCV with: {'c': [1], 'k': [GaussianKernel(0.5), GaussianKernel(0.65), GaussianKernel(0.8)], 'fuzzifier': [<class 'fuzzylearn.fuzzifiers.LinearFuzzifier'>]}
2020-03-29 04:10:36,421 - __main__ - INFO - (25) - CV_RESULTS_: {'mean_fit_time': array([52.58815145, 52.96439314, 52.21738219]), 'std_fit_time': array([0.65232027, 1.05116548, 0.46282267]), 'mean_score_time': array([0.15375916, 0.14932752, 0.14677008]), 'std_score_time': array([0.01376202, 0.00696361, 0.01740622]), 'param_c': masked_array(data=[1, 1, 1],
             mask=[False, False, False],
       fill_value='?',
            dtype=object), 'param_fuzzifier': masked_array(data=[<class 'fuzzylearn.fuzzifiers.LinearFuzzifier'>,
                   <class 'fuzzylearn.fuzzifiers.LinearFuzzifier'>,
                   <class 'fuzzylearn.fuzzifiers.LinearFuzzifier'>],
             mask=[False, False, False],
       fill_value='?',
            dtype=object), 'param_k': masked_array(data=[GaussianKernel(0.5), GaussianKernel(0.65),
                   GaussianKernel(0.8)],
             mask=[False, False, False],
       fill_value='?',
            dtype=object), 'params': [{'c': 1, 'fuzzifier': <class 'fuzzylearn.fuzzifiers.LinearFuzzifier'>, 'k': GaussianKernel(0.5)}, {'c': 1, 'fuzzifier': <class 'fuzzylearn.fuzzifiers.LinearFuzzifier'>, 'k': GaussianKernel(0.65)}, {'c': 1, 'fuzzifier': <class 'fuzzylearn.fuzzifiers.LinearFuzzifier'>, 'k': GaussianKernel(0.8)}], 'split0_test_score': array([-0.0155935 , -0.00695269, -0.00196175]), 'split1_test_score': array([-0., -0., -0.]), 'split2_test_score': array([-0.00155748, -0.        , -0.        ]), 'mean_test_score': array([-0.00571699, -0.00231756, -0.00065392]), 'std_test_score': array([0.00701263, 0.00327753, 0.00092478]), 'rank_test_score': array([3, 2, 1], dtype=int32)}
2020-03-29 04:10:36,426 - __main__ - INFO - (25) - BEST_SCORE_: -0.0006539158877302631
2020-03-29 04:10:36,435 - __main__ - INFO - (25) - BEST_PARAMS_: {'c': 1, 'fuzzifier': <class 'fuzzylearn.fuzzifiers.LinearFuzzifier'>, 'k': GaussianKernel(0.8)}
2020-03-29 04:10:36,437 - __main__ - INFO - (26) - Started GridSearchCV with: {'c': [1], 'k': [GaussianKernel(0.5), GaussianKernel(0.65), GaussianKernel(0.8)], 'fuzzifier': [<class 'fuzzylearn.fuzzifiers.LinearFuzzifier'>]}
2020-03-29 04:19:12,186 - __main__ - INFO - (26) - CV_RESULTS_: {'mean_fit_time': array([51.08524466, 50.16240764, 51.50096639]), 'std_fit_time': array([0.10428977, 0.24076047, 0.31879445]), 'mean_score_time': array([0.14383737, 0.15090164, 0.15236505]), 'std_score_time': array([0.0175293 , 0.01968629, 0.01540662]), 'param_c': masked_array(data=[1, 1, 1],
             mask=[False, False, False],
       fill_value='?',
            dtype=object), 'param_fuzzifier': masked_array(data=[<class 'fuzzylearn.fuzzifiers.LinearFuzzifier'>,
                   <class 'fuzzylearn.fuzzifiers.LinearFuzzifier'>,
                   <class 'fuzzylearn.fuzzifiers.LinearFuzzifier'>],
             mask=[False, False, False],
       fill_value='?',
            dtype=object), 'param_k': masked_array(data=[GaussianKernel(0.5), GaussianKernel(0.65),
                   GaussianKernel(0.8)],
             mask=[False, False, False],
       fill_value='?',
            dtype=object), 'params': [{'c': 1, 'fuzzifier': <class 'fuzzylearn.fuzzifiers.LinearFuzzifier'>, 'k': GaussianKernel(0.5)}, {'c': 1, 'fuzzifier': <class 'fuzzylearn.fuzzifiers.LinearFuzzifier'>, 'k': GaussianKernel(0.65)}, {'c': 1, 'fuzzifier': <class 'fuzzylearn.fuzzifiers.LinearFuzzifier'>, 'k': GaussianKernel(0.8)}], 'split0_test_score': array([-0., -0., -0.]), 'split1_test_score': array([-0.00122779, -0.        , -0.        ]), 'split2_test_score': array([-0.00000000e+00, -0.00000000e+00, -1.80805003e-05]), 'mean_test_score': array([-4.09263254e-04,  0.00000000e+00, -6.02683344e-06]), 'std_test_score': array([5.78785645e-04, 0.00000000e+00, 8.52322959e-06]), 'rank_test_score': array([3, 1, 2], dtype=int32)}
2020-03-29 04:19:12,190 - __main__ - INFO - (26) - BEST_SCORE_: 0.0
2020-03-29 04:19:12,198 - __main__ - INFO - (26) - BEST_PARAMS_: {'c': 1, 'fuzzifier': <class 'fuzzylearn.fuzzifiers.LinearFuzzifier'>, 'k': GaussianKernel(0.65)}
2020-03-29 04:19:12,202 - __main__ - INFO - (27) - Started GridSearchCV with: {'c': [1], 'k': [GaussianKernel(0.5), GaussianKernel(0.65), GaussianKernel(0.8)], 'fuzzifier': [<class 'fuzzylearn.fuzzifiers.LinearFuzzifier'>]}
2020-03-29 04:28:01,460 - __main__ - INFO - (27) - CV_RESULTS_: {'mean_fit_time': array([50.30630636, 52.08946991, 53.35983626]), 'std_fit_time': array([0.44136389, 0.69201037, 0.87791684]), 'mean_score_time': array([0.13381457, 0.13571787, 0.16247924]), 'std_score_time': array([0.01051255, 0.00061457, 0.00904788]), 'param_c': masked_array(data=[1, 1, 1],
             mask=[False, False, False],
       fill_value='?',
            dtype=object), 'param_fuzzifier': masked_array(data=[<class 'fuzzylearn.fuzzifiers.LinearFuzzifier'>,
                   <class 'fuzzylearn.fuzzifiers.LinearFuzzifier'>,
                   <class 'fuzzylearn.fuzzifiers.LinearFuzzifier'>],
             mask=[False, False, False],
       fill_value='?',
            dtype=object), 'param_k': masked_array(data=[GaussianKernel(0.5), GaussianKernel(0.65),
                   GaussianKernel(0.8)],
             mask=[False, False, False],
       fill_value='?',
            dtype=object), 'params': [{'c': 1, 'fuzzifier': <class 'fuzzylearn.fuzzifiers.LinearFuzzifier'>, 'k': GaussianKernel(0.5)}, {'c': 1, 'fuzzifier': <class 'fuzzylearn.fuzzifiers.LinearFuzzifier'>, 'k': GaussianKernel(0.65)}, {'c': 1, 'fuzzifier': <class 'fuzzylearn.fuzzifiers.LinearFuzzifier'>, 'k': GaussianKernel(0.8)}], 'split0_test_score': array([-0.01251836, -0.00085966, -0.        ]), 'split1_test_score': array([-0.025, -0.025, -0.025]), 'split2_test_score': array([-0.00022671, -0.        , -0.        ]), 'mean_test_score': array([-0.01258169, -0.00861989, -0.00833333]), 'std_test_score': array([0.01011375, 0.0115878 , 0.01178511]), 'rank_test_score': array([3, 2, 1], dtype=int32)}
2020-03-29 04:28:01,465 - __main__ - INFO - (27) - BEST_SCORE_: -0.008333333333333333
2020-03-29 04:28:01,472 - __main__ - INFO - (27) - BEST_PARAMS_: {'c': 1, 'fuzzifier': <class 'fuzzylearn.fuzzifiers.LinearFuzzifier'>, 'k': GaussianKernel(0.8)}
2020-03-29 04:28:01,475 - __main__ - INFO - (28) - Started GridSearchCV with: {'c': [1], 'k': [GaussianKernel(0.5), GaussianKernel(0.65), GaussianKernel(0.8)], 'fuzzifier': [<class 'fuzzylearn.fuzzifiers.LinearFuzzifier'>]}
2020-03-29 04:37:00,824 - __main__ - INFO - (28) - CV_RESULTS_: {'mean_fit_time': array([53.65399599, 53.31608907, 52.74488417]), 'std_fit_time': array([0.51713415, 0.38439806, 0.15843128]), 'mean_score_time': array([0.16810314, 0.19327744, 0.16048137]), 'std_score_time': array([0.00735338, 0.06692896, 0.00229515]), 'param_c': masked_array(data=[1, 1, 1],
             mask=[False, False, False],
       fill_value='?',
            dtype=object), 'param_fuzzifier': masked_array(data=[<class 'fuzzylearn.fuzzifiers.LinearFuzzifier'>,
                   <class 'fuzzylearn.fuzzifiers.LinearFuzzifier'>,
                   <class 'fuzzylearn.fuzzifiers.LinearFuzzifier'>],
             mask=[False, False, False],
       fill_value='?',
            dtype=object), 'param_k': masked_array(data=[GaussianKernel(0.5), GaussianKernel(0.65),
                   GaussianKernel(0.8)],
             mask=[False, False, False],
       fill_value='?',
            dtype=object), 'params': [{'c': 1, 'fuzzifier': <class 'fuzzylearn.fuzzifiers.LinearFuzzifier'>, 'k': GaussianKernel(0.5)}, {'c': 1, 'fuzzifier': <class 'fuzzylearn.fuzzifiers.LinearFuzzifier'>, 'k': GaussianKernel(0.65)}, {'c': 1, 'fuzzifier': <class 'fuzzylearn.fuzzifiers.LinearFuzzifier'>, 'k': GaussianKernel(0.8)}], 'split0_test_score': array([-6.72973788e-05, -6.19986045e-04, -1.25237638e-03]), 'split1_test_score': array([-0.00256726, -0.        , -0.        ]), 'split2_test_score': array([-1.24378535e-06, -2.23927244e-05, -1.64066904e-04]), 'mean_test_score': array([-0.0008786 , -0.00021413, -0.00047215]), 'std_test_score': array([0.00119436, 0.00028713, 0.00055576]), 'rank_test_score': array([3, 1, 2], dtype=int32)}
2020-03-29 04:37:00,828 - __main__ - INFO - (28) - BEST_SCORE_: -0.00021412625658984058
2020-03-29 04:37:00,829 - __main__ - INFO - (28) - BEST_PARAMS_: {'c': 1, 'fuzzifier': <class 'fuzzylearn.fuzzifiers.LinearFuzzifier'>, 'k': GaussianKernel(0.65)}
2020-03-29 04:37:00,831 - __main__ - INFO - (29) - Started GridSearchCV with: {'c': [1], 'k': [GaussianKernel(0.5), GaussianKernel(0.65), GaussianKernel(0.8)], 'fuzzifier': [<class 'fuzzylearn.fuzzifiers.LinearFuzzifier'>]}
2020-03-29 04:45:56,420 - __main__ - INFO - (29) - CV_RESULTS_: {'mean_fit_time': array([53.03127829, 52.6957105 , 52.54655035]), 'std_fit_time': array([0.14531108, 0.36835031, 0.61946476]), 'mean_score_time': array([0.15565364, 0.1453108 , 0.16954962]), 'std_score_time': array([0.01980364, 0.01584666, 0.00589932]), 'param_c': masked_array(data=[1, 1, 1],
             mask=[False, False, False],
       fill_value='?',
            dtype=object), 'param_fuzzifier': masked_array(data=[<class 'fuzzylearn.fuzzifiers.LinearFuzzifier'>,
                   <class 'fuzzylearn.fuzzifiers.LinearFuzzifier'>,
                   <class 'fuzzylearn.fuzzifiers.LinearFuzzifier'>],
             mask=[False, False, False],
       fill_value='?',
            dtype=object), 'param_k': masked_array(data=[GaussianKernel(0.5), GaussianKernel(0.65),
                   GaussianKernel(0.8)],
             mask=[False, False, False],
       fill_value='?',
            dtype=object), 'params': [{'c': 1, 'fuzzifier': <class 'fuzzylearn.fuzzifiers.LinearFuzzifier'>, 'k': GaussianKernel(0.5)}, {'c': 1, 'fuzzifier': <class 'fuzzylearn.fuzzifiers.LinearFuzzifier'>, 'k': GaussianKernel(0.65)}, {'c': 1, 'fuzzifier': <class 'fuzzylearn.fuzzifiers.LinearFuzzifier'>, 'k': GaussianKernel(0.8)}], 'split0_test_score': array([-0.00611205, -0.00487793, -0.00497024]), 'split1_test_score': array([-0.00010532, -0.        , -0.        ]), 'split2_test_score': array([-0., -0., -0.]), 'mean_test_score': array([-0.00207246, -0.00162598, -0.00165675]), 'std_test_score': array([0.00285675, 0.00229948, 0.00234299]), 'rank_test_score': array([3, 1, 2], dtype=int32)}
2020-03-29 04:45:56,424 - __main__ - INFO - (29) - BEST_SCORE_: -0.0016259777976947607
2020-03-29 04:45:56,429 - __main__ - INFO - (29) - BEST_PARAMS_: {'c': 1, 'fuzzifier': <class 'fuzzylearn.fuzzifiers.LinearFuzzifier'>, 'k': GaussianKernel(0.65)}
2020-03-29 04:45:56,430 - __main__ - INFO - (30) - Started GridSearchCV with: {'c': [1], 'k': [GaussianKernel(0.5), GaussianKernel(0.65), GaussianKernel(0.8)], 'fuzzifier': [<class 'fuzzylearn.fuzzifiers.LinearFuzzifier'>]}
2020-03-29 04:54:55,802 - __main__ - INFO - (30) - CV_RESULTS_: {'mean_fit_time': array([52.29935002, 52.92449625, 53.97397272]), 'std_fit_time': array([0.47577683, 0.30106965, 0.78187113]), 'mean_score_time': array([0.17409452, 0.16940165, 0.15657385]), 'std_score_time': array([0.0015596 , 0.00270734, 0.01953698]), 'param_c': masked_array(data=[1, 1, 1],
             mask=[False, False, False],
       fill_value='?',
            dtype=object), 'param_fuzzifier': masked_array(data=[<class 'fuzzylearn.fuzzifiers.LinearFuzzifier'>,
                   <class 'fuzzylearn.fuzzifiers.LinearFuzzifier'>,
                   <class 'fuzzylearn.fuzzifiers.LinearFuzzifier'>],
             mask=[False, False, False],
       fill_value='?',
            dtype=object), 'param_k': masked_array(data=[GaussianKernel(0.5), GaussianKernel(0.65),
                   GaussianKernel(0.8)],
             mask=[False, False, False],
       fill_value='?',
            dtype=object), 'params': [{'c': 1, 'fuzzifier': <class 'fuzzylearn.fuzzifiers.LinearFuzzifier'>, 'k': GaussianKernel(0.5)}, {'c': 1, 'fuzzifier': <class 'fuzzylearn.fuzzifiers.LinearFuzzifier'>, 'k': GaussianKernel(0.65)}, {'c': 1, 'fuzzifier': <class 'fuzzylearn.fuzzifiers.LinearFuzzifier'>, 'k': GaussianKernel(0.8)}], 'split0_test_score': array([-0., -0., -0.]), 'split1_test_score': array([-2.96067094e-06, -0.00000000e+00, -0.00000000e+00]), 'split2_test_score': array([-0.01944279, -0.01531531, -0.01130345]), 'mean_test_score': array([-0.00648192, -0.0051051 , -0.00376782]), 'std_test_score': array([0.00916472, 0.00721971, 0.0053285 ]), 'rank_test_score': array([3, 2, 1], dtype=int32)}
2020-03-29 04:54:55,806 - __main__ - INFO - (30) - BEST_SCORE_: -0.0037678180414398507
2020-03-29 04:54:55,811 - __main__ - INFO - (30) - BEST_PARAMS_: {'c': 1, 'fuzzifier': <class 'fuzzylearn.fuzzifiers.LinearFuzzifier'>, 'k': GaussianKernel(0.8)}
2020-03-29 04:54:55,813 - __main__ - INFO - (31) - Started GridSearchCV with: {'c': [1], 'k': [GaussianKernel(0.5), GaussianKernel(0.65), GaussianKernel(0.8)], 'fuzzifier': [<class 'fuzzylearn.fuzzifiers.LinearFuzzifier'>]}
2020-03-29 05:03:42,985 - __main__ - INFO - (31) - CV_RESULTS_: {'mean_fit_time': array([52.88850832, 51.86662324, 51.42009473]), 'std_fit_time': array([0.29530059, 0.69813954, 0.16852964]), 'mean_score_time': array([0.1643943 , 0.15626041, 0.15570323]), 'std_score_time': array([0.00999764, 0.01900399, 0.01198684]), 'param_c': masked_array(data=[1, 1, 1],
             mask=[False, False, False],
       fill_value='?',
            dtype=object), 'param_fuzzifier': masked_array(data=[<class 'fuzzylearn.fuzzifiers.LinearFuzzifier'>,
                   <class 'fuzzylearn.fuzzifiers.LinearFuzzifier'>,
                   <class 'fuzzylearn.fuzzifiers.LinearFuzzifier'>],
             mask=[False, False, False],
       fill_value='?',
            dtype=object), 'param_k': masked_array(data=[GaussianKernel(0.5), GaussianKernel(0.65),
                   GaussianKernel(0.8)],
             mask=[False, False, False],
       fill_value='?',
            dtype=object), 'params': [{'c': 1, 'fuzzifier': <class 'fuzzylearn.fuzzifiers.LinearFuzzifier'>, 'k': GaussianKernel(0.5)}, {'c': 1, 'fuzzifier': <class 'fuzzylearn.fuzzifiers.LinearFuzzifier'>, 'k': GaussianKernel(0.65)}, {'c': 1, 'fuzzifier': <class 'fuzzylearn.fuzzifiers.LinearFuzzifier'>, 'k': GaussianKernel(0.8)}], 'split0_test_score': array([-9.77104088e-05, -0.00000000e+00, -0.00000000e+00]), 'split1_test_score': array([-7.38675927e-05, -0.00000000e+00, -0.00000000e+00]), 'split2_test_score': array([-5.87069952e-07, -0.00000000e+00, -0.00000000e+00]), 'mean_test_score': array([-5.73883571e-05,  0.00000000e+00,  0.00000000e+00]), 'std_test_score': array([4.13272278e-05, 0.00000000e+00, 0.00000000e+00]), 'rank_test_score': array([3, 1, 1], dtype=int32)}
2020-03-29 05:03:42,990 - __main__ - INFO - (31) - BEST_SCORE_: 0.0
2020-03-29 05:03:42,996 - __main__ - INFO - (31) - BEST_PARAMS_: {'c': 1, 'fuzzifier': <class 'fuzzylearn.fuzzifiers.LinearFuzzifier'>, 'k': GaussianKernel(0.65)}
2020-03-29 05:03:42,998 - __main__ - INFO - (32) - Started GridSearchCV with: {'c': [1], 'k': [GaussianKernel(0.5), GaussianKernel(0.65), GaussianKernel(0.8)], 'fuzzifier': [<class 'fuzzylearn.fuzzifiers.LinearFuzzifier'>]}
2020-03-29 05:12:22,093 - __main__ - INFO - (32) - CV_RESULTS_: {'mean_fit_time': array([51.6492099 , 51.85144679, 50.38100322]), 'std_fit_time': array([0.61071251, 0.3963924 , 0.21225794]), 'mean_score_time': array([0.15233421, 0.16005174, 0.15340344]), 'std_score_time': array([0.02064701, 0.00453986, 0.02104333]), 'param_c': masked_array(data=[1, 1, 1],
             mask=[False, False, False],
       fill_value='?',
            dtype=object), 'param_fuzzifier': masked_array(data=[<class 'fuzzylearn.fuzzifiers.LinearFuzzifier'>,
                   <class 'fuzzylearn.fuzzifiers.LinearFuzzifier'>,
                   <class 'fuzzylearn.fuzzifiers.LinearFuzzifier'>],
             mask=[False, False, False],
       fill_value='?',
            dtype=object), 'param_k': masked_array(data=[GaussianKernel(0.5), GaussianKernel(0.65),
                   GaussianKernel(0.8)],
             mask=[False, False, False],
       fill_value='?',
            dtype=object), 'params': [{'c': 1, 'fuzzifier': <class 'fuzzylearn.fuzzifiers.LinearFuzzifier'>, 'k': GaussianKernel(0.5)}, {'c': 1, 'fuzzifier': <class 'fuzzylearn.fuzzifiers.LinearFuzzifier'>, 'k': GaussianKernel(0.65)}, {'c': 1, 'fuzzifier': <class 'fuzzylearn.fuzzifiers.LinearFuzzifier'>, 'k': GaussianKernel(0.8)}], 'split0_test_score': array([-0., -0., -0.]), 'split1_test_score': array([-0., -0., -0.]), 'split2_test_score': array([-0.01822387, -0.02473874, -0.025     ]), 'mean_test_score': array([-0.00607462, -0.00824625, -0.00833333]), 'std_test_score': array([0.00859082, 0.01166196, 0.01178511]), 'rank_test_score': array([1, 2, 3], dtype=int32)}
2020-03-29 05:12:22,097 - __main__ - INFO - (32) - BEST_SCORE_: -0.006074624481363544
2020-03-29 05:12:22,106 - __main__ - INFO - (32) - BEST_PARAMS_: {'c': 1, 'fuzzifier': <class 'fuzzylearn.fuzzifiers.LinearFuzzifier'>, 'k': GaussianKernel(0.5)}
2020-03-29 05:12:22,107 - __main__ - INFO - (33) - Started GridSearchCV with: {'c': [1], 'k': [GaussianKernel(0.5), GaussianKernel(0.65), GaussianKernel(0.8)], 'fuzzifier': [<class 'fuzzylearn.fuzzifiers.LinearFuzzifier'>]}
2020-03-29 05:20:47,240 - __main__ - INFO - (33) - CV_RESULTS_: {'mean_fit_time': array([49.72090213, 49.37682446, 49.88808719]), 'std_fit_time': array([0.22258119, 0.21672433, 0.58358022]), 'mean_score_time': array([0.15334519, 0.13670357, 0.14365665]), 'std_score_time': array([0.01907698, 0.01212488, 0.01462451]), 'param_c': masked_array(data=[1, 1, 1],
             mask=[False, False, False],
       fill_value='?',
            dtype=object), 'param_fuzzifier': masked_array(data=[<class 'fuzzylearn.fuzzifiers.LinearFuzzifier'>,
                   <class 'fuzzylearn.fuzzifiers.LinearFuzzifier'>,
                   <class 'fuzzylearn.fuzzifiers.LinearFuzzifier'>],
             mask=[False, False, False],
       fill_value='?',
            dtype=object), 'param_k': masked_array(data=[GaussianKernel(0.5), GaussianKernel(0.65),
                   GaussianKernel(0.8)],
             mask=[False, False, False],
       fill_value='?',
            dtype=object), 'params': [{'c': 1, 'fuzzifier': <class 'fuzzylearn.fuzzifiers.LinearFuzzifier'>, 'k': GaussianKernel(0.5)}, {'c': 1, 'fuzzifier': <class 'fuzzylearn.fuzzifiers.LinearFuzzifier'>, 'k': GaussianKernel(0.65)}, {'c': 1, 'fuzzifier': <class 'fuzzylearn.fuzzifiers.LinearFuzzifier'>, 'k': GaussianKernel(0.8)}], 'split0_test_score': array([-0., -0., -0.]), 'split1_test_score': array([-0., -0., -0.]), 'split2_test_score': array([-0., -0., -0.]), 'mean_test_score': array([0., 0., 0.]), 'std_test_score': array([0., 0., 0.]), 'rank_test_score': array([1, 1, 1], dtype=int32)}
2020-03-29 05:20:47,244 - __main__ - INFO - (33) - BEST_SCORE_: 0.0
2020-03-29 05:20:47,248 - __main__ - INFO - (33) - BEST_PARAMS_: {'c': 1, 'fuzzifier': <class 'fuzzylearn.fuzzifiers.LinearFuzzifier'>, 'k': GaussianKernel(0.5)}
2020-03-29 05:20:47,250 - __main__ - INFO - (34) - Started GridSearchCV with: {'c': [1], 'k': [GaussianKernel(0.5), GaussianKernel(0.65), GaussianKernel(0.8)], 'fuzzifier': [<class 'fuzzylearn.fuzzifiers.LinearFuzzifier'>]}
2020-03-29 05:29:47,381 - __main__ - INFO - (34) - CV_RESULTS_: {'mean_fit_time': array([52.12979809, 53.87907934, 53.67079218]), 'std_fit_time': array([1.00253944, 0.2988369 , 0.40438534]), 'mean_score_time': array([0.15146875, 0.16133587, 0.14727585]), 'std_score_time': array([0.01917309, 0.00548813, 0.0030831 ]), 'param_c': masked_array(data=[1, 1, 1],
             mask=[False, False, False],
       fill_value='?',
            dtype=object), 'param_fuzzifier': masked_array(data=[<class 'fuzzylearn.fuzzifiers.LinearFuzzifier'>,
                   <class 'fuzzylearn.fuzzifiers.LinearFuzzifier'>,
                   <class 'fuzzylearn.fuzzifiers.LinearFuzzifier'>],
             mask=[False, False, False],
       fill_value='?',
            dtype=object), 'param_k': masked_array(data=[GaussianKernel(0.5), GaussianKernel(0.65),
                   GaussianKernel(0.8)],
             mask=[False, False, False],
       fill_value='?',
            dtype=object), 'params': [{'c': 1, 'fuzzifier': <class 'fuzzylearn.fuzzifiers.LinearFuzzifier'>, 'k': GaussianKernel(0.5)}, {'c': 1, 'fuzzifier': <class 'fuzzylearn.fuzzifiers.LinearFuzzifier'>, 'k': GaussianKernel(0.65)}, {'c': 1, 'fuzzifier': <class 'fuzzylearn.fuzzifiers.LinearFuzzifier'>, 'k': GaussianKernel(0.8)}], 'split0_test_score': array([-0.025, -0.025, -0.025]), 'split1_test_score': array([-0.025, -0.025, -0.025]), 'split2_test_score': array([-0.0052287, -0.       , -0.       ]), 'mean_test_score': array([-0.01840957, -0.01666667, -0.01666667]), 'std_test_score': array([0.00932028, 0.01178511, 0.01178511]), 'rank_test_score': array([3, 1, 1], dtype=int32)}
2020-03-29 05:29:47,385 - __main__ - INFO - (34) - BEST_SCORE_: -0.016666666666666666
2020-03-29 05:29:47,390 - __main__ - INFO - (34) - BEST_PARAMS_: {'c': 1, 'fuzzifier': <class 'fuzzylearn.fuzzifiers.LinearFuzzifier'>, 'k': GaussianKernel(0.65)}
2020-03-29 05:29:47,391 - __main__ - INFO - (35) - Started GridSearchCV with: {'c': [1], 'k': [GaussianKernel(0.5), GaussianKernel(0.65), GaussianKernel(0.8)], 'fuzzifier': [<class 'fuzzylearn.fuzzifiers.LinearFuzzifier'>]}
2020-03-29 05:39:01,209 - __main__ - INFO - (35) - CV_RESULTS_: {'mean_fit_time': array([54.73785575, 54.58702191, 54.49599981]), 'std_fit_time': array([0.42234676, 0.66881061, 0.16012382]), 'mean_score_time': array([0.17270645, 0.15891377, 0.1649677 ]), 'std_score_time': array([0.00787065, 0.00796495, 0.01851716]), 'param_c': masked_array(data=[1, 1, 1],
             mask=[False, False, False],
       fill_value='?',
            dtype=object), 'param_fuzzifier': masked_array(data=[<class 'fuzzylearn.fuzzifiers.LinearFuzzifier'>,
                   <class 'fuzzylearn.fuzzifiers.LinearFuzzifier'>,
                   <class 'fuzzylearn.fuzzifiers.LinearFuzzifier'>],
             mask=[False, False, False],
       fill_value='?',
            dtype=object), 'param_k': masked_array(data=[GaussianKernel(0.5), GaussianKernel(0.65),
                   GaussianKernel(0.8)],
             mask=[False, False, False],
       fill_value='?',
            dtype=object), 'params': [{'c': 1, 'fuzzifier': <class 'fuzzylearn.fuzzifiers.LinearFuzzifier'>, 'k': GaussianKernel(0.5)}, {'c': 1, 'fuzzifier': <class 'fuzzylearn.fuzzifiers.LinearFuzzifier'>, 'k': GaussianKernel(0.65)}, {'c': 1, 'fuzzifier': <class 'fuzzylearn.fuzzifiers.LinearFuzzifier'>, 'k': GaussianKernel(0.8)}], 'split0_test_score': array([-0., -0., -0.]), 'split1_test_score': array([-0.025, -0.025, -0.025]), 'split2_test_score': array([-0.025     , -0.025     , -0.02096059]), 'mean_test_score': array([-0.01666667, -0.01666667, -0.0153202 ]), 'std_test_score': array([0.01178511, 0.01178511, 0.01095781]), 'rank_test_score': array([2, 2, 1], dtype=int32)}
2020-03-29 05:39:01,214 - __main__ - INFO - (35) - BEST_SCORE_: -0.015320198028920233
2020-03-29 05:39:01,225 - __main__ - INFO - (35) - BEST_PARAMS_: {'c': 1, 'fuzzifier': <class 'fuzzylearn.fuzzifiers.LinearFuzzifier'>, 'k': GaussianKernel(0.8)}
2020-03-29 05:39:01,226 - __main__ - INFO - (36) - Started GridSearchCV with: {'c': [1], 'k': [GaussianKernel(0.5), GaussianKernel(0.65), GaussianKernel(0.8)], 'fuzzifier': [<class 'fuzzylearn.fuzzifiers.LinearFuzzifier'>]}
2020-03-29 05:48:17,799 - __main__ - INFO - (36) - CV_RESULTS_: {'mean_fit_time': array([54.86749363, 54.92923323, 54.95240974]), 'std_fit_time': array([0.21986313, 0.1643204 , 0.20853163]), 'mean_score_time': array([0.15738932, 0.15187995, 0.17971182]), 'std_score_time': array([0.012362  , 0.01167425, 0.00423275]), 'param_c': masked_array(data=[1, 1, 1],
             mask=[False, False, False],
       fill_value='?',
            dtype=object), 'param_fuzzifier': masked_array(data=[<class 'fuzzylearn.fuzzifiers.LinearFuzzifier'>,
                   <class 'fuzzylearn.fuzzifiers.LinearFuzzifier'>,
                   <class 'fuzzylearn.fuzzifiers.LinearFuzzifier'>],
             mask=[False, False, False],
       fill_value='?',
            dtype=object), 'param_k': masked_array(data=[GaussianKernel(0.5), GaussianKernel(0.65),
                   GaussianKernel(0.8)],
             mask=[False, False, False],
       fill_value='?',
            dtype=object), 'params': [{'c': 1, 'fuzzifier': <class 'fuzzylearn.fuzzifiers.LinearFuzzifier'>, 'k': GaussianKernel(0.5)}, {'c': 1, 'fuzzifier': <class 'fuzzylearn.fuzzifiers.LinearFuzzifier'>, 'k': GaussianKernel(0.65)}, {'c': 1, 'fuzzifier': <class 'fuzzylearn.fuzzifiers.LinearFuzzifier'>, 'k': GaussianKernel(0.8)}], 'split0_test_score': array([-0.00026031, -0.00049252, -0.00103132]), 'split1_test_score': array([-0.00084053, -0.        , -0.        ]), 'split2_test_score': array([-0., -0., -0.]), 'mean_test_score': array([-0.00036694, -0.00016417, -0.00034377]), 'std_test_score': array([0.00035133, 0.00023217, 0.00048617]), 'rank_test_score': array([3, 1, 2], dtype=int32)}
2020-03-29 05:48:17,803 - __main__ - INFO - (36) - BEST_SCORE_: -0.0001641721338683199
2020-03-29 05:48:17,813 - __main__ - INFO - (36) - BEST_PARAMS_: {'c': 1, 'fuzzifier': <class 'fuzzylearn.fuzzifiers.LinearFuzzifier'>, 'k': GaussianKernel(0.65)}
2020-03-29 05:48:17,814 - __main__ - INFO - (37) - Started GridSearchCV with: {'c': [1], 'k': [GaussianKernel(0.5), GaussianKernel(0.65), GaussianKernel(0.8)], 'fuzzifier': [<class 'fuzzylearn.fuzzifiers.LinearFuzzifier'>]}
2020-03-29 05:57:34,797 - __main__ - INFO - (37) - CV_RESULTS_: {'mean_fit_time': array([54.03145409, 54.80119999, 55.81211281]), 'std_fit_time': array([0.09934219, 0.4248323 , 0.46055354]), 'mean_score_time': array([0.16488353, 0.15437373, 0.1519622 ]), 'std_score_time': array([0.00962284, 0.01582132, 0.00901946]), 'param_c': masked_array(data=[1, 1, 1],
             mask=[False, False, False],
       fill_value='?',
            dtype=object), 'param_fuzzifier': masked_array(data=[<class 'fuzzylearn.fuzzifiers.LinearFuzzifier'>,
                   <class 'fuzzylearn.fuzzifiers.LinearFuzzifier'>,
                   <class 'fuzzylearn.fuzzifiers.LinearFuzzifier'>],
             mask=[False, False, False],
       fill_value='?',
            dtype=object), 'param_k': masked_array(data=[GaussianKernel(0.5), GaussianKernel(0.65),
                   GaussianKernel(0.8)],
             mask=[False, False, False],
       fill_value='?',
            dtype=object), 'params': [{'c': 1, 'fuzzifier': <class 'fuzzylearn.fuzzifiers.LinearFuzzifier'>, 'k': GaussianKernel(0.5)}, {'c': 1, 'fuzzifier': <class 'fuzzylearn.fuzzifiers.LinearFuzzifier'>, 'k': GaussianKernel(0.65)}, {'c': 1, 'fuzzifier': <class 'fuzzylearn.fuzzifiers.LinearFuzzifier'>, 'k': GaussianKernel(0.8)}], 'split0_test_score': array([-0.0002672, -0.       , -0.       ]), 'split1_test_score': array([-5.37068427e-09, -0.00000000e+00, -0.00000000e+00]), 'split2_test_score': array([-0.00833135, -0.00053083, -0.        ]), 'mean_test_score': array([-0.00286618, -0.00017694,  0.        ]), 'std_test_score': array([0.00386599, 0.00025024, 0.        ]), 'rank_test_score': array([3, 2, 1], dtype=int32)}
2020-03-29 05:57:34,802 - __main__ - INFO - (37) - BEST_SCORE_: 0.0
2020-03-29 05:57:34,807 - __main__ - INFO - (37) - BEST_PARAMS_: {'c': 1, 'fuzzifier': <class 'fuzzylearn.fuzzifiers.LinearFuzzifier'>, 'k': GaussianKernel(0.8)}
2020-03-29 05:57:34,809 - __main__ - INFO - (38) - Started GridSearchCV with: {'c': [1], 'k': [GaussianKernel(0.5), GaussianKernel(0.65), GaussianKernel(0.8)], 'fuzzifier': [<class 'fuzzylearn.fuzzifiers.LinearFuzzifier'>]}
2020-03-29 06:06:53,347 - __main__ - INFO - (38) - CV_RESULTS_: {'mean_fit_time': array([54.73525993, 55.12297718, 55.19125326]), 'std_fit_time': array([0.30866961, 0.05278758, 0.59568407]), 'mean_score_time': array([0.15479827, 0.16347575, 0.16890542]), 'std_score_time': array([0.01825991, 0.01433001, 0.00780706]), 'param_c': masked_array(data=[1, 1, 1],
             mask=[False, False, False],
       fill_value='?',
            dtype=object), 'param_fuzzifier': masked_array(data=[<class 'fuzzylearn.fuzzifiers.LinearFuzzifier'>,
                   <class 'fuzzylearn.fuzzifiers.LinearFuzzifier'>,
                   <class 'fuzzylearn.fuzzifiers.LinearFuzzifier'>],
             mask=[False, False, False],
       fill_value='?',
            dtype=object), 'param_k': masked_array(data=[GaussianKernel(0.5), GaussianKernel(0.65),
                   GaussianKernel(0.8)],
             mask=[False, False, False],
       fill_value='?',
            dtype=object), 'params': [{'c': 1, 'fuzzifier': <class 'fuzzylearn.fuzzifiers.LinearFuzzifier'>, 'k': GaussianKernel(0.5)}, {'c': 1, 'fuzzifier': <class 'fuzzylearn.fuzzifiers.LinearFuzzifier'>, 'k': GaussianKernel(0.65)}, {'c': 1, 'fuzzifier': <class 'fuzzylearn.fuzzifiers.LinearFuzzifier'>, 'k': GaussianKernel(0.8)}], 'split0_test_score': array([-0.00128936, -0.00013584, -0.00226741]), 'split1_test_score': array([-0.01409716, -0.025     , -0.025     ]), 'split2_test_score': array([-0.01249071, -0.        , -0.025     ]), 'mean_test_score': array([-0.00929241, -0.00837861, -0.01742247]), 'std_test_score': array([0.00569689, 0.01175323, 0.01071625]), 'rank_test_score': array([2, 1, 3], dtype=int32)}
2020-03-29 06:06:53,356 - __main__ - INFO - (38) - BEST_SCORE_: -0.008378611820095817
2020-03-29 06:06:53,359 - __main__ - INFO - (38) - BEST_PARAMS_: {'c': 1, 'fuzzifier': <class 'fuzzylearn.fuzzifiers.LinearFuzzifier'>, 'k': GaussianKernel(0.65)}
2020-03-29 06:06:53,360 - __main__ - INFO - (39) - Started GridSearchCV with: {'c': [1], 'k': [GaussianKernel(0.5), GaussianKernel(0.65), GaussianKernel(0.8)], 'fuzzifier': [<class 'fuzzylearn.fuzzifiers.LinearFuzzifier'>]}
2020-03-29 06:16:06,400 - __main__ - INFO - (39) - CV_RESULTS_: {'mean_fit_time': array([54.4616247 , 55.00292333, 54.49830977]), 'std_fit_time': array([0.23980614, 0.73712435, 0.35342322]), 'mean_score_time': array([0.15690955, 0.15777779, 0.14481664]), 'std_score_time': array([0.01484475, 0.01235041, 0.01576544]), 'param_c': masked_array(data=[1, 1, 1],
             mask=[False, False, False],
       fill_value='?',
            dtype=object), 'param_fuzzifier': masked_array(data=[<class 'fuzzylearn.fuzzifiers.LinearFuzzifier'>,
                   <class 'fuzzylearn.fuzzifiers.LinearFuzzifier'>,
                   <class 'fuzzylearn.fuzzifiers.LinearFuzzifier'>],
             mask=[False, False, False],
       fill_value='?',
            dtype=object), 'param_k': masked_array(data=[GaussianKernel(0.5), GaussianKernel(0.65),
                   GaussianKernel(0.8)],
             mask=[False, False, False],
       fill_value='?',
            dtype=object), 'params': [{'c': 1, 'fuzzifier': <class 'fuzzylearn.fuzzifiers.LinearFuzzifier'>, 'k': GaussianKernel(0.5)}, {'c': 1, 'fuzzifier': <class 'fuzzylearn.fuzzifiers.LinearFuzzifier'>, 'k': GaussianKernel(0.65)}, {'c': 1, 'fuzzifier': <class 'fuzzylearn.fuzzifiers.LinearFuzzifier'>, 'k': GaussianKernel(0.8)}], 'split0_test_score': array([-0.025     , -0.025     , -0.01152461]), 'split1_test_score': array([-0.025, -0.025, -0.025]), 'split2_test_score': array([-0.025, -0.025, -0.025]), 'mean_test_score': array([-0.025    , -0.025    , -0.0205082]), 'std_test_score': array([3.46944695e-18, 3.46944695e-18, 6.35235835e-03]), 'rank_test_score': array([2, 2, 1], dtype=int32)}
2020-03-29 06:16:06,408 - __main__ - INFO - (39) - BEST_SCORE_: -0.02050820433515697
2020-03-29 06:16:06,410 - __main__ - INFO - (39) - BEST_PARAMS_: {'c': 1, 'fuzzifier': <class 'fuzzylearn.fuzzifiers.LinearFuzzifier'>, 'k': GaussianKernel(0.8)}
