2020-03-26 10:34:37,906 - __main__ - INFO - (0) - Started GridSearchCV with: {'c': [1, 10, 1000], 'k': [GaussianKernel(0.5), GaussianKernel(1), GaussianKernel(1.5)], 'fuzzifier': [<class 'fuzzylearn.fuzzifiers.LinearFuzzifier'>, <class 'fuzzylearn.fuzzifiers.ExponentialFuzzifier'>]}
2020-03-26 10:42:47,637 - __main__ - INFO - (0) - BEST_SCORE_: -0.006355427889691499
2020-03-26 10:42:47,641 - __main__ - INFO - (0) - BEST_PARAMS_: {'c': 1, 'fuzzifier': <class 'fuzzylearn.fuzzifiers.LinearFuzzifier'>, 'k': GaussianKernel(1)}
2020-03-26 10:42:47,646 - __main__ - INFO - (1) - Started GridSearchCV with: {'c': [1, 10, 1000], 'k': [GaussianKernel(0.5), GaussianKernel(1), GaussianKernel(1.5)], 'fuzzifier': [<class 'fuzzylearn.fuzzifiers.LinearFuzzifier'>, <class 'fuzzylearn.fuzzifiers.ExponentialFuzzifier'>]}
2020-03-26 10:50:59,748 - __main__ - INFO - (1) - BEST_SCORE_: -0.0037591091651130327
2020-03-26 10:50:59,749 - __main__ - INFO - (1) - BEST_PARAMS_: {'c': 1, 'fuzzifier': <class 'fuzzylearn.fuzzifiers.LinearFuzzifier'>, 'k': GaussianKernel(1)}
2020-03-26 10:50:59,752 - __main__ - INFO - (2) - Started GridSearchCV with: {'c': [1, 10, 1000], 'k': [GaussianKernel(0.5), GaussianKernel(1), GaussianKernel(1.5)], 'fuzzifier': [<class 'fuzzylearn.fuzzifiers.LinearFuzzifier'>, <class 'fuzzylearn.fuzzifiers.ExponentialFuzzifier'>]}
2020-03-26 10:59:16,033 - __main__ - INFO - (2) - BEST_SCORE_: -0.000938079306281312
2020-03-26 10:59:16,034 - __main__ - INFO - (2) - BEST_PARAMS_: {'c': 1, 'fuzzifier': <class 'fuzzylearn.fuzzifiers.LinearFuzzifier'>, 'k': GaussianKernel(1)}
2020-03-26 10:59:16,035 - __main__ - INFO - (3) - Started GridSearchCV with: {'c': [1, 10, 1000], 'k': [GaussianKernel(0.5), GaussianKernel(1), GaussianKernel(1.5)], 'fuzzifier': [<class 'fuzzylearn.fuzzifiers.LinearFuzzifier'>, <class 'fuzzylearn.fuzzifiers.ExponentialFuzzifier'>]}
2020-03-26 11:07:35,561 - __main__ - INFO - (3) - BEST_SCORE_: -0.00700485426083527
2020-03-26 11:07:35,568 - __main__ - INFO - (3) - BEST_PARAMS_: {'c': 1, 'fuzzifier': <class 'fuzzylearn.fuzzifiers.LinearFuzzifier'>, 'k': GaussianKernel(1)}
2020-03-26 11:07:35,570 - __main__ - INFO - (4) - Started GridSearchCV with: {'c': [1, 10, 1000], 'k': [GaussianKernel(0.5), GaussianKernel(1), GaussianKernel(1.5)], 'fuzzifier': [<class 'fuzzylearn.fuzzifiers.LinearFuzzifier'>, <class 'fuzzylearn.fuzzifiers.ExponentialFuzzifier'>]}
2020-03-26 11:15:54,545 - __main__ - INFO - (4) - BEST_SCORE_: -0.008186721770414462
2020-03-26 11:15:54,547 - __main__ - INFO - (4) - BEST_PARAMS_: {'c': 1, 'fuzzifier': <class 'fuzzylearn.fuzzifiers.LinearFuzzifier'>, 'k': GaussianKernel(1)}
2020-03-26 11:15:54,548 - __main__ - INFO - (5) - Started GridSearchCV with: {'c': [1, 10, 1000], 'k': [GaussianKernel(0.5), GaussianKernel(1), GaussianKernel(1.5)], 'fuzzifier': [<class 'fuzzylearn.fuzzifiers.LinearFuzzifier'>, <class 'fuzzylearn.fuzzifiers.ExponentialFuzzifier'>]}
2020-03-26 11:24:11,848 - __main__ - INFO - (5) - BEST_SCORE_: -0.0006662940665959561
2020-03-26 11:24:11,850 - __main__ - INFO - (5) - BEST_PARAMS_: {'c': 1, 'fuzzifier': <class 'fuzzylearn.fuzzifiers.LinearFuzzifier'>, 'k': GaussianKernel(1)}
2020-03-26 11:24:11,852 - __main__ - INFO - (6) - Started GridSearchCV with: {'c': [1, 10, 1000], 'k': [GaussianKernel(0.5), GaussianKernel(1), GaussianKernel(1.5)], 'fuzzifier': [<class 'fuzzylearn.fuzzifiers.LinearFuzzifier'>, <class 'fuzzylearn.fuzzifiers.ExponentialFuzzifier'>]}
2020-03-26 11:32:20,470 - __main__ - INFO - (6) - BEST_SCORE_: -0.002779783047071576
2020-03-26 11:32:20,471 - __main__ - INFO - (6) - BEST_PARAMS_: {'c': 1, 'fuzzifier': <class 'fuzzylearn.fuzzifiers.LinearFuzzifier'>, 'k': GaussianKernel(1)}
2020-03-26 11:32:20,472 - __main__ - INFO - (7) - Started GridSearchCV with: {'c': [1, 10, 1000], 'k': [GaussianKernel(0.5), GaussianKernel(1), GaussianKernel(1.5)], 'fuzzifier': [<class 'fuzzylearn.fuzzifiers.LinearFuzzifier'>, <class 'fuzzylearn.fuzzifiers.ExponentialFuzzifier'>]}
2020-03-26 11:40:29,041 - __main__ - INFO - (7) - BEST_SCORE_: -0.001519828904455251
2020-03-26 11:40:29,048 - __main__ - INFO - (7) - BEST_PARAMS_: {'c': 1, 'fuzzifier': <class 'fuzzylearn.fuzzifiers.LinearFuzzifier'>, 'k': GaussianKernel(1)}
2020-03-26 11:40:29,050 - __main__ - INFO - (8) - Started GridSearchCV with: {'c': [1, 10, 1000], 'k': [GaussianKernel(0.5), GaussianKernel(1), GaussianKernel(1.5)], 'fuzzifier': [<class 'fuzzylearn.fuzzifiers.LinearFuzzifier'>, <class 'fuzzylearn.fuzzifiers.ExponentialFuzzifier'>]}
2020-03-26 11:48:33,310 - __main__ - INFO - (8) - BEST_SCORE_: -0.003914711786457341
2020-03-26 11:48:33,313 - __main__ - INFO - (8) - BEST_PARAMS_: {'c': 1, 'fuzzifier': <class 'fuzzylearn.fuzzifiers.LinearFuzzifier'>, 'k': GaussianKernel(1)}
2020-03-26 11:48:33,315 - __main__ - INFO - (9) - Started GridSearchCV with: {'c': [1, 10, 1000], 'k': [GaussianKernel(0.5), GaussianKernel(1), GaussianKernel(1.5)], 'fuzzifier': [<class 'fuzzylearn.fuzzifiers.LinearFuzzifier'>, <class 'fuzzylearn.fuzzifiers.ExponentialFuzzifier'>]}
2020-03-26 11:56:42,120 - __main__ - INFO - (9) - BEST_SCORE_: -0.007371696814813167
2020-03-26 11:56:42,124 - __main__ - INFO - (9) - BEST_PARAMS_: {'c': 1, 'fuzzifier': <class 'fuzzylearn.fuzzifiers.LinearFuzzifier'>, 'k': GaussianKernel(1)}
2020-03-26 11:56:42,126 - __main__ - INFO - (10) - Started GridSearchCV with: {'c': [1, 10, 1000], 'k': [GaussianKernel(0.5), GaussianKernel(1), GaussianKernel(1.5)], 'fuzzifier': [<class 'fuzzylearn.fuzzifiers.LinearFuzzifier'>, <class 'fuzzylearn.fuzzifiers.ExponentialFuzzifier'>]}
2020-03-26 12:04:47,154 - __main__ - INFO - (10) - BEST_SCORE_: -0.0007688018760514001
2020-03-26 12:04:47,155 - __main__ - INFO - (10) - BEST_PARAMS_: {'c': 1, 'fuzzifier': <class 'fuzzylearn.fuzzifiers.LinearFuzzifier'>, 'k': GaussianKernel(1)}
2020-03-26 12:04:47,157 - __main__ - INFO - (11) - Started GridSearchCV with: {'c': [1, 10, 1000], 'k': [GaussianKernel(0.5), GaussianKernel(1), GaussianKernel(1.5)], 'fuzzifier': [<class 'fuzzylearn.fuzzifiers.LinearFuzzifier'>, <class 'fuzzylearn.fuzzifiers.ExponentialFuzzifier'>]}
2020-03-26 12:12:56,920 - __main__ - INFO - (11) - BEST_SCORE_: -0.009137945817774103
2020-03-26 12:12:56,921 - __main__ - INFO - (11) - BEST_PARAMS_: {'c': 1, 'fuzzifier': <class 'fuzzylearn.fuzzifiers.LinearFuzzifier'>, 'k': GaussianKernel(1)}
2020-03-26 12:12:56,922 - __main__ - INFO - (12) - Started GridSearchCV with: {'c': [1, 10, 1000], 'k': [GaussianKernel(0.5), GaussianKernel(1), GaussianKernel(1.5)], 'fuzzifier': [<class 'fuzzylearn.fuzzifiers.LinearFuzzifier'>, <class 'fuzzylearn.fuzzifiers.ExponentialFuzzifier'>]}
2020-03-26 12:21:04,216 - __main__ - INFO - (12) - BEST_SCORE_: -0.00012426167723477083
2020-03-26 12:21:04,221 - __main__ - INFO - (12) - BEST_PARAMS_: {'c': 1, 'fuzzifier': <class 'fuzzylearn.fuzzifiers.LinearFuzzifier'>, 'k': GaussianKernel(1)}
2020-03-26 12:21:04,223 - __main__ - INFO - (13) - Started GridSearchCV with: {'c': [1, 10, 1000], 'k': [GaussianKernel(0.5), GaussianKernel(1), GaussianKernel(1.5)], 'fuzzifier': [<class 'fuzzylearn.fuzzifiers.LinearFuzzifier'>, <class 'fuzzylearn.fuzzifiers.ExponentialFuzzifier'>]}
2020-03-26 12:29:16,378 - __main__ - INFO - (13) - BEST_SCORE_: -0.0030133091811574866
2020-03-26 12:29:16,382 - __main__ - INFO - (13) - BEST_PARAMS_: {'c': 1, 'fuzzifier': <class 'fuzzylearn.fuzzifiers.LinearFuzzifier'>, 'k': GaussianKernel(1)}
2020-03-26 12:29:16,389 - __main__ - INFO - (14) - Started GridSearchCV with: {'c': [1, 10, 1000], 'k': [GaussianKernel(0.5), GaussianKernel(1), GaussianKernel(1.5)], 'fuzzifier': [<class 'fuzzylearn.fuzzifiers.LinearFuzzifier'>, <class 'fuzzylearn.fuzzifiers.ExponentialFuzzifier'>]}
2020-03-26 12:37:26,889 - __main__ - INFO - (14) - BEST_SCORE_: -0.0013835902505458294
2020-03-26 12:37:26,891 - __main__ - INFO - (14) - BEST_PARAMS_: {'c': 1, 'fuzzifier': <class 'fuzzylearn.fuzzifiers.LinearFuzzifier'>, 'k': GaussianKernel(1)}
2020-03-26 12:37:26,895 - __main__ - INFO - (15) - Started GridSearchCV with: {'c': [1, 10, 1000], 'k': [GaussianKernel(0.5), GaussianKernel(1), GaussianKernel(1.5)], 'fuzzifier': [<class 'fuzzylearn.fuzzifiers.LinearFuzzifier'>, <class 'fuzzylearn.fuzzifiers.ExponentialFuzzifier'>]}
2020-03-26 12:45:51,426 - __main__ - INFO - (15) - BEST_SCORE_: -0.0016287297106601316
2020-03-26 12:45:51,430 - __main__ - INFO - (15) - BEST_PARAMS_: {'c': 1, 'fuzzifier': <class 'fuzzylearn.fuzzifiers.LinearFuzzifier'>, 'k': GaussianKernel(1)}
2020-03-26 12:45:51,431 - __main__ - INFO - (16) - Started GridSearchCV with: {'c': [1, 10, 1000], 'k': [GaussianKernel(0.5), GaussianKernel(1), GaussianKernel(1.5)], 'fuzzifier': [<class 'fuzzylearn.fuzzifiers.LinearFuzzifier'>, <class 'fuzzylearn.fuzzifiers.ExponentialFuzzifier'>]}
2020-03-26 12:54:02,923 - __main__ - INFO - (16) - BEST_SCORE_: -3.863121589893927e-05
2020-03-26 12:54:02,927 - __main__ - INFO - (16) - BEST_PARAMS_: {'c': 1, 'fuzzifier': <class 'fuzzylearn.fuzzifiers.LinearFuzzifier'>, 'k': GaussianKernel(1)}
2020-03-26 12:54:02,933 - __main__ - INFO - (17) - Started GridSearchCV with: {'c': [1, 10, 1000], 'k': [GaussianKernel(0.5), GaussianKernel(1), GaussianKernel(1.5)], 'fuzzifier': [<class 'fuzzylearn.fuzzifiers.LinearFuzzifier'>, <class 'fuzzylearn.fuzzifiers.ExponentialFuzzifier'>]}
2020-03-26 13:02:18,862 - __main__ - INFO - (17) - BEST_SCORE_: -0.004314483843545924
2020-03-26 13:02:18,870 - __main__ - INFO - (17) - BEST_PARAMS_: {'c': 1, 'fuzzifier': <class 'fuzzylearn.fuzzifiers.LinearFuzzifier'>, 'k': GaussianKernel(1)}
2020-03-26 13:02:18,872 - __main__ - INFO - (18) - Started GridSearchCV with: {'c': [1, 10, 1000], 'k': [GaussianKernel(0.5), GaussianKernel(1), GaussianKernel(1.5)], 'fuzzifier': [<class 'fuzzylearn.fuzzifiers.LinearFuzzifier'>, <class 'fuzzylearn.fuzzifiers.ExponentialFuzzifier'>]}
2020-03-26 13:10:40,130 - __main__ - INFO - (18) - BEST_SCORE_: -0.002767299397005561
2020-03-26 13:10:40,132 - __main__ - INFO - (18) - BEST_PARAMS_: {'c': 1, 'fuzzifier': <class 'fuzzylearn.fuzzifiers.LinearFuzzifier'>, 'k': GaussianKernel(1)}
2020-03-26 13:10:40,133 - __main__ - INFO - (19) - Started GridSearchCV with: {'c': [1, 10, 1000], 'k': [GaussianKernel(0.5), GaussianKernel(1), GaussianKernel(1.5)], 'fuzzifier': [<class 'fuzzylearn.fuzzifiers.LinearFuzzifier'>, <class 'fuzzylearn.fuzzifiers.ExponentialFuzzifier'>]}
2020-03-26 13:18:49,861 - __main__ - INFO - (19) - BEST_SCORE_: -0.00012707271055232075
2020-03-26 13:18:49,866 - __main__ - INFO - (19) - BEST_PARAMS_: {'c': 1, 'fuzzifier': <class 'fuzzylearn.fuzzifiers.LinearFuzzifier'>, 'k': GaussianKernel(1)}
2020-03-26 13:18:49,868 - __main__ - INFO - (20) - Started GridSearchCV with: {'c': [1, 10, 1000], 'k': [GaussianKernel(0.5), GaussianKernel(1), GaussianKernel(1.5)], 'fuzzifier': [<class 'fuzzylearn.fuzzifiers.LinearFuzzifier'>, <class 'fuzzylearn.fuzzifiers.ExponentialFuzzifier'>]}
2020-03-26 13:26:59,955 - __main__ - INFO - (20) - BEST_SCORE_: -0.002424975225844996
2020-03-26 13:26:59,961 - __main__ - INFO - (20) - BEST_PARAMS_: {'c': 1, 'fuzzifier': <class 'fuzzylearn.fuzzifiers.LinearFuzzifier'>, 'k': GaussianKernel(1)}
2020-03-26 13:26:59,964 - __main__ - INFO - (21) - Started GridSearchCV with: {'c': [1, 10, 1000], 'k': [GaussianKernel(0.5), GaussianKernel(1), GaussianKernel(1.5)], 'fuzzifier': [<class 'fuzzylearn.fuzzifiers.LinearFuzzifier'>, <class 'fuzzylearn.fuzzifiers.ExponentialFuzzifier'>]}
2020-03-26 13:35:09,545 - __main__ - INFO - (21) - BEST_SCORE_: -0.0050916249354684175
2020-03-26 13:35:09,552 - __main__ - INFO - (21) - BEST_PARAMS_: {'c': 1, 'fuzzifier': <class 'fuzzylearn.fuzzifiers.LinearFuzzifier'>, 'k': GaussianKernel(1)}
2020-03-26 13:35:09,558 - __main__ - INFO - (22) - Started GridSearchCV with: {'c': [1, 10, 1000], 'k': [GaussianKernel(0.5), GaussianKernel(1), GaussianKernel(1.5)], 'fuzzifier': [<class 'fuzzylearn.fuzzifiers.LinearFuzzifier'>, <class 'fuzzylearn.fuzzifiers.ExponentialFuzzifier'>]}
2020-03-26 13:43:22,238 - __main__ - INFO - (22) - BEST_SCORE_: -0.00011772712183834531
2020-03-26 13:43:22,240 - __main__ - INFO - (22) - BEST_PARAMS_: {'c': 1, 'fuzzifier': <class 'fuzzylearn.fuzzifiers.LinearFuzzifier'>, 'k': GaussianKernel(1)}
2020-03-26 13:43:22,243 - __main__ - INFO - (23) - Started GridSearchCV with: {'c': [1, 10, 1000], 'k': [GaussianKernel(0.5), GaussianKernel(1), GaussianKernel(1.5)], 'fuzzifier': [<class 'fuzzylearn.fuzzifiers.LinearFuzzifier'>, <class 'fuzzylearn.fuzzifiers.ExponentialFuzzifier'>]}
2020-03-26 13:51:31,545 - __main__ - INFO - (23) - BEST_SCORE_: -0.0007710122696701231
2020-03-26 13:51:31,548 - __main__ - INFO - (23) - BEST_PARAMS_: {'c': 1, 'fuzzifier': <class 'fuzzylearn.fuzzifiers.LinearFuzzifier'>, 'k': GaussianKernel(1)}
2020-03-26 13:51:31,549 - __main__ - INFO - (24) - Started GridSearchCV with: {'c': [1, 10, 1000], 'k': [GaussianKernel(0.5), GaussianKernel(1), GaussianKernel(1.5)], 'fuzzifier': [<class 'fuzzylearn.fuzzifiers.LinearFuzzifier'>, <class 'fuzzylearn.fuzzifiers.ExponentialFuzzifier'>]}
2020-03-26 13:59:38,832 - __main__ - INFO - (24) - BEST_SCORE_: -6.233786695832624e-05
2020-03-26 13:59:38,834 - __main__ - INFO - (24) - BEST_PARAMS_: {'c': 1, 'fuzzifier': <class 'fuzzylearn.fuzzifiers.LinearFuzzifier'>, 'k': GaussianKernel(1)}
2020-03-26 13:59:38,835 - __main__ - INFO - (25) - Started GridSearchCV with: {'c': [1, 10, 1000], 'k': [GaussianKernel(0.5), GaussianKernel(1), GaussianKernel(1.5)], 'fuzzifier': [<class 'fuzzylearn.fuzzifiers.LinearFuzzifier'>, <class 'fuzzylearn.fuzzifiers.ExponentialFuzzifier'>]}
2020-03-26 14:07:44,276 - __main__ - INFO - (25) - BEST_SCORE_: -0.001549617965152784
2020-03-26 14:07:44,282 - __main__ - INFO - (25) - BEST_PARAMS_: {'c': 1, 'fuzzifier': <class 'fuzzylearn.fuzzifiers.LinearFuzzifier'>, 'k': GaussianKernel(1)}
2020-03-26 14:07:44,284 - __main__ - INFO - (26) - Started GridSearchCV with: {'c': [1, 10, 1000], 'k': [GaussianKernel(0.5), GaussianKernel(1), GaussianKernel(1.5)], 'fuzzifier': [<class 'fuzzylearn.fuzzifiers.LinearFuzzifier'>, <class 'fuzzylearn.fuzzifiers.ExponentialFuzzifier'>]}
2020-03-26 14:15:50,442 - __main__ - INFO - (26) - BEST_SCORE_: -0.004531466381884808
2020-03-26 14:15:50,444 - __main__ - INFO - (26) - BEST_PARAMS_: {'c': 1, 'fuzzifier': <class 'fuzzylearn.fuzzifiers.LinearFuzzifier'>, 'k': GaussianKernel(1)}
2020-03-26 14:15:50,446 - __main__ - INFO - (27) - Started GridSearchCV with: {'c': [1, 10, 1000], 'k': [GaussianKernel(0.5), GaussianKernel(1), GaussianKernel(1.5)], 'fuzzifier': [<class 'fuzzylearn.fuzzifiers.LinearFuzzifier'>, <class 'fuzzylearn.fuzzifiers.ExponentialFuzzifier'>]}
2020-03-26 14:23:58,953 - __main__ - INFO - (27) - BEST_SCORE_: -0.0015098989370006394
2020-03-26 14:23:58,954 - __main__ - INFO - (27) - BEST_PARAMS_: {'c': 1, 'fuzzifier': <class 'fuzzylearn.fuzzifiers.LinearFuzzifier'>, 'k': GaussianKernel(1)}
2020-03-26 14:23:58,956 - __main__ - INFO - (28) - Started GridSearchCV with: {'c': [1, 10, 1000], 'k': [GaussianKernel(0.5), GaussianKernel(1), GaussianKernel(1.5)], 'fuzzifier': [<class 'fuzzylearn.fuzzifiers.LinearFuzzifier'>, <class 'fuzzylearn.fuzzifiers.ExponentialFuzzifier'>]}
2020-03-26 14:32:05,633 - __main__ - INFO - (28) - BEST_SCORE_: -0.0014384605059343239
2020-03-26 14:32:05,639 - __main__ - INFO - (28) - BEST_PARAMS_: {'c': 1, 'fuzzifier': <class 'fuzzylearn.fuzzifiers.LinearFuzzifier'>, 'k': GaussianKernel(1)}
2020-03-26 14:32:05,641 - __main__ - INFO - (29) - Started GridSearchCV with: {'c': [1, 10, 1000], 'k': [GaussianKernel(0.5), GaussianKernel(1), GaussianKernel(1.5)], 'fuzzifier': [<class 'fuzzylearn.fuzzifiers.LinearFuzzifier'>, <class 'fuzzylearn.fuzzifiers.ExponentialFuzzifier'>]}
2020-03-26 14:40:10,680 - __main__ - INFO - (29) - BEST_SCORE_: -0.0020348763509323593
2020-03-26 14:40:10,686 - __main__ - INFO - (29) - BEST_PARAMS_: {'c': 1, 'fuzzifier': <class 'fuzzylearn.fuzzifiers.LinearFuzzifier'>, 'k': GaussianKernel(1)}
2020-03-26 14:40:10,691 - __main__ - INFO - (30) - Started GridSearchCV with: {'c': [1, 10, 1000], 'k': [GaussianKernel(0.5), GaussianKernel(1), GaussianKernel(1.5)], 'fuzzifier': [<class 'fuzzylearn.fuzzifiers.LinearFuzzifier'>, <class 'fuzzylearn.fuzzifiers.ExponentialFuzzifier'>]}
2020-03-26 14:48:17,216 - __main__ - INFO - (30) - BEST_SCORE_: -0.005497199806803435
2020-03-26 14:48:17,223 - __main__ - INFO - (30) - BEST_PARAMS_: {'c': 1, 'fuzzifier': <class 'fuzzylearn.fuzzifiers.LinearFuzzifier'>, 'k': GaussianKernel(1)}
2020-03-26 14:48:17,225 - __main__ - INFO - (31) - Started GridSearchCV with: {'c': [1, 10, 1000], 'k': [GaussianKernel(0.5), GaussianKernel(1), GaussianKernel(1.5)], 'fuzzifier': [<class 'fuzzylearn.fuzzifiers.LinearFuzzifier'>, <class 'fuzzylearn.fuzzifiers.ExponentialFuzzifier'>]}
2020-03-26 14:56:24,874 - __main__ - INFO - (31) - BEST_SCORE_: 0.0
2020-03-26 14:56:24,877 - __main__ - INFO - (31) - BEST_PARAMS_: {'c': 1, 'fuzzifier': <class 'fuzzylearn.fuzzifiers.LinearFuzzifier'>, 'k': GaussianKernel(1)}
2020-03-26 14:56:24,879 - __main__ - INFO - (32) - Started GridSearchCV with: {'c': [1, 10, 1000], 'k': [GaussianKernel(0.5), GaussianKernel(1), GaussianKernel(1.5)], 'fuzzifier': [<class 'fuzzylearn.fuzzifiers.LinearFuzzifier'>, <class 'fuzzylearn.fuzzifiers.ExponentialFuzzifier'>]}
2020-03-26 15:04:33,280 - __main__ - INFO - (32) - BEST_SCORE_: -0.004222201563979315
2020-03-26 15:04:33,284 - __main__ - INFO - (32) - BEST_PARAMS_: {'c': 1, 'fuzzifier': <class 'fuzzylearn.fuzzifiers.LinearFuzzifier'>, 'k': GaussianKernel(1)}
2020-03-26 15:04:33,289 - __main__ - INFO - (33) - Started GridSearchCV with: {'c': [1, 10, 1000], 'k': [GaussianKernel(0.5), GaussianKernel(1), GaussianKernel(1.5)], 'fuzzifier': [<class 'fuzzylearn.fuzzifiers.LinearFuzzifier'>, <class 'fuzzylearn.fuzzifiers.ExponentialFuzzifier'>]}
2020-03-26 15:12:47,695 - __main__ - INFO - (33) - BEST_SCORE_: -0.00038864293582283597
2020-03-26 15:12:47,702 - __main__ - INFO - (33) - BEST_PARAMS_: {'c': 1, 'fuzzifier': <class 'fuzzylearn.fuzzifiers.LinearFuzzifier'>, 'k': GaussianKernel(1)}
2020-03-26 15:12:47,703 - __main__ - INFO - (34) - Started GridSearchCV with: {'c': [1, 10, 1000], 'k': [GaussianKernel(0.5), GaussianKernel(1), GaussianKernel(1.5)], 'fuzzifier': [<class 'fuzzylearn.fuzzifiers.LinearFuzzifier'>, <class 'fuzzylearn.fuzzifiers.ExponentialFuzzifier'>]}
2020-03-26 15:21:02,265 - __main__ - INFO - (34) - BEST_SCORE_: -0.0034513845437792413
2020-03-26 15:21:02,272 - __main__ - INFO - (34) - BEST_PARAMS_: {'c': 1, 'fuzzifier': <class 'fuzzylearn.fuzzifiers.LinearFuzzifier'>, 'k': GaussianKernel(1)}
2020-03-26 15:21:02,276 - __main__ - INFO - (35) - Started GridSearchCV with: {'c': [1, 10, 1000], 'k': [GaussianKernel(0.5), GaussianKernel(1), GaussianKernel(1.5)], 'fuzzifier': [<class 'fuzzylearn.fuzzifiers.LinearFuzzifier'>, <class 'fuzzylearn.fuzzifiers.ExponentialFuzzifier'>]}
2020-03-26 15:29:10,757 - __main__ - INFO - (35) - BEST_SCORE_: -0.006044664859713939
2020-03-26 15:29:10,758 - __main__ - INFO - (35) - BEST_PARAMS_: {'c': 1, 'fuzzifier': <class 'fuzzylearn.fuzzifiers.LinearFuzzifier'>, 'k': GaussianKernel(1)}
2020-03-26 15:29:10,759 - __main__ - INFO - (36) - Started GridSearchCV with: {'c': [1, 10, 1000], 'k': [GaussianKernel(0.5), GaussianKernel(1), GaussianKernel(1.5)], 'fuzzifier': [<class 'fuzzylearn.fuzzifiers.LinearFuzzifier'>, <class 'fuzzylearn.fuzzifiers.ExponentialFuzzifier'>]}
2020-03-26 15:37:21,272 - __main__ - INFO - (36) - BEST_SCORE_: -0.0003088380192394765
2020-03-26 15:37:21,276 - __main__ - INFO - (36) - BEST_PARAMS_: {'c': 1, 'fuzzifier': <class 'fuzzylearn.fuzzifiers.LinearFuzzifier'>, 'k': GaussianKernel(1)}
2020-03-26 15:37:21,279 - __main__ - INFO - (37) - Started GridSearchCV with: {'c': [1, 10, 1000], 'k': [GaussianKernel(0.5), GaussianKernel(1), GaussianKernel(1.5)], 'fuzzifier': [<class 'fuzzylearn.fuzzifiers.LinearFuzzifier'>, <class 'fuzzylearn.fuzzifiers.ExponentialFuzzifier'>]}
2020-03-26 15:45:34,789 - __main__ - INFO - (37) - BEST_SCORE_: -0.004819634665284039
2020-03-26 15:45:34,794 - __main__ - INFO - (37) - BEST_PARAMS_: {'c': 1, 'fuzzifier': <class 'fuzzylearn.fuzzifiers.LinearFuzzifier'>, 'k': GaussianKernel(1)}
2020-03-26 15:45:34,796 - __main__ - INFO - (38) - Started GridSearchCV with: {'c': [1, 10, 1000], 'k': [GaussianKernel(0.5), GaussianKernel(1), GaussianKernel(1.5)], 'fuzzifier': [<class 'fuzzylearn.fuzzifiers.LinearFuzzifier'>, <class 'fuzzylearn.fuzzifiers.ExponentialFuzzifier'>]}
2020-03-26 15:54:02,351 - __main__ - INFO - (38) - BEST_SCORE_: -0.0027188735605923565
2020-03-26 15:54:02,352 - __main__ - INFO - (38) - BEST_PARAMS_: {'c': 1, 'fuzzifier': <class 'fuzzylearn.fuzzifiers.LinearFuzzifier'>, 'k': GaussianKernel(1)}
2020-03-26 15:54:02,356 - __main__ - INFO - (39) - Started GridSearchCV with: {'c': [1, 10, 1000], 'k': [GaussianKernel(0.5), GaussianKernel(1), GaussianKernel(1.5)], 'fuzzifier': [<class 'fuzzylearn.fuzzifiers.LinearFuzzifier'>, <class 'fuzzylearn.fuzzifiers.ExponentialFuzzifier'>]}
2020-03-26 16:02:15,561 - __main__ - INFO - (39) - BEST_SCORE_: -0.015086157845367555
2020-03-26 16:02:15,563 - __main__ - INFO - (39) - BEST_PARAMS_: {'c': 1, 'fuzzifier': <class 'fuzzylearn.fuzzifiers.LinearFuzzifier'>, 'k': GaussianKernel(1)}
