2020-03-19 22:06:47,100 - __main__ - INFO - RANDOM_STATE_: 0
2020-03-19 22:06:47,145 - __main__ - INFO - CORRECT_TEST_PREDICTIONS_: 0.8333333333333334
2020-03-19 22:06:47,148 - __main__ - INFO - CORRECT_TRAIN_PREDICTIONS_: 1.0
2020-03-19 22:06:47,149 - __main__ - INFO - DIFFERENT_TEST_RESULTS_: [(39, 4), (0, 7), (4, 2), (0, 6), (0, 3), (7, 9), (2, 25), (4, 2), (0, 22), (4, 34), (30, 20), (22, 25), (0, 21), (0, 31), (0, 12), (37, 1), (0, 3), (8, 22), (4, 24), (0, 12)]
2020-03-19 22:06:47,151 - __main__ - INFO - DIFFERENT_TRAIN_RESULTS_: []
2020-03-23 19:39:37,105 - __main__ - INFO - RANDOM_STATE_: 20
2020-03-23 20:09:56,337 - __main__ - INFO - CORRECT_TEST_PREDICTIONS_: 0.8666666666666667
2020-03-23 20:09:56,339 - __main__ - INFO - CORRECT_TRAIN_PREDICTIONS_: 1.0
2020-03-23 20:09:56,341 - __main__ - INFO - DIFFERENT_TEST_RESULTS_: [(8, 39), (0, 18), (16, 0), (0, 9), (8, 39), (4, 2), (4, 34), (0, 25), (0, 16), (0, 22), (3, 12), (0, 15), (4, 34), (8, 39), (0, 16), (8, 22)]
2020-03-23 20:09:56,342 - __main__ - INFO - DIFFERENT_TRAIN_RESULTS_: []
2020-03-23 20:41:08,881 - __main__ - INFO - RANDOM_STATE_: 300
2020-03-23 21:11:30,221 - __main__ - INFO - CORRECT_TEST_PREDICTIONS_: 0.8333333333333334
2020-03-23 21:11:30,223 - __main__ - INFO - CORRECT_TRAIN_PREDICTIONS_: 1.0
2020-03-23 21:11:30,251 - __main__ - INFO - DIFFERENT_TEST_RESULTS_: [(0, 2), (4, 34), (4, 34), (0, 25), (0, 16), (0, 25), (4, 39), (0, 15), (0, 22), (8, 11), (7, 9), (0, 16), (0, 7), (0, 24), (12, 3), (0, 25), (8, 22), (0, 31), (4, 22), (0, 3)]
2020-03-23 21:11:30,254 - __main__ - INFO - DIFFERENT_TRAIN_RESULTS_: []
2020-03-23 21:11:30,258 - __main__ - INFO - RANDOM_STATE_: 301
2020-03-23 21:41:59,646 - __main__ - INFO - CORRECT_TEST_PREDICTIONS_: 0.825
2020-03-23 21:41:59,649 - __main__ - INFO - CORRECT_TRAIN_PREDICTIONS_: 1.0
2020-03-23 21:41:59,655 - __main__ - INFO - DIFFERENT_TEST_RESULTS_: [(0, 2), (0, 24), (39, 4), (7, 9), (0, 15), (0, 2), (0, 18), (0, 12), (0, 34), (0, 22), (4, 37), (0, 25), (7, 0), (0, 10), (0, 12), (4, 39), (4, 24), (0, 3), (4, 3), (0, 12), (0, 10)]
2020-03-23 21:41:59,656 - __main__ - INFO - DIFFERENT_TRAIN_RESULTS_: []
2020-03-23 21:41:59,660 - __main__ - INFO - RANDOM_STATE_: 302
2020-03-23 22:12:30,262 - __main__ - INFO - CORRECT_TEST_PREDICTIONS_: 0.8083333333333333
2020-03-23 22:12:30,264 - __main__ - INFO - CORRECT_TRAIN_PREDICTIONS_: 1.0
2020-03-23 22:12:30,269 - __main__ - INFO - DIFFERENT_TEST_RESULTS_: [(0, 7), (4, 39), (0, 12), (4, 24), (0, 22), (0, 3), (4, 24), (4, 3), (0, 15), (0, 12), (0, 22), (4, 37), (0, 17), (0, 12), (0, 33), (4, 39), (0, 22), (0, 33), (0, 25), (0, 33), (2, 25), (20, 34), (0, 3)]
2020-03-23 22:12:30,272 - __main__ - INFO - DIFFERENT_TRAIN_RESULTS_: []