2020-03-27 01:23:08,436 - __main__ - INFO - CORRECT_TEST_PREDICTIONS_: 0.6125
2020-03-27 01:23:08,441 - __main__ - INFO - CORRECT_TRAIN_PREDICTIONS_: 0.925
2020-03-27 01:23:08,443 - __main__ - INFO - DIFFERENT_TEST_RESULTS_: [(25, 2), (35, 6), (24, 22), (39, 19), (27, 18), (20, 29), (2, 16), (3, 12), (3, 12), (1, 3), (24, 22), (0, 4), (0, 19), (37, 2), (0, 24), (27, 18), (27, 31), (39, 8), (0, 37), (39, 37), (25, 13), (0, 7), (9, 4), (8, 39), (3, 16), (0, 23), (24, 9), (18, 10), (0, 34), (0, 39), (25, 13)]
2020-03-27 01:23:08,444 - __main__ - INFO - DIFFERENT_TRAIN_RESULTS_: [(0, 14), (22, 24), (27, 31), (25, 2), (18, 10), (34, 20), (18, 10), (27, 18), (0, 3), (0, 7), (7, 0), (27, 18), (0, 4), (27, 18), (31, 10), (26, 24), (7, 3), (7, 9), (7, 0), (0, 39), (25, 2), (3, 12), (0, 19), (24, 22)]
2020-03-27 01:54:16,734 - __main__ - INFO - CORRECT_TEST_PREDICTIONS_: 0.6125
2020-03-27 01:54:16,736 - __main__ - INFO - CORRECT_TRAIN_PREDICTIONS_: 0.9125
2020-03-27 01:54:16,740 - __main__ - INFO - DIFFERENT_TEST_RESULTS_: [(24, 22), (24, 9), (24, 12), (27, 18), (0, 16), (9, 11), (0, 35), (0, 4), (27, 26), (0, 21), (26, 13), (12, 3), (0, 25), (4, 9), (0, 10), (12, 4), (26, 24), (0, 29), (0, 2), (35, 12), (0, 37), (0, 19), (31, 10), (7, 0), (0, 15), (0, 25), (2, 22), (0, 28), (0, 39), (0, 2), (3, 19)]
2020-03-27 01:54:16,743 - __main__ - INFO - DIFFERENT_TRAIN_RESULTS_: [(24, 22), (10, 18), (27, 26), (31, 10), (22, 24), (7, 3), (37, 2), (0, 35), (16, 2), (39, 8), (28, 38), (0, 19), (3, 12), (27, 18), (19, 4), (12, 3), (0, 2), (7, 0), (27, 18), (25, 2), (0, 19), (14, 19), (13, 25), (0, 19), (27, 18), (7, 3), (10, 18), (14, 31)]
2020-03-27 02:25:31,447 - __main__ - INFO - CORRECT_TEST_PREDICTIONS_: 0.6375
2020-03-27 02:25:31,450 - __main__ - INFO - CORRECT_TRAIN_PREDICTIONS_: 0.8875
2020-03-27 02:25:31,451 - __main__ - INFO - DIFFERENT_TEST_RESULTS_: [(10, 31), (34, 20), (17, 19), (11, 9), (0, 29), (15, 0), (31, 10), (0, 19), (2, 34), (14, 4), (19, 3), (8, 39), (3, 12), (25, 16), (27, 18), (27, 26), (7, 9), (7, 3), (20, 29), (6, 15), (0, 11), (28, 38), (24, 22), (10, 6), (35, 12), (0, 37), (13, 26), (24, 22), (39, 8)]
2020-03-27 02:25:31,452 - __main__ - INFO - DIFFERENT_TRAIN_RESULTS_: [(35, 12), (11, 9), (37, 2), (0, 19), (7, 0), (27, 18), (7, 3), (27, 31), (8, 39), (25, 2), (18, 10), (22, 24), (4, 9), (27, 18), (28, 38), (25, 16), (10, 18), (34, 4), (7, 12), (39, 8), (10, 18), (0, 7), (0, 4), (31, 10), (27, 26), (0, 19), (3, 25), (27, 18), (14, 31), (0, 19), (16, 2), (19, 3), (14, 19), (13, 25), (28, 38), (24, 22)]
2020-03-27 02:56:52,544 - __main__ - INFO - CORRECT_TEST_PREDICTIONS_: 0.6375
2020-03-27 02:56:52,549 - __main__ - INFO - CORRECT_TRAIN_PREDICTIONS_: 0.9125
2020-03-27 02:56:52,550 - __main__ - INFO - DIFFERENT_TEST_RESULTS_: [(7, 3), (13, 25), (6, 15), (34, 4), (26, 13), (2, 12), (7, 5), (10, 31), (16, 4), (0, 7), (10, 18), (37, 2), (4, 34), (18, 27), (7, 15), (38, 28), (25, 13), (10, 18), (0, 9), (0, 19), (0, 34), (25, 16), (1, 3), (20, 30), (7, 12), (7, 17), (9, 39), (0, 39), (0, 37)]
2020-03-27 02:56:52,553 - __main__ - INFO - DIFFERENT_TRAIN_RESULTS_: [(18, 31), (10, 18), (15, 0), (0, 39), (0, 7), (7, 3), (18, 27), (10, 18), (34, 20), (18, 31), (9, 11), (7, 0), (0, 25), (31, 10), (9, 8), (13, 2), (15, 0), (27, 18), (35, 14), (22, 24), (10, 18), (25, 2), (6, 15), (7, 9), (0, 4), (0, 12), (25, 16), (16, 2)]
2020-03-27 12:21:36,547 - __main__ - INFO - CORRECT_TEST_PREDICTIONS_: 0.6125
2020-03-27 12:21:36,548 - __main__ - INFO - CORRECT_TRAIN_PREDICTIONS_: 0.925
2020-03-27 12:21:36,550 - __main__ - INFO - DIFFERENT_TEST_RESULTS_: [(25, 2), (35, 6), (24, 22), (39, 19), (27, 18), (20, 29), (2, 16), (3, 12), (3, 12), (1, 3), (24, 22), (0, 4), (0, 19), (37, 2), (0, 24), (27, 18), (27, 31), (39, 8), (0, 37), (39, 37), (25, 13), (0, 7), (9, 4), (8, 39), (3, 16), (0, 23), (24, 9), (18, 10), (0, 34), (0, 39), (25, 13)]
2020-03-27 12:21:36,551 - __main__ - INFO - DIFFERENT_TRAIN_RESULTS_: [(0, 14), (22, 24), (27, 31), (25, 2), (18, 10), (34, 20), (18, 10), (27, 18), (0, 3), (0, 7), (7, 0), (27, 18), (0, 4), (27, 18), (31, 10), (26, 24), (7, 3), (7, 9), (7, 0), (0, 39), (25, 2), (3, 12), (0, 19), (24, 22)]
2020-03-27 12:55:38,615 - __main__ - INFO - CORRECT_TEST_PREDICTIONS_: 0.6125
2020-03-27 12:55:38,617 - __main__ - INFO - CORRECT_TRAIN_PREDICTIONS_: 0.9125
2020-03-27 12:55:38,620 - __main__ - INFO - DIFFERENT_TEST_RESULTS_: [(24, 22), (24, 9), (24, 12), (27, 18), (0, 16), (9, 11), (0, 35), (0, 4), (27, 26), (0, 21), (26, 13), (12, 3), (0, 25), (4, 9), (0, 10), (12, 4), (26, 24), (0, 29), (0, 2), (35, 12), (0, 37), (0, 19), (31, 10), (7, 0), (0, 15), (0, 25), (2, 22), (0, 28), (0, 39), (0, 2), (3, 19)]
2020-03-27 12:55:38,624 - __main__ - INFO - DIFFERENT_TRAIN_RESULTS_: [(24, 22), (10, 18), (27, 26), (31, 10), (22, 24), (7, 3), (37, 2), (0, 35), (16, 2), (39, 8), (28, 38), (0, 19), (3, 12), (27, 18), (19, 4), (12, 3), (0, 2), (7, 0), (27, 18), (25, 2), (0, 19), (14, 19), (13, 25), (0, 19), (27, 18), (7, 3), (10, 18), (14, 31)]
2020-03-31 21:01:20,166 - __main__ - INFO - CORRECT_TEST_PREDICTIONS_: 0.6
2020-03-31 21:01:20,168 - __main__ - INFO - CORRECT_TRAIN_PREDICTIONS_: 0.75625
2020-03-31 21:01:20,173 - __main__ - INFO - DIFFERENT_TEST_RESULTS_: [(10, 31), (34, 19), (24, 4), (16, 2), (16, 12), (22, 0), (15, 1), (0, 39), (13, 25), (38, 28), (28, 21), (18, 6), (11, 39), (7, 5), (0, 7), (18, 27), (4, 24), (28, 21), (25, 16), (4, 12), (7, 15), (14, 31), (11, 8), (7, 3), (28, 32), (4, 11), (7, 0), (35, 6), (11, 34), (37, 34), (2, 13), (15, 10)]
2020-03-31 21:01:20,178 - __main__ - INFO - DIFFERENT_TRAIN_RESULTS_: [(35, 12), (31, 10), (10, 31), (11, 8), (0, 19), (27, 18), (22, 14), (0, 39), (8, 9), (24, 22), (10, 31), (10, 18), (20, 34), (28, 38), (19, 12), (24, 22), (27, 18), (19, 3), (25, 2), (0, 4), (24, 22), (17, 9), (25, 16), (23, 14), (7, 12), (4, 9), (9, 34), (20, 34), (9, 11), (37, 2), (11, 8), (18, 31), (19, 3), (8, 39), (27, 26), (8, 39), (6, 15), (37, 39), (37, 2), (19, 39), (3, 12), (4, 22), (28, 20), (8, 39), (18, 31), (17, 5), (27, 18), (6, 22), (34, 4), (19, 39), (18, 10), (27, 26), (35, 15), (24, 9), (37, 34), (37, 2), (27, 25), (31, 35), (28, 32), (17, 19), (7, 17), (10, 18), (8, 39), (3, 27), (7, 3), (7, 9), (3, 12), (37, 11), (31, 10), (16, 34), (6, 15), (0, 19), (24, 12), (6, 3), (35, 15), (9, 22), (2, 37), (0, 15)]
2020-03-31 21:31:46,537 - __main__ - INFO - CORRECT_TEST_PREDICTIONS_: 0.5375
2020-03-31 21:31:46,539 - __main__ - INFO - CORRECT_TRAIN_PREDICTIONS_: 0.740625
2020-03-31 21:31:46,543 - __main__ - INFO - DIFFERENT_TEST_RESULTS_: [(16, 4), (37, 11), (9, 24), (9, 34), (22, 16), (34, 4), (2, 39), (8, 39), (7, 17), (34, 20), (9, 22), (27, 31), (3, 12), (9, 24), (32, 28), (27, 25), (5, 17), (3, 12), (0, 19), (15, 14), (22, 23), (20, 34), (2, 37), (28, 20), (16, 3), (15, 14), (25, 2), (15, 10), (7, 15), (16, 2), (27, 26), (26, 13), (28, 21), (22, 0), (23, 35), (10, 31), (27, 18)]
2020-03-31 21:31:46,545 - __main__ - INFO - DIFFERENT_TRAIN_RESULTS_: [(10, 31), (28, 32), (24, 22), (17, 5), (16, 34), (8, 22), (2, 39), (24, 9), (27, 18), (15, 14), (13, 25), (27, 26), (3, 19), (35, 12), (8, 9), (11, 39), (7, 3), (35, 15), (27, 18), (15, 14), (16, 12), (0, 19), (25, 13), (4, 24), (31, 35), (8, 39), (28, 32), (0, 7), (28, 38), (0, 39), (6, 15), (7, 9), (37, 39), (0, 19), (3, 27), (22, 14), (9, 4), (8, 39), (11, 9), (27, 31), (31, 10), (3, 31), (37, 2), (7, 0), (18, 10), (1, 3), (16, 22), (37, 34), (6, 3), (7, 5), (37, 34), (16, 4), (28, 20), (25, 16), (25, 16), (35, 6), (38, 28), (16, 22), (10, 18), (3, 2), (36, 2), (27, 18), (0, 39), (13, 2), (16, 9), (7, 0), (8, 39), (11, 9), (24, 22), (0, 4), (7, 3), (25, 27), (2, 37), (10, 31), (16, 4), (15, 6), (31, 10), (6, 15), (37, 2), (3, 12), (0, 19), (18, 31), (10, 18)]
2020-03-31 22:01:26,991 - __main__ - INFO - CORRECT_TEST_PREDICTIONS_: 0.675
2020-03-31 22:01:26,992 - __main__ - INFO - CORRECT_TRAIN_PREDICTIONS_: 0.7375
2020-03-31 22:01:26,999 - __main__ - INFO - DIFFERENT_TEST_RESULTS_: [(7, 3), (8, 9), (27, 13), (0, 7), (0, 39), (11, 39), (9, 29), (23, 35), (16, 4), (22, 24), (9, 37), (10, 31), (0, 15), (16, 13), (4, 34), (35, 12), (38, 28), (27, 18), (0, 19), (37, 2), (31, 10), (28, 20), (16, 22), (31, 10), (7, 12), (7, 0)]
2020-03-31 22:01:27,001 - __main__ - INFO - DIFFERENT_TRAIN_RESULTS_: [(24, 9), (20, 34), (24, 4), (28, 38), (31, 25), (8, 39), (16, 4), (3, 12), (0, 4), (11, 9), (37, 2), (8, 22), (34, 4), (28, 32), (6, 3), (38, 28), (25, 2), (16, 9), (0, 39), (6, 15), (10, 31), (14, 19), (18, 31), (27, 25), (16, 12), (18, 31), (21, 38), (35, 12), (27, 18), (16, 13), (25, 16), (24, 22), (37, 39), (18, 10), (14, 31), (7, 9), (0, 39), (13, 2), (6, 15), (10, 18), (16, 2), (6, 22), (8, 39), (27, 18), (11, 9), (16, 12), (16, 34), (16, 4), (28, 20), (3, 27), (27, 18), (25, 16), (17, 22), (0, 19), (7, 3), (27, 26), (10, 31), (26, 13), (0, 7), (13, 2), (0, 19), (37, 11), (27, 26), (9, 34), (20, 34), (24, 12), (0, 39), (10, 18), (27, 31), (31, 10), (16, 2), (0, 3), (23, 15), (31, 35), (0, 19), (8, 39), (4, 34), (16, 24), (13, 25), (18, 27), (35, 6), (7, 15), (8, 39), (3, 12)]
2020-03-31 22:30:38,488 - __main__ - INFO - CORRECT_TEST_PREDICTIONS_: 0.5875
2020-03-31 22:30:38,490 - __main__ - INFO - CORRECT_TRAIN_PREDICTIONS_: 0.746875
2020-03-31 22:30:38,497 - __main__ - INFO - DIFFERENT_TEST_RESULTS_: [(9, 11), (6, 10), (20, 29), (15, 6), (16, 4), (0, 36), (24, 9), (3, 12), (27, 31), (15, 23), (14, 31), (37, 39), (0, 7), (12, 3), (38, 28), (28, 19), (16, 2), (31, 10), (27, 18), (3, 27), (9, 22), (17, 5), (0, 15), (16, 34), (8, 39), (25, 13), (27, 13), (11, 8), (25, 16), (27, 25), (4, 11), (0, 7), (15, 35)]
2020-03-31 22:30:38,498 - __main__ - INFO - DIFFERENT_TRAIN_RESULTS_: [(9, 39), (3, 12), (10, 18), (30, 20), (0, 19), (9, 4), (39, 3), (31, 10), (25, 13), (10, 31), (7, 9), (28, 38), (24, 22), (30, 20), (22, 14), (21, 38), (8, 39), (0, 39), (27, 18), (18, 31), (0, 4), (0, 39), (4, 24), (24, 22), (1, 3), (28, 20), (28, 20), (9, 22), (9, 34), (35, 15), (6, 15), (24, 4), (24, 12), (18, 10), (0, 19), (35, 15), (39, 34), (27, 18), (6, 12), (16, 9), (38, 28), (10, 18), (27, 26), (27, 18), (25, 16), (9, 11), (17, 5), (6, 15), (2, 37), (37, 2), (10, 31), (13, 2), (39, 34), (9, 34), (0, 39), (25, 27), (0, 7), (37, 11), (9, 39), (15, 0), (15, 6), (16, 4), (30, 34), (37, 2), (16, 4), (30, 20), (18, 10), (27, 26), (25, 2), (27, 31), (37, 34), (3, 12), (6, 35), (11, 8), (26, 13), (0, 39), (13, 25), (0, 7), (8, 39), (30, 34), (15, 14)]
