2020-03-31 23:10:27,699 - __main__ - INFO - CORRECT_TEST_PREDICTIONS_: 0.7875
2020-03-31 23:10:27,701 - __main__ - INFO - CORRECT_TRAIN_PREDICTIONS_: 1.0
2020-03-31 23:10:27,702 - __main__ - INFO - DIFFERENT_TEST_RESULTS_: [(38, 7), (38, 0), (38, 16), (38, 19), (38, 9), (38, 20), (38, 35), (38, 15), (38, 9), (38, 15), (24, 12), (38, 35), (38, 31), (38, 0), (38, 6), (38, 10), (38, 13)]
2020-03-31 23:10:27,703 - __main__ - INFO - DIFFERENT_TRAIN_RESULTS_: []
2020-03-31 23:39:37,811 - __main__ - INFO - CORRECT_TEST_PREDICTIONS_: 0.775
2020-03-31 23:39:37,813 - __main__ - INFO - CORRECT_TRAIN_PREDICTIONS_: 1.0
2020-03-31 23:39:37,821 - __main__ - INFO - DIFFERENT_TEST_RESULTS_: [(28, 37), (28, 18), (28, 25), (28, 4), (28, 35), (28, 0), (28, 31), (28, 0), (28, 15), (28, 36), (28, 36), (28, 7), (28, 9), (28, 3), (28, 9), (28, 10), (28, 13), (28, 27)]
2020-03-31 23:39:37,828 - __main__ - INFO - DIFFERENT_TRAIN_RESULTS_: []
2020-04-01 00:08:42,662 - __main__ - INFO - CORRECT_TEST_PREDICTIONS_: 0.7625
2020-04-01 00:08:42,664 - __main__ - INFO - CORRECT_TRAIN_PREDICTIONS_: 1.0
2020-04-01 00:08:42,668 - __main__ - INFO - DIFFERENT_TEST_RESULTS_: [(10, 25), (20, 12), (3, 9), (10, 6), (3, 11), (10, 35), (10, 35), (10, 31), (10, 9), (3, 2), (10, 0), (3, 8), (3, 4), (3, 25), (10, 0), (10, 18), (3, 2), (10, 32), (10, 33)]
2020-04-01 00:08:42,671 - __main__ - INFO - DIFFERENT_TRAIN_RESULTS_: []
2020-04-01 00:37:50,568 - __main__ - INFO - CORRECT_TEST_PREDICTIONS_: 0.775
2020-04-01 00:37:50,569 - __main__ - INFO - CORRECT_TRAIN_PREDICTIONS_: 1.0
2020-04-01 00:37:50,571 - __main__ - INFO - DIFFERENT_TEST_RESULTS_: [(38, 2), (38, 8), (38, 1), (38, 28), (38, 35), (38, 27), (38, 9), (38, 7), (38, 7), (38, 33), (38, 0), (14, 3), (38, 32), (38, 15), (38, 4), (38, 0), (38, 11), (38, 11)]
2020-04-01 00:37:50,574 - __main__ - INFO - DIFFERENT_TRAIN_RESULTS_: []
2020-04-01 01:07:19,641 - __main__ - INFO - CORRECT_TEST_PREDICTIONS_: 0.7
2020-04-01 01:07:19,642 - __main__ - INFO - CORRECT_TRAIN_PREDICTIONS_: 1.0
2020-04-01 01:07:19,646 - __main__ - INFO - DIFFERENT_TEST_RESULTS_: [(23, 6), (23, 7), (23, 9), (23, 1), (23, 3), (23, 9), (23, 4), (23, 14), (23, 0), (23, 10), (23, 36), (23, 33), (23, 12), (23, 38), (23, 18), (23, 28), (23, 37), (23, 27), (23, 14), (23, 35), (23, 15), (23, 7), (23, 2), (23, 0)]
2020-04-01 01:07:19,651 - __main__ - INFO - DIFFERENT_TRAIN_RESULTS_: []
2020-04-01 01:36:27,524 - __main__ - INFO - CORRECT_TEST_PREDICTIONS_: 0.7875
2020-04-01 01:36:27,527 - __main__ - INFO - CORRECT_TRAIN_PREDICTIONS_: 1.0
2020-04-01 01:36:27,536 - __main__ - INFO - DIFFERENT_TEST_RESULTS_: [(7, 0), (7, 35), (7, 27), (7, 15), (7, 3), (7, 31), (2, 22), (7, 31), (7, 0), (7, 6), (12, 29), (7, 9), (7, 13), (2, 22), (7, 1), (7, 27), (7, 15)]
2020-04-01 01:36:27,538 - __main__ - INFO - DIFFERENT_TRAIN_RESULTS_: []
2020-04-01 02:05:49,012 - __main__ - INFO - CORRECT_TEST_PREDICTIONS_: 0.7875
2020-04-01 02:05:49,014 - __main__ - INFO - CORRECT_TRAIN_PREDICTIONS_: 1.0
2020-04-01 02:05:49,022 - __main__ - INFO - DIFFERENT_TEST_RESULTS_: [(38, 39), (38, 2), (38, 37), (38, 6), (38, 35), (25, 22), (38, 7), (38, 39), (38, 28), (38, 27), (38, 0), (38, 11), (38, 0), (38, 4), (38, 28), (38, 15), (38, 6)]
2020-04-01 02:05:49,023 - __main__ - INFO - DIFFERENT_TRAIN_RESULTS_: []
2020-04-01 02:35:26,990 - __main__ - INFO - CORRECT_TEST_PREDICTIONS_: 0.775
2020-04-01 02:35:26,991 - __main__ - INFO - CORRECT_TRAIN_PREDICTIONS_: 1.0
2020-04-01 02:35:26,997 - __main__ - INFO - DIFFERENT_TEST_RESULTS_: [(39, 9), (39, 16), (39, 0), (39, 34), (39, 2), (39, 35), (39, 0), (39, 7), (39, 23), (39, 25), (39, 34), (39, 32), (39, 14), (39, 31), (39, 13), (39, 4), (39, 3), (39, 11)]
2020-04-01 02:35:26,998 - __main__ - INFO - DIFFERENT_TRAIN_RESULTS_: []
2020-04-01 03:04:54,508 - __main__ - INFO - CORRECT_TEST_PREDICTIONS_: 0.825
2020-04-01 03:04:54,510 - __main__ - INFO - CORRECT_TRAIN_PREDICTIONS_: 1.0
2020-04-01 03:04:54,518 - __main__ - INFO - DIFFERENT_TEST_RESULTS_: [(35, 4), (35, 31), (7, 9), (35, 32), (35, 19), (3, 17), (35, 7), (35, 0), (35, 19), (39, 4), (35, 0), (35, 16), (35, 2), (35, 32)]
2020-04-01 03:04:54,523 - __main__ - INFO - DIFFERENT_TRAIN_RESULTS_: []
2020-04-01 03:34:08,210 - __main__ - INFO - CORRECT_TEST_PREDICTIONS_: 0.875
2020-04-01 03:34:08,214 - __main__ - INFO - CORRECT_TRAIN_PREDICTIONS_: 1.0
2020-04-01 03:34:08,219 - __main__ - INFO - DIFFERENT_TEST_RESULTS_: [(38, 27), (38, 33), (38, 7), (38, 26), (38, 10), (38, 7), (38, 0), (38, 15), (12, 5), (38, 0)]
2020-04-01 03:34:08,221 - __main__ - INFO - DIFFERENT_TRAIN_RESULTS_: []
