2020-03-25 19:19:24,013 - __main__ - INFO - RANDOM_STATE_: 132
2020-03-25 19:48:09,154 - __main__ - INFO - CORRECT_TEST_PREDICTIONS_: 0.8916666666666667
2020-03-25 19:48:09,156 - __main__ - INFO - CORRECT_TRAIN_PREDICTIONS_: 0.9892857142857143
2020-03-25 19:48:09,157 - __main__ - INFO - DIFFERENT_TEST_RESULTS_: [(0, 15), (0, 12), (0, 9), (21, 38), (20, 34), (0, 25), (3, 12), (0, 7), (25, 22), (0, 2), (4, 34), (0, 39), (4, 39)]
2020-03-25 19:48:09,158 - __main__ - INFO - DIFFERENT_TRAIN_RESULTS_: [(21, 38), (21, 38), (7, 9)]
2020-03-25 19:48:13,043 - __main__ - INFO - RANDOM_STATE_: 133
2020-03-25 20:17:03,390 - __main__ - INFO - CORRECT_TEST_PREDICTIONS_: 0.875
2020-03-25 20:17:03,392 - __main__ - INFO - CORRECT_TRAIN_PREDICTIONS_: 1.0
2020-03-25 20:17:03,393 - __main__ - INFO - DIFFERENT_TEST_RESULTS_: [(0, 35), (0, 23), (0, 8), (0, 2), (0, 2), (0, 3), (7, 9), (0, 12), (0, 4), (0, 35), (0, 8), (0, 9), (0, 20), (25, 22), (0, 12)]
2020-03-25 20:17:03,394 - __main__ - INFO - DIFFERENT_TRAIN_RESULTS_: []
2020-03-25 20:17:07,354 - __main__ - INFO - RANDOM_STATE_: 134
2020-03-25 20:46:02,444 - __main__ - INFO - CORRECT_TEST_PREDICTIONS_: 0.9083333333333333
2020-03-25 20:46:02,446 - __main__ - INFO - CORRECT_TRAIN_PREDICTIONS_: 0.9857142857142858
2020-03-25 20:46:02,449 - __main__ - INFO - DIFFERENT_TEST_RESULTS_: [(0, 2), (4, 39), (0, 2), (7, 9), (0, 22), (4, 39), (0, 15), (19, 34), (0, 22), (0, 12), (12, 3)]
2020-03-25 20:46:02,451 - __main__ - INFO - DIFFERENT_TRAIN_RESULTS_: [(19, 29), (19, 29), (19, 29), (19, 34)]
2020-03-25 20:46:06,378 - __main__ - INFO - RANDOM_STATE_: 135
2020-03-25 21:14:59,736 - __main__ - INFO - CORRECT_TEST_PREDICTIONS_: 0.85
2020-03-25 21:14:59,738 - __main__ - INFO - CORRECT_TRAIN_PREDICTIONS_: 1.0
2020-03-25 21:14:59,739 - __main__ - INFO - DIFFERENT_TEST_RESULTS_: [(17, 22), (0, 24), (0, 11), (0, 12), (0, 7), (20, 34), (4, 39), (17, 22), (0, 15), (0, 25), (0, 8), (16, 3), (34, 9), (0, 2), (0, 3), (4, 39), (0, 12), (0, 7)]
2020-03-25 21:14:59,741 - __main__ - INFO - DIFFERENT_TRAIN_RESULTS_: []
2020-03-25 21:16:38,168 - __main__ - INFO - RANDOM_STATE_: 88
2020-03-31 23:03:33,767 - __main__ - INFO - CORRECT_TEST_PREDICTIONS_: 0.8375
2020-03-31 23:03:33,769 - __main__ - INFO - CORRECT_TRAIN_PREDICTIONS_: 1.0
2020-03-31 23:03:33,773 - __main__ - INFO - DIFFERENT_TEST_RESULTS_: [(0, 12), (16, 0), (27, 25), (0, 25), (0, 7), (0, 21), (0, 15), (0, 31), (0, 3), (0, 35), (1, 3), (0, 6), (0, 17)]
2020-03-31 23:03:33,777 - __main__ - INFO - DIFFERENT_TRAIN_RESULTS_: []
2020-03-31 23:32:55,806 - __main__ - INFO - CORRECT_TEST_PREDICTIONS_: 0.85
2020-03-31 23:32:55,807 - __main__ - INFO - CORRECT_TRAIN_PREDICTIONS_: 1.0
2020-03-31 23:32:55,808 - __main__ - INFO - DIFFERENT_TEST_RESULTS_: [(16, 4), (0, 11), (0, 24), (27, 25), (0, 12), (0, 14), (0, 23), (28, 20), (0, 3), (0, 14), (0, 15), (0, 21)]
2020-03-31 23:32:55,810 - __main__ - INFO - DIFFERENT_TRAIN_RESULTS_: []
2020-04-01 00:02:37,806 - __main__ - INFO - CORRECT_TEST_PREDICTIONS_: 0.9125
2020-04-01 00:02:37,808 - __main__ - INFO - CORRECT_TRAIN_PREDICTIONS_: 1.0
2020-04-01 00:02:37,811 - __main__ - INFO - DIFFERENT_TEST_RESULTS_: [(0, 3), (0, 25), (0, 7), (0, 15), (0, 12), (28, 20), (0, 12)]
2020-04-01 00:02:37,813 - __main__ - INFO - DIFFERENT_TRAIN_RESULTS_: []
2020-04-01 00:32:17,395 - __main__ - INFO - CORRECT_TEST_PREDICTIONS_: 0.8375
2020-04-01 00:32:17,397 - __main__ - INFO - CORRECT_TRAIN_PREDICTIONS_: 1.0
2020-04-01 00:32:17,400 - __main__ - INFO - DIFFERENT_TEST_RESULTS_: [(0, 11), (0, 12), (16, 0), (0, 23), (0, 31), (0, 7), (14, 3), (0, 12), (0, 15), (0, 3), (27, 25), (0, 7), (0, 35)]
2020-04-01 00:32:17,404 - __main__ - INFO - DIFFERENT_TRAIN_RESULTS_: []
2020-04-01 01:01:52,698 - __main__ - INFO - CORRECT_TEST_PREDICTIONS_: 0.825
2020-04-01 01:01:52,699 - __main__ - INFO - CORRECT_TRAIN_PREDICTIONS_: 1.0
2020-04-01 01:01:52,704 - __main__ - INFO - DIFFERENT_TEST_RESULTS_: [(0, 12), (0, 15), (0, 9), (0, 25), (0, 11), (0, 35), (0, 14), (0, 3), (7, 9), (16, 4), (0, 14), (0, 12), (0, 21), (16, 0)]
2020-04-01 01:01:52,707 - __main__ - INFO - DIFFERENT_TRAIN_RESULTS_: []
2020-04-01 01:31:24,007 - __main__ - INFO - CORRECT_TEST_PREDICTIONS_: 0.875
2020-04-01 01:31:24,009 - __main__ - INFO - CORRECT_TRAIN_PREDICTIONS_: 1.0
2020-04-01 01:31:24,015 - __main__ - INFO - DIFFERENT_TEST_RESULTS_: [(27, 25), (0, 12), (1, 3), (0, 15), (0, 35), (0, 35), (36, 2), (0, 15), (0, 11), (7, 9)]
2020-04-01 01:31:24,016 - __main__ - INFO - DIFFERENT_TRAIN_RESULTS_: []