2020-03-29 10:30:38,159 - __main__ - INFO - RANDOM_STATE_: 8
2020-03-29 10:30:38,162 - __main__ - INFO - TEST_SIZE_: 0.2
2020-03-29 11:02:51,840 - __main__ - INFO - CORRECT_TEST_PREDICTIONS_: 0.9
2020-03-29 11:02:51,842 - __main__ - INFO - CORRECT_TRAIN_PREDICTIONS_: 1.0
2020-03-29 11:02:51,848 - __main__ - INFO - DIFFERENT_TEST_RESULTS_: [(34, 39), (7, 9), (0, 6), (0, 15), (0, 3), (0, 34), (0, 35), (0, 39)]
2020-03-29 11:02:51,852 - __main__ - INFO - DIFFERENT_TRAIN_RESULTS_: []
2020-03-29 11:02:52,361 - __main__ - INFO - RANDOM_STATE_: 9
2020-03-29 11:02:52,366 - __main__ - INFO - TEST_SIZE_: 0.2
2020-03-29 11:35:58,727 - __main__ - INFO - CORRECT_TEST_PREDICTIONS_: 0.8875
2020-03-29 11:35:58,728 - __main__ - INFO - CORRECT_TRAIN_PREDICTIONS_: 1.0
2020-03-29 11:35:58,734 - __main__ - INFO - DIFFERENT_TEST_RESULTS_: [(0, 39), (0, 37), (17, 4), (0, 31), (17, 39), (31, 14), (0, 30), (0, 34), (0, 27)]
2020-03-29 11:35:58,736 - __main__ - INFO - DIFFERENT_TRAIN_RESULTS_: []
2020-03-29 11:35:59,182 - __main__ - INFO - RANDOM_STATE_: 10
2020-03-29 11:35:59,183 - __main__ - INFO - TEST_SIZE_: 0.2
2020-03-29 12:09:14,053 - __main__ - INFO - CORRECT_TEST_PREDICTIONS_: 0.875
2020-03-29 12:09:14,055 - __main__ - INFO - CORRECT_TRAIN_PREDICTIONS_: 1.0
2020-03-29 12:09:14,061 - __main__ - INFO - DIFFERENT_TEST_RESULTS_: [(27, 25), (7, 9), (0, 35), (0, 31), (0, 39), (0, 2), (0, 17), (0, 39), (0, 34), (0, 15)]
2020-03-29 12:09:14,064 - __main__ - INFO - DIFFERENT_TRAIN_RESULTS_: []
2020-03-29 12:09:14,515 - __main__ - INFO - RANDOM_STATE_: 11
2020-03-29 12:09:14,524 - __main__ - INFO - TEST_SIZE_: 0.2
