2020-03-30 10:38:32,584 - __main__ - INFO - RANDOM_STATE_: 99
2020-03-30 10:38:32,588 - __main__ - INFO - TEST SIZE = 0.2
2020-03-30 11:10:03,168 - __main__ - INFO - CORRECT_TEST_PREDICTIONS_: 0.9
2020-03-30 11:10:03,169 - __main__ - INFO - CORRECT_TRAIN_PREDICTIONS_: 1.0
2020-03-30 11:10:03,172 - __main__ - INFO - DIFFERENT_TEST_RESULTS_: [(0, 39), (0, 39), (0, 25), (0, 27), (0, 15), (0, 31), (0, 35), (0, 11)]
2020-03-30 11:10:03,174 - __main__ - INFO - DIFFERENT_TRAIN_RESULTS_: []
2020-03-30 11:10:03,180 - __main__ - INFO - RANDOM_STATE_: 100
2020-03-30 11:10:03,181 - __main__ - INFO - TEST SIZE = 0.2
2020-03-30 11:41:10,625 - __main__ - INFO - CORRECT_TEST_PREDICTIONS_: 0.9
2020-03-30 11:41:10,626 - __main__ - INFO - CORRECT_TRAIN_PREDICTIONS_: 1.0
2020-03-30 11:41:10,636 - __main__ - INFO - DIFFERENT_TEST_RESULTS_: [(0, 39), (4, 39), (0, 36), (36, 25), (0, 34), (0, 13), (0, 3), (0, 15)]
2020-03-30 11:41:10,637 - __main__ - INFO - DIFFERENT_TRAIN_RESULTS_: []
2020-03-30 11:41:10,641 - __main__ - INFO - RANDOM_STATE_: 101
2020-03-30 11:41:10,642 - __main__ - INFO - TEST SIZE = 0.2
2020-03-30 12:10:31,753 - __main__ - INFO - CORRECT_TEST_PREDICTIONS_: 0.9125
2020-03-30 12:10:31,755 - __main__ - INFO - CORRECT_TRAIN_PREDICTIONS_: 1.0
2020-03-30 12:10:31,756 - __main__ - INFO - DIFFERENT_TEST_RESULTS_: [(0, 25), (0, 35), (0, 39), (8, 4), (0, 39), (5, 4), (0, 37)]
2020-03-30 12:10:31,757 - __main__ - INFO - DIFFERENT_TRAIN_RESULTS_: []
2020-03-30 12:10:31,759 - __main__ - INFO - RANDOM_STATE_: 102
2020-03-30 12:10:31,761 - __main__ - INFO - TEST SIZE = 0.2
2020-03-30 12:41:20,497 - __main__ - INFO - CORRECT_TEST_PREDICTIONS_: 0.9
2020-03-30 12:41:20,498 - __main__ - INFO - CORRECT_TRAIN_PREDICTIONS_: 1.0
2020-03-30 12:41:20,502 - __main__ - INFO - DIFFERENT_TEST_RESULTS_: [(0, 31), (17, 39), (23, 0), (0, 27), (0, 15), (0, 39), (27, 25), (0, 35)]
2020-03-30 12:41:20,503 - __main__ - INFO - DIFFERENT_TRAIN_RESULTS_: []
2020-03-30 12:41:20,506 - __main__ - INFO - RANDOM_STATE_: 103
2020-03-30 12:41:20,507 - __main__ - INFO - TEST SIZE = 0.2
2020-03-30 13:12:38,867 - __main__ - INFO - CORRECT_TEST_PREDICTIONS_: 0.85
2020-03-30 13:12:38,869 - __main__ - INFO - CORRECT_TRAIN_PREDICTIONS_: 1.0
2020-03-30 13:12:38,874 - __main__ - INFO - DIFFERENT_TEST_RESULTS_: [(0, 13), (0, 15), (0, 9), (0, 25), (0, 27), (0, 34), (0, 32), (0, 13), (0, 3), (0, 9), (4, 39), (0, 14)]
2020-03-30 13:12:38,879 - __main__ - INFO - DIFFERENT_TRAIN_RESULTS_: []
2020-03-30 13:12:38,888 - __main__ - INFO - RANDOM_STATE_: 104
2020-03-30 13:12:38,892 - __main__ - INFO - TEST SIZE = 0.2
2020-03-30 13:43:46,097 - __main__ - INFO - CORRECT_TEST_PREDICTIONS_: 0.9
2020-03-30 13:43:46,099 - __main__ - INFO - CORRECT_TRAIN_PREDICTIONS_: 1.0
2020-03-30 13:43:46,104 - __main__ - INFO - DIFFERENT_TEST_RESULTS_: [(0, 34), (36, 25), (0, 39), (0, 15), (0, 35), (0, 15), (0, 9), (0, 39)]
2020-03-30 13:43:46,107 - __main__ - INFO - DIFFERENT_TRAIN_RESULTS_: []
