2020-03-25 22:00:06,850 - __main__ - INFO - RANDOM_STATE_: 43
2020-03-25 23:23:10,048 - __main__ - INFO - CORRECT_TEST_PREDICTIONS_: 0.9875
2020-03-25 23:23:10,049 - __main__ - INFO - CORRECT_TRAIN_PREDICTIONS_: 1.0
2020-03-25 23:23:10,050 - __main__ - INFO - DIFFERENT_TEST_RESULTS_: [(25, 39)]
2020-03-25 23:23:10,051 - __main__ - INFO - DIFFERENT_TRAIN_RESULTS_: []
2020-03-25 22:33:06,850 - __main__ - INFO - RANDOM_STATE_: 44
2020-03-25 23:55:38,321 - __main__ - INFO - CORRECT_TEST_PREDICTIONS_: 0.9375
2020-03-25 23:55:38,324 - __main__ - INFO - CORRECT_TRAIN_PREDICTIONS_: 1.0
2020-03-25 23:55:38,326 - __main__ - INFO - DIFFERENT_TEST_RESULTS_: [(21, 1), (21, 34), (21, 25), (21, 9), (21, 29)]
2020-03-25 23:55:38,329 - __main__ - INFO - DIFFERENT_TRAIN_RESULTS_: []
2020-03-25 22:55:40,850 - __main__ - INFO - RANDOM_STATE_: 45
2020-03-26 00:28:10,141 - __main__ - INFO - CORRECT_TEST_PREDICTIONS_: 0.975
2020-03-26 00:28:10,143 - __main__ - INFO - CORRECT_TRAIN_PREDICTIONS_: 1.0
2020-03-26 00:28:10,146 - __main__ - INFO - DIFFERENT_TEST_RESULTS_: [(16, 39), (16, 9)]
2020-03-26 00:28:10,149 - __main__ - INFO - DIFFERENT_TRAIN_RESULTS_: []
2020-03-26 01:00:06,850 - __main__ - INFO - RANDOM_STATE_: 46
2020-03-26 01:00:45,629 - __main__ - INFO - CORRECT_TEST_PREDICTIONS_: 0.9875
2020-03-26 01:00:45,631 - __main__ - INFO - CORRECT_TRAIN_PREDICTIONS_: 1.0
2020-03-26 01:00:45,634 - __main__ - INFO - DIFFERENT_TEST_RESULTS_: [(10, 18)]
2020-03-26 01:00:45,635 - __main__ - INFO - DIFFERENT_TRAIN_RESULTS_: []
