2020-03-27 14:45:58,209 - __main__ - INFO - RANDOM_STATE_: 43
2020-03-27 14:45:58,210 - __main__ - INFO - TEST_SIZE_: 0.2
2020-03-27 15:19:05,894 - __main__ - INFO - CORRECT_TEST_PREDICTIONS_: 0.6375
2020-03-27 15:19:05,896 - __main__ - INFO - CORRECT_TRAIN_PREDICTIONS_: 0.93125
2020-03-27 15:19:05,902 - __main__ - INFO - DIFFERENT_TEST_RESULTS_: [(11, 25), (25, 2), (13, 36), (35, 15), (37, 3), (35, 16), (35, 38), (2, 3), (17, 4), (28, 20), (6, 35), (25, 11), (19, 28), (35, 2), (18, 26), (1, 14), (37, 8), (22, 37), (35, 13), (35, 0), (6, 35), (2, 11), (24, 39), (35, 23), (35, 34), (30, 38), (19, 20), (25, 39), (35, 13)]
2020-03-27 15:19:05,905 - __main__ - INFO - DIFFERENT_TRAIN_RESULTS_: [(30, 38), (35, 18), (6, 35), (13, 36), (19, 29), (10, 26), (30, 20), (10, 26), (13, 36), (1, 14), (10, 26), (17, 4), (24, 34), (3, 2), (11, 2), (34, 3), (24, 2), (35, 19), (13, 36), (25, 2), (36, 25), (18, 26)]
2020-03-27 15:19:06,290 - __main__ - INFO - RANDOM_STATE_: 44
2020-03-27 15:19:06,292 - __main__ - INFO - TEST_SIZE_: 0.2
2020-03-27 15:52:02,671 - __main__ - INFO - CORRECT_TEST_PREDICTIONS_: 0.7125
2020-03-27 15:52:02,672 - __main__ - INFO - CORRECT_TRAIN_PREDICTIONS_: 0.93125
2020-03-27 15:52:02,678 - __main__ - INFO - DIFFERENT_TEST_RESULTS_: [(18, 1), (37, 9), (26, 12), (28, 30), (10, 26), (26, 34), (18, 34), (26, 9), (30, 38), (26, 24), (3, 2), (26, 0), (26, 12), (28, 20), (36, 13), (26, 0), (31, 15), (25, 36), (25, 36), (26, 38), (35, 6), (19, 28), (11, 2)]
2020-03-27 15:52:02,680 - __main__ - INFO - DIFFERENT_TRAIN_RESULTS_: [(25, 36), (28, 20), (25, 36), (10, 26), (10, 26), (18, 26), (25, 36), (19, 28), (11, 25), (13, 36), (3, 2), (6, 35), (29, 19), (11, 2), (26, 0), (18, 26), (3, 2), (26, 24), (13, 36), (18, 1), (10, 26), (13, 36)]
2020-03-27 15:52:03,045 - __main__ - INFO - RANDOM_STATE_: 45
2020-03-27 15:52:03,047 - __main__ - INFO - TEST_SIZE_: 0.2
2020-03-27 16:24:45,735 - __main__ - INFO - CORRECT_TEST_PREDICTIONS_: 0.725
2020-03-27 16:24:45,737 - __main__ - INFO - CORRECT_TRAIN_PREDICTIONS_: 0.928125
2020-03-27 16:24:45,743 - __main__ - INFO - DIFFERENT_TEST_RESULTS_: [(30, 28), (30, 20), (3, 2), (11, 25), (35, 0), (24, 34), (34, 14), (13, 36), (4, 17), (6, 35), (13, 36), (10, 26), (10, 9), (19, 29), (0, 15), (34, 14), (10, 38), (19, 28), (36, 13), (26, 18), (10, 26), (20, 8)]
2020-03-27 16:24:45,746 - __main__ - INFO - DIFFERENT_TRAIN_RESULTS_: [(13, 36), (18, 1), (20, 8), (23, 35), (4, 39), (4, 17), (4, 17), (4, 17), (3, 16), (10, 18), (26, 18), (4, 39), (26, 18), (13, 36), (10, 26), (36, 25), (3, 2), (28, 20), (26, 18), (35, 19), (26, 18), (26, 18), (36, 25)]
2020-03-27 16:24:46,117 - __main__ - INFO - RANDOM_STATE_: 46
2020-03-27 16:24:46,123 - __main__ - INFO - TEST_SIZE_: 0.2
2020-03-26 11:35:38,821 - __main__ - INFO - CORRECT_TEST_PREDICTIONS_: 0.6625
2020-03-26 11:35:38,824 - __main__ - INFO - CORRECT_TRAIN_PREDICTIONS_: 0.89375
2020-03-26 11:35:38,825 - __main__ - INFO - DIFFERENT_TEST_RESULTS_: [(2, 11), (17, 39), (35, 15), (35, 23), (35, 11), (3, 2), (6, 3), (26, 18), (10, 26), (39, 34), (35, 30), (38, 28), (37, 22), (4, 17), (2, 3), (6, 19), (15, 0), (28, 30), (6, 35), (12, 25), (17, 4), (23, 35), (35, 16), (10, 18), (35, 16), (11, 24), (10, 26)]
2020-03-26 11:35:38,827 - __main__ - INFO - DIFFERENT_TRAIN_RESULTS_: [(38, 28), (10, 26), (28, 20), (34, 2), (35, 11), (4, 17), (38, 28), (18, 26), (15, 1), (1, 23), (0, 15), (34, 24), (19, 28), (19, 29), (6, 16), (34, 24), (37, 22), (9, 16), (22, 8), (37, 22), (6, 3), (15, 31), (35, 16), (39, 24), (28, 20), (6, 16), (2, 3), (10, 26), (10, 26), (26, 1), (2, 11), (36, 27), (13, 36), (6, 35)]
2020-03-27 16:33:10,682 - __main__ - INFO - RANDOM_STATE_: 90
2020-03-27 16:33:10,689 - __main__ - INFO - TEST_SIZE_: 0.2
2020-03-27 17:05:18,612 - __main__ - INFO - CORRECT_TEST_PREDICTIONS_: 0.65
2020-03-27 17:05:18,615 - __main__ - INFO - CORRECT_TRAIN_PREDICTIONS_: 0.953125
2020-03-27 17:05:18,622 - __main__ - INFO - DIFFERENT_TEST_RESULTS_: [(34, 14), (34, 13), (35, 6), (34, 9), (20, 8), (35, 15), (20, 22), (34, 30), (39, 4), (35, 18), (4, 39), (35, 6), (11, 25), (35, 23), (37, 9), (27, 36), (2, 3), (2, 8), (18, 0), (1, 23), (11, 25), (20, 28), (10, 26), (3, 2), (37, 22), (34, 14), (34, 0), (25, 36)]
2020-03-27 17:05:18,624 - __main__ - INFO - DIFFERENT_TRAIN_RESULTS_: [(2, 25), (15, 35), (2, 3), (18, 26), (18, 1), (35, 19), (3, 2), (10, 26), (2, 25), (31, 15), (13, 36), (13, 36), (34, 28), (13, 36), (13, 36)]
2020-03-27 17:05:18,993 - __main__ - INFO - RANDOM_STATE_: 91
2020-03-27 17:05:18,995 - __main__ - INFO - TEST_SIZE_: 0.2
2020-03-27 17:37:25,250 - __main__ - INFO - CORRECT_TEST_PREDICTIONS_: 0.6625
2020-03-27 17:37:25,252 - __main__ - INFO - CORRECT_TRAIN_PREDICTIONS_: 0.9375
2020-03-27 17:37:25,258 - __main__ - INFO - DIFFERENT_TEST_RESULTS_: [(36, 34), (37, 38), (37, 9), (24, 4), (2, 3), (1, 31), (11, 25), (25, 11), (37, 13), (20, 30), (25, 36), (37, 33), (37, 39), (1, 31), (37, 33), (37, 22), (20, 28), (24, 14), (37, 22), (36, 13), (35, 16), (18, 26), (6, 35), (37, 9), (37, 0), (35, 19), (2, 3)]
2020-03-27 17:37:25,260 - __main__ - INFO - DIFFERENT_TRAIN_RESULTS_: [(13, 36), (11, 2), (1, 14), (3, 2), (25, 36), (13, 36), (13, 36), (19, 29), (18, 26), (11, 25), (23, 35), (2, 14), (1, 14), (25, 36), (1, 14), (26, 18), (2, 3), (25, 36), (37, 38), (13, 36)]
2020-03-27 17:37:25,648 - __main__ - INFO - RANDOM_STATE_: 92
2020-03-27 17:37:25,655 - __main__ - INFO - TEST_SIZE_: 0.2
2020-03-27 18:09:33,739 - __main__ - INFO - CORRECT_TEST_PREDICTIONS_: 0.7125
2020-03-27 18:09:33,741 - __main__ - INFO - CORRECT_TRAIN_PREDICTIONS_: 0.95625
2020-03-27 18:09:33,747 - __main__ - INFO - DIFFERENT_TEST_RESULTS_: [(10, 13), (10, 21), (1, 31), (6, 35), (10, 26), (34, 14), (13, 36), (35, 19), (10, 38), (3, 34), (29, 28), (17, 39), (11, 25), (8, 22), (17, 4), (31, 15), (29, 32), (10, 17), (35, 6), (18, 0), (35, 15), (35, 22), (10, 0)]
2020-03-27 18:09:33,750 - __main__ - INFO - DIFFERENT_TRAIN_RESULTS_: [(35, 19), (15, 35), (18, 26), (35, 19), (3, 2), (30, 20), (13, 36), (28, 20), (13, 36), (3, 2), (35, 19), (13, 36), (10, 26), (35, 18)]
2020-03-26 13:35:45,476 - __main__ - INFO - RANDOM_STATE_: 93
2020-03-26 14:07:18,532 - __main__ - INFO - CORRECT_TEST_PREDICTIONS_: 0.675
2020-03-26 14:07:18,534 - __main__ - INFO - CORRECT_TRAIN_PREDICTIONS_: 0.878125
2020-03-26 14:07:18,535 - __main__ - INFO - DIFFERENT_TEST_RESULTS_: [(2, 3), (17, 39), (35, 23), (36, 25), (28, 30), (18, 15), (24, 34), (6, 35), (2, 3), (3, 2), (3, 16), (6, 35), (6, 16), (17, 12), (13, 0), (31, 15), (24, 39), (19, 28), (1, 14), (28, 38), (13, 0), (14, 34), (36, 27), (1, 14), (17, 12), (4, 24)]
2020-03-26 14:07:18,536 - __main__ - INFO - DIFFERENT_TRAIN_RESULTS_: [(10, 26), (19, 28), (1, 14), (6, 16), (6, 35), (3, 2), (38, 28), (19, 20), (6, 19), (28, 38), (14, 34), (13, 0), (19, 28), (1, 14), (3, 2), (28, 20), (15, 31), (14, 23), (6, 35), (36, 25), (4, 17), (10, 26), (19, 29), (17, 4), (9, 16), (22, 37), (4, 17), (6, 16), (37, 22), (28, 20), (4, 39), (23, 35), (18, 26), (10, 18), (4, 24), (1, 14), (15, 35), (10, 26), (10, 26)]
2020-04-01 00:22:45,735 - __main__ - INFO - CORRECT_TEST_PREDICTIONS_: 0.725
2020-04-01 00:22:45,737 - __main__ - INFO - CORRECT_TRAIN_PREDICTIONS_: 0.95625
2020-04-01 00:22:45,743 - __main__ - INFO - DIFFERENT_TEST_RESULTS_: [(11, 33), (11, 20), (3, 2), (11, 25), (11, 0), (33, 34), (34, 14), (31, 36), (4, 17), (6, 35), (13, 36), (11, 26), (10, 9), (19, 29), (0, 15), (34, 14), (10, 33), (19, 12), (36, 13), (26, 18), (8, 26), (20, 8)]
2020-04-01 00:22:45,746 - __main__ - INFO - DIFFERENT_TRAIN_RESULTS_: [(9, 6), (9, 1), (22, 8), (33, 35), (11, 39), (4, 17), (4, 17), (4, 12), (3, 16), (10, 18), (12, 18), (4, 39), (26, 18), (13, 36), (10, 26), (12, 25), (3, 2), (34, 20), (11, 18), (35, 19), (26, 18), (26, 18), (36, 25)]
2020-04-01 00:43:11,821 - __main__ - INFO - CORRECT_TEST_PREDICTIONS_: 0.6625
2020-04-01 00:43:11,824 - __main__ - INFO - CORRECT_TRAIN_PREDICTIONS_: 0.89375
2020-04-01 00:43:11,825 - __main__ - INFO - DIFFERENT_TEST_RESULTS_: [(2, 11), (17, 39), (35, 15), (35, 23), (35, 11), (3, 2), (6, 3), (26, 18), (10, 26), (39, 34), (35, 30), (38, 28), (37, 22), (4, 17), (2, 3), (6, 19), (15, 0), (28, 30), (6, 35), (12, 25), (17, 4), (23, 35), (35, 16), (10, 18), (35, 16), (11, 24), (10, 26)]
2020-04-01 00:43:11,827 - __main__ - INFO - DIFFERENT_TRAIN_RESULTS_: [(33, 28), (10, 26), (28, 20), (34, 2), (22, 11), (4, 17), (11, 28), (18, 26), (15, 1), (1, 23), (0, 15), (34, 24), (19, 28), (19, 29), (5, 16), (33, 12), (37, 11), (9, 11), (22, 8), (32, 22), (6, 3), (15, 31), (35, 16), (39, 24), (28, 20), (6, 16), (2, 3), (12, 26), (12, 26), (26, 2), (2, 11), (36, 27), (9, 36), (5, 35)]
