2020-03-29 10:30:38,159 - __main__ - INFO - RANDOM_STATE_: 8
2020-03-29 10:30:38,162 - __main__ - INFO - TEST_SIZE_: 0.2
2020-03-29 11:02:51,840 - __main__ - INFO - CORRECT_TEST_PREDICTIONS_: 0.9
2020-03-29 11:02:51,842 - __main__ - INFO - CORRECT_TRAIN_PREDICTIONS_: 1.0
2020-03-29 11:02:51,848 - __main__ - INFO - DIFFERENT_TEST_RESULTS_: [(34, 39), (7, 9), (0, 6), (0, 15), (0, 3), (0, 34), (0, 35), (0, 39)]
2020-03-29 11:02:51,852 - __main__ - INFO - DIFFERENT_TRAIN_RESULTS_: []
2020-03-29 11:02:52,361 - __main__ - INFO - RANDOM_STATE_: 9
2020-03-29 11:02:52,366 - __main__ - INFO - TEST_SIZE_: 0.2
2020-03-29 11:35:58,727 - __main__ - INFO - CORRECT_TEST_PREDICTIONS_: 0.8875
2020-03-29 11:35:58,728 - __main__ - INFO - CORRECT_TRAIN_PREDICTIONS_: 1.0
2020-03-29 11:35:58,734 - __main__ - INFO - DIFFERENT_TEST_RESULTS_: [(0, 39), (0, 37), (17, 4), (0, 31), (17, 39), (31, 14), (0, 30), (0, 34), (0, 27)]
2020-03-29 11:35:58,736 - __main__ - INFO - DIFFERENT_TRAIN_RESULTS_: []
2020-03-29 11:35:59,182 - __main__ - INFO - RANDOM_STATE_: 10
2020-03-29 11:35:59,183 - __main__ - INFO - TEST_SIZE_: 0.2
2020-03-29 12:09:14,053 - __main__ - INFO - CORRECT_TEST_PREDICTIONS_: 0.875
2020-03-29 12:09:14,055 - __main__ - INFO - CORRECT_TRAIN_PREDICTIONS_: 1.0
2020-03-29 12:09:14,061 - __main__ - INFO - DIFFERENT_TEST_RESULTS_: [(27, 25), (7, 9), (0, 35), (0, 31), (0, 39), (0, 2), (0, 17), (0, 39), (0, 34), (0, 15)]
2020-03-29 12:09:14,064 - __main__ - INFO - DIFFERENT_TRAIN_RESULTS_: []
2020-03-29 12:09:14,515 - __main__ - INFO - RANDOM_STATE_: 11
2020-03-29 12:09:14,524 - __main__ - INFO - TEST_SIZE_: 0.2
2020-03-31 23:27:46,797 - __main__ - INFO - CORRECT_TEST_PREDICTIONS_: 0.85
2020-03-31 23:27:46,799 - __main__ - INFO - CORRECT_TRAIN_PREDICTIONS_: 1.0
2020-03-31 23:27:46,802 - __main__ - INFO - DIFFERENT_TEST_RESULTS_: [(0, 34), (0, 39), (0, 18), (0, 39), (0, 34), (0, 35), (0, 27), (0, 14), (27, 25), (0, 10), (0, 23), (0, 8)]
2020-03-31 23:27:46,807 - __main__ - INFO - DIFFERENT_TRAIN_RESULTS_: []
2020-03-31 23:55:05,901 - __main__ - INFO - CORRECT_TEST_PREDICTIONS_: 0.8625
2020-03-31 23:55:05,902 - __main__ - INFO - CORRECT_TRAIN_PREDICTIONS_: 0.99375
2020-03-31 23:55:05,903 - __main__ - INFO - DIFFERENT_TEST_RESULTS_: [(0, 37), (4, 39), (0, 38), (6, 35), (0, 32), (0, 38), (20, 32), (0, 15), (39, 4), (0, 39), (0, 35)]
2020-03-31 23:55:05,904 - __main__ - INFO - DIFFERENT_TRAIN_RESULTS_: [(7, 9), (6, 35)]
2020-04-01 00:22:41,400 - __main__ - INFO - CORRECT_TEST_PREDICTIONS_: 0.8625
2020-04-01 00:22:41,402 - __main__ - INFO - CORRECT_TRAIN_PREDICTIONS_: 1.0
2020-04-01 00:22:41,406 - __main__ - INFO - DIFFERENT_TEST_RESULTS_: [(0, 32), (20, 32), (0, 15), (17, 4), (0, 3), (0, 35), (7, 9), (37, 22), (0, 39), (14, 39), (0, 27)]
2020-04-01 00:22:41,408 - __main__ - INFO - DIFFERENT_TRAIN_RESULTS_: []
2020-04-01 00:50:04,578 - __main__ - INFO - CORRECT_TEST_PREDICTIONS_: 0.7875
2020-04-01 00:50:04,582 - __main__ - INFO - CORRECT_TRAIN_PREDICTIONS_: 1.0
2020-04-01 00:50:04,584 - __main__ - INFO - DIFFERENT_TEST_RESULTS_: [(0, 38), (0, 19), (0, 39), (27, 25), (0, 14), (37, 22), (39, 4), (0, 27), (0, 39), (0, 8), (0, 38), (0, 34), (0, 3), (0, 15), (0, 34), (0, 19), (0, 37)]
2020-04-01 00:50:04,586 - __main__ - INFO - DIFFERENT_TRAIN_RESULTS_: []
2020-04-01 12:23:51,184 - __main__ - INFO - CORRECT_TEST_PREDICTIONS_: 0.85
2020-04-01 12:23:51,186 - __main__ - INFO - CORRECT_TRAIN_PREDICTIONS_: 1.0
2020-04-01 12:23:51,187 - __main__ - INFO - DIFFERENT_TEST_RESULTS_: [(0, 39), (0, 6), (0, 8), (0, 27), (37, 22), (0, 15), (0, 2), (0, 31), (0, 35), (0, 6), (0, 34), (0, 38)]
2020-04-01 12:23:51,188 - __main__ - INFO - DIFFERENT_TRAIN_RESULTS_: []
2020-04-01 12:51:13,976 - __main__ - INFO - CORRECT_TEST_PREDICTIONS_: 0.875
2020-04-01 12:51:13,978 - __main__ - INFO - CORRECT_TRAIN_PREDICTIONS_: 1.0
2020-04-01 12:51:13,979 - __main__ - INFO - DIFFERENT_TEST_RESULTS_: [(5, 4), (14, 39), (4, 39), (0, 6), (27, 25), (0, 23), (0, 34), (0, 37), (0, 3), (0, 15)]
2020-04-01 12:51:13,980 - __main__ - INFO - DIFFERENT_TRAIN_RESULTS_: []
2020-04-01 13:18:15,773 - __main__ - INFO - CORRECT_TEST_PREDICTIONS_: 0.9375
2020-04-01 13:18:15,775 - __main__ - INFO - CORRECT_TRAIN_PREDICTIONS_: 0.996875
2020-04-01 13:18:15,780 - __main__ - INFO - DIFFERENT_TEST_RESULTS_: [(0, 35), (0, 34), (14, 39), (5, 4), (0, 37)]
2020-04-01 13:18:15,783 - __main__ - INFO - DIFFERENT_TRAIN_RESULTS_: [(7, 9)]