[MEDIA DI 6 HOLDOUT]

train = 100%
test = 85.6%

2020-03-29 11:21:51,153 - __main__ - INFO - RANDOM_STATE_: 99
2020-03-29 11:21:51,156 - __main__ - INFO - TEST SIZE = 0.2
2020-03-29 11:55:17,520 - __main__ - INFO - CORRECT_TEST_PREDICTIONS_: 0.8375
2020-03-29 11:55:17,522 - __main__ - INFO - CORRECT_TRAIN_PREDICTIONS_: 1.0
2020-03-29 11:55:17,523 - __main__ - INFO - DIFFERENT_TEST_RESULTS_: [(0, 12), (16, 0), (27, 25), (0, 25), (0, 7), (0, 21), (0, 15), (0, 31), (0, 3), (0, 35), (1, 3), (0, 6), (0, 17)]
2020-03-29 11:55:17,524 - __main__ - INFO - DIFFERENT_TRAIN_RESULTS_: []
2020-03-29 11:55:17,528 - __main__ - INFO - RANDOM_STATE_: 100
2020-03-29 11:55:17,531 - __main__ - INFO - TEST SIZE = 0.2
2020-03-29 12:29:12,219 - __main__ - INFO - CORRECT_TEST_PREDICTIONS_: 0.85
2020-03-29 12:29:12,221 - __main__ - INFO - CORRECT_TRAIN_PREDICTIONS_: 1.0
2020-03-29 12:29:12,227 - __main__ - INFO - DIFFERENT_TEST_RESULTS_: [(16, 4), (0, 11), (0, 24), (27, 25), (0, 12), (0, 14), (0, 23), (28, 20), (0, 3), (0, 14), (0, 15), (0, 21)]
2020-03-29 12:29:12,229 - __main__ - INFO - DIFFERENT_TRAIN_RESULTS_: []
2020-03-29 12:29:12,232 - __main__ - INFO - RANDOM_STATE_: 101
2020-03-29 12:29:12,233 - __main__ - INFO - TEST SIZE = 0.2
2020-03-29 13:03:30,712 - __main__ - INFO - CORRECT_TEST_PREDICTIONS_: 0.9125
2020-03-29 13:03:30,714 - __main__ - INFO - CORRECT_TRAIN_PREDICTIONS_: 1.0
2020-03-29 13:03:30,715 - __main__ - INFO - DIFFERENT_TEST_RESULTS_: [(0, 3), (0, 25), (0, 7), (0, 15), (0, 12), (28, 20), (0, 12)]
2020-03-29 13:03:30,716 - __main__ - INFO - DIFFERENT_TRAIN_RESULTS_: []
2020-03-29 13:03:30,720 - __main__ - INFO - RANDOM_STATE_: 102
2020-03-29 13:03:30,722 - __main__ - INFO - TEST SIZE = 0.2
2020-03-29 13:37:39,058 - __main__ - INFO - CORRECT_TEST_PREDICTIONS_: 0.8375
2020-03-29 13:37:39,062 - __main__ - INFO - CORRECT_TRAIN_PREDICTIONS_: 1.0
2020-03-29 13:37:39,064 - __main__ - INFO - DIFFERENT_TEST_RESULTS_: [(0, 11), (0, 12), (16, 0), (0, 23), (0, 31), (0, 7), (14, 3), (0, 12), (0, 15), (0, 3), (27, 25), (0, 7), (0, 35)]
2020-03-29 13:37:39,065 - __main__ - INFO - DIFFERENT_TRAIN_RESULTS_: []
2020-03-29 13:37:39,068 - __main__ - INFO - RANDOM_STATE_: 103
2020-03-29 13:37:39,069 - __main__ - INFO - TEST SIZE = 0.2
2020-03-29 14:11:32,366 - __main__ - INFO - CORRECT_TEST_PREDICTIONS_: 0.825
2020-03-29 14:11:32,368 - __main__ - INFO - CORRECT_TRAIN_PREDICTIONS_: 1.0
2020-03-29 14:11:32,375 - __main__ - INFO - DIFFERENT_TEST_RESULTS_: [(0, 12), (0, 15), (0, 9), (0, 25), (0, 11), (0, 35), (0, 14), (0, 3), (7, 9), (16, 4), (0, 14), (0, 12), (0, 21), (16, 0)]
2020-03-29 14:11:32,384 - __main__ - INFO - DIFFERENT_TRAIN_RESULTS_: []
2020-03-29 14:11:32,390 - __main__ - INFO - RANDOM_STATE_: 104
2020-03-29 14:11:32,394 - __main__ - INFO - TEST SIZE = 0.2
2020-03-29 14:45:20,273 - __main__ - INFO - CORRECT_TEST_PREDICTIONS_: 0.875
2020-03-29 14:45:20,274 - __main__ - INFO - CORRECT_TRAIN_PREDICTIONS_: 1.0
2020-03-29 14:45:20,279 - __main__ - INFO - DIFFERENT_TEST_RESULTS_: [(27, 25), (0, 12), (1, 3), (0, 15), (0, 35), (0, 35), (36, 2), (0, 15), (0, 11), (7, 9)]
2020-03-29 14:45:20,282 - __main__ - INFO - DIFFERENT_TRAIN_RESULTS_: []
