2020-03-27 01:23:08,436 - __main__ - INFO - CORRECT_TEST_PREDICTIONS_: 0.6125
2020-03-27 01:23:08,441 - __main__ - INFO - CORRECT_TRAIN_PREDICTIONS_: 0.925
2020-03-27 01:23:08,443 - __main__ - INFO - DIFFERENT_TEST_RESULTS_: [(25, 2), (35, 6), (24, 22), (39, 19), (27, 18), (20, 29), (2, 16), (3, 12), (3, 12), (1, 3), (24, 22), (0, 4), (0, 19), (37, 2), (0, 24), (27, 18), (27, 31), (39, 8), (0, 37), (39, 37), (25, 13), (0, 7), (9, 4), (8, 39), (3, 16), (0, 23), (24, 9), (18, 10), (0, 34), (0, 39), (25, 13)]
2020-03-27 01:23:08,444 - __main__ - INFO - DIFFERENT_TRAIN_RESULTS_: [(0, 14), (22, 24), (27, 31), (25, 2), (18, 10), (34, 20), (18, 10), (27, 18), (0, 3), (0, 7), (7, 0), (27, 18), (0, 4), (27, 18), (31, 10), (26, 24), (7, 3), (7, 9), (7, 0), (0, 39), (25, 2), (3, 12), (0, 19), (24, 22)]
2020-03-27 01:54:16,734 - __main__ - INFO - CORRECT_TEST_PREDICTIONS_: 0.6125
2020-03-27 01:54:16,736 - __main__ - INFO - CORRECT_TRAIN_PREDICTIONS_: 0.9125
2020-03-27 01:54:16,740 - __main__ - INFO - DIFFERENT_TEST_RESULTS_: [(24, 22), (24, 9), (24, 12), (27, 18), (0, 16), (9, 11), (0, 35), (0, 4), (27, 26), (0, 21), (26, 13), (12, 3), (0, 25), (4, 9), (0, 10), (12, 4), (26, 24), (0, 29), (0, 2), (35, 12), (0, 37), (0, 19), (31, 10), (7, 0), (0, 15), (0, 25), (2, 22), (0, 28), (0, 39), (0, 2), (3, 19)]
2020-03-27 01:54:16,743 - __main__ - INFO - DIFFERENT_TRAIN_RESULTS_: [(24, 22), (10, 18), (27, 26), (31, 10), (22, 24), (7, 3), (37, 2), (0, 35), (16, 2), (39, 8), (28, 38), (0, 19), (3, 12), (27, 18), (19, 4), (12, 3), (0, 2), (7, 0), (27, 18), (25, 2), (0, 19), (14, 19), (13, 25), (0, 19), (27, 18), (7, 3), (10, 18), (14, 31)]
2020-03-27 02:25:31,447 - __main__ - INFO - CORRECT_TEST_PREDICTIONS_: 0.6375
2020-03-27 02:25:31,450 - __main__ - INFO - CORRECT_TRAIN_PREDICTIONS_: 0.8875
2020-03-27 02:25:31,451 - __main__ - INFO - DIFFERENT_TEST_RESULTS_: [(10, 31), (34, 20), (17, 19), (11, 9), (0, 29), (15, 0), (31, 10), (0, 19), (2, 34), (14, 4), (19, 3), (8, 39), (3, 12), (25, 16), (27, 18), (27, 26), (7, 9), (7, 3), (20, 29), (6, 15), (0, 11), (28, 38), (24, 22), (10, 6), (35, 12), (0, 37), (13, 26), (24, 22), (39, 8)]
2020-03-27 02:25:31,452 - __main__ - INFO - DIFFERENT_TRAIN_RESULTS_: [(35, 12), (11, 9), (37, 2), (0, 19), (7, 0), (27, 18), (7, 3), (27, 31), (8, 39), (25, 2), (18, 10), (22, 24), (4, 9), (27, 18), (28, 38), (25, 16), (10, 18), (34, 4), (7, 12), (39, 8), (10, 18), (0, 7), (0, 4), (31, 10), (27, 26), (0, 19), (3, 25), (27, 18), (14, 31), (0, 19), (16, 2), (19, 3), (14, 19), (13, 25), (28, 38), (24, 22)]
2020-03-27 02:56:52,544 - __main__ - INFO - CORRECT_TEST_PREDICTIONS_: 0.6375
2020-03-27 02:56:52,549 - __main__ - INFO - CORRECT_TRAIN_PREDICTIONS_: 0.9125
2020-03-27 02:56:52,550 - __main__ - INFO - DIFFERENT_TEST_RESULTS_: [(7, 3), (13, 25), (6, 15), (34, 4), (26, 13), (2, 12), (7, 5), (10, 31), (16, 4), (0, 7), (10, 18), (37, 2), (4, 34), (18, 27), (7, 15), (38, 28), (25, 13), (10, 18), (0, 9), (0, 19), (0, 34), (25, 16), (1, 3), (20, 30), (7, 12), (7, 17), (9, 39), (0, 39), (0, 37)]
2020-03-27 02:56:52,553 - __main__ - INFO - DIFFERENT_TRAIN_RESULTS_: [(18, 31), (10, 18), (15, 0), (0, 39), (0, 7), (7, 3), (18, 27), (10, 18), (34, 20), (18, 31), (9, 11), (7, 0), (0, 25), (31, 10), (9, 8), (13, 2), (15, 0), (27, 18), (35, 14), (22, 24), (10, 18), (25, 2), (6, 15), (7, 9), (0, 4), (0, 12), (25, 16), (16, 2)]
2020-03-27 11:47:42,146 - __main__ - INFO - RANDOM_STATE_: 43
2020-03-27 11:47:42,147 - __main__ - INFO - TEST_SIZE_: 0.2
2020-03-27 12:21:36,547 - __main__ - INFO - CORRECT_TEST_PREDICTIONS_: 0.6125
2020-03-27 12:21:36,548 - __main__ - INFO - CORRECT_TRAIN_PREDICTIONS_: 0.925
2020-03-27 12:21:36,550 - __main__ - INFO - DIFFERENT_TEST_RESULTS_: [(25, 2), (35, 6), (24, 22), (39, 19), (27, 18), (20, 29), (2, 16), (3, 12), (3, 12), (1, 3), (24, 22), (0, 4), (0, 19), (37, 2), (0, 24), (27, 18), (27, 31), (39, 8), (0, 37), (39, 37), (25, 13), (0, 7), (9, 4), (8, 39), (3, 16), (0, 23), (24, 9), (18, 10), (0, 34), (0, 39), (25, 13)]
2020-03-27 12:21:36,551 - __main__ - INFO - DIFFERENT_TRAIN_RESULTS_: [(0, 14), (22, 24), (27, 31), (25, 2), (18, 10), (34, 20), (18, 10), (27, 18), (0, 3), (0, 7), (7, 0), (27, 18), (0, 4), (27, 18), (31, 10), (26, 24), (7, 3), (7, 9), (7, 0), (0, 39), (25, 2), (3, 12), (0, 19), (24, 22)]
2020-03-27 12:21:36,685 - __main__ - INFO - RANDOM_STATE_: 44
2020-03-27 12:21:36,687 - __main__ - INFO - TEST_SIZE_: 0.2
2020-03-27 12:55:38,615 - __main__ - INFO - CORRECT_TEST_PREDICTIONS_: 0.6125
2020-03-27 12:55:38,617 - __main__ - INFO - CORRECT_TRAIN_PREDICTIONS_: 0.9125
2020-03-27 12:55:38,620 - __main__ - INFO - DIFFERENT_TEST_RESULTS_: [(24, 22), (24, 9), (24, 12), (27, 18), (0, 16), (9, 11), (0, 35), (0, 4), (27, 26), (0, 21), (26, 13), (12, 3), (0, 25), (4, 9), (0, 10), (12, 4), (26, 24), (0, 29), (0, 2), (35, 12), (0, 37), (0, 19), (31, 10), (7, 0), (0, 15), (0, 25), (2, 22), (0, 28), (0, 39), (0, 2), (3, 19)]
2020-03-27 12:55:38,624 - __main__ - INFO - DIFFERENT_TRAIN_RESULTS_: [(24, 22), (10, 18), (27, 26), (31, 10), (22, 24), (7, 3), (37, 2), (0, 35), (16, 2), (39, 8), (28, 38), (0, 19), (3, 12), (27, 18), (19, 4), (12, 3), (0, 2), (7, 0), (27, 18), (25, 2), (0, 19), (14, 19), (13, 25), (0, 19), (27, 18), (7, 3), (10, 18), (14, 31)]
2020-03-27 12:55:38,759 - __main__ - INFO - RANDOM_STATE_: 45
2020-03-27 12:55:38,761 - __main__ - INFO - TEST_SIZE_: 0.2
