2020-03-28 11:46:43,125 - __main__ - INFO - RANDOM_STATE_: 90
2020-03-28 11:46:43,127 - __main__ - INFO - TEST_SIZE_: 0.2
2020-03-28 12:18:14,562 - __main__ - INFO - CORRECT_TEST_PREDICTIONS_: 0.45
2020-03-28 12:18:14,563 - __main__ - INFO - CORRECT_TRAIN_PREDICTIONS_: 0.809375
2020-03-28 12:18:14,567 - __main__ - INFO - DIFFERENT_TEST_RESULTS_: [(24, 14), (34, 9), (20, 32), (23, 15), (39, 27), (25, 22), (22, 39), (25, 4), (39, 18), (3, 39), (28, 20), (18, 6), (24, 25), (2, 12), (20, 24), (27, 9), (3, 36), (6, 5), (9, 8), (6, 0), (19, 5), (23, 19), (34, 23), (18, 13), (21, 33), (19, 7), (39, 2), (27, 7), (6, 15), (18, 26), (23, 2), (6, 35), (23, 12), (26, 22), (27, 14), (23, 16), (4, 37), (30, 29), (6, 38), (28, 29), (3, 0), (19, 34), (18, 36), (23, 16)]
2020-03-28 12:18:14,569 - __main__ - INFO - DIFFERENT_TRAIN_RESULTS_: [(6, 7), (23, 15), (34, 26), (27, 1), (24, 4), (6, 5), (19, 29), (6, 21), (20, 29), (3, 6), (23, 25), (3, 0), (31, 18), (16, 4), (34, 8), (34, 0), (4, 39), (39, 34), (22, 8), (28, 20), (19, 4), (30, 20), (18, 21), (12, 39), (23, 14), (39, 12), (3, 23), (6, 9), (24, 17), (39, 14), (28, 33), (22, 20), (4, 22), (6, 4), (27, 12), (4, 37), (18, 26), (22, 25), (34, 25), (4, 37), (23, 24), (6, 15), (38, 21), (10, 15), (5, 6), (18, 24), (6, 1), (20, 29), (27, 29), (2, 14), (20, 34), (23, 12), (27, 3), (23, 9), (39, 2), (6, 35), (25, 2), (2, 24), (24, 37), (2, 22), (26, 35)]
2020-03-28 12:18:26,307 - __main__ - INFO - RANDOM_STATE_: 91
2020-03-28 12:18:26,312 - __main__ - INFO - TEST_SIZE_: 0.2
2020-03-28 12:49:57,334 - __main__ - INFO - CORRECT_TEST_PREDICTIONS_: 0.5625
2020-03-28 12:49:57,335 - __main__ - INFO - CORRECT_TRAIN_PREDICTIONS_: 0.825
2020-03-28 12:49:57,341 - __main__ - INFO - DIFFERENT_TEST_RESULTS_: [(20, 34), (28, 20), (15, 38), (3, 8), (27, 3), (2, 20), (35, 25), (27, 12), (2, 13), (18, 27), (18, 28), (6, 17), (18, 33), (4, 39), (23, 14), (24, 29), (23, 12), (14, 31), (17, 22), (4, 2), (6, 25), (18, 4), (23, 24), (35, 39), (15, 8), (18, 28), (26, 22), (29, 30), (6, 5), (35, 29), (27, 9), (37, 0), (24, 37), (29, 32), (35, 3)]
2020-03-28 12:49:57,343 - __main__ - INFO - DIFFERENT_TRAIN_RESULTS_: [(26, 15), (18, 21), (3, 10), (26, 35), (2, 19), (4, 37), (35, 1), (3, 0), (23, 25), (39, 2), (2, 24), (27, 12), (28, 33), (25, 4), (35, 4), (22, 25), (7, 22), (15, 6), (20, 29), (3, 25), (27, 39), (2, 14), (17, 22), (34, 4), (26, 20), (23, 12), (3, 23), (35, 39), (16, 0), (27, 14), (27, 14), (18, 5), (35, 6), (24, 14), (4, 37), (15, 34), (26, 10), (5, 21), (28, 29), (23, 2), (15, 20), (6, 15), (15, 9), (0, 11), (4, 37), (6, 5), (14, 24), (29, 21), (35, 39), (26, 17), (16, 0), (35, 9), (20, 29), (34, 9), (27, 1), (21, 33)]
2020-03-28 12:50:09,093 - __main__ - INFO - RANDOM_STATE_: 92
2020-03-28 12:50:09,097 - __main__ - INFO - TEST_SIZE_: 0.2
2020-03-28 13:22:25,910 - __main__ - INFO - CORRECT_TEST_PREDICTIONS_: 0.55
2020-03-28 13:22:25,912 - __main__ - INFO - CORRECT_TRAIN_PREDICTIONS_: 0.821875
2020-03-28 13:22:25,918 - __main__ - INFO - DIFFERENT_TEST_RESULTS_: [(21, 23), (29, 32), (25, 2), (14, 31), (39, 11), (39, 13), (27, 3), (39, 25), (23, 12), (22, 26), (3, 11), (27, 14), (6, 5), (24, 27), (21, 38), (24, 5), (23, 34), (10, 1), (35, 39), (22, 25), (7, 22), (35, 4), (5, 6), (6, 15), (6, 18), (39, 2), (23, 19), (24, 9), (28, 38), (15, 0), (23, 15), (34, 20), (22, 37), (17, 22), (28, 20), (16, 0)]
2020-03-28 13:22:25,923 - __main__ - INFO - DIFFERENT_TRAIN_RESULTS_: [(6, 35), (24, 29), (34, 25), (6, 7), (24, 20), (3, 6), (2, 37), (34, 20), (29, 34), (35, 39), (12, 3), (34, 0), (23, 4), (39, 27), (39, 14), (34, 9), (23, 12), (4, 12), (24, 37), (24, 17), (23, 14), (39, 18), (10, 26), (23, 15), (4, 37), (6, 21), (4, 25), (20, 29), (34, 23), (39, 2), (24, 14), (35, 9), (39, 12), (24, 20), (24, 35), (28, 29), (22, 8), (34, 8), (7, 6), (21, 33), (15, 20), (28, 33), (3, 1), (22, 8), (10, 15), (15, 38), (35, 29), (10, 12), (3, 23), (6, 25), (2, 14), (10, 26), (17, 22), (34, 26), (39, 19), (3, 0), (23, 25)]
2020-03-28 13:22:37,669 - __main__ - INFO - RANDOM_STATE_: 93
2020-03-28 13:22:37,674 - __main__ - INFO - TEST_SIZE_: 0.2
2020-03-28 13:54:17,298 - __main__ - INFO - CORRECT_TEST_PREDICTIONS_: 0.525
2020-03-28 13:54:17,299 - __main__ - INFO - CORRECT_TRAIN_PREDICTIONS_: 0.8125
2020-03-28 13:54:17,305 - __main__ - INFO - DIFFERENT_TEST_RESULTS_: [(35, 3), (24, 17), (39, 4), (35, 9), (3, 39), (23, 25), (38, 21), (39, 8), (35, 17), (23, 15), (23, 34), (0, 3), (19, 2), (12, 2), (25, 4), (20, 22), (20, 29), (26, 16), (35, 16), (27, 12), (19, 15), (35, 39), (20, 28), (3, 14), (35, 7), (35, 29), (23, 10), (6, 7), (34, 9), (23, 28), (21, 33), (27, 1), (35, 12), (12, 37), (23, 24), (35, 6), (25, 24), (18, 22)]
2020-03-28 13:54:17,308 - __main__ - INFO - DIFFERENT_TRAIN_RESULTS_: [(6, 5), (19, 28), (24, 14), (27, 14), (26, 35), (26, 22), (5, 6), (4, 37), (19, 7), (5, 6), (3, 25), (19, 26), (23, 9), (26, 20), (27, 7), (34, 4), (0, 6), (23, 15), (4, 12), (19, 5), (23, 28), (35, 9), (35, 14), (20, 34), (35, 21), (34, 19), (12, 39), (24, 37), (23, 2), (23, 14), (18, 14), (22, 25), (19, 4), (27, 3), (20, 29), (28, 33), (20, 8), (35, 25), (26, 10), (20, 29), (3, 8), (0, 38), (35, 4), (24, 16), (19, 4), (5, 21), (25, 4), (3, 22), (23, 12), (23, 12), (0, 1), (27, 39), (0, 15), (25, 2), (3, 23), (18, 15), (12, 37), (18, 26), (27, 26), (24, 29)]
2020-03-28 13:59:23,033 - __main__ - INFO - RANDOM_STATE_: 8
2020-03-28 13:59:23,038 - __main__ - INFO - TEST_SIZE_: 0.2
2020-03-28 14:30:39,857 - __main__ - INFO - CORRECT_TEST_PREDICTIONS_: 0.475
2020-03-28 14:30:39,858 - __main__ - INFO - CORRECT_TRAIN_PREDICTIONS_: 0.815625
2020-03-28 14:30:39,863 - __main__ - INFO - DIFFERENT_TEST_RESULTS_: [(25, 4), (6, 7), (3, 14), (34, 0), (26, 16), (12, 39), (0, 38), (6, 22), (6, 9), (6, 22), (23, 24), (12, 23), (12, 4), (27, 3), (22, 8), (38, 28), (39, 2), (12, 23), (26, 35), (28, 18), (39, 25), (22, 37), (12, 3), (24, 20), (12, 9), (0, 15), (19, 34), (24, 14), (25, 24), (2, 12), (6, 35), (22, 8), (18, 31), (19, 2), (5, 17), (22, 26), (27, 7), (19, 34), (18, 10), (30, 29), (28, 13), (28, 29)]
2020-03-28 14:30:39,865 - __main__ - INFO - DIFFERENT_TRAIN_RESULTS_: [(12, 39), (21, 38), (28, 33), (27, 26), (30, 20), (6, 35), (18, 26), (12, 14), (23, 15), (28, 14), (6, 25), (23, 2), (25, 16), (12, 23), (19, 29), (22, 9), (0, 7), (22, 26), (24, 29), (27, 14), (22, 17), (3, 1), (4, 37), (24, 37), (26, 10), (23, 15), (3, 25), (28, 24), (34, 4), (39, 14), (3, 23), (6, 35), (3, 8), (21, 10), (4, 37), (12, 34), (4, 37), (12, 25), (27, 1), (19, 5), (39, 22), (20, 29), (5, 6), (6, 15), (24, 15), (6, 20), (5, 21), (4, 2), (34, 29), (38, 21), (21, 33), (22, 8), (3, 6), (22, 24), (26, 20), (25, 4), (39, 4), (34, 9), (37, 0)]
2020-03-28 14:30:51,470 - __main__ - INFO - RANDOM_STATE_: 9
2020-03-28 14:30:51,472 - __main__ - INFO - TEST_SIZE_: 0.2
